[ 2015-07-21T09:52:05+08:00 ] 192.168.150.10 /Admin/Active/index.html
INFO: [ app_init ] --START--
INFO: Run Behavior\BuildLiteBehavior [ RunTime:0.000000s ]
INFO: [ app_init ] --END-- [ RunTime:0.000000s ]
INFO: [ app_begin ] --START--
INFO: Run Behavior\ReadHtmlCacheBehavior [ RunTime:0.001000s ]
INFO: [ app_begin ] --END-- [ RunTime:0.002000s ]
SQL: SHOW COLUMNS FROM `market_admin_user` [ RunTime:0.0060s ]
SQL: SELECT * FROM `market_admin_user` WHERE `username` = 'admin' LIMIT 1   [ RunTime:0.0000s ]
SQL: SHOW COLUMNS FROM `market_user_count` [ RunTime:0.0070s ]
SQL: SELECT * FROM `market_user_count` WHERE `time` BETWEEN 1436233925 AND 1437443525  [ RunTime:0.0010s ]
NOTIC: [8] Undefined offset: 22600004 D:\webroot\market\Application\Admin\Controller\ActiveController.class.php 第 25 行.
INFO: [ view_parse ] --START--
NOTIC: [2] file_get_contents(./Application/Admin/View/Index/main.html): failed to open stream: No such file or directory D:\webroot\market\ThinkPHP\Library\Think\Template.class.php 第 696 行.
INFO: [ template_filter ] --START--
INFO: Run Behavior\ContentReplaceBehavior [ RunTime:0.001000s ]
INFO: [ template_filter ] --END-- [ RunTime:0.001000s ]
NOTIC: [8] A session had already been started - ignoring session_start() D:\webroot\market\Runtime\Cache\Admin\3c0d39ab558fc9e705f0c3fd2b53ed7a.php 第 60 行.
NOTIC: [8] Undefined variable: capital D:\webroot\market\Runtime\Cache\Admin\3c0d39ab558fc9e705f0c3fd2b53ed7a.php 第 140 行.
NOTIC: [8] Undefined variable: admin D:\webroot\market\Runtime\Cache\Admin\3c0d39ab558fc9e705f0c3fd2b53ed7a.php 第 146 行.
NOTIC: [8] Undefined variable: timeStart D:\webroot\market\Runtime\Cache\Admin\3c0d39ab558fc9e705f0c3fd2b53ed7a.php 第 193 行.
NOTIC: [8] Undefined variable: timeEnd D:\webroot\market\Runtime\Cache\Admin\3c0d39ab558fc9e705f0c3fd2b53ed7a.php 第 194 行.
NOTIC: [8] Undefined index: uid D:\webroot\market\Runtime\Cache\Admin\3c0d39ab558fc9e705f0c3fd2b53ed7a.php 第 232 行.
NOTIC: [8] Undefined index: uid D:\webroot\market\Runtime\Cache\Admin\3c0d39ab558fc9e705f0c3fd2b53ed7a.php 第 238 行.
NOTIC: [8] Undefined index: uid D:\webroot\market\Runtime\Cache\Admin\3c0d39ab558fc9e705f0c3fd2b53ed7a.php 第 241 行.
INFO: Run Behavior\ParseTemplateBehavior [ RunTime:0.036002s ]
INFO: [ view_parse ] --END-- [ RunTime:0.036002s ]
INFO: [ view_filter ] --START--
INFO: Run Behavior\WriteHtmlCacheBehavior [ RunTime:0.002000s ]
INFO: [ view_filter ] --END-- [ RunTime:0.002000s ]
INFO: [ app_end ] --START--
INFO: Run Behavior\ShowPageTraceBehavior [ RunTime:0.002001s ]
INFO: [ app_end ] --END-- [ RunTime:0.002001s ]

[ 2015-07-21T09:52:08+08:00 ] 192.168.150.10 /Admin/Capital/index.html
INFO: [ app_init ] --START--
INFO: Run Behavior\BuildLiteBehavior [ RunTime:0.000000s ]
INFO: [ app_init ] --END-- [ RunTime:0.001000s ]
INFO: [ app_begin ] --START--
INFO: Run Behavior\ReadHtmlCacheBehavior [ RunTime:0.001001s ]
INFO: [ app_begin ] --END-- [ RunTime:0.001001s ]
SQL: SHOW COLUMNS FROM `market_user_capital` [ RunTime:0.0060s ]
SQL: SELECT COUNT(*) AS tp_count FROM `market_user_capital` LIMIT 1   [ RunTime:0.0000s ]
SQL: SELECT * FROM `market_user_capital` ORDER BY id desc LIMIT 0,25   [ RunTime:0.0010s ]
INFO: [ view_parse ] --START--
NOTIC: [2] file_get_contents(./Application/Admin/View/Index/main.html): failed to open stream: No such file or directory D:\webroot\market\ThinkPHP\Library\Think\Template.class.php 第 696 行.
INFO: [ template_filter ] --START--
INFO: Run Behavior\ContentReplaceBehavior [ RunTime:0.001000s ]
INFO: [ template_filter ] --END-- [ RunTime:0.001000s ]
NOTIC: [8] A session had already been started - ignoring session_start() D:\webroot\market\Runtime\Cache\Admin\bd1add356aa3883bb93cb4d9e0cd802b.php 第 60 行.
NOTIC: [8] Undefined variable: active D:\webroot\market\Runtime\Cache\Admin\bd1add356aa3883bb93cb4d9e0cd802b.php 第 143 行.
NOTIC: [8] Undefined variable: admin D:\webroot\market\Runtime\Cache\Admin\bd1add356aa3883bb93cb4d9e0cd802b.php 第 146 行.
NOTIC: [8] Undefined variable: timeStart D:\webroot\market\Runtime\Cache\Admin\bd1add356aa3883bb93cb4d9e0cd802b.php 第 193 行.
NOTIC: [8] Undefined variable: timeEnd D:\webroot\market\Runtime\Cache\Admin\bd1add356aa3883bb93cb4d9e0cd802b.php 第 194 行.
NOTIC: [8] Undefined index: username D:\webroot\market\Runtime\Cache\Admin\bd1add356aa3883bb93cb4d9e0cd802b.php 第 241 行.
NOTIC: [8] Undefined index: username D:\webroot\market\Runtime\Cache\Admin\bd1add356aa3883bb93cb4d9e0cd802b.php 第 241 行.
INFO: Run Behavior\ParseTemplateBehavior [ RunTime:0.040002s ]
INFO: [ view_parse ] --END-- [ RunTime:0.040002s ]
INFO: [ view_filter ] --START--
INFO: Run Behavior\WriteHtmlCacheBehavior [ RunTime:0.002000s ]
INFO: [ view_filter ] --END-- [ RunTime:0.002000s ]
INFO: [ app_end ] --START--
INFO: Run Behavior\ShowPageTraceBehavior [ RunTime:0.002001s ]
INFO: [ app_end ] --END-- [ RunTime:0.002001s ]

[ 2015-07-21T09:57:49+08:00 ] 192.168.150.10 /Admin/Capital/edit/id/22600008.html
INFO: [ app_init ] --START--
INFO: Run Behavior\BuildLiteBehavior [ RunTime:0.000000s ]
INFO: [ app_init ] --END-- [ RunTime:0.001000s ]
INFO: [ app_begin ] --START--
INFO: Run Behavior\ReadHtmlCacheBehavior [ RunTime:0.001000s ]
INFO: [ app_begin ] --END-- [ RunTime:0.001000s ]
SQL: SHOW COLUMNS FROM `market_user_capital` [ RunTime:0.0070s ]
SQL: SELECT * FROM `market_user_capital` WHERE `uid` = 22600008  [ RunTime:0.0000s ]
INFO: [ view_parse ] --START--
NOTIC: [2] file_get_contents(./Application/Admin/View/Index/main.html): failed to open stream: No such file or directory D:\webroot\market\ThinkPHP\Library\Think\Template.class.php 第 696 行.
INFO: [ template_filter ] --START--
INFO: Run Behavior\ContentReplaceBehavior [ RunTime:0.001000s ]
INFO: [ template_filter ] --END-- [ RunTime:0.001000s ]
NOTIC: [8] A session had already been started - ignoring session_start() D:\webroot\market\Runtime\Cache\Admin\e79e415d33b727d66d78404b326bb62b.php 第 60 行.
NOTIC: [8] Undefined variable: active D:\webroot\market\Runtime\Cache\Admin\e79e415d33b727d66d78404b326bb62b.php 第 143 行.
NOTIC: [8] Undefined variable: admin D:\webroot\market\Runtime\Cache\Admin\e79e415d33b727d66d78404b326bb62b.php 第 146 行.
NOTIC: [8] Undefined index: mobilephone D:\webroot\market\Runtime\Cache\Admin\e79e415d33b727d66d78404b326bb62b.php 第 239 行.
NOTIC: [8] Undefined index: email D:\webroot\market\Runtime\Cache\Admin\e79e415d33b727d66d78404b326bb62b.php 第 243 行.
NOTIC: [8] Undefined index: level D:\webroot\market\Runtime\Cache\Admin\e79e415d33b727d66d78404b326bb62b.php 第 247 行.
NOTIC: [8] Undefined index: simulate_id D:\webroot\market\Runtime\Cache\Admin\e79e415d33b727d66d78404b326bb62b.php 第 251 行.
NOTIC: [8] Undefined index: text D:\webroot\market\Runtime\Cache\Admin\e79e415d33b727d66d78404b326bb62b.php 第 256 行.
NOTIC: [8] Undefined index: image D:\webroot\market\Runtime\Cache\Admin\e79e415d33b727d66d78404b326bb62b.php 第 265 行.
INFO: Run Behavior\ParseTemplateBehavior [ RunTime:0.040003s ]
INFO: [ view_parse ] --END-- [ RunTime:0.040003s ]
INFO: [ view_filter ] --START--
INFO: Run Behavior\WriteHtmlCacheBehavior [ RunTime:0.000000s ]
INFO: [ view_filter ] --END-- [ RunTime:0.002000s ]
INFO: [ app_end ] --START--
INFO: Run Behavior\ShowPageTraceBehavior [ RunTime:0.001000s ]
INFO: [ app_end ] --END-- [ RunTime:0.001000s ]

[ 2015-07-21T09:57:54+08:00 ] 192.168.150.10 /Admin/Capital/index.html
INFO: [ app_init ] --START--
INFO: Run Behavior\BuildLiteBehavior [ RunTime:0.000000s ]
INFO: [ app_init ] --END-- [ RunTime:0.001000s ]
INFO: [ app_begin ] --START--
INFO: Run Behavior\ReadHtmlCacheBehavior [ RunTime:0.001000s ]
INFO: [ app_begin ] --END-- [ RunTime:0.001000s ]
SQL: SHOW COLUMNS FROM `market_user_capital` [ RunTime:0.0050s ]
SQL: SELECT COUNT(*) AS tp_count FROM `market_user_capital` LIMIT 1   [ RunTime:0.0000s ]
SQL: SELECT * FROM `market_user_capital` ORDER BY id desc LIMIT 0,25   [ RunTime:0.0000s ]
INFO: [ view_parse ] --START--
NOTIC: [2] file_get_contents(./Application/Admin/View/Index/main.html): failed to open stream: No such file or directory D:\webroot\market\ThinkPHP\Library\Think\Template.class.php 第 696 行.
INFO: [ template_filter ] --START--
INFO: Run Behavior\ContentReplaceBehavior [ RunTime:0.001000s ]
INFO: [ template_filter ] --END-- [ RunTime:0.001000s ]
NOTIC: [8] A session had already been started - ignoring session_start() D:\webroot\market\Runtime\Cache\Admin\bd1add356aa3883bb93cb4d9e0cd802b.php 第 60 行.
NOTIC: [8] Undefined variable: active D:\webroot\market\Runtime\Cache\Admin\bd1add356aa3883bb93cb4d9e0cd802b.php 第 143 行.
NOTIC: [8] Undefined variable: admin D:\webroot\market\Runtime\Cache\Admin\bd1add356aa3883bb93cb4d9e0cd802b.php 第 146 行.
NOTIC: [8] Undefined variable: timeStart D:\webroot\market\Runtime\Cache\Admin\bd1add356aa3883bb93cb4d9e0cd802b.php 第 193 行.
NOTIC: [8] Undefined variable: timeEnd D:\webroot\market\Runtime\Cache\Admin\bd1add356aa3883bb93cb4d9e0cd802b.php 第 194 行.
NOTIC: [8] Undefined index: username D:\webroot\market\Runtime\Cache\Admin\bd1add356aa3883bb93cb4d9e0cd802b.php 第 241 行.
NOTIC: [8] Undefined index: username D:\webroot\market\Runtime\Cache\Admin\bd1add356aa3883bb93cb4d9e0cd802b.php 第 241 行.
INFO: Run Behavior\ParseTemplateBehavior [ RunTime:0.029002s ]
INFO: [ view_parse ] --END-- [ RunTime:0.029002s ]
INFO: [ view_filter ] --START--
INFO: Run Behavior\WriteHtmlCacheBehavior [ RunTime:0.001000s ]
INFO: [ view_filter ] --END-- [ RunTime:0.001000s ]
INFO: [ app_end ] --START--
INFO: Run Behavior\ShowPageTraceBehavior [ RunTime:0.001000s ]
INFO: [ app_end ] --END-- [ RunTime:0.001000s ]

[ 2015-07-21T09:57:58+08:00 ] 192.168.150.10 /Admin/Capital/edit/id/22600008.html
INFO: [ app_init ] --START--
INFO: Run Behavior\BuildLiteBehavior [ RunTime:0.000000s ]
INFO: [ app_init ] --END-- [ RunTime:0.001000s ]
INFO: [ app_begin ] --START--
INFO: Run Behavior\ReadHtmlCacheBehavior [ RunTime:0.001000s ]
INFO: [ app_begin ] --END-- [ RunTime:0.001000s ]
SQL: SHOW COLUMNS FROM `market_user_capital` [ RunTime:0.0070s ]
SQL: SELECT * FROM `market_user_capital` WHERE `uid` = 22600008  [ RunTime:0.0010s ]
INFO: [ view_parse ] --START--
NOTIC: [2] file_get_contents(./Application/Admin/View/Index/main.html): failed to open stream: No such file or directory D:\webroot\market\ThinkPHP\Library\Think\Template.class.php 第 696 行.
INFO: [ template_filter ] --START--
INFO: Run Behavior\ContentReplaceBehavior [ RunTime:0.001000s ]
INFO: [ template_filter ] --END-- [ RunTime:0.001000s ]
NOTIC: [8] A session had already been started - ignoring session_start() D:\webroot\market\Runtime\Cache\Admin\e79e415d33b727d66d78404b326bb62b.php 第 60 行.
NOTIC: [8] Undefined variable: active D:\webroot\market\Runtime\Cache\Admin\e79e415d33b727d66d78404b326bb62b.php 第 143 行.
NOTIC: [8] Undefined variable: admin D:\webroot\market\Runtime\Cache\Admin\e79e415d33b727d66d78404b326bb62b.php 第 146 行.
NOTIC: [8] Undefined index: mobilephone D:\webroot\market\Runtime\Cache\Admin\e79e415d33b727d66d78404b326bb62b.php 第 239 行.
NOTIC: [8] Undefined index: email D:\webroot\market\Runtime\Cache\Admin\e79e415d33b727d66d78404b326bb62b.php 第 243 行.
NOTIC: [8] Undefined index: level D:\webroot\market\Runtime\Cache\Admin\e79e415d33b727d66d78404b326bb62b.php 第 247 行.
NOTIC: [8] Undefined index: simulate_id D:\webroot\market\Runtime\Cache\Admin\e79e415d33b727d66d78404b326bb62b.php 第 251 行.
NOTIC: [8] Undefined index: text D:\webroot\market\Runtime\Cache\Admin\e79e415d33b727d66d78404b326bb62b.php 第 256 行.
NOTIC: [8] Undefined index: image D:\webroot\market\Runtime\Cache\Admin\e79e415d33b727d66d78404b326bb62b.php 第 265 行.
INFO: Run Behavior\ParseTemplateBehavior [ RunTime:0.039002s ]
INFO: [ view_parse ] --END-- [ RunTime:0.039002s ]
INFO: [ view_filter ] --START--
INFO: Run Behavior\WriteHtmlCacheBehavior [ RunTime:0.001000s ]
INFO: [ view_filter ] --END-- [ RunTime:0.001000s ]
INFO: [ app_end ] --START--
INFO: Run Behavior\ShowPageTraceBehavior [ RunTime:0.001000s ]
INFO: [ app_end ] --END-- [ RunTime:0.001000s ]

[ 2015-07-21T09:58:01+08:00 ] 192.168.150.10 /Admin/Capital/index.html
INFO: [ app_init ] --START--
INFO: Run Behavior\BuildLiteBehavior [ RunTime:0.000000s ]
INFO: [ app_init ] --END-- [ RunTime:0.000000s ]
INFO: [ app_begin ] --START--
INFO: Run Behavior\ReadHtmlCacheBehavior [ RunTime:0.001000s ]
INFO: [ app_begin ] --END-- [ RunTime:0.001000s ]
SQL: SHOW COLUMNS FROM `market_user_capital` [ RunTime:0.0040s ]
SQL: SELECT COUNT(*) AS tp_count FROM `market_user_capital` LIMIT 1   [ RunTime:0.0000s ]
SQL: SELECT * FROM `market_user_capital` ORDER BY id desc LIMIT 0,25   [ RunTime:0.0000s ]
INFO: [ view_parse ] --START--
NOTIC: [2] file_get_contents(./Application/Admin/View/Index/main.html): failed to open stream: No such file or directory D:\webroot\market\ThinkPHP\Library\Think\Template.class.php 第 696 行.
INFO: [ template_filter ] --START--
INFO: Run Behavior\ContentReplaceBehavior [ RunTime:0.000000s ]
INFO: [ template_filter ] --END-- [ RunTime:0.000000s ]
NOTIC: [8] A session had already been started - ignoring session_start() D:\webroot\market\Runtime\Cache\Admin\bd1add356aa3883bb93cb4d9e0cd802b.php 第 60 行.
NOTIC: [8] Undefined variable: active D:\webroot\market\Runtime\Cache\Admin\bd1add356aa3883bb93cb4d9e0cd802b.php 第 143 行.
NOTIC: [8] Undefined variable: admin D:\webroot\market\Runtime\Cache\Admin\bd1add356aa3883bb93cb4d9e0cd802b.php 第 146 行.
NOTIC: [8] Undefined variable: timeStart D:\webroot\market\Runtime\Cache\Admin\bd1add356aa3883bb93cb4d9e0cd802b.php 第 193 行.
NOTIC: [8] Undefined variable: timeEnd D:\webroot\market\Runtime\Cache\Admin\bd1add356aa3883bb93cb4d9e0cd802b.php 第 194 行.
NOTIC: [8] Undefined index: username D:\webroot\market\Runtime\Cache\Admin\bd1add356aa3883bb93cb4d9e0cd802b.php 第 241 行.
NOTIC: [8] Undefined index: username D:\webroot\market\Runtime\Cache\Admin\bd1add356aa3883bb93cb4d9e0cd802b.php 第 241 行.
INFO: Run Behavior\ParseTemplateBehavior [ RunTime:0.014001s ]
INFO: [ view_parse ] --END-- [ RunTime:0.014001s ]
INFO: [ view_filter ] --START--
INFO: Run Behavior\WriteHtmlCacheBehavior [ RunTime:0.000000s ]
INFO: [ view_filter ] --END-- [ RunTime:0.000000s ]
INFO: [ app_end ] --START--
INFO: Run Behavior\ShowPageTraceBehavior [ RunTime:0.001000s ]
INFO: [ app_end ] --END-- [ RunTime:0.001000s ]

[ 2015-07-21T09:58:02+08:00 ] 192.168.150.10 /Admin/Capital/edit/id/22600004.html
INFO: [ app_init ] --START--
INFO: Run Behavior\BuildLiteBehavior [ RunTime:0.000000s ]
INFO: [ app_init ] --END-- [ RunTime:0.000000s ]
INFO: [ app_begin ] --START--
INFO: Run Behavior\ReadHtmlCacheBehavior [ RunTime:0.000000s ]
INFO: [ app_begin ] --END-- [ RunTime:0.000000s ]
SQL: SHOW COLUMNS FROM `market_user_capital` [ RunTime:0.0020s ]
SQL: SELECT * FROM `market_user_capital` WHERE `uid` = 22600004  [ RunTime:0.0000s ]
INFO: [ view_parse ] --START--
NOTIC: [2] file_get_contents(./Application/Admin/View/Index/main.html): failed to open stream: No such file or directory D:\webroot\market\ThinkPHP\Library\Think\Template.class.php 第 696 行.
INFO: [ template_filter ] --START--
INFO: Run Behavior\ContentReplaceBehavior [ RunTime:0.000000s ]
INFO: [ template_filter ] --END-- [ RunTime:0.000000s ]
NOTIC: [8] A session had already been started - ignoring session_start() D:\webroot\market\Runtime\Cache\Admin\e79e415d33b727d66d78404b326bb62b.php 第 60 行.
NOTIC: [8] Undefined variable: active D:\webroot\market\Runtime\Cache\Admin\e79e415d33b727d66d78404b326bb62b.php 第 143 行.
NOTIC: [8] Undefined variable: admin D:\webroot\market\Runtime\Cache\Admin\e79e415d33b727d66d78404b326bb62b.php 第 146 行.
NOTIC: [8] Undefined index: mobilephone D:\webroot\market\Runtime\Cache\Admin\e79e415d33b727d66d78404b326bb62b.php 第 239 行.
NOTIC: [8] Undefined index: email D:\webroot\market\Runtime\Cache\Admin\e79e415d33b727d66d78404b326bb62b.php 第 243 行.
NOTIC: [8] Undefined index: level D:\webroot\market\Runtime\Cache\Admin\e79e415d33b727d66d78404b326bb62b.php 第 247 行.
NOTIC: [8] Undefined index: simulate_id D:\webroot\market\Runtime\Cache\Admin\e79e415d33b727d66d78404b326bb62b.php 第 251 行.
NOTIC: [8] Undefined index: text D:\webroot\market\Runtime\Cache\Admin\e79e415d33b727d66d78404b326bb62b.php 第 256 行.
NOTIC: [8] Undefined index: image D:\webroot\market\Runtime\Cache\Admin\e79e415d33b727d66d78404b326bb62b.php 第 265 行.
INFO: Run Behavior\ParseTemplateBehavior [ RunTime:0.010000s ]
INFO: [ view_parse ] --END-- [ RunTime:0.010000s ]
INFO: [ view_filter ] --START--
INFO: Run Behavior\WriteHtmlCacheBehavior [ RunTime:0.000000s ]
INFO: [ view_filter ] --END-- [ RunTime:0.000000s ]
INFO: [ app_end ] --START--
INFO: Run Behavior\ShowPageTraceBehavior [ RunTime:0.000000s ]
INFO: [ app_end ] --END-- [ RunTime:0.000000s ]

[ 2015-07-21T09:58:07+08:00 ] 192.168.150.10 /Admin/Capital/index.html
INFO: [ app_init ] --START--
INFO: Run Behavior\BuildLiteBehavior [ RunTime:0.000000s ]
INFO: [ app_init ] --END-- [ RunTime:0.001000s ]
INFO: [ app_begin ] --START--
INFO: Run Behavior\ReadHtmlCacheBehavior [ RunTime:0.001000s ]
INFO: [ app_begin ] --END-- [ RunTime:0.002000s ]
SQL: SHOW COLUMNS FROM `market_user_capital` [ RunTime:0.0070s ]
SQL: SELECT COUNT(*) AS tp_count FROM `market_user_capital` LIMIT 1   [ RunTime:0.0010s ]
SQL: SELECT * FROM `market_user_capital` ORDER BY id desc LIMIT 0,25   [ RunTime:0.0000s ]
INFO: [ view_parse ] --START--
NOTIC: [2] file_get_contents(./Application/Admin/View/Index/main.html): failed to open stream: No such file or directory D:\webroot\market\ThinkPHP\Library\Think\Template.class.php 第 696 行.
INFO: [ template_filter ] --START--
INFO: Run Behavior\ContentReplaceBehavior [ RunTime:0.000000s ]
INFO: [ template_filter ] --END-- [ RunTime:0.000000s ]
NOTIC: [8] A session had already been started - ignoring session_start() D:\webroot\market\Runtime\Cache\Admin\bd1add356aa3883bb93cb4d9e0cd802b.php 第 60 行.
NOTIC: [8] Undefined variable: active D:\webroot\market\Runtime\Cache\Admin\bd1add356aa3883bb93cb4d9e0cd802b.php 第 143 行.
NOTIC: [8] Undefined variable: admin D:\webroot\market\Runtime\Cache\Admin\bd1add356aa3883bb93cb4d9e0cd802b.php 第 146 行.
NOTIC: [8] Undefined variable: timeStart D:\webroot\market\Runtime\Cache\Admin\bd1add356aa3883bb93cb4d9e0cd802b.php 第 193 行.
NOTIC: [8] Undefined variable: timeEnd D:\webroot\market\Runtime\Cache\Admin\bd1add356aa3883bb93cb4d9e0cd802b.php 第 194 行.
NOTIC: [8] Undefined index: username D:\webroot\market\Runtime\Cache\Admin\bd1add356aa3883bb93cb4d9e0cd802b.php 第 241 行.
NOTIC: [8] Undefined index: username D:\webroot\market\Runtime\Cache\Admin\bd1add356aa3883bb93cb4d9e0cd802b.php 第 241 行.
INFO: Run Behavior\ParseTemplateBehavior [ RunTime:0.032002s ]
INFO: [ view_parse ] --END-- [ RunTime:0.032002s ]
INFO: [ view_filter ] --START--
INFO: Run Behavior\WriteHtmlCacheBehavior [ RunTime:0.001000s ]
INFO: [ view_filter ] --END-- [ RunTime:0.001000s ]
INFO: [ app_end ] --START--
INFO: Run Behavior\ShowPageTraceBehavior [ RunTime:0.001000s ]
INFO: [ app_end ] --END-- [ RunTime:0.001000s ]

[ 2015-07-21T09:58:08+08:00 ] 192.168.150.10 /Admin/Capital/edit/id/22600008.html
INFO: [ app_init ] --START--
INFO: Run Behavior\BuildLiteBehavior [ RunTime:0.000000s ]
INFO: [ app_init ] --END-- [ RunTime:0.000000s ]
INFO: [ app_begin ] --START--
INFO: Run Behavior\ReadHtmlCacheBehavior [ RunTime:0.001000s ]
INFO: [ app_begin ] --END-- [ RunTime:0.001000s ]
SQL: SHOW COLUMNS FROM `market_user_capital` [ RunTime:0.0030s ]
SQL: SELECT * FROM `market_user_capital` WHERE `uid` = 22600008  [ RunTime:0.0000s ]
INFO: [ view_parse ] --START--
NOTIC: [2] file_get_contents(./Application/Admin/View/Index/main.html): failed to open stream: No such file or directory D:\webroot\market\ThinkPHP\Library\Think\Template.class.php 第 696 行.
INFO: [ template_filter ] --START--
INFO: Run Behavior\ContentReplaceBehavior [ RunTime:0.000000s ]
INFO: [ template_filter ] --END-- [ RunTime:0.000000s ]
NOTIC: [8] A session had already been started - ignoring session_start() D:\webroot\market\Runtime\Cache\Admin\e79e415d33b727d66d78404b326bb62b.php 第 60 行.
NOTIC: [8] Undefined variable: active D:\webroot\market\Runtime\Cache\Admin\e79e415d33b727d66d78404b326bb62b.php 第 143 行.
NOTIC: [8] Undefined variable: admin D:\webroot\market\Runtime\Cache\Admin\e79e415d33b727d66d78404b326bb62b.php 第 146 行.
NOTIC: [8] Undefined index: mobilephone D:\webroot\market\Runtime\Cache\Admin\e79e415d33b727d66d78404b326bb62b.php 第 239 行.
NOTIC: [8] Undefined index: email D:\webroot\market\Runtime\Cache\Admin\e79e415d33b727d66d78404b326bb62b.php 第 243 行.
NOTIC: [8] Undefined index: level D:\webroot\market\Runtime\Cache\Admin\e79e415d33b727d66d78404b326bb62b.php 第 247 行.
NOTIC: [8] Undefined index: simulate_id D:\webroot\market\Runtime\Cache\Admin\e79e415d33b727d66d78404b326bb62b.php 第 251 行.
NOTIC: [8] Undefined index: text D:\webroot\market\Runtime\Cache\Admin\e79e415d33b727d66d78404b326bb62b.php 第 256 行.
NOTIC: [8] Undefined index: image D:\webroot\market\Runtime\Cache\Admin\e79e415d33b727d66d78404b326bb62b.php 第 265 行.
INFO: Run Behavior\ParseTemplateBehavior [ RunTime:0.018001s ]
INFO: [ view_parse ] --END-- [ RunTime:0.019001s ]
INFO: [ view_filter ] --START--
INFO: Run Behavior\WriteHtmlCacheBehavior [ RunTime:0.000000s ]
INFO: [ view_filter ] --END-- [ RunTime:0.000000s ]
INFO: [ app_end ] --START--
INFO: Run Behavior\ShowPageTraceBehavior [ RunTime:0.001000s ]
INFO: [ app_end ] --END-- [ RunTime:0.001000s ]

[ 2015-07-21T09:58:11+08:00 ] 192.168.150.10 /Admin/Capital/index.html
INFO: [ app_init ] --START--
INFO: Run Behavior\BuildLiteBehavior [ RunTime:0.000000s ]
INFO: [ app_init ] --END-- [ RunTime:0.001000s ]
INFO: [ app_begin ] --START--
INFO: Run Behavior\ReadHtmlCacheBehavior [ RunTime:0.001000s ]
INFO: [ app_begin ] --END-- [ RunTime:0.001000s ]
SQL: SHOW COLUMNS FROM `market_user_capital` [ RunTime:0.0060s ]
SQL: SELECT COUNT(*) AS tp_count FROM `market_user_capital` LIMIT 1   [ RunTime:0.0000s ]
SQL: SELECT * FROM `market_user_capital` ORDER BY id desc LIMIT 0,25   [ RunTime:0.0000s ]
INFO: [ view_parse ] --START--
NOTIC: [2] file_get_contents(./Application/Admin/View/Index/main.html): failed to open stream: No such file or directory D:\webroot\market\ThinkPHP\Library\Think\Template.class.php 第 696 行.
INFO: [ template_filter ] --START--
INFO: Run Behavior\ContentReplaceBehavior [ RunTime:0.001000s ]
INFO: [ template_filter ] --END-- [ RunTime:0.001000s ]
NOTIC: [8] A session had already been started - ignoring session_start() D:\webroot\market\Runtime\Cache\Admin\bd1add356aa3883bb93cb4d9e0cd802b.php 第 60 行.
NOTIC: [8] Undefined variable: active D:\webroot\market\Runtime\Cache\Admin\bd1add356aa3883bb93cb4d9e0cd802b.php 第 143 行.
NOTIC: [8] Undefined variable: admin D:\webroot\market\Runtime\Cache\Admin\bd1add356aa3883bb93cb4d9e0cd802b.php 第 146 行.
NOTIC: [8] Undefined variable: timeStart D:\webroot\market\Runtime\Cache\Admin\bd1add356aa3883bb93cb4d9e0cd802b.php 第 193 行.
NOTIC: [8] Undefined variable: timeEnd D:\webroot\market\Runtime\Cache\Admin\bd1add356aa3883bb93cb4d9e0cd802b.php 第 194 行.
NOTIC: [8] Undefined index: username D:\webroot\market\Runtime\Cache\Admin\bd1add356aa3883bb93cb4d9e0cd802b.php 第 241 行.
NOTIC: [8] Undefined index: username D:\webroot\market\Runtime\Cache\Admin\bd1add356aa3883bb93cb4d9e0cd802b.php 第 241 行.
INFO: Run Behavior\ParseTemplateBehavior [ RunTime:0.035002s ]
INFO: [ view_parse ] --END-- [ RunTime:0.035002s ]
INFO: [ view_filter ] --START--
INFO: Run Behavior\WriteHtmlCacheBehavior [ RunTime:0.001000s ]
INFO: [ view_filter ] --END-- [ RunTime:0.001000s ]
INFO: [ app_end ] --START--
INFO: Run Behavior\ShowPageTraceBehavior [ RunTime:0.002000s ]
INFO: [ app_end ] --END-- [ RunTime:0.002000s ]

[ 2015-07-21T09:58:16+08:00 ] 192.168.150.10 /Admin/Capital/edit/id/22600008.html
INFO: [ app_init ] --START--
INFO: Run Behavior\BuildLiteBehavior [ RunTime:0.000000s ]
INFO: [ app_init ] --END-- [ RunTime:0.001000s ]
INFO: [ app_begin ] --START--
INFO: Run Behavior\ReadHtmlCacheBehavior [ RunTime:0.000000s ]
INFO: [ app_begin ] --END-- [ RunTime:0.000000s ]
SQL: SHOW COLUMNS FROM `market_user_capital` [ RunTime:0.0020s ]
SQL: SELECT * FROM `market_user_capital` WHERE `uid` = 22600008  [ RunTime:0.0000s ]
INFO: [ view_parse ] --START--
NOTIC: [2] file_get_contents(./Application/Admin/View/Index/main.html): failed to open stream: No such file or directory D:\webroot\market\ThinkPHP\Library\Think\Template.class.php 第 696 行.
INFO: [ template_filter ] --START--
INFO: Run Behavior\ContentReplaceBehavior [ RunTime:0.001000s ]
INFO: [ template_filter ] --END-- [ RunTime:0.001000s ]
NOTIC: [8] A session had already been started - ignoring session_start() D:\webroot\market\Runtime\Cache\Admin\e79e415d33b727d66d78404b326bb62b.php 第 60 行.
NOTIC: [8] Undefined variable: active D:\webroot\market\Runtime\Cache\Admin\e79e415d33b727d66d78404b326bb62b.php 第 143 行.
NOTIC: [8] Undefined variable: admin D:\webroot\market\Runtime\Cache\Admin\e79e415d33b727d66d78404b326bb62b.php 第 146 行.
NOTIC: [8] Undefined index: mobilephone D:\webroot\market\Runtime\Cache\Admin\e79e415d33b727d66d78404b326bb62b.php 第 239 行.
NOTIC: [8] Undefined index: email D:\webroot\market\Runtime\Cache\Admin\e79e415d33b727d66d78404b326bb62b.php 第 243 行.
NOTIC: [8] Undefined index: level D:\webroot\market\Runtime\Cache\Admin\e79e415d33b727d66d78404b326bb62b.php 第 247 行.
NOTIC: [8] Undefined index: simulate_id D:\webroot\market\Runtime\Cache\Admin\e79e415d33b727d66d78404b326bb62b.php 第 251 行.
NOTIC: [8] Undefined index: text D:\webroot\market\Runtime\Cache\Admin\e79e415d33b727d66d78404b326bb62b.php 第 256 行.
NOTIC: [8] Undefined index: image D:\webroot\market\Runtime\Cache\Admin\e79e415d33b727d66d78404b326bb62b.php 第 265 行.
INFO: Run Behavior\ParseTemplateBehavior [ RunTime:0.016001s ]
INFO: [ view_parse ] --END-- [ RunTime:0.016001s ]
INFO: [ view_filter ] --START--
INFO: Run Behavior\WriteHtmlCacheBehavior [ RunTime:0.000000s ]
INFO: [ view_filter ] --END-- [ RunTime:0.000000s ]
INFO: [ app_end ] --START--
INFO: Run Behavior\ShowPageTraceBehavior [ RunTime:0.001000s ]
INFO: [ app_end ] --END-- [ RunTime:0.001000s ]

[ 2015-07-21T09:58:19+08:00 ] 192.168.150.10 /Admin/Capital/index.html
INFO: [ app_init ] --START--
INFO: Run Behavior\BuildLiteBehavior [ RunTime:0.000000s ]
INFO: [ app_init ] --END-- [ RunTime:0.001000s ]
INFO: [ app_begin ] --START--
INFO: Run Behavior\ReadHtmlCacheBehavior [ RunTime:0.002001s ]
INFO: [ app_begin ] --END-- [ RunTime:0.002001s ]
SQL: SHOW COLUMNS FROM `market_user_capital` [ RunTime:0.0070s ]
SQL: SELECT COUNT(*) AS tp_count FROM `market_user_capital` LIMIT 1   [ RunTime:0.0010s ]
SQL: SELECT * FROM `market_user_capital` ORDER BY id desc LIMIT 0,25   [ RunTime:0.0000s ]
INFO: [ view_parse ] --START--
NOTIC: [2] file_get_contents(./Application/Admin/View/Index/main.html): failed to open stream: No such file or directory D:\webroot\market\ThinkPHP\Library\Think\Template.class.php 第 696 行.
INFO: [ template_filter ] --START--
INFO: Run Behavior\ContentReplaceBehavior [ RunTime:0.001000s ]
INFO: [ template_filter ] --END-- [ RunTime:0.001000s ]
NOTIC: [8] A session had already been started - ignoring session_start() D:\webroot\market\Runtime\Cache\Admin\bd1add356aa3883bb93cb4d9e0cd802b.php 第 60 行.
NOTIC: [8] Undefined variable: active D:\webroot\market\Runtime\Cache\Admin\bd1add356aa3883bb93cb4d9e0cd802b.php 第 143 行.
NOTIC: [8] Undefined variable: admin D:\webroot\market\Runtime\Cache\Admin\bd1add356aa3883bb93cb4d9e0cd802b.php 第 146 行.
NOTIC: [8] Undefined variable: timeStart D:\webroot\market\Runtime\Cache\Admin\bd1add356aa3883bb93cb4d9e0cd802b.php 第 193 行.
NOTIC: [8] Undefined variable: timeEnd D:\webroot\market\Runtime\Cache\Admin\bd1add356aa3883bb93cb4d9e0cd802b.php 第 194 行.
NOTIC: [8] Undefined index: username D:\webroot\market\Runtime\Cache\Admin\bd1add356aa3883bb93cb4d9e0cd802b.php 第 241 行.
NOTIC: [8] Undefined index: username D:\webroot\market\Runtime\Cache\Admin\bd1add356aa3883bb93cb4d9e0cd802b.php 第 241 行.
INFO: Run Behavior\ParseTemplateBehavior [ RunTime:0.033002s ]
INFO: [ view_parse ] --END-- [ RunTime:0.033002s ]
INFO: [ view_filter ] --START--
INFO: Run Behavior\WriteHtmlCacheBehavior [ RunTime:0.000000s ]
INFO: [ view_filter ] --END-- [ RunTime:0.000000s ]
INFO: [ app_end ] --START--
INFO: Run Behavior\ShowPageTraceBehavior [ RunTime:0.001000s ]
INFO: [ app_end ] --END-- [ RunTime:0.001000s ]

[ 2015-07-21T09:58:46+08:00 ] 192.168.150.10 /Admin/Capital/edit/id/22600008.html
INFO: [ app_init ] --START--
INFO: Run Behavior\BuildLiteBehavior [ RunTime:0.000000s ]
INFO: [ app_init ] --END-- [ RunTime:0.001000s ]
INFO: [ app_begin ] --START--
INFO: Run Behavior\ReadHtmlCacheBehavior [ RunTime:0.002000s ]
INFO: [ app_begin ] --END-- [ RunTime:0.002000s ]
SQL: SHOW COLUMNS FROM `market_user_capital` [ RunTime:0.0070s ]
SQL: SELECT * FROM `market_user_capital` WHERE `uid` = 22600008  [ RunTime:0.0000s ]
INFO: [ view_parse ] --START--
NOTIC: [2] file_get_contents(./Application/Admin/View/Index/main.html): failed to open stream: No such file or directory D:\webroot\market\ThinkPHP\Library\Think\Template.class.php 第 696 行.
INFO: [ template_filter ] --START--
INFO: Run Behavior\ContentReplaceBehavior [ RunTime:0.000000s ]
INFO: [ template_filter ] --END-- [ RunTime:0.000000s ]
NOTIC: [8] A session had already been started - ignoring session_start() D:\webroot\market\Runtime\Cache\Admin\e79e415d33b727d66d78404b326bb62b.php 第 60 行.
NOTIC: [8] Undefined variable: active D:\webroot\market\Runtime\Cache\Admin\e79e415d33b727d66d78404b326bb62b.php 第 143 行.
NOTIC: [8] Undefined variable: admin D:\webroot\market\Runtime\Cache\Admin\e79e415d33b727d66d78404b326bb62b.php 第 146 行.
NOTIC: [8] Undefined index: mobilephone D:\webroot\market\Runtime\Cache\Admin\e79e415d33b727d66d78404b326bb62b.php 第 239 行.
NOTIC: [8] Undefined index: email D:\webroot\market\Runtime\Cache\Admin\e79e415d33b727d66d78404b326bb62b.php 第 243 行.
NOTIC: [8] Undefined index: level D:\webroot\market\Runtime\Cache\Admin\e79e415d33b727d66d78404b326bb62b.php 第 247 行.
NOTIC: [8] Undefined index: simulate_id D:\webroot\market\Runtime\Cache\Admin\e79e415d33b727d66d78404b326bb62b.php 第 251 行.
NOTIC: [8] Undefined index: text D:\webroot\market\Runtime\Cache\Admin\e79e415d33b727d66d78404b326bb62b.php 第 256 行.
NOTIC: [8] Undefined index: image D:\webroot\market\Runtime\Cache\Admin\e79e415d33b727d66d78404b326bb62b.php 第 265 行.
INFO: Run Behavior\ParseTemplateBehavior [ RunTime:0.032002s ]
INFO: [ view_parse ] --END-- [ RunTime:0.032002s ]
INFO: [ view_filter ] --START--
INFO: Run Behavior\WriteHtmlCacheBehavior [ RunTime:0.000000s ]
INFO: [ view_filter ] --END-- [ RunTime:0.001000s ]
INFO: [ app_end ] --START--
INFO: Run Behavior\ShowPageTraceBehavior [ RunTime:0.001000s ]
INFO: [ app_end ] --END-- [ RunTime:0.001000s ]

[ 2015-07-21T10:00:55+08:00 ] 192.168.150.10 /Admin/Capital/subtractMoney/id/22600008.html
INFO: [ app_init ] --START--
INFO: Run Behavior\BuildLiteBehavior [ RunTime:0.000000s ]
INFO: [ app_init ] --END-- [ RunTime:0.001000s ]
INFO: [ app_begin ] --START--
INFO: Run Behavior\ReadHtmlCacheBehavior [ RunTime:0.002001s ]
INFO: [ app_begin ] --END-- [ RunTime:0.002001s ]
SQL: SHOW COLUMNS FROM `market_user_capital` [ RunTime:0.0070s ]
SQL: SELECT * FROM `market_user_capital` WHERE ( uid=22600008 ) LIMIT 1   [ RunTime:0.0010s ]
SQL: UPDATE `market_user_capital` SET `initial_capital`='100000',`total_capital`='100000',`usable_margin`='100000' WHERE ( uid=22600008 ) [ RunTime:0.0010s ]
INFO: [ view_parse ] --START--
INFO: [ template_filter ] --START--
INFO: Run Behavior\ContentReplaceBehavior [ RunTime:0.000000s ]
INFO: [ template_filter ] --END-- [ RunTime:0.001000s ]
INFO: Run Behavior\ParseTemplateBehavior [ RunTime:0.012001s ]
INFO: [ view_parse ] --END-- [ RunTime:0.012001s ]
INFO: [ view_filter ] --START--
INFO: Run Behavior\WriteHtmlCacheBehavior [ RunTime:0.001000s ]
INFO: [ view_filter ] --END-- [ RunTime:0.001000s ]
INFO: [ app_end ] --START--
INFO: Run Behavior\ShowPageTraceBehavior [ RunTime:0.001000s ]
INFO: [ app_end ] --END-- [ RunTime:0.001000s ]

[ 2015-07-21T10:00:57+08:00 ] 192.168.150.10 /Admin/Capital/index.html
INFO: [ app_init ] --START--
INFO: Run Behavior\BuildLiteBehavior [ RunTime:0.000000s ]
INFO: [ app_init ] --END-- [ RunTime:0.001000s ]
INFO: [ app_begin ] --START--
INFO: Run Behavior\ReadHtmlCacheBehavior [ RunTime:0.001000s ]
INFO: [ app_begin ] --END-- [ RunTime:0.001000s ]
SQL: SHOW COLUMNS FROM `market_user_capital` [ RunTime:0.0050s ]
SQL: SELECT COUNT(*) AS tp_count FROM `market_user_capital` LIMIT 1   [ RunTime:0.0000s ]
SQL: SELECT * FROM `market_user_capital` ORDER BY id desc LIMIT 0,25   [ RunTime:0.0010s ]
INFO: [ view_parse ] --START--
NOTIC: [2] file_get_contents(./Application/Admin/View/Index/main.html): failed to open stream: No such file or directory D:\webroot\market\ThinkPHP\Library\Think\Template.class.php 第 696 行.
INFO: [ template_filter ] --START--
INFO: Run Behavior\ContentReplaceBehavior [ RunTime:0.001001s ]
INFO: [ template_filter ] --END-- [ RunTime:0.001001s ]
NOTIC: [8] A session had already been started - ignoring session_start() D:\webroot\market\Runtime\Cache\Admin\bd1add356aa3883bb93cb4d9e0cd802b.php 第 60 行.
NOTIC: [8] Undefined variable: active D:\webroot\market\Runtime\Cache\Admin\bd1add356aa3883bb93cb4d9e0cd802b.php 第 143 行.
NOTIC: [8] Undefined variable: admin D:\webroot\market\Runtime\Cache\Admin\bd1add356aa3883bb93cb4d9e0cd802b.php 第 146 行.
NOTIC: [8] Undefined variable: timeStart D:\webroot\market\Runtime\Cache\Admin\bd1add356aa3883bb93cb4d9e0cd802b.php 第 193 行.
NOTIC: [8] Undefined variable: timeEnd D:\webroot\market\Runtime\Cache\Admin\bd1add356aa3883bb93cb4d9e0cd802b.php 第 194 行.
NOTIC: [8] Undefined index: username D:\webroot\market\Runtime\Cache\Admin\bd1add356aa3883bb93cb4d9e0cd802b.php 第 241 行.
NOTIC: [8] Undefined index: username D:\webroot\market\Runtime\Cache\Admin\bd1add356aa3883bb93cb4d9e0cd802b.php 第 241 行.
INFO: Run Behavior\ParseTemplateBehavior [ RunTime:0.022002s ]
INFO: [ view_parse ] --END-- [ RunTime:0.023002s ]
INFO: [ view_filter ] --START--
INFO: Run Behavior\WriteHtmlCacheBehavior [ RunTime:0.000000s ]
INFO: [ view_filter ] --END-- [ RunTime:0.000000s ]
INFO: [ app_end ] --START--
INFO: Run Behavior\ShowPageTraceBehavior [ RunTime:0.001000s ]
INFO: [ app_end ] --END-- [ RunTime:0.001000s ]

[ 2015-07-21T10:00:59+08:00 ] 192.168.150.10 /Admin/Capital/edit/id/22600008.html
INFO: [ app_init ] --START--
INFO: Run Behavior\BuildLiteBehavior [ RunTime:0.000000s ]
INFO: [ app_init ] --END-- [ RunTime:0.000000s ]
INFO: [ app_begin ] --START--
INFO: Run Behavior\ReadHtmlCacheBehavior [ RunTime:0.001000s ]
INFO: [ app_begin ] --END-- [ RunTime:0.001000s ]
SQL: SHOW COLUMNS FROM `market_user_capital` [ RunTime:0.0060s ]
SQL: SELECT * FROM `market_user_capital` WHERE `uid` = 22600008  [ RunTime:0.0010s ]
INFO: [ view_parse ] --START--
NOTIC: [2] file_get_contents(./Application/Admin/View/Index/main.html): failed to open stream: No such file or directory D:\webroot\market\ThinkPHP\Library\Think\Template.class.php 第 696 行.
INFO: [ template_filter ] --START--
INFO: Run Behavior\ContentReplaceBehavior [ RunTime:0.000000s ]
INFO: [ template_filter ] --END-- [ RunTime:0.000000s ]
NOTIC: [8] A session had already been started - ignoring session_start() D:\webroot\market\Runtime\Cache\Admin\e79e415d33b727d66d78404b326bb62b.php 第 60 行.
NOTIC: [8] Undefined variable: active D:\webroot\market\Runtime\Cache\Admin\e79e415d33b727d66d78404b326bb62b.php 第 143 行.
NOTIC: [8] Undefined variable: admin D:\webroot\market\Runtime\Cache\Admin\e79e415d33b727d66d78404b326bb62b.php 第 146 行.
NOTIC: [8] Undefined index: mobilephone D:\webroot\market\Runtime\Cache\Admin\e79e415d33b727d66d78404b326bb62b.php 第 239 行.
NOTIC: [8] Undefined index: email D:\webroot\market\Runtime\Cache\Admin\e79e415d33b727d66d78404b326bb62b.php 第 243 行.
NOTIC: [8] Undefined index: level D:\webroot\market\Runtime\Cache\Admin\e79e415d33b727d66d78404b326bb62b.php 第 247 行.
NOTIC: [8] Undefined index: simulate_id D:\webroot\market\Runtime\Cache\Admin\e79e415d33b727d66d78404b326bb62b.php 第 251 行.
NOTIC: [8] Undefined index: text D:\webroot\market\Runtime\Cache\Admin\e79e415d33b727d66d78404b326bb62b.php 第 256 行.
NOTIC: [8] Undefined index: image D:\webroot\market\Runtime\Cache\Admin\e79e415d33b727d66d78404b326bb62b.php 第 265 行.
INFO: Run Behavior\ParseTemplateBehavior [ RunTime:0.040002s ]
INFO: [ view_parse ] --END-- [ RunTime:0.040002s ]
INFO: [ view_filter ] --START--
INFO: Run Behavior\WriteHtmlCacheBehavior [ RunTime:0.001000s ]
INFO: [ view_filter ] --END-- [ RunTime:0.001000s ]
INFO: [ app_end ] --START--
INFO: Run Behavior\ShowPageTraceBehavior [ RunTime:0.002001s ]
INFO: [ app_end ] --END-- [ RunTime:0.002001s ]

[ 2015-07-21T10:01:00+08:00 ] 192.168.150.10 /Admin/Capital/subtractMoney/id/22600008.html
INFO: [ app_init ] --START--
INFO: Run Behavior\BuildLiteBehavior [ RunTime:0.000000s ]
INFO: [ app_init ] --END-- [ RunTime:0.001000s ]
INFO: [ app_begin ] --START--
INFO: Run Behavior\ReadHtmlCacheBehavior [ RunTime:0.002000s ]
INFO: [ app_begin ] --END-- [ RunTime:0.002000s ]
SQL: SHOW COLUMNS FROM `market_user_capital` [ RunTime:0.0050s ]
SQL: SELECT * FROM `market_user_capital` WHERE ( uid=22600008 ) LIMIT 1   [ RunTime:0.0000s ]
SQL: UPDATE `market_user_capital` SET `initial_capital`='0',`total_capital`='0',`usable_margin`='0' WHERE ( uid=22600008 ) [ RunTime:0.0010s ]
INFO: [ view_parse ] --START--
INFO: [ template_filter ] --START--
INFO: Run Behavior\ContentReplaceBehavior [ RunTime:0.000000s ]
INFO: [ template_filter ] --END-- [ RunTime:0.000000s ]
INFO: Run Behavior\ParseTemplateBehavior [ RunTime:0.009000s ]
INFO: [ view_parse ] --END-- [ RunTime:0.009000s ]
INFO: [ view_filter ] --START--
INFO: Run Behavior\WriteHtmlCacheBehavior [ RunTime:0.001000s ]
INFO: [ view_filter ] --END-- [ RunTime:0.001000s ]
INFO: [ app_end ] --START--
INFO: Run Behavior\ShowPageTraceBehavior [ RunTime:0.001000s ]
INFO: [ app_end ] --END-- [ RunTime:0.001000s ]

[ 2015-07-21T10:01:01+08:00 ] 192.168.150.10 /Admin/Capital/index.html
INFO: [ app_init ] --START--
INFO: Run Behavior\BuildLiteBehavior [ RunTime:0.000000s ]
INFO: [ app_init ] --END-- [ RunTime:0.000000s ]
INFO: [ app_begin ] --START--
INFO: Run Behavior\ReadHtmlCacheBehavior [ RunTime:0.000000s ]
INFO: [ app_begin ] --END-- [ RunTime:0.000000s ]
SQL: SHOW COLUMNS FROM `market_user_capital` [ RunTime:0.0030s ]
SQL: SELECT COUNT(*) AS tp_count FROM `market_user_capital` LIMIT 1   [ RunTime:0.0000s ]
SQL: SELECT * FROM `market_user_capital` ORDER BY id desc LIMIT 0,25   [ RunTime:0.0000s ]
INFO: [ view_parse ] --START--
NOTIC: [2] file_get_contents(./Application/Admin/View/Index/main.html): failed to open stream: No such file or directory D:\webroot\market\ThinkPHP\Library\Think\Template.class.php 第 696 行.
INFO: [ template_filter ] --START--
INFO: Run Behavior\ContentReplaceBehavior [ RunTime:0.000000s ]
INFO: [ template_filter ] --END-- [ RunTime:0.000000s ]
NOTIC: [8] A session had already been started - ignoring session_start() D:\webroot\market\Runtime\Cache\Admin\bd1add356aa3883bb93cb4d9e0cd802b.php 第 60 行.
NOTIC: [8] Undefined variable: active D:\webroot\market\Runtime\Cache\Admin\bd1add356aa3883bb93cb4d9e0cd802b.php 第 143 行.
NOTIC: [8] Undefined variable: admin D:\webroot\market\Runtime\Cache\Admin\bd1add356aa3883bb93cb4d9e0cd802b.php 第 146 行.
NOTIC: [8] Undefined variable: timeStart D:\webroot\market\Runtime\Cache\Admin\bd1add356aa3883bb93cb4d9e0cd802b.php 第 193 行.
NOTIC: [8] Undefined variable: timeEnd D:\webroot\market\Runtime\Cache\Admin\bd1add356aa3883bb93cb4d9e0cd802b.php 第 194 行.
NOTIC: [8] Undefined index: username D:\webroot\market\Runtime\Cache\Admin\bd1add356aa3883bb93cb4d9e0cd802b.php 第 241 行.
NOTIC: [8] Undefined index: username D:\webroot\market\Runtime\Cache\Admin\bd1add356aa3883bb93cb4d9e0cd802b.php 第 241 行.
INFO: Run Behavior\ParseTemplateBehavior [ RunTime:0.011001s ]
INFO: [ view_parse ] --END-- [ RunTime:0.011001s ]
INFO: [ view_filter ] --START--
INFO: Run Behavior\WriteHtmlCacheBehavior [ RunTime:0.000000s ]
INFO: [ view_filter ] --END-- [ RunTime:0.000000s ]
INFO: [ app_end ] --START--
INFO: Run Behavior\ShowPageTraceBehavior [ RunTime:0.000000s ]
INFO: [ app_end ] --END-- [ RunTime:0.000000s ]

[ 2015-07-21T10:01:03+08:00 ] 192.168.150.10 /Admin/Capital/edit/id/22600008.html
INFO: [ app_init ] --START--
INFO: Run Behavior\BuildLiteBehavior [ RunTime:0.000000s ]
INFO: [ app_init ] --END-- [ RunTime:0.001000s ]
INFO: [ app_begin ] --START--
INFO: Run Behavior\ReadHtmlCacheBehavior [ RunTime:0.002000s ]
INFO: [ app_begin ] --END-- [ RunTime:0.002000s ]
SQL: SHOW COLUMNS FROM `market_user_capital` [ RunTime:0.0070s ]
SQL: SELECT * FROM `market_user_capital` WHERE `uid` = 22600008  [ RunTime:0.0000s ]
INFO: [ view_parse ] --START--
NOTIC: [2] file_get_contents(./Application/Admin/View/Index/main.html): failed to open stream: No such file or directory D:\webroot\market\ThinkPHP\Library\Think\Template.class.php 第 696 行.
INFO: [ template_filter ] --START--
INFO: Run Behavior\ContentReplaceBehavior [ RunTime:0.001000s ]
INFO: [ template_filter ] --END-- [ RunTime:0.001000s ]
NOTIC: [8] A session had already been started - ignoring session_start() D:\webroot\market\Runtime\Cache\Admin\e79e415d33b727d66d78404b326bb62b.php 第 60 行.
NOTIC: [8] Undefined variable: active D:\webroot\market\Runtime\Cache\Admin\e79e415d33b727d66d78404b326bb62b.php 第 143 行.
NOTIC: [8] Undefined variable: admin D:\webroot\market\Runtime\Cache\Admin\e79e415d33b727d66d78404b326bb62b.php 第 146 行.
NOTIC: [8] Undefined index: mobilephone D:\webroot\market\Runtime\Cache\Admin\e79e415d33b727d66d78404b326bb62b.php 第 239 行.
NOTIC: [8] Undefined index: email D:\webroot\market\Runtime\Cache\Admin\e79e415d33b727d66d78404b326bb62b.php 第 243 行.
NOTIC: [8] Undefined index: level D:\webroot\market\Runtime\Cache\Admin\e79e415d33b727d66d78404b326bb62b.php 第 247 行.
NOTIC: [8] Undefined index: simulate_id D:\webroot\market\Runtime\Cache\Admin\e79e415d33b727d66d78404b326bb62b.php 第 251 行.
NOTIC: [8] Undefined index: text D:\webroot\market\Runtime\Cache\Admin\e79e415d33b727d66d78404b326bb62b.php 第 256 行.
NOTIC: [8] Undefined index: image D:\webroot\market\Runtime\Cache\Admin\e79e415d33b727d66d78404b326bb62b.php 第 265 行.
INFO: Run Behavior\ParseTemplateBehavior [ RunTime:0.039003s ]
INFO: [ view_parse ] --END-- [ RunTime:0.039003s ]
INFO: [ view_filter ] --START--
INFO: Run Behavior\WriteHtmlCacheBehavior [ RunTime:0.001000s ]
INFO: [ view_filter ] --END-- [ RunTime:0.001000s ]
INFO: [ app_end ] --START--
INFO: Run Behavior\ShowPageTraceBehavior [ RunTime:0.001000s ]
INFO: [ app_end ] --END-- [ RunTime:0.001000s ]

[ 2015-07-21T10:01:04+08:00 ] 192.168.150.10 /Admin/Capital/subtractMoney/id/22600008.html
INFO: [ app_init ] --START--
INFO: Run Behavior\BuildLiteBehavior [ RunTime:0.000000s ]
INFO: [ app_init ] --END-- [ RunTime:0.001000s ]
INFO: [ app_begin ] --START--
INFO: Run Behavior\ReadHtmlCacheBehavior [ RunTime:0.001000s ]
INFO: [ app_begin ] --END-- [ RunTime:0.001000s ]
SQL: SHOW COLUMNS FROM `market_user_capital` [ RunTime:0.0070s ]
SQL: SELECT * FROM `market_user_capital` WHERE ( uid=22600008 ) LIMIT 1   [ RunTime:0.0000s ]
SQL: UPDATE `market_user_capital` SET `initial_capital`='-100000',`total_capital`='-100000',`usable_margin`='-100000' WHERE ( uid=22600008 ) [ RunTime:0.0000s ]
INFO: [ view_parse ] --START--
INFO: [ template_filter ] --START--
INFO: Run Behavior\ContentReplaceBehavior [ RunTime:0.000000s ]
INFO: [ template_filter ] --END-- [ RunTime:0.000000s ]
INFO: Run Behavior\ParseTemplateBehavior [ RunTime:0.012000s ]
INFO: [ view_parse ] --END-- [ RunTime:0.012000s ]
INFO: [ view_filter ] --START--
INFO: Run Behavior\WriteHtmlCacheBehavior [ RunTime:0.001001s ]
INFO: [ view_filter ] --END-- [ RunTime:0.001001s ]
INFO: [ app_end ] --START--
INFO: Run Behavior\ShowPageTraceBehavior [ RunTime:0.001000s ]
INFO: [ app_end ] --END-- [ RunTime:0.001000s ]

[ 2015-07-21T10:01:05+08:00 ] 192.168.150.10 /Admin/Capital/index.html
INFO: [ app_init ] --START--
INFO: Run Behavior\BuildLiteBehavior [ RunTime:0.000000s ]
INFO: [ app_init ] --END-- [ RunTime:0.001000s ]
INFO: [ app_begin ] --START--
INFO: Run Behavior\ReadHtmlCacheBehavior [ RunTime:0.001000s ]
INFO: [ app_begin ] --END-- [ RunTime:0.001000s ]
SQL: SHOW COLUMNS FROM `market_user_capital` [ RunTime:0.0060s ]
SQL: SELECT COUNT(*) AS tp_count FROM `market_user_capital` LIMIT 1   [ RunTime:0.0000s ]
SQL: SELECT * FROM `market_user_capital` ORDER BY id desc LIMIT 0,25   [ RunTime:0.0000s ]
INFO: [ view_parse ] --START--
NOTIC: [2] file_get_contents(./Application/Admin/View/Index/main.html): failed to open stream: No such file or directory D:\webroot\market\ThinkPHP\Library\Think\Template.class.php 第 696 行.
INFO: [ template_filter ] --START--
INFO: Run Behavior\ContentReplaceBehavior [ RunTime:0.000000s ]
INFO: [ template_filter ] --END-- [ RunTime:0.000000s ]
NOTIC: [8] A session had already been started - ignoring session_start() D:\webroot\market\Runtime\Cache\Admin\bd1add356aa3883bb93cb4d9e0cd802b.php 第 60 行.
NOTIC: [8] Undefined variable: active D:\webroot\market\Runtime\Cache\Admin\bd1add356aa3883bb93cb4d9e0cd802b.php 第 143 行.
NOTIC: [8] Undefined variable: admin D:\webroot\market\Runtime\Cache\Admin\bd1add356aa3883bb93cb4d9e0cd802b.php 第 146 行.
NOTIC: [8] Undefined variable: timeStart D:\webroot\market\Runtime\Cache\Admin\bd1add356aa3883bb93cb4d9e0cd802b.php 第 193 行.
NOTIC: [8] Undefined variable: timeEnd D:\webroot\market\Runtime\Cache\Admin\bd1add356aa3883bb93cb4d9e0cd802b.php 第 194 行.
NOTIC: [8] Undefined index: username D:\webroot\market\Runtime\Cache\Admin\bd1add356aa3883bb93cb4d9e0cd802b.php 第 241 行.
NOTIC: [8] Undefined index: username D:\webroot\market\Runtime\Cache\Admin\bd1add356aa3883bb93cb4d9e0cd802b.php 第 241 行.
INFO: Run Behavior\ParseTemplateBehavior [ RunTime:0.029001s ]
INFO: [ view_parse ] --END-- [ RunTime:0.029001s ]
INFO: [ view_filter ] --START--
INFO: Run Behavior\WriteHtmlCacheBehavior [ RunTime:0.001000s ]
INFO: [ view_filter ] --END-- [ RunTime:0.001000s ]
INFO: [ app_end ] --START--
INFO: Run Behavior\ShowPageTraceBehavior [ RunTime:0.001000s ]
INFO: [ app_end ] --END-- [ RunTime:0.002000s ]

[ 2015-07-21T10:01:09+08:00 ] 192.168.150.10 /Admin/Capital/edit/id/22600008.html
INFO: [ app_init ] --START--
INFO: Run Behavior\BuildLiteBehavior [ RunTime:0.000000s ]
INFO: [ app_init ] --END-- [ RunTime:0.001000s ]
INFO: [ app_begin ] --START--
INFO: Run Behavior\ReadHtmlCacheBehavior [ RunTime:0.001000s ]
INFO: [ app_begin ] --END-- [ RunTime:0.001000s ]
SQL: SHOW COLUMNS FROM `market_user_capital` [ RunTime:0.0060s ]
SQL: SELECT * FROM `market_user_capital` WHERE `uid` = 22600008  [ RunTime:0.0000s ]
INFO: [ view_parse ] --START--
NOTIC: [2] file_get_contents(./Application/Admin/View/Index/main.html): failed to open stream: No such file or directory D:\webroot\market\ThinkPHP\Library\Think\Template.class.php 第 696 行.
INFO: [ template_filter ] --START--
INFO: Run Behavior\ContentReplaceBehavior [ RunTime:0.000000s ]
INFO: [ template_filter ] --END-- [ RunTime:0.000000s ]
NOTIC: [8] A session had already been started - ignoring session_start() D:\webroot\market\Runtime\Cache\Admin\e79e415d33b727d66d78404b326bb62b.php 第 60 行.
NOTIC: [8] Undefined variable: active D:\webroot\market\Runtime\Cache\Admin\e79e415d33b727d66d78404b326bb62b.php 第 143 行.
NOTIC: [8] Undefined variable: admin D:\webroot\market\Runtime\Cache\Admin\e79e415d33b727d66d78404b326bb62b.php 第 146 行.
NOTIC: [8] Undefined index: mobilephone D:\webroot\market\Runtime\Cache\Admin\e79e415d33b727d66d78404b326bb62b.php 第 239 行.
NOTIC: [8] Undefined index: email D:\webroot\market\Runtime\Cache\Admin\e79e415d33b727d66d78404b326bb62b.php 第 243 行.
NOTIC: [8] Undefined index: level D:\webroot\market\Runtime\Cache\Admin\e79e415d33b727d66d78404b326bb62b.php 第 247 行.
NOTIC: [8] Undefined index: simulate_id D:\webroot\market\Runtime\Cache\Admin\e79e415d33b727d66d78404b326bb62b.php 第 251 行.
NOTIC: [8] Undefined index: text D:\webroot\market\Runtime\Cache\Admin\e79e415d33b727d66d78404b326bb62b.php 第 256 行.
NOTIC: [8] Undefined index: image D:\webroot\market\Runtime\Cache\Admin\e79e415d33b727d66d78404b326bb62b.php 第 265 行.
INFO: Run Behavior\ParseTemplateBehavior [ RunTime:0.024001s ]
INFO: [ view_parse ] --END-- [ RunTime:0.024001s ]
INFO: [ view_filter ] --START--
INFO: Run Behavior\WriteHtmlCacheBehavior [ RunTime:0.000000s ]
INFO: [ view_filter ] --END-- [ RunTime:0.000000s ]
INFO: [ app_end ] --START--
INFO: Run Behavior\ShowPageTraceBehavior [ RunTime:0.001000s ]
INFO: [ app_end ] --END-- [ RunTime:0.001000s ]

[ 2015-07-21T10:01:10+08:00 ] 192.168.150.10 /Admin/Capital/addMoney/id/22600008.html
INFO: [ app_init ] --START--
INFO: Run Behavior\BuildLiteBehavior [ RunTime:0.000000s ]
INFO: [ app_init ] --END-- [ RunTime:0.001000s ]
INFO: [ app_begin ] --START--
INFO: Run Behavior\ReadHtmlCacheBehavior [ RunTime:0.001000s ]
INFO: [ app_begin ] --END-- [ RunTime:0.001000s ]
SQL: SHOW COLUMNS FROM `market_user_capital` [ RunTime:0.0070s ]
SQL: SELECT * FROM `market_user_capital` WHERE ( uid=22600008 ) LIMIT 1   [ RunTime:0.0010s ]
SQL: UPDATE `market_user_capital` SET `initial_capital`='0',`total_capital`='0',`usable_margin`='0' WHERE ( uid=22600008 ) [ RunTime:0.0010s ]
INFO: [ view_parse ] --START--
INFO: [ template_filter ] --START--
INFO: Run Behavior\ContentReplaceBehavior [ RunTime:0.000000s ]
INFO: [ template_filter ] --END-- [ RunTime:0.001000s ]
INFO: Run Behavior\ParseTemplateBehavior [ RunTime:0.011001s ]
INFO: [ view_parse ] --END-- [ RunTime:0.012001s ]
INFO: [ view_filter ] --START--
INFO: Run Behavior\WriteHtmlCacheBehavior [ RunTime:0.000000s ]
INFO: [ view_filter ] --END-- [ RunTime:0.000000s ]
INFO: [ app_end ] --START--
INFO: Run Behavior\ShowPageTraceBehavior [ RunTime:0.001000s ]
INFO: [ app_end ] --END-- [ RunTime:0.001000s ]

[ 2015-07-21T10:01:11+08:00 ] 192.168.150.10 /Admin/Capital/index.html
INFO: [ app_init ] --START--
INFO: Run Behavior\BuildLiteBehavior [ RunTime:0.000000s ]
INFO: [ app_init ] --END-- [ RunTime:0.000000s ]
INFO: [ app_begin ] --START--
INFO: Run Behavior\ReadHtmlCacheBehavior [ RunTime:0.001000s ]
INFO: [ app_begin ] --END-- [ RunTime:0.001000s ]
SQL: SHOW COLUMNS FROM `market_user_capital` [ RunTime:0.0070s ]
SQL: SELECT COUNT(*) AS tp_count FROM `market_user_capital` LIMIT 1   [ RunTime:0.0000s ]
SQL: SELECT * FROM `market_user_capital` ORDER BY id desc LIMIT 0,25   [ RunTime:0.0000s ]
INFO: [ view_parse ] --START--
NOTIC: [2] file_get_contents(./Application/Admin/View/Index/main.html): failed to open stream: No such file or directory D:\webroot\market\ThinkPHP\Library\Think\Template.class.php 第 696 行.
INFO: [ template_filter ] --START--
INFO: Run Behavior\ContentReplaceBehavior [ RunTime:0.000000s ]
INFO: [ template_filter ] --END-- [ RunTime:0.000000s ]
NOTIC: [8] A session had already been started - ignoring session_start() D:\webroot\market\Runtime\Cache\Admin\bd1add356aa3883bb93cb4d9e0cd802b.php 第 60 行.
NOTIC: [8] Undefined variable: active D:\webroot\market\Runtime\Cache\Admin\bd1add356aa3883bb93cb4d9e0cd802b.php 第 143 行.
NOTIC: [8] Undefined variable: admin D:\webroot\market\Runtime\Cache\Admin\bd1add356aa3883bb93cb4d9e0cd802b.php 第 146 行.
NOTIC: [8] Undefined variable: timeStart D:\webroot\market\Runtime\Cache\Admin\bd1add356aa3883bb93cb4d9e0cd802b.php 第 193 行.
NOTIC: [8] Undefined variable: timeEnd D:\webroot\market\Runtime\Cache\Admin\bd1add356aa3883bb93cb4d9e0cd802b.php 第 194 行.
NOTIC: [8] Undefined index: username D:\webroot\market\Runtime\Cache\Admin\bd1add356aa3883bb93cb4d9e0cd802b.php 第 241 行.
NOTIC: [8] Undefined index: username D:\webroot\market\Runtime\Cache\Admin\bd1add356aa3883bb93cb4d9e0cd802b.php 第 241 行.
INFO: Run Behavior\ParseTemplateBehavior [ RunTime:0.036002s ]
INFO: [ view_parse ] --END-- [ RunTime:0.036002s ]
INFO: [ view_filter ] --START--
INFO: Run Behavior\WriteHtmlCacheBehavior [ RunTime:0.001000s ]
INFO: [ view_filter ] --END-- [ RunTime:0.001000s ]
INFO: [ app_end ] --START--
INFO: Run Behavior\ShowPageTraceBehavior [ RunTime:0.001000s ]
INFO: [ app_end ] --END-- [ RunTime:0.001000s ]

[ 2015-07-21T10:01:22+08:00 ] 192.168.150.10 /Admin/Active/index.html
INFO: [ app_init ] --START--
INFO: Run Behavior\BuildLiteBehavior [ RunTime:0.000000s ]
INFO: [ app_init ] --END-- [ RunTime:0.001000s ]
INFO: [ app_begin ] --START--
INFO: Run Behavior\ReadHtmlCacheBehavior [ RunTime:0.001000s ]
INFO: [ app_begin ] --END-- [ RunTime:0.002000s ]
SQL: SHOW COLUMNS FROM `market_user_count` [ RunTime:0.0070s ]
SQL: SELECT * FROM `market_user_count` WHERE `time` BETWEEN 1436234482 AND 1437444082  [ RunTime:0.0000s ]
NOTIC: [8] Undefined offset: 22600004 D:\webroot\market\Application\Admin\Controller\ActiveController.class.php 第 25 行.
INFO: [ view_parse ] --START--
NOTIC: [2] file_get_contents(./Application/Admin/View/Index/main.html): failed to open stream: No such file or directory D:\webroot\market\ThinkPHP\Library\Think\Template.class.php 第 696 行.
INFO: [ template_filter ] --START--
INFO: Run Behavior\ContentReplaceBehavior [ RunTime:0.000000s ]
INFO: [ template_filter ] --END-- [ RunTime:0.001000s ]
NOTIC: [8] A session had already been started - ignoring session_start() D:\webroot\market\Runtime\Cache\Admin\3c0d39ab558fc9e705f0c3fd2b53ed7a.php 第 60 行.
NOTIC: [8] Undefined variable: capital D:\webroot\market\Runtime\Cache\Admin\3c0d39ab558fc9e705f0c3fd2b53ed7a.php 第 140 行.
NOTIC: [8] Undefined variable: admin D:\webroot\market\Runtime\Cache\Admin\3c0d39ab558fc9e705f0c3fd2b53ed7a.php 第 146 行.
NOTIC: [8] Undefined variable: timeStart D:\webroot\market\Runtime\Cache\Admin\3c0d39ab558fc9e705f0c3fd2b53ed7a.php 第 193 行.
NOTIC: [8] Undefined variable: timeEnd D:\webroot\market\Runtime\Cache\Admin\3c0d39ab558fc9e705f0c3fd2b53ed7a.php 第 194 行.
NOTIC: [8] Undefined index: uid D:\webroot\market\Runtime\Cache\Admin\3c0d39ab558fc9e705f0c3fd2b53ed7a.php 第 232 行.
NOTIC: [8] Undefined index: uid D:\webroot\market\Runtime\Cache\Admin\3c0d39ab558fc9e705f0c3fd2b53ed7a.php 第 238 行.
NOTIC: [8] Undefined index: uid D:\webroot\market\Runtime\Cache\Admin\3c0d39ab558fc9e705f0c3fd2b53ed7a.php 第 241 行.
INFO: Run Behavior\ParseTemplateBehavior [ RunTime:0.035002s ]
INFO: [ view_parse ] --END-- [ RunTime:0.035002s ]
INFO: [ view_filter ] --START--
INFO: Run Behavior\WriteHtmlCacheBehavior [ RunTime:0.001000s ]
INFO: [ view_filter ] --END-- [ RunTime:0.001000s ]
INFO: [ app_end ] --START--
INFO: Run Behavior\ShowPageTraceBehavior [ RunTime:0.002000s ]
INFO: [ app_end ] --END-- [ RunTime:0.002000s ]

[ 2015-07-21T10:01:27+08:00 ] 192.168.150.10 /Admin/Capital/index.html
INFO: [ app_init ] --START--
INFO: Run Behavior\BuildLiteBehavior [ RunTime:0.000000s ]
INFO: [ app_init ] --END-- [ RunTime:0.001000s ]
INFO: [ app_begin ] --START--
INFO: Run Behavior\ReadHtmlCacheBehavior [ RunTime:0.001000s ]
INFO: [ app_begin ] --END-- [ RunTime:0.001000s ]
SQL: SHOW COLUMNS FROM `market_user_capital` [ RunTime:0.0030s ]
SQL: SELECT COUNT(*) AS tp_count FROM `market_user_capital` LIMIT 1   [ RunTime:0.0000s ]
SQL: SELECT * FROM `market_user_capital` ORDER BY id desc LIMIT 0,25   [ RunTime:0.0000s ]
INFO: [ view_parse ] --START--
NOTIC: [2] file_get_contents(./Application/Admin/View/Index/main.html): failed to open stream: No such file or directory D:\webroot\market\ThinkPHP\Library\Think\Template.class.php 第 696 行.
INFO: [ template_filter ] --START--
INFO: Run Behavior\ContentReplaceBehavior [ RunTime:0.000000s ]
INFO: [ template_filter ] --END-- [ RunTime:0.000000s ]
NOTIC: [8] A session had already been started - ignoring session_start() D:\webroot\market\Runtime\Cache\Admin\bd1add356aa3883bb93cb4d9e0cd802b.php 第 60 行.
NOTIC: [8] Undefined variable: active D:\webroot\market\Runtime\Cache\Admin\bd1add356aa3883bb93cb4d9e0cd802b.php 第 143 行.
NOTIC: [8] Undefined variable: admin D:\webroot\market\Runtime\Cache\Admin\bd1add356aa3883bb93cb4d9e0cd802b.php 第 146 行.
NOTIC: [8] Undefined variable: timeStart D:\webroot\market\Runtime\Cache\Admin\bd1add356aa3883bb93cb4d9e0cd802b.php 第 193 行.
NOTIC: [8] Undefined variable: timeEnd D:\webroot\market\Runtime\Cache\Admin\bd1add356aa3883bb93cb4d9e0cd802b.php 第 194 行.
NOTIC: [8] Undefined index: username D:\webroot\market\Runtime\Cache\Admin\bd1add356aa3883bb93cb4d9e0cd802b.php 第 241 行.
NOTIC: [8] Undefined index: username D:\webroot\market\Runtime\Cache\Admin\bd1add356aa3883bb93cb4d9e0cd802b.php 第 241 行.
INFO: Run Behavior\ParseTemplateBehavior [ RunTime:0.014001s ]
INFO: [ view_parse ] --END-- [ RunTime:0.014001s ]
INFO: [ view_filter ] --START--
INFO: Run Behavior\WriteHtmlCacheBehavior [ RunTime:0.001000s ]
INFO: [ view_filter ] --END-- [ RunTime:0.001000s ]
INFO: [ app_end ] --START--
INFO: Run Behavior\ShowPageTraceBehavior [ RunTime:0.001000s ]
INFO: [ app_end ] --END-- [ RunTime:0.001000s ]

[ 2015-07-21T12:05:47+08:00 ] 192.168.150.10 /Admin/Active/index.html
INFO: [ app_init ] --START--
INFO: Run Behavior\BuildLiteBehavior [ RunTime:0.000000s ]
INFO: [ app_init ] --END-- [ RunTime:0.001000s ]
INFO: [ app_begin ] --START--
INFO: Run Behavior\ReadHtmlCacheBehavior [ RunTime:0.002000s ]
INFO: [ app_begin ] --END-- [ RunTime:0.002000s ]
SQL: SHOW COLUMNS FROM `market_admin_user` [ RunTime:0.0070s ]
SQL: SELECT * FROM `market_admin_user` WHERE `username` = 'admin' LIMIT 1   [ RunTime:0.0010s ]
SQL: SHOW COLUMNS FROM `market_user_count` [ RunTime:0.0070s ]
SQL: SELECT * FROM `market_user_count` WHERE `time` BETWEEN 1436241947 AND 1437451547  [ RunTime:0.0000s ]
NOTIC: [8] Undefined offset: 22600004 D:\webroot\market\Application\Admin\Controller\ActiveController.class.php 第 25 行.
INFO: [ view_parse ] --START--
NOTIC: [2] file_get_contents(./Application/Admin/View/Index/main.html): failed to open stream: No such file or directory D:\webroot\market\ThinkPHP\Library\Think\Template.class.php 第 696 行.
INFO: [ template_filter ] --START--
INFO: Run Behavior\ContentReplaceBehavior [ RunTime:0.001000s ]
INFO: [ template_filter ] --END-- [ RunTime:0.001000s ]
NOTIC: [8] A session had already been started - ignoring session_start() D:\webroot\market\Runtime\Cache\Admin\3c0d39ab558fc9e705f0c3fd2b53ed7a.php 第 60 行.
NOTIC: [8] Undefined variable: capital D:\webroot\market\Runtime\Cache\Admin\3c0d39ab558fc9e705f0c3fd2b53ed7a.php 第 140 行.
NOTIC: [8] Undefined variable: admin D:\webroot\market\Runtime\Cache\Admin\3c0d39ab558fc9e705f0c3fd2b53ed7a.php 第 146 行.
NOTIC: [8] Undefined variable: timeStart D:\webroot\market\Runtime\Cache\Admin\3c0d39ab558fc9e705f0c3fd2b53ed7a.php 第 193 行.
NOTIC: [8] Undefined variable: timeEnd D:\webroot\market\Runtime\Cache\Admin\3c0d39ab558fc9e705f0c3fd2b53ed7a.php 第 194 行.
NOTIC: [8] Undefined index: uid D:\webroot\market\Runtime\Cache\Admin\3c0d39ab558fc9e705f0c3fd2b53ed7a.php 第 232 行.
NOTIC: [8] Undefined index: uid D:\webroot\market\Runtime\Cache\Admin\3c0d39ab558fc9e705f0c3fd2b53ed7a.php 第 238 行.
NOTIC: [8] Undefined index: uid D:\webroot\market\Runtime\Cache\Admin\3c0d39ab558fc9e705f0c3fd2b53ed7a.php 第 241 行.
INFO: Run Behavior\ParseTemplateBehavior [ RunTime:0.036002s ]
INFO: [ view_parse ] --END-- [ RunTime:0.036002s ]
INFO: [ view_filter ] --START--
INFO: Run Behavior\WriteHtmlCacheBehavior [ RunTime:0.002000s ]
INFO: [ view_filter ] --END-- [ RunTime:0.002000s ]
INFO: [ app_end ] --START--
INFO: Run Behavior\ShowPageTraceBehavior [ RunTime:0.002000s ]
INFO: [ app_end ] --END-- [ RunTime:0.002000s ]

