[ 2015-07-17T14:44:13+08:00 ] 192.168.150.10 /index.php/Admin
INFO: [ app_init ] --START--
INFO: Run Behavior\BuildLiteBehavior [ RunTime:0.000000s ]
INFO: [ app_init ] --END-- [ RunTime:0.001000s ]
INFO: [ app_begin ] --START--
INFO: Run Behavior\ReadHtmlCacheBehavior [ RunTime:0.001000s ]
INFO: [ app_begin ] --END-- [ RunTime:0.001000s ]
ERR: 无法加载控制器:Index

[ 2015-07-17T14:44:32+08:00 ] 192.168.150.10 /index.php/Admin/login
INFO: [ app_init ] --START--
INFO: Run Behavior\BuildLiteBehavior [ RunTime:0.000000s ]
INFO: [ app_init ] --END-- [ RunTime:0.000000s ]
INFO: [ app_begin ] --START--
INFO: Run Behavior\ReadHtmlCacheBehavior [ RunTime:0.001000s ]
INFO: [ app_begin ] --END-- [ RunTime:0.001000s ]
INFO: [ view_parse ] --START--
NOTIC: [2] file_get_contents(Public:link-js.html): failed to open stream: No such file or directory D:\webroot\market\ThinkPHP\Library\Think\Template.class.php 第 696 行.
INFO: [ template_filter ] --START--
INFO: Run Behavior\ContentReplaceBehavior [ RunTime:0.000000s ]
INFO: [ template_filter ] --END-- [ RunTime:0.000000s ]
INFO: Run Behavior\ParseTemplateBehavior [ RunTime:0.013001s ]
INFO: [ view_parse ] --END-- [ RunTime:0.013001s ]
INFO: [ view_filter ] --START--
INFO: Run Behavior\WriteHtmlCacheBehavior [ RunTime:0.001000s ]
INFO: [ view_filter ] --END-- [ RunTime:0.001000s ]
INFO: [ app_end ] --START--
INFO: Run Behavior\ShowPageTraceBehavior [ RunTime:0.001000s ]
INFO: [ app_end ] --END-- [ RunTime:0.001000s ]

[ 2015-07-17T14:44:33+08:00 ] 192.168.150.10 /Admin/Login/verify.html
INFO: [ app_init ] --START--
INFO: Run Behavior\BuildLiteBehavior [ RunTime:0.000000s ]
INFO: [ app_init ] --END-- [ RunTime:0.001000s ]
INFO: [ app_begin ] --START--
INFO: Run Behavior\ReadHtmlCacheBehavior [ RunTime:0.001000s ]
INFO: [ app_begin ] --END-- [ RunTime:0.001000s ]
INFO: [ app_end ] --START--
INFO: Run Behavior\ShowPageTraceBehavior [ RunTime:0.002000s ]
INFO: [ app_end ] --END-- [ RunTime:0.002000s ]

[ 2015-07-17T14:46:04+08:00 ] 192.168.150.10 /index.php/Admin/login
INFO: [ app_init ] --START--
INFO: Run Behavior\BuildLiteBehavior [ RunTime:0.000000s ]
INFO: [ app_init ] --END-- [ RunTime:0.000000s ]
INFO: [ app_begin ] --START--
INFO: Run Behavior\ReadHtmlCacheBehavior [ RunTime:0.001000s ]
INFO: [ app_begin ] --END-- [ RunTime:0.001000s ]
INFO: [ view_parse ] --START--
NOTIC: [2] file_get_contents(Public:link-js.html): failed to open stream: No such file or directory D:\webroot\market\ThinkPHP\Library\Think\Template.class.php 第 696 行.
INFO: [ template_filter ] --START--
INFO: Run Behavior\ContentReplaceBehavior [ RunTime:0.000000s ]
INFO: [ template_filter ] --END-- [ RunTime:0.000000s ]
INFO: Run Behavior\ParseTemplateBehavior [ RunTime:0.015000s ]
INFO: [ view_parse ] --END-- [ RunTime:0.015000s ]
INFO: [ view_filter ] --START--
INFO: Run Behavior\WriteHtmlCacheBehavior [ RunTime:0.001001s ]
INFO: [ view_filter ] --END-- [ RunTime:0.001001s ]
INFO: [ app_end ] --START--
INFO: Run Behavior\ShowPageTraceBehavior [ RunTime:0.001000s ]
INFO: [ app_end ] --END-- [ RunTime:0.001000s ]

[ 2015-07-17T14:46:04+08:00 ] 192.168.150.10 /Admin/Login/verify.html
INFO: [ app_init ] --START--
INFO: Run Behavior\BuildLiteBehavior [ RunTime:0.000000s ]
INFO: [ app_init ] --END-- [ RunTime:0.001000s ]
INFO: [ app_begin ] --START--
INFO: Run Behavior\ReadHtmlCacheBehavior [ RunTime:0.001001s ]
INFO: [ app_begin ] --END-- [ RunTime:0.001001s ]
INFO: [ app_end ] --START--
INFO: Run Behavior\ShowPageTraceBehavior [ RunTime:0.002000s ]
INFO: [ app_end ] --END-- [ RunTime:0.002000s ]

[ 2015-07-17T14:46:49+08:00 ] 192.168.150.10 /Admin/Login/login.html
INFO: [ app_init ] --START--
INFO: Run Behavior\BuildLiteBehavior [ RunTime:0.000000s ]
INFO: [ app_init ] --END-- [ RunTime:0.000000s ]
INFO: [ app_begin ] --START--
INFO: Run Behavior\ReadHtmlCacheBehavior [ RunTime:0.001000s ]
INFO: [ app_begin ] --END-- [ RunTime:0.002000s ]
ERR: SQLSTATE[HY000] [1045] Access denied for user 'root'@'localhost' (using password: NO)

[ 2015-07-17T14:47:16+08:00 ] 192.168.150.10 /Admin/Login/login.html
INFO: [ app_init ] --START--
INFO: Run Behavior\BuildLiteBehavior [ RunTime:0.000000s ]
INFO: [ app_init ] --END-- [ RunTime:0.001000s ]
INFO: [ app_begin ] --START--
INFO: Run Behavior\ReadHtmlCacheBehavior [ RunTime:0.001000s ]
INFO: [ app_begin ] --END-- [ RunTime:0.001000s ]
SQL: SHOW COLUMNS FROM `market_admin_user` [ RunTime:0.0070s ]
SQL: SELECT * FROM `market_admin_user` WHERE `username` = 'admin' AND `password` = '21232f297a57a5a743894a0e4a801fc3' LIMIT 1   [ RunTime:0.0000s ]
SQL: UPDATE `market_admin_user` SET `count`=count+1 WHERE `username` = 'admin' AND `password` = '21232f297a57a5a743894a0e4a801fc3' [ RunTime:0.0000s ]
SQL: UPDATE `market_admin_user` SET `ip`='192.168.150.10',`time`='1437115636' WHERE `username` = 'admin' AND `password` = '21232f297a57a5a743894a0e4a801fc3' [ RunTime:0.0000s ]
INFO: [ view_parse ] --START--
INFO: [ template_filter ] --START--
INFO: Run Behavior\ContentReplaceBehavior [ RunTime:0.000000s ]
INFO: [ template_filter ] --END-- [ RunTime:0.000000s ]
INFO: Run Behavior\ParseTemplateBehavior [ RunTime:0.039002s ]
INFO: [ view_parse ] --END-- [ RunTime:0.039002s ]
INFO: [ view_filter ] --START--
INFO: Run Behavior\WriteHtmlCacheBehavior [ RunTime:0.001000s ]
INFO: [ view_filter ] --END-- [ RunTime:0.001000s ]
INFO: [ app_end ] --START--
INFO: Run Behavior\ShowPageTraceBehavior [ RunTime:0.001000s ]
INFO: [ app_end ] --END-- [ RunTime:0.001000s ]

[ 2015-07-17T14:47:17+08:00 ] 192.168.150.10 /Admin/Capital/index.html
INFO: [ app_init ] --START--
INFO: Run Behavior\BuildLiteBehavior [ RunTime:0.000000s ]
INFO: [ app_init ] --END-- [ RunTime:0.000000s ]
INFO: [ app_begin ] --START--
INFO: Run Behavior\ReadHtmlCacheBehavior [ RunTime:0.001000s ]
INFO: [ app_begin ] --END-- [ RunTime:0.001000s ]
SQL: SHOW COLUMNS FROM `market_user_capital` [ RunTime:0.0070s ]
SQL: SELECT COUNT(*) AS tp_count FROM `market_user_capital` LIMIT 1   [ RunTime:0.0010s ]
SQL: SELECT * FROM `market_user_capital` ORDER BY id desc LIMIT 0,25   [ RunTime:0.0010s ]
INFO: [ view_parse ] --START--
NOTIC: [2] file_get_contents(./Application/Admin/View/Index/main.html): failed to open stream: No such file or directory D:\webroot\market\ThinkPHP\Library\Think\Template.class.php 第 696 行.
INFO: [ template_filter ] --START--
INFO: Run Behavior\ContentReplaceBehavior [ RunTime:0.000000s ]
INFO: [ template_filter ] --END-- [ RunTime:0.000000s ]
NOTIC: [8] A session had already been started - ignoring session_start() D:\webroot\market\Runtime\Cache\Admin\bd1add356aa3883bb93cb4d9e0cd802b.php 第 60 行.
NOTIC: [8] Undefined variable: active D:\webroot\market\Runtime\Cache\Admin\bd1add356aa3883bb93cb4d9e0cd802b.php 第 143 行.
NOTIC: [8] Undefined variable: admin D:\webroot\market\Runtime\Cache\Admin\bd1add356aa3883bb93cb4d9e0cd802b.php 第 146 行.
NOTIC: [8] Undefined variable: timeStart D:\webroot\market\Runtime\Cache\Admin\bd1add356aa3883bb93cb4d9e0cd802b.php 第 193 行.
NOTIC: [8] Undefined variable: timeEnd D:\webroot\market\Runtime\Cache\Admin\bd1add356aa3883bb93cb4d9e0cd802b.php 第 194 行.
NOTIC: [8] Undefined index: username D:\webroot\market\Runtime\Cache\Admin\bd1add356aa3883bb93cb4d9e0cd802b.php 第 241 行.
NOTIC: [8] Undefined index: username D:\webroot\market\Runtime\Cache\Admin\bd1add356aa3883bb93cb4d9e0cd802b.php 第 241 行.
INFO: Run Behavior\ParseTemplateBehavior [ RunTime:0.064003s ]
INFO: [ view_parse ] --END-- [ RunTime:0.064003s ]
INFO: [ view_filter ] --START--
INFO: Run Behavior\WriteHtmlCacheBehavior [ RunTime:0.001000s ]
INFO: [ view_filter ] --END-- [ RunTime:0.001000s ]
INFO: [ app_end ] --START--
INFO: Run Behavior\ShowPageTraceBehavior [ RunTime:0.002001s ]
INFO: [ app_end ] --END-- [ RunTime:0.002001s ]

[ 2015-07-17T14:47:24+08:00 ] 192.168.150.10 /Admin/Capital/edit/id/22600008.html
INFO: [ app_init ] --START--
INFO: Run Behavior\BuildLiteBehavior [ RunTime:0.000000s ]
INFO: [ app_init ] --END-- [ RunTime:0.001000s ]
INFO: [ app_begin ] --START--
INFO: Run Behavior\ReadHtmlCacheBehavior [ RunTime:0.001000s ]
INFO: [ app_begin ] --END-- [ RunTime:0.001000s ]
SQL: SHOW COLUMNS FROM `market_user_capital` [ RunTime:0.0070s ]
SQL: SELECT * FROM `market_user_capital` WHERE `uid` = 22600008  [ RunTime:0.0010s ]
INFO: [ view_parse ] --START--
NOTIC: [2] file_get_contents(./Application/Admin/View/Index/main.html): failed to open stream: No such file or directory D:\webroot\market\ThinkPHP\Library\Think\Template.class.php 第 696 行.
INFO: [ template_filter ] --START--
INFO: Run Behavior\ContentReplaceBehavior [ RunTime:0.000000s ]
INFO: [ template_filter ] --END-- [ RunTime:0.001000s ]
NOTIC: [8] A session had already been started - ignoring session_start() D:\webroot\market\Runtime\Cache\Admin\e79e415d33b727d66d78404b326bb62b.php 第 60 行.
NOTIC: [8] Undefined variable: active D:\webroot\market\Runtime\Cache\Admin\e79e415d33b727d66d78404b326bb62b.php 第 143 行.
NOTIC: [8] Undefined variable: admin D:\webroot\market\Runtime\Cache\Admin\e79e415d33b727d66d78404b326bb62b.php 第 146 行.
NOTIC: [8] Undefined index: mobilephone D:\webroot\market\Runtime\Cache\Admin\e79e415d33b727d66d78404b326bb62b.php 第 239 行.
NOTIC: [8] Undefined index: email D:\webroot\market\Runtime\Cache\Admin\e79e415d33b727d66d78404b326bb62b.php 第 243 行.
NOTIC: [8] Undefined index: level D:\webroot\market\Runtime\Cache\Admin\e79e415d33b727d66d78404b326bb62b.php 第 247 行.
NOTIC: [8] Undefined index: simulate_id D:\webroot\market\Runtime\Cache\Admin\e79e415d33b727d66d78404b326bb62b.php 第 251 行.
NOTIC: [8] Undefined index: text D:\webroot\market\Runtime\Cache\Admin\e79e415d33b727d66d78404b326bb62b.php 第 256 行.
NOTIC: [8] Undefined index: image D:\webroot\market\Runtime\Cache\Admin\e79e415d33b727d66d78404b326bb62b.php 第 265 行.
INFO: Run Behavior\ParseTemplateBehavior [ RunTime:0.031002s ]
INFO: [ view_parse ] --END-- [ RunTime:0.032002s ]
INFO: [ view_filter ] --START--
INFO: Run Behavior\WriteHtmlCacheBehavior [ RunTime:0.000000s ]
INFO: [ view_filter ] --END-- [ RunTime:0.000000s ]
INFO: [ app_end ] --START--
INFO: Run Behavior\ShowPageTraceBehavior [ RunTime:0.001000s ]
INFO: [ app_end ] --END-- [ RunTime:0.001000s ]

[ 2015-07-17T14:47:26+08:00 ] 192.168.150.10 /Admin/Capital/addMoney/id/22600008.html
INFO: [ app_init ] --START--
INFO: Run Behavior\BuildLiteBehavior [ RunTime:0.000000s ]
INFO: [ app_init ] --END-- [ RunTime:0.001000s ]
INFO: [ app_begin ] --START--
INFO: Run Behavior\ReadHtmlCacheBehavior [ RunTime:0.002000s ]
INFO: [ app_begin ] --END-- [ RunTime:0.002000s ]
SQL: SHOW COLUMNS FROM `market_user_capital` [ RunTime:0.0060s ]
SQL: SELECT * FROM `market_user_capital` WHERE ( uid=22600008 ) LIMIT 1   [ RunTime:0.0010s ]
SQL: UPDATE `market_user_capital` SET `initial_capital`='200000',`total_capital`='200000',`usable_margin`='200000' WHERE ( uid=22600008 ) [ RunTime:0.0000s ]
INFO: [ view_parse ] --START--
INFO: [ template_filter ] --START--
INFO: Run Behavior\ContentReplaceBehavior [ RunTime:0.000000s ]
INFO: [ template_filter ] --END-- [ RunTime:0.000000s ]
INFO: Run Behavior\ParseTemplateBehavior [ RunTime:0.011001s ]
INFO: [ view_parse ] --END-- [ RunTime:0.011001s ]
INFO: [ view_filter ] --START--
INFO: Run Behavior\WriteHtmlCacheBehavior [ RunTime:0.001000s ]
INFO: [ view_filter ] --END-- [ RunTime:0.001000s ]
INFO: [ app_end ] --START--
INFO: Run Behavior\ShowPageTraceBehavior [ RunTime:0.001000s ]
INFO: [ app_end ] --END-- [ RunTime:0.001000s ]

[ 2015-07-17T14:47:27+08:00 ] 192.168.150.10 /Admin/Capital/index.html
INFO: [ app_init ] --START--
INFO: Run Behavior\BuildLiteBehavior [ RunTime:0.000000s ]
INFO: [ app_init ] --END-- [ RunTime:0.000000s ]
INFO: [ app_begin ] --START--
INFO: Run Behavior\ReadHtmlCacheBehavior [ RunTime:0.001000s ]
INFO: [ app_begin ] --END-- [ RunTime:0.001000s ]
SQL: SHOW COLUMNS FROM `market_user_capital` [ RunTime:0.0040s ]
SQL: SELECT COUNT(*) AS tp_count FROM `market_user_capital` LIMIT 1   [ RunTime:0.0000s ]
SQL: SELECT * FROM `market_user_capital` ORDER BY id desc LIMIT 0,25   [ RunTime:0.0000s ]
INFO: [ view_parse ] --START--
NOTIC: [2] file_get_contents(./Application/Admin/View/Index/main.html): failed to open stream: No such file or directory D:\webroot\market\ThinkPHP\Library\Think\Template.class.php 第 696 行.
INFO: [ template_filter ] --START--
INFO: Run Behavior\ContentReplaceBehavior [ RunTime:0.000000s ]
INFO: [ template_filter ] --END-- [ RunTime:0.000000s ]
NOTIC: [8] A session had already been started - ignoring session_start() D:\webroot\market\Runtime\Cache\Admin\bd1add356aa3883bb93cb4d9e0cd802b.php 第 60 行.
NOTIC: [8] Undefined variable: active D:\webroot\market\Runtime\Cache\Admin\bd1add356aa3883bb93cb4d9e0cd802b.php 第 143 行.
NOTIC: [8] Undefined variable: admin D:\webroot\market\Runtime\Cache\Admin\bd1add356aa3883bb93cb4d9e0cd802b.php 第 146 行.
NOTIC: [8] Undefined variable: timeStart D:\webroot\market\Runtime\Cache\Admin\bd1add356aa3883bb93cb4d9e0cd802b.php 第 193 行.
NOTIC: [8] Undefined variable: timeEnd D:\webroot\market\Runtime\Cache\Admin\bd1add356aa3883bb93cb4d9e0cd802b.php 第 194 行.
NOTIC: [8] Undefined index: username D:\webroot\market\Runtime\Cache\Admin\bd1add356aa3883bb93cb4d9e0cd802b.php 第 241 行.
NOTIC: [8] Undefined index: username D:\webroot\market\Runtime\Cache\Admin\bd1add356aa3883bb93cb4d9e0cd802b.php 第 241 行.
INFO: Run Behavior\ParseTemplateBehavior [ RunTime:0.019001s ]
INFO: [ view_parse ] --END-- [ RunTime:0.019001s ]
INFO: [ view_filter ] --START--
INFO: Run Behavior\WriteHtmlCacheBehavior [ RunTime:0.000000s ]
INFO: [ view_filter ] --END-- [ RunTime:0.000000s ]
INFO: [ app_end ] --START--
INFO: Run Behavior\ShowPageTraceBehavior [ RunTime:0.001000s ]
INFO: [ app_end ] --END-- [ RunTime:0.001000s ]

[ 2015-07-17T16:53:46+08:00 ] 192.168.150.10 /Admin/Active/index.html
INFO: [ app_init ] --START--
INFO: Run Behavior\BuildLiteBehavior [ RunTime:0.000000s ]
INFO: [ app_init ] --END-- [ RunTime:0.000000s ]
INFO: [ app_begin ] --START--
INFO: Run Behavior\ReadHtmlCacheBehavior [ RunTime:0.001000s ]
INFO: [ app_begin ] --END-- [ RunTime:0.001000s ]
INFO: [ view_parse ] --START--
INFO: [ template_filter ] --START--
INFO: Run Behavior\ContentReplaceBehavior [ RunTime:0.000000s ]
INFO: [ template_filter ] --END-- [ RunTime:0.000000s ]
INFO: Run Behavior\ParseTemplateBehavior [ RunTime:0.008001s ]
INFO: [ view_parse ] --END-- [ RunTime:0.008001s ]
INFO: [ view_filter ] --START--
INFO: Run Behavior\WriteHtmlCacheBehavior [ RunTime:0.001000s ]
INFO: [ view_filter ] --END-- [ RunTime:0.001000s ]

[ 2015-07-17T16:53:51+08:00 ] 192.168.150.10 /Admin/Login/login.html
INFO: [ app_init ] --START--
INFO: Run Behavior\BuildLiteBehavior [ RunTime:0.000000s ]
INFO: [ app_init ] --END-- [ RunTime:0.001000s ]
INFO: [ app_begin ] --START--
INFO: Run Behavior\ReadHtmlCacheBehavior [ RunTime:0.001000s ]
INFO: [ app_begin ] --END-- [ RunTime:0.001000s ]
INFO: [ view_parse ] --START--
NOTIC: [2] file_get_contents(Public:link-js.html): failed to open stream: No such file or directory D:\webroot\market\ThinkPHP\Library\Think\Template.class.php 第 696 行.
INFO: [ template_filter ] --START--
INFO: Run Behavior\ContentReplaceBehavior [ RunTime:0.000000s ]
INFO: [ template_filter ] --END-- [ RunTime:0.000000s ]
INFO: Run Behavior\ParseTemplateBehavior [ RunTime:0.014001s ]
INFO: [ view_parse ] --END-- [ RunTime:0.014001s ]
INFO: [ view_filter ] --START--
INFO: Run Behavior\WriteHtmlCacheBehavior [ RunTime:0.001000s ]
INFO: [ view_filter ] --END-- [ RunTime:0.001000s ]
INFO: [ app_end ] --START--
INFO: Run Behavior\ShowPageTraceBehavior [ RunTime:0.001000s ]
INFO: [ app_end ] --END-- [ RunTime:0.001000s ]

[ 2015-07-17T16:53:52+08:00 ] 192.168.150.10 /Admin/Login/verify.html
INFO: [ app_init ] --START--
INFO: Run Behavior\BuildLiteBehavior [ RunTime:0.000000s ]
INFO: [ app_init ] --END-- [ RunTime:0.000000s ]
INFO: [ app_begin ] --START--
INFO: Run Behavior\ReadHtmlCacheBehavior [ RunTime:0.001000s ]
INFO: [ app_begin ] --END-- [ RunTime:0.001000s ]
INFO: [ app_end ] --START--
INFO: Run Behavior\ShowPageTraceBehavior [ RunTime:0.001000s ]
INFO: [ app_end ] --END-- [ RunTime:0.001000s ]

[ 2015-07-17T16:54:00+08:00 ] 192.168.150.10 /Admin/Login/login.html
INFO: [ app_init ] --START--
INFO: Run Behavior\BuildLiteBehavior [ RunTime:0.000000s ]
INFO: [ app_init ] --END-- [ RunTime:0.000000s ]
INFO: [ app_begin ] --START--
INFO: Run Behavior\ReadHtmlCacheBehavior [ RunTime:0.001000s ]
INFO: [ app_begin ] --END-- [ RunTime:0.001000s ]
SQL: SHOW COLUMNS FROM `market_admin_user` [ RunTime:0.0040s ]
SQL: SELECT * FROM `market_admin_user` WHERE `username` = 'admin' AND `password` = '21232f297a57a5a743894a0e4a801fc3' LIMIT 1   [ RunTime:0.0000s ]
SQL: UPDATE `market_admin_user` SET `count`=count+1 WHERE `username` = 'admin' AND `password` = '21232f297a57a5a743894a0e4a801fc3' [ RunTime:0.0000s ]
SQL: UPDATE `market_admin_user` SET `ip`='192.168.150.10',`time`='1437123240' WHERE `username` = 'admin' AND `password` = '21232f297a57a5a743894a0e4a801fc3' [ RunTime:0.0000s ]
INFO: [ view_parse ] --START--
INFO: [ template_filter ] --START--
INFO: Run Behavior\ContentReplaceBehavior [ RunTime:0.001000s ]
INFO: [ template_filter ] --END-- [ RunTime:0.001000s ]
INFO: Run Behavior\ParseTemplateBehavior [ RunTime:0.008000s ]
INFO: [ view_parse ] --END-- [ RunTime:0.008000s ]
INFO: [ view_filter ] --START--
INFO: Run Behavior\WriteHtmlCacheBehavior [ RunTime:0.000000s ]
INFO: [ view_filter ] --END-- [ RunTime:0.000000s ]
INFO: [ app_end ] --START--
INFO: Run Behavior\ShowPageTraceBehavior [ RunTime:0.001001s ]
INFO: [ app_end ] --END-- [ RunTime:0.001001s ]

[ 2015-07-17T16:54:01+08:00 ] 192.168.150.10 /Admin/Capital/index.html
INFO: [ app_init ] --START--
INFO: Run Behavior\BuildLiteBehavior [ RunTime:0.000000s ]
INFO: [ app_init ] --END-- [ RunTime:0.000000s ]
INFO: [ app_begin ] --START--
INFO: Run Behavior\ReadHtmlCacheBehavior [ RunTime:0.001000s ]
INFO: [ app_begin ] --END-- [ RunTime:0.001000s ]
SQL: SHOW COLUMNS FROM `market_user_capital` [ RunTime:0.0020s ]
SQL: SELECT COUNT(*) AS tp_count FROM `market_user_capital` LIMIT 1   [ RunTime:0.0000s ]
SQL: SELECT * FROM `market_user_capital` ORDER BY id desc LIMIT 0,25   [ RunTime:0.0010s ]
INFO: [ view_parse ] --START--
NOTIC: [2] file_get_contents(./Application/Admin/View/Index/main.html): failed to open stream: No such file or directory D:\webroot\market\ThinkPHP\Library\Think\Template.class.php 第 696 行.
INFO: [ template_filter ] --START--
INFO: Run Behavior\ContentReplaceBehavior [ RunTime:0.000000s ]
INFO: [ template_filter ] --END-- [ RunTime:0.000000s ]
NOTIC: [8] A session had already been started - ignoring session_start() D:\webroot\market\Runtime\Cache\Admin\bd1add356aa3883bb93cb4d9e0cd802b.php 第 60 行.
NOTIC: [8] Undefined variable: active D:\webroot\market\Runtime\Cache\Admin\bd1add356aa3883bb93cb4d9e0cd802b.php 第 143 行.
NOTIC: [8] Undefined variable: admin D:\webroot\market\Runtime\Cache\Admin\bd1add356aa3883bb93cb4d9e0cd802b.php 第 146 行.
NOTIC: [8] Undefined variable: timeStart D:\webroot\market\Runtime\Cache\Admin\bd1add356aa3883bb93cb4d9e0cd802b.php 第 193 行.
NOTIC: [8] Undefined variable: timeEnd D:\webroot\market\Runtime\Cache\Admin\bd1add356aa3883bb93cb4d9e0cd802b.php 第 194 行.
NOTIC: [8] Undefined index: username D:\webroot\market\Runtime\Cache\Admin\bd1add356aa3883bb93cb4d9e0cd802b.php 第 241 行.
NOTIC: [8] Undefined index: username D:\webroot\market\Runtime\Cache\Admin\bd1add356aa3883bb93cb4d9e0cd802b.php 第 241 行.
INFO: Run Behavior\ParseTemplateBehavior [ RunTime:0.009000s ]
INFO: [ view_parse ] --END-- [ RunTime:0.009000s ]
INFO: [ view_filter ] --START--
INFO: Run Behavior\WriteHtmlCacheBehavior [ RunTime:0.000000s ]
INFO: [ view_filter ] --END-- [ RunTime:0.000000s ]
INFO: [ app_end ] --START--
INFO: Run Behavior\ShowPageTraceBehavior [ RunTime:0.000000s ]
INFO: [ app_end ] --END-- [ RunTime:0.000000s ]

[ 2015-07-17T16:54:03+08:00 ] 192.168.150.10 /Admin/Active/index.html
INFO: [ app_init ] --START--
INFO: Run Behavior\BuildLiteBehavior [ RunTime:0.000000s ]
INFO: [ app_init ] --END-- [ RunTime:0.001001s ]
INFO: [ app_begin ] --START--
INFO: Run Behavior\ReadHtmlCacheBehavior [ RunTime:0.001000s ]
INFO: [ app_begin ] --END-- [ RunTime:0.001000s ]
SQL: SHOW COLUMNS FROM `market_user_count` [ RunTime:0.0060s ]
SQL: SELECT * FROM `market_user_count`  [ RunTime:0.0000s ]
NOTIC: [8] Undefined offset: 22600004 D:\webroot\market\Application\Admin\Controller\ActiveController.class.php 第 20 行.
ERR: SQLSTATE[42S02]: Base table or view not found: 1146 Table 'market.market_user_message' doesn't exist

[ 2015-07-17T16:57:29+08:00 ] 192.168.150.10 /Admin/Active/index.html
INFO: [ app_init ] --START--
INFO: Run Behavior\BuildLiteBehavior [ RunTime:0.000000s ]
INFO: [ app_init ] --END-- [ RunTime:0.001000s ]
INFO: [ app_begin ] --START--
INFO: Run Behavior\ReadHtmlCacheBehavior [ RunTime:0.001000s ]
INFO: [ app_begin ] --END-- [ RunTime:0.001000s ]
SQL: SHOW COLUMNS FROM `market_user_count` [ RunTime:0.0070s ]
SQL: SELECT * FROM `market_user_count`  [ RunTime:0.0000s ]
NOTIC: [8] Undefined offset: 22600004 D:\webroot\market\Application\Admin\Controller\ActiveController.class.php 第 20 行.
INFO: [ view_parse ] --START--
NOTIC: [2] file_get_contents(./Application/Admin/View/Index/main.html): failed to open stream: No such file or directory D:\webroot\market\ThinkPHP\Library\Think\Template.class.php 第 696 行.
INFO: [ template_filter ] --START--
INFO: Run Behavior\ContentReplaceBehavior [ RunTime:0.000000s ]
INFO: [ template_filter ] --END-- [ RunTime:0.000000s ]
NOTIC: [8] A session had already been started - ignoring session_start() D:\webroot\market\Runtime\Cache\Admin\3c0d39ab558fc9e705f0c3fd2b53ed7a.php 第 60 行.
NOTIC: [8] Undefined variable: capital D:\webroot\market\Runtime\Cache\Admin\3c0d39ab558fc9e705f0c3fd2b53ed7a.php 第 140 行.
NOTIC: [8] Undefined variable: admin D:\webroot\market\Runtime\Cache\Admin\3c0d39ab558fc9e705f0c3fd2b53ed7a.php 第 146 行.
NOTIC: [8] Undefined variable: timeStart D:\webroot\market\Runtime\Cache\Admin\3c0d39ab558fc9e705f0c3fd2b53ed7a.php 第 193 行.
NOTIC: [8] Undefined variable: timeEnd D:\webroot\market\Runtime\Cache\Admin\3c0d39ab558fc9e705f0c3fd2b53ed7a.php 第 194 行.
INFO: Run Behavior\ParseTemplateBehavior [ RunTime:0.036002s ]
INFO: [ view_parse ] --END-- [ RunTime:0.036002s ]
INFO: [ view_filter ] --START--
INFO: Run Behavior\WriteHtmlCacheBehavior [ RunTime:0.001000s ]
INFO: [ view_filter ] --END-- [ RunTime:0.001000s ]
INFO: [ app_end ] --START--
INFO: Run Behavior\ShowPageTraceBehavior [ RunTime:0.002000s ]
INFO: [ app_end ] --END-- [ RunTime:0.002000s ]

[ 2015-07-17T16:57:31+08:00 ] 192.168.150.10 /Admin/Active/index.html
INFO: [ app_init ] --START--
INFO: Run Behavior\BuildLiteBehavior [ RunTime:0.000000s ]
INFO: [ app_init ] --END-- [ RunTime:0.001000s ]
INFO: [ app_begin ] --START--
INFO: Run Behavior\ReadHtmlCacheBehavior [ RunTime:0.001000s ]
INFO: [ app_begin ] --END-- [ RunTime:0.001000s ]
SQL: SHOW COLUMNS FROM `market_user_count` [ RunTime:0.0060s ]
SQL: SELECT * FROM `market_user_count`  [ RunTime:0.0000s ]
NOTIC: [8] Undefined offset: 22600004 D:\webroot\market\Application\Admin\Controller\ActiveController.class.php 第 20 行.
INFO: [ view_parse ] --START--
NOTIC: [2] file_get_contents(./Application/Admin/View/Index/main.html): failed to open stream: No such file or directory D:\webroot\market\ThinkPHP\Library\Think\Template.class.php 第 696 行.
INFO: [ template_filter ] --START--
INFO: Run Behavior\ContentReplaceBehavior [ RunTime:0.000000s ]
INFO: [ template_filter ] --END-- [ RunTime:0.000000s ]
NOTIC: [8] A session had already been started - ignoring session_start() D:\webroot\market\Runtime\Cache\Admin\3c0d39ab558fc9e705f0c3fd2b53ed7a.php 第 60 行.
NOTIC: [8] Undefined variable: capital D:\webroot\market\Runtime\Cache\Admin\3c0d39ab558fc9e705f0c3fd2b53ed7a.php 第 140 行.
NOTIC: [8] Undefined variable: admin D:\webroot\market\Runtime\Cache\Admin\3c0d39ab558fc9e705f0c3fd2b53ed7a.php 第 146 行.
NOTIC: [8] Undefined variable: timeStart D:\webroot\market\Runtime\Cache\Admin\3c0d39ab558fc9e705f0c3fd2b53ed7a.php 第 193 行.
NOTIC: [8] Undefined variable: timeEnd D:\webroot\market\Runtime\Cache\Admin\3c0d39ab558fc9e705f0c3fd2b53ed7a.php 第 194 行.
INFO: Run Behavior\ParseTemplateBehavior [ RunTime:0.027002s ]
INFO: [ view_parse ] --END-- [ RunTime:0.028002s ]
INFO: [ view_filter ] --START--
INFO: Run Behavior\WriteHtmlCacheBehavior [ RunTime:0.000000s ]
INFO: [ view_filter ] --END-- [ RunTime:0.000000s ]
INFO: [ app_end ] --START--
INFO: Run Behavior\ShowPageTraceBehavior [ RunTime:0.001000s ]
INFO: [ app_end ] --END-- [ RunTime:0.001000s ]

[ 2015-07-17T16:57:33+08:00 ] 192.168.150.10 /Admin/Capital/index.html
INFO: [ app_init ] --START--
INFO: Run Behavior\BuildLiteBehavior [ RunTime:0.000000s ]
INFO: [ app_init ] --END-- [ RunTime:0.000000s ]
INFO: [ app_begin ] --START--
INFO: Run Behavior\ReadHtmlCacheBehavior [ RunTime:0.001000s ]
INFO: [ app_begin ] --END-- [ RunTime:0.001000s ]
SQL: SHOW COLUMNS FROM `market_user_capital` [ RunTime:0.0060s ]
SQL: SELECT COUNT(*) AS tp_count FROM `market_user_capital` LIMIT 1   [ RunTime:0.0000s ]
SQL: SELECT * FROM `market_user_capital` ORDER BY id desc LIMIT 0,25   [ RunTime:0.0010s ]
INFO: [ view_parse ] --START--
NOTIC: [2] file_get_contents(./Application/Admin/View/Index/main.html): failed to open stream: No such file or directory D:\webroot\market\ThinkPHP\Library\Think\Template.class.php 第 696 行.
INFO: [ template_filter ] --START--
INFO: Run Behavior\ContentReplaceBehavior [ RunTime:0.000000s ]
INFO: [ template_filter ] --END-- [ RunTime:0.000000s ]
NOTIC: [8] A session had already been started - ignoring session_start() D:\webroot\market\Runtime\Cache\Admin\bd1add356aa3883bb93cb4d9e0cd802b.php 第 60 行.
NOTIC: [8] Undefined variable: active D:\webroot\market\Runtime\Cache\Admin\bd1add356aa3883bb93cb4d9e0cd802b.php 第 143 行.
NOTIC: [8] Undefined variable: admin D:\webroot\market\Runtime\Cache\Admin\bd1add356aa3883bb93cb4d9e0cd802b.php 第 146 行.
NOTIC: [8] Undefined variable: timeStart D:\webroot\market\Runtime\Cache\Admin\bd1add356aa3883bb93cb4d9e0cd802b.php 第 193 行.
NOTIC: [8] Undefined variable: timeEnd D:\webroot\market\Runtime\Cache\Admin\bd1add356aa3883bb93cb4d9e0cd802b.php 第 194 行.
NOTIC: [8] Undefined index: username D:\webroot\market\Runtime\Cache\Admin\bd1add356aa3883bb93cb4d9e0cd802b.php 第 241 行.
NOTIC: [8] Undefined index: username D:\webroot\market\Runtime\Cache\Admin\bd1add356aa3883bb93cb4d9e0cd802b.php 第 241 行.
INFO: Run Behavior\ParseTemplateBehavior [ RunTime:0.027002s ]
INFO: [ view_parse ] --END-- [ RunTime:0.027002s ]
INFO: [ view_filter ] --START--
INFO: Run Behavior\WriteHtmlCacheBehavior [ RunTime:0.001000s ]
INFO: [ view_filter ] --END-- [ RunTime:0.001000s ]
INFO: [ app_end ] --START--
INFO: Run Behavior\ShowPageTraceBehavior [ RunTime:0.001000s ]
INFO: [ app_end ] --END-- [ RunTime:0.001000s ]

[ 2015-07-17T17:01:02+08:00 ] 192.168.150.10 /Admin/Active/index.html
INFO: [ app_init ] --START--
INFO: Run Behavior\BuildLiteBehavior [ RunTime:0.000000s ]
INFO: [ app_init ] --END-- [ RunTime:0.000000s ]
INFO: [ app_begin ] --START--
INFO: Run Behavior\ReadHtmlCacheBehavior [ RunTime:0.000000s ]
INFO: [ app_begin ] --END-- [ RunTime:0.000000s ]
SQL: SHOW COLUMNS FROM `market_user_count` [ RunTime:0.0020s ]
SQL: SELECT * FROM `market_user_count`  [ RunTime:0.0000s ]
NOTIC: [8] Undefined offset: 22600004 D:\webroot\market\Application\Admin\Controller\ActiveController.class.php 第 20 行.
INFO: [ view_parse ] --START--
NOTIC: [2] file_get_contents(./Application/Admin/View/Index/main.html): failed to open stream: No such file or directory D:\webroot\market\ThinkPHP\Library\Think\Template.class.php 第 696 行.
INFO: [ template_filter ] --START--
INFO: Run Behavior\ContentReplaceBehavior [ RunTime:0.001000s ]
INFO: [ template_filter ] --END-- [ RunTime:0.001000s ]
NOTIC: [8] A session had already been started - ignoring session_start() D:\webroot\market\Runtime\Cache\Admin\3c0d39ab558fc9e705f0c3fd2b53ed7a.php 第 60 行.
NOTIC: [8] Undefined variable: capital D:\webroot\market\Runtime\Cache\Admin\3c0d39ab558fc9e705f0c3fd2b53ed7a.php 第 140 行.
NOTIC: [8] Undefined variable: admin D:\webroot\market\Runtime\Cache\Admin\3c0d39ab558fc9e705f0c3fd2b53ed7a.php 第 146 行.
NOTIC: [8] Undefined variable: timeStart D:\webroot\market\Runtime\Cache\Admin\3c0d39ab558fc9e705f0c3fd2b53ed7a.php 第 193 行.
NOTIC: [8] Undefined variable: timeEnd D:\webroot\market\Runtime\Cache\Admin\3c0d39ab558fc9e705f0c3fd2b53ed7a.php 第 194 行.
INFO: Run Behavior\ParseTemplateBehavior [ RunTime:0.009000s ]
INFO: [ view_parse ] --END-- [ RunTime:0.009000s ]
INFO: [ view_filter ] --START--
INFO: Run Behavior\WriteHtmlCacheBehavior [ RunTime:0.000000s ]
INFO: [ view_filter ] --END-- [ RunTime:0.000000s ]
INFO: [ app_end ] --START--
INFO: Run Behavior\ShowPageTraceBehavior [ RunTime:0.001000s ]
INFO: [ app_end ] --END-- [ RunTime:0.001000s ]

[ 2015-07-17T17:06:21+08:00 ] 192.168.150.10 /Admin/Active/index.html
INFO: [ app_init ] --START--
INFO: Run Behavior\BuildLiteBehavior [ RunTime:0.000000s ]
INFO: [ app_init ] --END-- [ RunTime:0.001000s ]
INFO: [ app_begin ] --START--
INFO: Run Behavior\ReadHtmlCacheBehavior [ RunTime:0.002000s ]
INFO: [ app_begin ] --END-- [ RunTime:0.002000s ]
SQL: SHOW COLUMNS FROM `market_user_count` [ RunTime:0.0070s ]
SQL: SELECT * FROM `market_user_count`  [ RunTime:0.0010s ]
NOTIC: [8] Undefined offset: 22600004 D:\webroot\market\Application\Admin\Controller\ActiveController.class.php 第 20 行.
INFO: [ view_parse ] --START--
NOTIC: [2] file_get_contents(./Application/Admin/View/Index/main.html): failed to open stream: No such file or directory D:\webroot\market\ThinkPHP\Library\Think\Template.class.php 第 696 行.
INFO: [ template_filter ] --START--
INFO: Run Behavior\ContentReplaceBehavior [ RunTime:0.001000s ]
INFO: [ template_filter ] --END-- [ RunTime:0.001000s ]
NOTIC: [8] A session had already been started - ignoring session_start() D:\webroot\market\Runtime\Cache\Admin\3c0d39ab558fc9e705f0c3fd2b53ed7a.php 第 60 行.
NOTIC: [8] Undefined variable: capital D:\webroot\market\Runtime\Cache\Admin\3c0d39ab558fc9e705f0c3fd2b53ed7a.php 第 140 行.
NOTIC: [8] Undefined variable: admin D:\webroot\market\Runtime\Cache\Admin\3c0d39ab558fc9e705f0c3fd2b53ed7a.php 第 146 行.
NOTIC: [8] Undefined variable: timeStart D:\webroot\market\Runtime\Cache\Admin\3c0d39ab558fc9e705f0c3fd2b53ed7a.php 第 193 行.
NOTIC: [8] Undefined variable: timeEnd D:\webroot\market\Runtime\Cache\Admin\3c0d39ab558fc9e705f0c3fd2b53ed7a.php 第 194 行.
INFO: Run Behavior\ParseTemplateBehavior [ RunTime:0.033001s ]
INFO: [ view_parse ] --END-- [ RunTime:0.033001s ]
INFO: [ view_filter ] --START--
INFO: Run Behavior\WriteHtmlCacheBehavior [ RunTime:0.001000s ]
INFO: [ view_filter ] --END-- [ RunTime:0.001000s ]
INFO: [ app_end ] --START--
INFO: Run Behavior\ShowPageTraceBehavior [ RunTime:0.002001s ]
INFO: [ app_end ] --END-- [ RunTime:0.002001s ]

[ 2015-07-17T17:07:18+08:00 ] 192.168.150.10 /Admin/Active/index.html
INFO: [ app_init ] --START--
INFO: Run Behavior\BuildLiteBehavior [ RunTime:0.000000s ]
INFO: [ app_init ] --END-- [ RunTime:0.001000s ]
INFO: [ app_begin ] --START--
INFO: Run Behavior\ReadHtmlCacheBehavior [ RunTime:0.001000s ]
INFO: [ app_begin ] --END-- [ RunTime:0.001000s ]
SQL: SHOW COLUMNS FROM `market_user_count` [ RunTime:0.0050s ]
SQL: SELECT * FROM `market_user_count`  [ RunTime:0.0000s ]
NOTIC: [8] Undefined offset: 22600004 D:\webroot\market\Application\Admin\Controller\ActiveController.class.php 第 20 行.

[ 2015-07-17T17:07:45+08:00 ] 192.168.150.10 /Admin/Active/index.html
INFO: [ app_init ] --START--
INFO: Run Behavior\BuildLiteBehavior [ RunTime:0.001000s ]
INFO: [ app_init ] --END-- [ RunTime:0.001000s ]
INFO: [ app_begin ] --START--
INFO: Run Behavior\ReadHtmlCacheBehavior [ RunTime:0.001000s ]
INFO: [ app_begin ] --END-- [ RunTime:0.001000s ]
SQL: SHOW COLUMNS FROM `market_user_count` [ RunTime:0.0050s ]
SQL: SELECT * FROM `market_user_count`  [ RunTime:0.0000s ]
NOTIC: [8] Undefined offset: 22600004 D:\webroot\market\Application\Admin\Controller\ActiveController.class.php 第 20 行.

[ 2015-07-17T17:08:25+08:00 ] 192.168.150.10 /Admin/Active/index.html
INFO: [ app_init ] --START--
INFO: Run Behavior\BuildLiteBehavior [ RunTime:0.000000s ]
INFO: [ app_init ] --END-- [ RunTime:0.001000s ]
INFO: [ app_begin ] --START--
INFO: Run Behavior\ReadHtmlCacheBehavior [ RunTime:0.001000s ]
INFO: [ app_begin ] --END-- [ RunTime:0.001000s ]
SQL: SHOW COLUMNS FROM `market_user_count` [ RunTime:0.0050s ]
SQL: SELECT * FROM `market_user_count`  [ RunTime:0.0000s ]
NOTIC: [8] Undefined offset: 22600004 D:\webroot\market\Application\Admin\Controller\ActiveController.class.php 第 20 行.
INFO: [ view_parse ] --START--
NOTIC: [2] file_get_contents(./Application/Admin/View/Index/main.html): failed to open stream: No such file or directory D:\webroot\market\ThinkPHP\Library\Think\Template.class.php 第 696 行.
INFO: [ template_filter ] --START--
INFO: Run Behavior\ContentReplaceBehavior [ RunTime:0.000000s ]
INFO: [ template_filter ] --END-- [ RunTime:0.000000s ]
NOTIC: [8] A session had already been started - ignoring session_start() D:\webroot\market\Runtime\Cache\Admin\3c0d39ab558fc9e705f0c3fd2b53ed7a.php 第 60 行.
NOTIC: [8] Undefined variable: capital D:\webroot\market\Runtime\Cache\Admin\3c0d39ab558fc9e705f0c3fd2b53ed7a.php 第 140 行.
NOTIC: [8] Undefined variable: admin D:\webroot\market\Runtime\Cache\Admin\3c0d39ab558fc9e705f0c3fd2b53ed7a.php 第 146 行.
NOTIC: [8] Undefined variable: timeStart D:\webroot\market\Runtime\Cache\Admin\3c0d39ab558fc9e705f0c3fd2b53ed7a.php 第 193 行.
NOTIC: [8] Undefined variable: timeEnd D:\webroot\market\Runtime\Cache\Admin\3c0d39ab558fc9e705f0c3fd2b53ed7a.php 第 194 行.
NOTIC: [8] Undefined index: uid D:\webroot\market\Runtime\Cache\Admin\3c0d39ab558fc9e705f0c3fd2b53ed7a.php 第 238 行.
NOTIC: [8] Undefined index: id D:\webroot\market\Runtime\Cache\Admin\3c0d39ab558fc9e705f0c3fd2b53ed7a.php 第 239 行.
NOTIC: [8] Undefined index: username D:\webroot\market\Runtime\Cache\Admin\3c0d39ab558fc9e705f0c3fd2b53ed7a.php 第 240 行.
NOTIC: [8] Undefined index: email D:\webroot\market\Runtime\Cache\Admin\3c0d39ab558fc9e705f0c3fd2b53ed7a.php 第 242 行.
NOTIC: [8] Undefined index: mobilephone D:\webroot\market\Runtime\Cache\Admin\3c0d39ab558fc9e705f0c3fd2b53ed7a.php 第 243 行.
NOTIC: [8] Undefined index: level D:\webroot\market\Runtime\Cache\Admin\3c0d39ab558fc9e705f0c3fd2b53ed7a.php 第 244 行.
NOTIC: [8] Undefined index: simulate_id D:\webroot\market\Runtime\Cache\Admin\3c0d39ab558fc9e705f0c3fd2b53ed7a.php 第 245 行.
NOTIC: [8] Undefined index: create_time D:\webroot\market\Runtime\Cache\Admin\3c0d39ab558fc9e705f0c3fd2b53ed7a.php 第 246 行.
NOTIC: [8] Undefined index: uid D:\webroot\market\Runtime\Cache\Admin\3c0d39ab558fc9e705f0c3fd2b53ed7a.php 第 250 行.
NOTIC: [8] Undefined index: uid D:\webroot\market\Runtime\Cache\Admin\3c0d39ab558fc9e705f0c3fd2b53ed7a.php 第 253 行.
INFO: Run Behavior\ParseTemplateBehavior [ RunTime:0.029002s ]
INFO: [ view_parse ] --END-- [ RunTime:0.029002s ]
INFO: [ view_filter ] --START--
INFO: Run Behavior\WriteHtmlCacheBehavior [ RunTime:0.001000s ]
INFO: [ view_filter ] --END-- [ RunTime:0.001000s ]
INFO: [ app_end ] --START--
INFO: Run Behavior\ShowPageTraceBehavior [ RunTime:0.001000s ]
INFO: [ app_end ] --END-- [ RunTime:0.001000s ]

[ 2015-07-17T17:09:38+08:00 ] 192.168.150.10 /Admin/Active/index.html
INFO: [ app_init ] --START--
INFO: Run Behavior\BuildLiteBehavior [ RunTime:0.000000s ]
INFO: [ app_init ] --END-- [ RunTime:0.001000s ]
INFO: [ app_begin ] --START--
INFO: Run Behavior\ReadHtmlCacheBehavior [ RunTime:0.001000s ]
INFO: [ app_begin ] --END-- [ RunTime:0.001000s ]
SQL: SHOW COLUMNS FROM `market_user_count` [ RunTime:0.0070s ]
SQL: SELECT * FROM `market_user_count`  [ RunTime:0.0010s ]
NOTIC: [8] Undefined offset: 22600004 D:\webroot\market\Application\Admin\Controller\ActiveController.class.php 第 20 行.
INFO: [ view_parse ] --START--
NOTIC: [2] file_get_contents(./Application/Admin/View/Index/main.html): failed to open stream: No such file or directory D:\webroot\market\ThinkPHP\Library\Think\Template.class.php 第 696 行.
INFO: [ template_filter ] --START--
INFO: Run Behavior\ContentReplaceBehavior [ RunTime:0.001000s ]
INFO: [ template_filter ] --END-- [ RunTime:0.001000s ]
NOTIC: [8] A session had already been started - ignoring session_start() D:\webroot\market\Runtime\Cache\Admin\3c0d39ab558fc9e705f0c3fd2b53ed7a.php 第 60 行.
NOTIC: [8] Undefined variable: capital D:\webroot\market\Runtime\Cache\Admin\3c0d39ab558fc9e705f0c3fd2b53ed7a.php 第 140 行.
NOTIC: [8] Undefined variable: admin D:\webroot\market\Runtime\Cache\Admin\3c0d39ab558fc9e705f0c3fd2b53ed7a.php 第 146 行.
NOTIC: [8] Undefined variable: timeStart D:\webroot\market\Runtime\Cache\Admin\3c0d39ab558fc9e705f0c3fd2b53ed7a.php 第 193 行.
NOTIC: [8] Undefined variable: timeEnd D:\webroot\market\Runtime\Cache\Admin\3c0d39ab558fc9e705f0c3fd2b53ed7a.php 第 194 行.
NOTIC: [8] Undefined index: uid D:\webroot\market\Runtime\Cache\Admin\3c0d39ab558fc9e705f0c3fd2b53ed7a.php 第 238 行.
NOTIC: [8] Undefined index: id D:\webroot\market\Runtime\Cache\Admin\3c0d39ab558fc9e705f0c3fd2b53ed7a.php 第 239 行.
NOTIC: [8] Undefined index: username D:\webroot\market\Runtime\Cache\Admin\3c0d39ab558fc9e705f0c3fd2b53ed7a.php 第 240 行.
NOTIC: [8] Undefined index: email D:\webroot\market\Runtime\Cache\Admin\3c0d39ab558fc9e705f0c3fd2b53ed7a.php 第 242 行.
NOTIC: [8] Undefined index: mobilephone D:\webroot\market\Runtime\Cache\Admin\3c0d39ab558fc9e705f0c3fd2b53ed7a.php 第 243 行.
NOTIC: [8] Undefined index: level D:\webroot\market\Runtime\Cache\Admin\3c0d39ab558fc9e705f0c3fd2b53ed7a.php 第 244 行.
NOTIC: [8] Undefined index: simulate_id D:\webroot\market\Runtime\Cache\Admin\3c0d39ab558fc9e705f0c3fd2b53ed7a.php 第 245 行.
NOTIC: [8] Undefined index: create_time D:\webroot\market\Runtime\Cache\Admin\3c0d39ab558fc9e705f0c3fd2b53ed7a.php 第 246 行.
NOTIC: [8] Undefined index: uid D:\webroot\market\Runtime\Cache\Admin\3c0d39ab558fc9e705f0c3fd2b53ed7a.php 第 250 行.
NOTIC: [8] Undefined index: uid D:\webroot\market\Runtime\Cache\Admin\3c0d39ab558fc9e705f0c3fd2b53ed7a.php 第 253 行.
INFO: Run Behavior\ParseTemplateBehavior [ RunTime:0.036002s ]
INFO: [ view_parse ] --END-- [ RunTime:0.036002s ]
INFO: [ view_filter ] --START--
INFO: Run Behavior\WriteHtmlCacheBehavior [ RunTime:0.001000s ]
INFO: [ view_filter ] --END-- [ RunTime:0.001000s ]
INFO: [ app_end ] --START--
INFO: Run Behavior\ShowPageTraceBehavior [ RunTime:0.001000s ]
INFO: [ app_end ] --END-- [ RunTime:0.001000s ]

[ 2015-07-17T17:11:19+08:00 ] 192.168.150.10 /Admin/Active/index.html
INFO: [ app_init ] --START--
INFO: Run Behavior\BuildLiteBehavior [ RunTime:0.000000s ]
INFO: [ app_init ] --END-- [ RunTime:0.001000s ]
INFO: [ app_begin ] --START--
INFO: Run Behavior\ReadHtmlCacheBehavior [ RunTime:0.001000s ]
INFO: [ app_begin ] --END-- [ RunTime:0.001000s ]
SQL: SHOW COLUMNS FROM `market_user_count` [ RunTime:0.0050s ]
SQL: SELECT * FROM `market_user_count`  [ RunTime:0.0010s ]
NOTIC: [8] Undefined offset: 22600004 D:\webroot\market\Application\Admin\Controller\ActiveController.class.php 第 20 行.
INFO: [ view_parse ] --START--
NOTIC: [2] file_get_contents(./Application/Admin/View/Index/main.html): failed to open stream: No such file or directory D:\webroot\market\ThinkPHP\Library\Think\Template.class.php 第 696 行.
INFO: [ template_filter ] --START--
INFO: Run Behavior\ContentReplaceBehavior [ RunTime:0.000000s ]
INFO: [ template_filter ] --END-- [ RunTime:0.001000s ]
NOTIC: [8] A session had already been started - ignoring session_start() D:\webroot\market\Runtime\Cache\Admin\3c0d39ab558fc9e705f0c3fd2b53ed7a.php 第 60 行.
NOTIC: [8] Undefined variable: capital D:\webroot\market\Runtime\Cache\Admin\3c0d39ab558fc9e705f0c3fd2b53ed7a.php 第 140 行.
NOTIC: [8] Undefined variable: admin D:\webroot\market\Runtime\Cache\Admin\3c0d39ab558fc9e705f0c3fd2b53ed7a.php 第 146 行.
NOTIC: [8] Undefined variable: timeStart D:\webroot\market\Runtime\Cache\Admin\3c0d39ab558fc9e705f0c3fd2b53ed7a.php 第 193 行.
NOTIC: [8] Undefined variable: timeEnd D:\webroot\market\Runtime\Cache\Admin\3c0d39ab558fc9e705f0c3fd2b53ed7a.php 第 194 行.
NOTIC: [8] Undefined index: id D:\webroot\market\Runtime\Cache\Admin\3c0d39ab558fc9e705f0c3fd2b53ed7a.php 第 239 行.
NOTIC: [8] Undefined index: username D:\webroot\market\Runtime\Cache\Admin\3c0d39ab558fc9e705f0c3fd2b53ed7a.php 第 240 行.
NOTIC: [8] Undefined index: email D:\webroot\market\Runtime\Cache\Admin\3c0d39ab558fc9e705f0c3fd2b53ed7a.php 第 242 行.
NOTIC: [8] Undefined index: mobilephone D:\webroot\market\Runtime\Cache\Admin\3c0d39ab558fc9e705f0c3fd2b53ed7a.php 第 243 行.
NOTIC: [8] Undefined index: level D:\webroot\market\Runtime\Cache\Admin\3c0d39ab558fc9e705f0c3fd2b53ed7a.php 第 244 行.
NOTIC: [8] Undefined index: simulate_id D:\webroot\market\Runtime\Cache\Admin\3c0d39ab558fc9e705f0c3fd2b53ed7a.php 第 245 行.
NOTIC: [8] Undefined index: create_time D:\webroot\market\Runtime\Cache\Admin\3c0d39ab558fc9e705f0c3fd2b53ed7a.php 第 246 行.
INFO: Run Behavior\ParseTemplateBehavior [ RunTime:0.029002s ]
INFO: [ view_parse ] --END-- [ RunTime:0.029002s ]
INFO: [ view_filter ] --START--
INFO: Run Behavior\WriteHtmlCacheBehavior [ RunTime:0.001000s ]
INFO: [ view_filter ] --END-- [ RunTime:0.001000s ]
INFO: [ app_end ] --START--
INFO: Run Behavior\ShowPageTraceBehavior [ RunTime:0.002000s ]
INFO: [ app_end ] --END-- [ RunTime:0.002000s ]

[ 2015-07-17T17:11:21+08:00 ] 192.168.150.10 /Admin/Active/index.html
INFO: [ app_init ] --START--
INFO: Run Behavior\BuildLiteBehavior [ RunTime:0.000000s ]
INFO: [ app_init ] --END-- [ RunTime:0.001000s ]
INFO: [ app_begin ] --START--
INFO: Run Behavior\ReadHtmlCacheBehavior [ RunTime:0.002001s ]
INFO: [ app_begin ] --END-- [ RunTime:0.002001s ]
SQL: SHOW COLUMNS FROM `market_user_count` [ RunTime:0.0060s ]
SQL: SELECT * FROM `market_user_count`  [ RunTime:0.0000s ]
NOTIC: [8] Undefined offset: 22600004 D:\webroot\market\Application\Admin\Controller\ActiveController.class.php 第 20 行.
INFO: [ view_parse ] --START--
NOTIC: [2] file_get_contents(./Application/Admin/View/Index/main.html): failed to open stream: No such file or directory D:\webroot\market\ThinkPHP\Library\Think\Template.class.php 第 696 行.
INFO: [ template_filter ] --START--
INFO: Run Behavior\ContentReplaceBehavior [ RunTime:0.000000s ]
INFO: [ template_filter ] --END-- [ RunTime:0.000000s ]
NOTIC: [8] A session had already been started - ignoring session_start() D:\webroot\market\Runtime\Cache\Admin\3c0d39ab558fc9e705f0c3fd2b53ed7a.php 第 60 行.
NOTIC: [8] Undefined variable: capital D:\webroot\market\Runtime\Cache\Admin\3c0d39ab558fc9e705f0c3fd2b53ed7a.php 第 140 行.
NOTIC: [8] Undefined variable: admin D:\webroot\market\Runtime\Cache\Admin\3c0d39ab558fc9e705f0c3fd2b53ed7a.php 第 146 行.
NOTIC: [8] Undefined variable: timeStart D:\webroot\market\Runtime\Cache\Admin\3c0d39ab558fc9e705f0c3fd2b53ed7a.php 第 193 行.
NOTIC: [8] Undefined variable: timeEnd D:\webroot\market\Runtime\Cache\Admin\3c0d39ab558fc9e705f0c3fd2b53ed7a.php 第 194 行.
NOTIC: [8] Undefined index: id D:\webroot\market\Runtime\Cache\Admin\3c0d39ab558fc9e705f0c3fd2b53ed7a.php 第 239 行.
NOTIC: [8] Undefined index: username D:\webroot\market\Runtime\Cache\Admin\3c0d39ab558fc9e705f0c3fd2b53ed7a.php 第 240 行.
NOTIC: [8] Undefined index: email D:\webroot\market\Runtime\Cache\Admin\3c0d39ab558fc9e705f0c3fd2b53ed7a.php 第 242 行.
NOTIC: [8] Undefined index: mobilephone D:\webroot\market\Runtime\Cache\Admin\3c0d39ab558fc9e705f0c3fd2b53ed7a.php 第 243 行.
NOTIC: [8] Undefined index: level D:\webroot\market\Runtime\Cache\Admin\3c0d39ab558fc9e705f0c3fd2b53ed7a.php 第 244 行.
NOTIC: [8] Undefined index: simulate_id D:\webroot\market\Runtime\Cache\Admin\3c0d39ab558fc9e705f0c3fd2b53ed7a.php 第 245 行.
NOTIC: [8] Undefined index: create_time D:\webroot\market\Runtime\Cache\Admin\3c0d39ab558fc9e705f0c3fd2b53ed7a.php 第 246 行.
INFO: Run Behavior\ParseTemplateBehavior [ RunTime:0.037002s ]
INFO: [ view_parse ] --END-- [ RunTime:0.037002s ]
INFO: [ view_filter ] --START--
INFO: Run Behavior\WriteHtmlCacheBehavior [ RunTime:0.001000s ]
INFO: [ view_filter ] --END-- [ RunTime:0.001000s ]
INFO: [ app_end ] --START--
INFO: Run Behavior\ShowPageTraceBehavior [ RunTime:0.001000s ]
INFO: [ app_end ] --END-- [ RunTime:0.001000s ]

[ 2015-07-17T17:11:34+08:00 ] 192.168.150.10 /Admin/Active/index.html
INFO: [ app_init ] --START--
INFO: Run Behavior\BuildLiteBehavior [ RunTime:0.000000s ]
INFO: [ app_init ] --END-- [ RunTime:0.001000s ]
INFO: [ app_begin ] --START--
INFO: Run Behavior\ReadHtmlCacheBehavior [ RunTime:0.002000s ]
INFO: [ app_begin ] --END-- [ RunTime:0.002000s ]
SQL: SHOW COLUMNS FROM `market_user_count` [ RunTime:0.0070s ]
SQL: SELECT * FROM `market_user_count`  [ RunTime:0.0010s ]
NOTIC: [8] Undefined offset: 22600004 D:\webroot\market\Application\Admin\Controller\ActiveController.class.php 第 20 行.
INFO: [ view_parse ] --START--
NOTIC: [2] file_get_contents(./Application/Admin/View/Index/main.html): failed to open stream: No such file or directory D:\webroot\market\ThinkPHP\Library\Think\Template.class.php 第 696 行.
INFO: [ template_filter ] --START--
INFO: Run Behavior\ContentReplaceBehavior [ RunTime:0.000000s ]
INFO: [ template_filter ] --END-- [ RunTime:0.000000s ]
NOTIC: [8] A session had already been started - ignoring session_start() D:\webroot\market\Runtime\Cache\Admin\3c0d39ab558fc9e705f0c3fd2b53ed7a.php 第 60 行.
NOTIC: [8] Undefined variable: capital D:\webroot\market\Runtime\Cache\Admin\3c0d39ab558fc9e705f0c3fd2b53ed7a.php 第 140 行.
NOTIC: [8] Undefined variable: admin D:\webroot\market\Runtime\Cache\Admin\3c0d39ab558fc9e705f0c3fd2b53ed7a.php 第 146 行.
NOTIC: [8] Undefined variable: timeStart D:\webroot\market\Runtime\Cache\Admin\3c0d39ab558fc9e705f0c3fd2b53ed7a.php 第 193 行.
NOTIC: [8] Undefined variable: timeEnd D:\webroot\market\Runtime\Cache\Admin\3c0d39ab558fc9e705f0c3fd2b53ed7a.php 第 194 行.
NOTIC: [8] Undefined index: id D:\webroot\market\Runtime\Cache\Admin\3c0d39ab558fc9e705f0c3fd2b53ed7a.php 第 239 行.
NOTIC: [8] Undefined index: username D:\webroot\market\Runtime\Cache\Admin\3c0d39ab558fc9e705f0c3fd2b53ed7a.php 第 240 行.
NOTIC: [8] Undefined index: email D:\webroot\market\Runtime\Cache\Admin\3c0d39ab558fc9e705f0c3fd2b53ed7a.php 第 242 行.
NOTIC: [8] Undefined index: mobilephone D:\webroot\market\Runtime\Cache\Admin\3c0d39ab558fc9e705f0c3fd2b53ed7a.php 第 243 行.
NOTIC: [8] Undefined index: level D:\webroot\market\Runtime\Cache\Admin\3c0d39ab558fc9e705f0c3fd2b53ed7a.php 第 244 行.
NOTIC: [8] Undefined index: simulate_id D:\webroot\market\Runtime\Cache\Admin\3c0d39ab558fc9e705f0c3fd2b53ed7a.php 第 245 行.
NOTIC: [8] Undefined index: create_time D:\webroot\market\Runtime\Cache\Admin\3c0d39ab558fc9e705f0c3fd2b53ed7a.php 第 246 行.
INFO: Run Behavior\ParseTemplateBehavior [ RunTime:0.036002s ]
INFO: [ view_parse ] --END-- [ RunTime:0.036002s ]
INFO: [ view_filter ] --START--
INFO: Run Behavior\WriteHtmlCacheBehavior [ RunTime:0.001000s ]
INFO: [ view_filter ] --END-- [ RunTime:0.001000s ]
INFO: [ app_end ] --START--
INFO: Run Behavior\ShowPageTraceBehavior [ RunTime:0.002001s ]
INFO: [ app_end ] --END-- [ RunTime:0.002001s ]

[ 2015-07-17T17:12:12+08:00 ] 192.168.150.10 /Admin/Active/index.html
INFO: [ app_init ] --START--
INFO: Run Behavior\BuildLiteBehavior [ RunTime:0.001000s ]
INFO: [ app_init ] --END-- [ RunTime:0.001000s ]
INFO: [ app_begin ] --START--
INFO: Run Behavior\ReadHtmlCacheBehavior [ RunTime:0.002000s ]
INFO: [ app_begin ] --END-- [ RunTime:0.002000s ]
SQL: SHOW COLUMNS FROM `market_user_count` [ RunTime:0.0070s ]
SQL: SELECT * FROM `market_user_count`  [ RunTime:0.0010s ]
NOTIC: [8] Undefined offset: 22600004 D:\webroot\market\Application\Admin\Controller\ActiveController.class.php 第 20 行.
INFO: [ view_parse ] --START--
NOTIC: [2] file_get_contents(./Application/Admin/View/Index/main.html): failed to open stream: No such file or directory D:\webroot\market\ThinkPHP\Library\Think\Template.class.php 第 696 行.
INFO: [ template_filter ] --START--
INFO: Run Behavior\ContentReplaceBehavior [ RunTime:0.001000s ]
INFO: [ template_filter ] --END-- [ RunTime:0.001000s ]
NOTIC: [8] A session had already been started - ignoring session_start() D:\webroot\market\Runtime\Cache\Admin\3c0d39ab558fc9e705f0c3fd2b53ed7a.php 第 60 行.
NOTIC: [8] Undefined variable: capital D:\webroot\market\Runtime\Cache\Admin\3c0d39ab558fc9e705f0c3fd2b53ed7a.php 第 140 行.
NOTIC: [8] Undefined variable: admin D:\webroot\market\Runtime\Cache\Admin\3c0d39ab558fc9e705f0c3fd2b53ed7a.php 第 146 行.
NOTIC: [8] Undefined variable: timeStart D:\webroot\market\Runtime\Cache\Admin\3c0d39ab558fc9e705f0c3fd2b53ed7a.php 第 193 行.
NOTIC: [8] Undefined variable: timeEnd D:\webroot\market\Runtime\Cache\Admin\3c0d39ab558fc9e705f0c3fd2b53ed7a.php 第 194 行.
NOTIC: [8] Undefined index: uid D:\webroot\market\Runtime\Cache\Admin\3c0d39ab558fc9e705f0c3fd2b53ed7a.php 第 238 行.
NOTIC: [8] Undefined index: username D:\webroot\market\Runtime\Cache\Admin\3c0d39ab558fc9e705f0c3fd2b53ed7a.php 第 240 行.
NOTIC: [8] Undefined index: email D:\webroot\market\Runtime\Cache\Admin\3c0d39ab558fc9e705f0c3fd2b53ed7a.php 第 242 行.
NOTIC: [8] Undefined index: mobilephone D:\webroot\market\Runtime\Cache\Admin\3c0d39ab558fc9e705f0c3fd2b53ed7a.php 第 243 行.
NOTIC: [8] Undefined index: level D:\webroot\market\Runtime\Cache\Admin\3c0d39ab558fc9e705f0c3fd2b53ed7a.php 第 244 行.
NOTIC: [8] Undefined index: simulate_id D:\webroot\market\Runtime\Cache\Admin\3c0d39ab558fc9e705f0c3fd2b53ed7a.php 第 245 行.
NOTIC: [8] Undefined index: create_time D:\webroot\market\Runtime\Cache\Admin\3c0d39ab558fc9e705f0c3fd2b53ed7a.php 第 246 行.
NOTIC: [8] Undefined index: uid D:\webroot\market\Runtime\Cache\Admin\3c0d39ab558fc9e705f0c3fd2b53ed7a.php 第 250 行.
NOTIC: [8] Undefined index: uid D:\webroot\market\Runtime\Cache\Admin\3c0d39ab558fc9e705f0c3fd2b53ed7a.php 第 253 行.
INFO: Run Behavior\ParseTemplateBehavior [ RunTime:0.036002s ]
INFO: [ view_parse ] --END-- [ RunTime:0.036002s ]
INFO: [ view_filter ] --START--
INFO: Run Behavior\WriteHtmlCacheBehavior [ RunTime:0.001000s ]
INFO: [ view_filter ] --END-- [ RunTime:0.001000s ]
INFO: [ app_end ] --START--
INFO: Run Behavior\ShowPageTraceBehavior [ RunTime:0.002000s ]
INFO: [ app_end ] --END-- [ RunTime:0.002000s ]

[ 2015-07-17T17:12:45+08:00 ] 192.168.150.10 /Admin/Active/select
INFO: [ app_init ] --START--
INFO: Run Behavior\BuildLiteBehavior [ RunTime:0.000000s ]
INFO: [ app_init ] --END-- [ RunTime:0.001000s ]
INFO: [ app_begin ] --START--
INFO: Run Behavior\ReadHtmlCacheBehavior [ RunTime:0.001000s ]
INFO: [ app_begin ] --END-- [ RunTime:0.001000s ]
SQL: SHOW COLUMNS FROM `market_user_count` [ RunTime:0.0050s ]
SQL: SELECT * FROM `market_user_count` WHERE `time` BETWEEN 1435914765 AND 1437124365  [ RunTime:0.0000s ]
NOTIC: [8] Undefined offset: 22600004 D:\webroot\market\Application\Admin\Controller\ActiveController.class.php 第 82 行.
INFO: [ view_parse ] --START--
NOTIC: [2] file_get_contents(./Application/Admin/View/Index/main.html): failed to open stream: No such file or directory D:\webroot\market\ThinkPHP\Library\Think\Template.class.php 第 696 行.
INFO: [ template_filter ] --START--
INFO: Run Behavior\ContentReplaceBehavior [ RunTime:0.000000s ]
INFO: [ template_filter ] --END-- [ RunTime:0.000000s ]
NOTIC: [8] A session had already been started - ignoring session_start() D:\webroot\market\Runtime\Cache\Admin\3c0d39ab558fc9e705f0c3fd2b53ed7a.php 第 60 行.
NOTIC: [8] Undefined variable: capital D:\webroot\market\Runtime\Cache\Admin\3c0d39ab558fc9e705f0c3fd2b53ed7a.php 第 140 行.
NOTIC: [8] Undefined variable: admin D:\webroot\market\Runtime\Cache\Admin\3c0d39ab558fc9e705f0c3fd2b53ed7a.php 第 146 行.
NOTIC: [8] Undefined index: uid D:\webroot\market\Runtime\Cache\Admin\3c0d39ab558fc9e705f0c3fd2b53ed7a.php 第 238 行.
NOTIC: [8] Undefined index: id D:\webroot\market\Runtime\Cache\Admin\3c0d39ab558fc9e705f0c3fd2b53ed7a.php 第 239 行.
NOTIC: [8] Undefined index: username D:\webroot\market\Runtime\Cache\Admin\3c0d39ab558fc9e705f0c3fd2b53ed7a.php 第 240 行.
NOTIC: [8] Undefined index: email D:\webroot\market\Runtime\Cache\Admin\3c0d39ab558fc9e705f0c3fd2b53ed7a.php 第 242 行.
NOTIC: [8] Undefined index: mobilephone D:\webroot\market\Runtime\Cache\Admin\3c0d39ab558fc9e705f0c3fd2b53ed7a.php 第 243 行.
NOTIC: [8] Undefined index: level D:\webroot\market\Runtime\Cache\Admin\3c0d39ab558fc9e705f0c3fd2b53ed7a.php 第 244 行.
NOTIC: [8] Undefined index: simulate_id D:\webroot\market\Runtime\Cache\Admin\3c0d39ab558fc9e705f0c3fd2b53ed7a.php 第 245 行.
NOTIC: [8] Undefined index: create_time D:\webroot\market\Runtime\Cache\Admin\3c0d39ab558fc9e705f0c3fd2b53ed7a.php 第 246 行.
NOTIC: [8] Undefined index: uid D:\webroot\market\Runtime\Cache\Admin\3c0d39ab558fc9e705f0c3fd2b53ed7a.php 第 250 行.
NOTIC: [8] Undefined index: uid D:\webroot\market\Runtime\Cache\Admin\3c0d39ab558fc9e705f0c3fd2b53ed7a.php 第 253 行.
INFO: Run Behavior\ParseTemplateBehavior [ RunTime:0.026002s ]
INFO: [ view_parse ] --END-- [ RunTime:0.026002s ]
INFO: [ view_filter ] --START--
INFO: Run Behavior\WriteHtmlCacheBehavior [ RunTime:0.000000s ]
INFO: [ view_filter ] --END-- [ RunTime:0.000000s ]
INFO: [ app_end ] --START--
INFO: Run Behavior\ShowPageTraceBehavior [ RunTime:0.001000s ]
INFO: [ app_end ] --END-- [ RunTime:0.001000s ]

[ 2015-07-17T17:12:48+08:00 ] 192.168.150.10 /Admin/Active/select
INFO: [ app_init ] --START--
INFO: Run Behavior\BuildLiteBehavior [ RunTime:0.000000s ]
INFO: [ app_init ] --END-- [ RunTime:0.000000s ]
INFO: [ app_begin ] --START--
INFO: Run Behavior\ReadHtmlCacheBehavior [ RunTime:0.000000s ]
INFO: [ app_begin ] --END-- [ RunTime:0.000000s ]
SQL: SHOW COLUMNS FROM `market_user_count` [ RunTime:0.0040s ]
SQL: SELECT * FROM `market_user_count` WHERE `time` BETWEEN 1435914768 AND 1437124368  [ RunTime:0.0000s ]
NOTIC: [8] Undefined offset: 22600004 D:\webroot\market\Application\Admin\Controller\ActiveController.class.php 第 82 行.
INFO: [ view_parse ] --START--
NOTIC: [2] file_get_contents(./Application/Admin/View/Index/main.html): failed to open stream: No such file or directory D:\webroot\market\ThinkPHP\Library\Think\Template.class.php 第 696 行.
INFO: [ template_filter ] --START--
INFO: Run Behavior\ContentReplaceBehavior [ RunTime:0.000000s ]
INFO: [ template_filter ] --END-- [ RunTime:0.001000s ]
NOTIC: [8] A session had already been started - ignoring session_start() D:\webroot\market\Runtime\Cache\Admin\3c0d39ab558fc9e705f0c3fd2b53ed7a.php 第 60 行.
NOTIC: [8] Undefined variable: capital D:\webroot\market\Runtime\Cache\Admin\3c0d39ab558fc9e705f0c3fd2b53ed7a.php 第 140 行.
NOTIC: [8] Undefined variable: admin D:\webroot\market\Runtime\Cache\Admin\3c0d39ab558fc9e705f0c3fd2b53ed7a.php 第 146 行.
NOTIC: [8] Undefined index: uid D:\webroot\market\Runtime\Cache\Admin\3c0d39ab558fc9e705f0c3fd2b53ed7a.php 第 238 行.
NOTIC: [8] Undefined index: id D:\webroot\market\Runtime\Cache\Admin\3c0d39ab558fc9e705f0c3fd2b53ed7a.php 第 239 行.
NOTIC: [8] Undefined index: username D:\webroot\market\Runtime\Cache\Admin\3c0d39ab558fc9e705f0c3fd2b53ed7a.php 第 240 行.
NOTIC: [8] Undefined index: email D:\webroot\market\Runtime\Cache\Admin\3c0d39ab558fc9e705f0c3fd2b53ed7a.php 第 242 行.
NOTIC: [8] Undefined index: mobilephone D:\webroot\market\Runtime\Cache\Admin\3c0d39ab558fc9e705f0c3fd2b53ed7a.php 第 243 行.
NOTIC: [8] Undefined index: level D:\webroot\market\Runtime\Cache\Admin\3c0d39ab558fc9e705f0c3fd2b53ed7a.php 第 244 行.
NOTIC: [8] Undefined index: simulate_id D:\webroot\market\Runtime\Cache\Admin\3c0d39ab558fc9e705f0c3fd2b53ed7a.php 第 245 行.
NOTIC: [8] Undefined index: create_time D:\webroot\market\Runtime\Cache\Admin\3c0d39ab558fc9e705f0c3fd2b53ed7a.php 第 246 行.
NOTIC: [8] Undefined index: uid D:\webroot\market\Runtime\Cache\Admin\3c0d39ab558fc9e705f0c3fd2b53ed7a.php 第 250 行.
NOTIC: [8] Undefined index: uid D:\webroot\market\Runtime\Cache\Admin\3c0d39ab558fc9e705f0c3fd2b53ed7a.php 第 253 行.
INFO: Run Behavior\ParseTemplateBehavior [ RunTime:0.021001s ]
INFO: [ view_parse ] --END-- [ RunTime:0.021001s ]
INFO: [ view_filter ] --START--
INFO: Run Behavior\WriteHtmlCacheBehavior [ RunTime:0.001000s ]
INFO: [ view_filter ] --END-- [ RunTime:0.001000s ]
INFO: [ app_end ] --START--
INFO: Run Behavior\ShowPageTraceBehavior [ RunTime:0.001000s ]
INFO: [ app_end ] --END-- [ RunTime:0.001000s ]

[ 2015-07-17T17:12:49+08:00 ] 192.168.150.10 /Admin/Active/select
INFO: [ app_init ] --START--
INFO: Run Behavior\BuildLiteBehavior [ RunTime:0.000000s ]
INFO: [ app_init ] --END-- [ RunTime:0.001000s ]
INFO: [ app_begin ] --START--
INFO: Run Behavior\ReadHtmlCacheBehavior [ RunTime:0.001000s ]
INFO: [ app_begin ] --END-- [ RunTime:0.001000s ]
SQL: SHOW COLUMNS FROM `market_user_count` [ RunTime:0.0060s ]
SQL: SELECT * FROM `market_user_count` WHERE `time` BETWEEN 1435914769 AND 1437124369  [ RunTime:0.0010s ]
NOTIC: [8] Undefined offset: 22600004 D:\webroot\market\Application\Admin\Controller\ActiveController.class.php 第 82 行.
INFO: [ view_parse ] --START--
NOTIC: [2] file_get_contents(./Application/Admin/View/Index/main.html): failed to open stream: No such file or directory D:\webroot\market\ThinkPHP\Library\Think\Template.class.php 第 696 行.
INFO: [ template_filter ] --START--
INFO: Run Behavior\ContentReplaceBehavior [ RunTime:0.001000s ]
INFO: [ template_filter ] --END-- [ RunTime:0.001000s ]
NOTIC: [8] A session had already been started - ignoring session_start() D:\webroot\market\Runtime\Cache\Admin\3c0d39ab558fc9e705f0c3fd2b53ed7a.php 第 60 行.
NOTIC: [8] Undefined variable: capital D:\webroot\market\Runtime\Cache\Admin\3c0d39ab558fc9e705f0c3fd2b53ed7a.php 第 140 行.
NOTIC: [8] Undefined variable: admin D:\webroot\market\Runtime\Cache\Admin\3c0d39ab558fc9e705f0c3fd2b53ed7a.php 第 146 行.
NOTIC: [8] Undefined index: uid D:\webroot\market\Runtime\Cache\Admin\3c0d39ab558fc9e705f0c3fd2b53ed7a.php 第 238 行.
NOTIC: [8] Undefined index: id D:\webroot\market\Runtime\Cache\Admin\3c0d39ab558fc9e705f0c3fd2b53ed7a.php 第 239 行.
NOTIC: [8] Undefined index: username D:\webroot\market\Runtime\Cache\Admin\3c0d39ab558fc9e705f0c3fd2b53ed7a.php 第 240 行.
NOTIC: [8] Undefined index: email D:\webroot\market\Runtime\Cache\Admin\3c0d39ab558fc9e705f0c3fd2b53ed7a.php 第 242 行.
NOTIC: [8] Undefined index: mobilephone D:\webroot\market\Runtime\Cache\Admin\3c0d39ab558fc9e705f0c3fd2b53ed7a.php 第 243 行.
NOTIC: [8] Undefined index: level D:\webroot\market\Runtime\Cache\Admin\3c0d39ab558fc9e705f0c3fd2b53ed7a.php 第 244 行.
NOTIC: [8] Undefined index: simulate_id D:\webroot\market\Runtime\Cache\Admin\3c0d39ab558fc9e705f0c3fd2b53ed7a.php 第 245 行.
NOTIC: [8] Undefined index: create_time D:\webroot\market\Runtime\Cache\Admin\3c0d39ab558fc9e705f0c3fd2b53ed7a.php 第 246 行.
NOTIC: [8] Undefined index: uid D:\webroot\market\Runtime\Cache\Admin\3c0d39ab558fc9e705f0c3fd2b53ed7a.php 第 250 行.
NOTIC: [8] Undefined index: uid D:\webroot\market\Runtime\Cache\Admin\3c0d39ab558fc9e705f0c3fd2b53ed7a.php 第 253 行.
INFO: Run Behavior\ParseTemplateBehavior [ RunTime:0.022001s ]
INFO: [ view_parse ] --END-- [ RunTime:0.022001s ]
INFO: [ view_filter ] --START--
INFO: Run Behavior\WriteHtmlCacheBehavior [ RunTime:0.001000s ]
INFO: [ view_filter ] --END-- [ RunTime:0.001000s ]
INFO: [ app_end ] --START--
INFO: Run Behavior\ShowPageTraceBehavior [ RunTime:0.001000s ]
INFO: [ app_end ] --END-- [ RunTime:0.001000s ]

[ 2015-07-17T17:12:52+08:00 ] 192.168.150.10 /Admin/Active/index.html
INFO: [ app_init ] --START--
INFO: Run Behavior\BuildLiteBehavior [ RunTime:0.000000s ]
INFO: [ app_init ] --END-- [ RunTime:0.001000s ]
INFO: [ app_begin ] --START--
INFO: Run Behavior\ReadHtmlCacheBehavior [ RunTime:0.001000s ]
INFO: [ app_begin ] --END-- [ RunTime:0.001000s ]
SQL: SHOW COLUMNS FROM `market_user_count` [ RunTime:0.0060s ]
SQL: SELECT * FROM `market_user_count`  [ RunTime:0.0000s ]
NOTIC: [8] Undefined offset: 22600004 D:\webroot\market\Application\Admin\Controller\ActiveController.class.php 第 20 行.
INFO: [ view_parse ] --START--
NOTIC: [2] file_get_contents(./Application/Admin/View/Index/main.html): failed to open stream: No such file or directory D:\webroot\market\ThinkPHP\Library\Think\Template.class.php 第 696 行.
INFO: [ template_filter ] --START--
INFO: Run Behavior\ContentReplaceBehavior [ RunTime:0.000000s ]
INFO: [ template_filter ] --END-- [ RunTime:0.000000s ]
NOTIC: [8] A session had already been started - ignoring session_start() D:\webroot\market\Runtime\Cache\Admin\3c0d39ab558fc9e705f0c3fd2b53ed7a.php 第 60 行.
NOTIC: [8] Undefined variable: capital D:\webroot\market\Runtime\Cache\Admin\3c0d39ab558fc9e705f0c3fd2b53ed7a.php 第 140 行.
NOTIC: [8] Undefined variable: admin D:\webroot\market\Runtime\Cache\Admin\3c0d39ab558fc9e705f0c3fd2b53ed7a.php 第 146 行.
NOTIC: [8] Undefined variable: timeStart D:\webroot\market\Runtime\Cache\Admin\3c0d39ab558fc9e705f0c3fd2b53ed7a.php 第 193 行.
NOTIC: [8] Undefined variable: timeEnd D:\webroot\market\Runtime\Cache\Admin\3c0d39ab558fc9e705f0c3fd2b53ed7a.php 第 194 行.
NOTIC: [8] Undefined index: uid D:\webroot\market\Runtime\Cache\Admin\3c0d39ab558fc9e705f0c3fd2b53ed7a.php 第 238 行.
NOTIC: [8] Undefined index: username D:\webroot\market\Runtime\Cache\Admin\3c0d39ab558fc9e705f0c3fd2b53ed7a.php 第 240 行.
NOTIC: [8] Undefined index: email D:\webroot\market\Runtime\Cache\Admin\3c0d39ab558fc9e705f0c3fd2b53ed7a.php 第 242 行.
NOTIC: [8] Undefined index: mobilephone D:\webroot\market\Runtime\Cache\Admin\3c0d39ab558fc9e705f0c3fd2b53ed7a.php 第 243 行.
NOTIC: [8] Undefined index: level D:\webroot\market\Runtime\Cache\Admin\3c0d39ab558fc9e705f0c3fd2b53ed7a.php 第 244 行.
NOTIC: [8] Undefined index: simulate_id D:\webroot\market\Runtime\Cache\Admin\3c0d39ab558fc9e705f0c3fd2b53ed7a.php 第 245 行.
NOTIC: [8] Undefined index: create_time D:\webroot\market\Runtime\Cache\Admin\3c0d39ab558fc9e705f0c3fd2b53ed7a.php 第 246 行.
NOTIC: [8] Undefined index: uid D:\webroot\market\Runtime\Cache\Admin\3c0d39ab558fc9e705f0c3fd2b53ed7a.php 第 250 行.
NOTIC: [8] Undefined index: uid D:\webroot\market\Runtime\Cache\Admin\3c0d39ab558fc9e705f0c3fd2b53ed7a.php 第 253 行.
INFO: Run Behavior\ParseTemplateBehavior [ RunTime:0.028002s ]
INFO: [ view_parse ] --END-- [ RunTime:0.028002s ]
INFO: [ view_filter ] --START--
INFO: Run Behavior\WriteHtmlCacheBehavior [ RunTime:0.000000s ]
INFO: [ view_filter ] --END-- [ RunTime:0.001000s ]
INFO: [ app_end ] --START--
INFO: Run Behavior\ShowPageTraceBehavior [ RunTime:0.001000s ]
INFO: [ app_end ] --END-- [ RunTime:0.001000s ]

[ 2015-07-17T17:13:24+08:00 ] 192.168.150.10 /Admin/Active/index.html
INFO: [ app_init ] --START--
INFO: Run Behavior\BuildLiteBehavior [ RunTime:0.000000s ]
INFO: [ app_init ] --END-- [ RunTime:0.000000s ]
INFO: [ app_begin ] --START--
INFO: Run Behavior\ReadHtmlCacheBehavior [ RunTime:0.002000s ]
INFO: [ app_begin ] --END-- [ RunTime:0.002000s ]
SQL: SHOW COLUMNS FROM `market_user_count` [ RunTime:0.0070s ]
SQL: SELECT * FROM `market_user_count`  [ RunTime:0.0010s ]
NOTIC: [8] Undefined offset: 22600004 D:\webroot\market\Application\Admin\Controller\ActiveController.class.php 第 20 行.
INFO: [ view_parse ] --START--
NOTIC: [2] file_get_contents(./Application/Admin/View/Index/main.html): failed to open stream: No such file or directory D:\webroot\market\ThinkPHP\Library\Think\Template.class.php 第 696 行.
INFO: [ template_filter ] --START--
INFO: Run Behavior\ContentReplaceBehavior [ RunTime:0.000000s ]
INFO: [ template_filter ] --END-- [ RunTime:0.000000s ]
NOTIC: [8] A session had already been started - ignoring session_start() D:\webroot\market\Runtime\Cache\Admin\3c0d39ab558fc9e705f0c3fd2b53ed7a.php 第 60 行.
NOTIC: [8] Undefined variable: capital D:\webroot\market\Runtime\Cache\Admin\3c0d39ab558fc9e705f0c3fd2b53ed7a.php 第 140 行.
NOTIC: [8] Undefined variable: admin D:\webroot\market\Runtime\Cache\Admin\3c0d39ab558fc9e705f0c3fd2b53ed7a.php 第 146 行.
NOTIC: [8] Undefined variable: timeStart D:\webroot\market\Runtime\Cache\Admin\3c0d39ab558fc9e705f0c3fd2b53ed7a.php 第 193 行.
NOTIC: [8] Undefined variable: timeEnd D:\webroot\market\Runtime\Cache\Admin\3c0d39ab558fc9e705f0c3fd2b53ed7a.php 第 194 行.
NOTIC: [8] Undefined index: uid D:\webroot\market\Runtime\Cache\Admin\3c0d39ab558fc9e705f0c3fd2b53ed7a.php 第 238 行.
NOTIC: [8] Undefined index: username D:\webroot\market\Runtime\Cache\Admin\3c0d39ab558fc9e705f0c3fd2b53ed7a.php 第 240 行.
NOTIC: [8] Undefined index: email D:\webroot\market\Runtime\Cache\Admin\3c0d39ab558fc9e705f0c3fd2b53ed7a.php 第 242 行.
NOTIC: [8] Undefined index: mobilephone D:\webroot\market\Runtime\Cache\Admin\3c0d39ab558fc9e705f0c3fd2b53ed7a.php 第 243 行.
NOTIC: [8] Undefined index: level D:\webroot\market\Runtime\Cache\Admin\3c0d39ab558fc9e705f0c3fd2b53ed7a.php 第 244 行.
NOTIC: [8] Undefined index: simulate_id D:\webroot\market\Runtime\Cache\Admin\3c0d39ab558fc9e705f0c3fd2b53ed7a.php 第 245 行.
NOTIC: [8] Undefined index: create_time D:\webroot\market\Runtime\Cache\Admin\3c0d39ab558fc9e705f0c3fd2b53ed7a.php 第 246 行.
NOTIC: [8] Undefined index: uid D:\webroot\market\Runtime\Cache\Admin\3c0d39ab558fc9e705f0c3fd2b53ed7a.php 第 250 行.
NOTIC: [8] Undefined index: uid D:\webroot\market\Runtime\Cache\Admin\3c0d39ab558fc9e705f0c3fd2b53ed7a.php 第 253 行.
INFO: Run Behavior\ParseTemplateBehavior [ RunTime:0.029002s ]
INFO: [ view_parse ] --END-- [ RunTime:0.029002s ]
INFO: [ view_filter ] --START--
INFO: Run Behavior\WriteHtmlCacheBehavior [ RunTime:0.001000s ]
INFO: [ view_filter ] --END-- [ RunTime:0.001000s ]
INFO: [ app_end ] --START--
INFO: Run Behavior\ShowPageTraceBehavior [ RunTime:0.001000s ]
INFO: [ app_end ] --END-- [ RunTime:0.001000s ]

[ 2015-07-17T17:15:28+08:00 ] 192.168.150.10 /Admin/Active/index.html
INFO: [ app_init ] --START--
INFO: Run Behavior\BuildLiteBehavior [ RunTime:0.000000s ]
INFO: [ app_init ] --END-- [ RunTime:0.000000s ]
INFO: [ app_begin ] --START--
INFO: Run Behavior\ReadHtmlCacheBehavior [ RunTime:0.001000s ]
INFO: [ app_begin ] --END-- [ RunTime:0.002000s ]
SQL: SHOW COLUMNS FROM `market_user_count` [ RunTime:0.0050s ]
SQL: SELECT * FROM `market_user_count` WHERE `time` BETWEEN 1435914928 AND 1437124528  [ RunTime:0.0000s ]
NOTIC: [8] Undefined offset: 22600004 D:\webroot\market\Application\Admin\Controller\ActiveController.class.php 第 25 行.
INFO: [ view_parse ] --START--
NOTIC: [2] file_get_contents(./Application/Admin/View/Index/main.html): failed to open stream: No such file or directory D:\webroot\market\ThinkPHP\Library\Think\Template.class.php 第 696 行.
INFO: [ template_filter ] --START--
INFO: Run Behavior\ContentReplaceBehavior [ RunTime:0.000000s ]
INFO: [ template_filter ] --END-- [ RunTime:0.001000s ]
NOTIC: [8] A session had already been started - ignoring session_start() D:\webroot\market\Runtime\Cache\Admin\3c0d39ab558fc9e705f0c3fd2b53ed7a.php 第 60 行.
NOTIC: [8] Undefined variable: capital D:\webroot\market\Runtime\Cache\Admin\3c0d39ab558fc9e705f0c3fd2b53ed7a.php 第 140 行.
NOTIC: [8] Undefined variable: admin D:\webroot\market\Runtime\Cache\Admin\3c0d39ab558fc9e705f0c3fd2b53ed7a.php 第 146 行.
NOTIC: [8] Undefined variable: timeStart D:\webroot\market\Runtime\Cache\Admin\3c0d39ab558fc9e705f0c3fd2b53ed7a.php 第 193 行.
NOTIC: [8] Undefined variable: timeEnd D:\webroot\market\Runtime\Cache\Admin\3c0d39ab558fc9e705f0c3fd2b53ed7a.php 第 194 行.
NOTIC: [8] Undefined index: uid D:\webroot\market\Runtime\Cache\Admin\3c0d39ab558fc9e705f0c3fd2b53ed7a.php 第 238 行.
NOTIC: [8] Undefined index: username D:\webroot\market\Runtime\Cache\Admin\3c0d39ab558fc9e705f0c3fd2b53ed7a.php 第 240 行.
NOTIC: [8] Undefined index: email D:\webroot\market\Runtime\Cache\Admin\3c0d39ab558fc9e705f0c3fd2b53ed7a.php 第 242 行.
NOTIC: [8] Undefined index: mobilephone D:\webroot\market\Runtime\Cache\Admin\3c0d39ab558fc9e705f0c3fd2b53ed7a.php 第 243 行.
NOTIC: [8] Undefined index: level D:\webroot\market\Runtime\Cache\Admin\3c0d39ab558fc9e705f0c3fd2b53ed7a.php 第 244 行.
NOTIC: [8] Undefined index: simulate_id D:\webroot\market\Runtime\Cache\Admin\3c0d39ab558fc9e705f0c3fd2b53ed7a.php 第 245 行.
NOTIC: [8] Undefined index: create_time D:\webroot\market\Runtime\Cache\Admin\3c0d39ab558fc9e705f0c3fd2b53ed7a.php 第 246 行.
NOTIC: [8] Undefined index: uid D:\webroot\market\Runtime\Cache\Admin\3c0d39ab558fc9e705f0c3fd2b53ed7a.php 第 250 行.
NOTIC: [8] Undefined index: uid D:\webroot\market\Runtime\Cache\Admin\3c0d39ab558fc9e705f0c3fd2b53ed7a.php 第 253 行.
INFO: Run Behavior\ParseTemplateBehavior [ RunTime:0.031001s ]
INFO: [ view_parse ] --END-- [ RunTime:0.031001s ]
INFO: [ view_filter ] --START--
INFO: Run Behavior\WriteHtmlCacheBehavior [ RunTime:0.001000s ]
INFO: [ view_filter ] --END-- [ RunTime:0.001000s ]
INFO: [ app_end ] --START--
INFO: Run Behavior\ShowPageTraceBehavior [ RunTime:0.002000s ]
INFO: [ app_end ] --END-- [ RunTime:0.002000s ]

[ 2015-07-17T17:15:30+08:00 ] 192.168.150.10 /Admin/Active/index.html
INFO: [ app_init ] --START--
INFO: Run Behavior\BuildLiteBehavior [ RunTime:0.000000s ]
INFO: [ app_init ] --END-- [ RunTime:0.001000s ]
INFO: [ app_begin ] --START--
INFO: Run Behavior\ReadHtmlCacheBehavior [ RunTime:0.001000s ]
INFO: [ app_begin ] --END-- [ RunTime:0.001000s ]
SQL: SHOW COLUMNS FROM `market_user_count` [ RunTime:0.0030s ]
SQL: SELECT * FROM `market_user_count` WHERE `time` BETWEEN 1435914930 AND 1437124530  [ RunTime:0.0010s ]
NOTIC: [8] Undefined offset: 22600004 D:\webroot\market\Application\Admin\Controller\ActiveController.class.php 第 25 行.
INFO: [ view_parse ] --START--
NOTIC: [2] file_get_contents(./Application/Admin/View/Index/main.html): failed to open stream: No such file or directory D:\webroot\market\ThinkPHP\Library\Think\Template.class.php 第 696 行.
INFO: [ template_filter ] --START--
INFO: Run Behavior\ContentReplaceBehavior [ RunTime:0.000000s ]
INFO: [ template_filter ] --END-- [ RunTime:0.000000s ]
NOTIC: [8] A session had already been started - ignoring session_start() D:\webroot\market\Runtime\Cache\Admin\3c0d39ab558fc9e705f0c3fd2b53ed7a.php 第 60 行.
NOTIC: [8] Undefined variable: capital D:\webroot\market\Runtime\Cache\Admin\3c0d39ab558fc9e705f0c3fd2b53ed7a.php 第 140 行.
NOTIC: [8] Undefined variable: admin D:\webroot\market\Runtime\Cache\Admin\3c0d39ab558fc9e705f0c3fd2b53ed7a.php 第 146 行.
NOTIC: [8] Undefined variable: timeStart D:\webroot\market\Runtime\Cache\Admin\3c0d39ab558fc9e705f0c3fd2b53ed7a.php 第 193 行.
NOTIC: [8] Undefined variable: timeEnd D:\webroot\market\Runtime\Cache\Admin\3c0d39ab558fc9e705f0c3fd2b53ed7a.php 第 194 行.
NOTIC: [8] Undefined index: uid D:\webroot\market\Runtime\Cache\Admin\3c0d39ab558fc9e705f0c3fd2b53ed7a.php 第 238 行.
NOTIC: [8] Undefined index: username D:\webroot\market\Runtime\Cache\Admin\3c0d39ab558fc9e705f0c3fd2b53ed7a.php 第 240 行.
NOTIC: [8] Undefined index: email D:\webroot\market\Runtime\Cache\Admin\3c0d39ab558fc9e705f0c3fd2b53ed7a.php 第 242 行.
NOTIC: [8] Undefined index: mobilephone D:\webroot\market\Runtime\Cache\Admin\3c0d39ab558fc9e705f0c3fd2b53ed7a.php 第 243 行.
NOTIC: [8] Undefined index: level D:\webroot\market\Runtime\Cache\Admin\3c0d39ab558fc9e705f0c3fd2b53ed7a.php 第 244 行.
NOTIC: [8] Undefined index: simulate_id D:\webroot\market\Runtime\Cache\Admin\3c0d39ab558fc9e705f0c3fd2b53ed7a.php 第 245 行.
NOTIC: [8] Undefined index: create_time D:\webroot\market\Runtime\Cache\Admin\3c0d39ab558fc9e705f0c3fd2b53ed7a.php 第 246 行.
NOTIC: [8] Undefined index: uid D:\webroot\market\Runtime\Cache\Admin\3c0d39ab558fc9e705f0c3fd2b53ed7a.php 第 250 行.
NOTIC: [8] Undefined index: uid D:\webroot\market\Runtime\Cache\Admin\3c0d39ab558fc9e705f0c3fd2b53ed7a.php 第 253 行.
INFO: Run Behavior\ParseTemplateBehavior [ RunTime:0.019002s ]
INFO: [ view_parse ] --END-- [ RunTime:0.019002s ]
INFO: [ view_filter ] --START--
INFO: Run Behavior\WriteHtmlCacheBehavior [ RunTime:0.000000s ]
INFO: [ view_filter ] --END-- [ RunTime:0.000000s ]
INFO: [ app_end ] --START--
INFO: Run Behavior\ShowPageTraceBehavior [ RunTime:0.001000s ]
INFO: [ app_end ] --END-- [ RunTime:0.001000s ]

[ 2015-07-17T17:15:46+08:00 ] 192.168.150.10 /Admin/Active/index.html
INFO: [ app_init ] --START--
INFO: Run Behavior\BuildLiteBehavior [ RunTime:0.000000s ]
INFO: [ app_init ] --END-- [ RunTime:0.001000s ]
INFO: [ app_begin ] --START--
INFO: Run Behavior\ReadHtmlCacheBehavior [ RunTime:0.002000s ]
INFO: [ app_begin ] --END-- [ RunTime:0.002000s ]
SQL: SHOW COLUMNS FROM `market_user_count` [ RunTime:0.0070s ]
SQL: SELECT * FROM `market_user_count` WHERE `time` BETWEEN 1435914946 AND 1437124546  [ RunTime:0.0010s ]
NOTIC: [8] Undefined offset: 22600004 D:\webroot\market\Application\Admin\Controller\ActiveController.class.php 第 25 行.
INFO: [ view_parse ] --START--
NOTIC: [2] file_get_contents(./Application/Admin/View/Index/main.html): failed to open stream: No such file or directory D:\webroot\market\ThinkPHP\Library\Think\Template.class.php 第 696 行.
INFO: [ template_filter ] --START--
INFO: Run Behavior\ContentReplaceBehavior [ RunTime:0.001000s ]
INFO: [ template_filter ] --END-- [ RunTime:0.001000s ]
NOTIC: [8] A session had already been started - ignoring session_start() D:\webroot\market\Runtime\Cache\Admin\3c0d39ab558fc9e705f0c3fd2b53ed7a.php 第 60 行.
NOTIC: [8] Undefined variable: capital D:\webroot\market\Runtime\Cache\Admin\3c0d39ab558fc9e705f0c3fd2b53ed7a.php 第 140 行.
NOTIC: [8] Undefined variable: admin D:\webroot\market\Runtime\Cache\Admin\3c0d39ab558fc9e705f0c3fd2b53ed7a.php 第 146 行.
NOTIC: [8] Undefined variable: timeStart D:\webroot\market\Runtime\Cache\Admin\3c0d39ab558fc9e705f0c3fd2b53ed7a.php 第 193 行.
NOTIC: [8] Undefined variable: timeEnd D:\webroot\market\Runtime\Cache\Admin\3c0d39ab558fc9e705f0c3fd2b53ed7a.php 第 194 行.
NOTIC: [8] Undefined index: uid D:\webroot\market\Runtime\Cache\Admin\3c0d39ab558fc9e705f0c3fd2b53ed7a.php 第 238 行.
NOTIC: [8] Undefined index: username D:\webroot\market\Runtime\Cache\Admin\3c0d39ab558fc9e705f0c3fd2b53ed7a.php 第 240 行.
NOTIC: [8] Undefined index: email D:\webroot\market\Runtime\Cache\Admin\3c0d39ab558fc9e705f0c3fd2b53ed7a.php 第 242 行.
NOTIC: [8] Undefined index: mobilephone D:\webroot\market\Runtime\Cache\Admin\3c0d39ab558fc9e705f0c3fd2b53ed7a.php 第 243 行.
NOTIC: [8] Undefined index: level D:\webroot\market\Runtime\Cache\Admin\3c0d39ab558fc9e705f0c3fd2b53ed7a.php 第 244 行.
NOTIC: [8] Undefined index: simulate_id D:\webroot\market\Runtime\Cache\Admin\3c0d39ab558fc9e705f0c3fd2b53ed7a.php 第 245 行.
NOTIC: [8] Undefined index: create_time D:\webroot\market\Runtime\Cache\Admin\3c0d39ab558fc9e705f0c3fd2b53ed7a.php 第 246 行.
NOTIC: [8] Undefined index: uid D:\webroot\market\Runtime\Cache\Admin\3c0d39ab558fc9e705f0c3fd2b53ed7a.php 第 250 行.
NOTIC: [8] Undefined index: uid D:\webroot\market\Runtime\Cache\Admin\3c0d39ab558fc9e705f0c3fd2b53ed7a.php 第 253 行.
INFO: Run Behavior\ParseTemplateBehavior [ RunTime:0.035002s ]
INFO: [ view_parse ] --END-- [ RunTime:0.035002s ]
INFO: [ view_filter ] --START--
INFO: Run Behavior\WriteHtmlCacheBehavior [ RunTime:0.000000s ]
INFO: [ view_filter ] --END-- [ RunTime:0.001000s ]
INFO: [ app_end ] --START--
INFO: Run Behavior\ShowPageTraceBehavior [ RunTime:0.001000s ]
INFO: [ app_end ] --END-- [ RunTime:0.001000s ]

[ 2015-07-17T17:18:47+08:00 ] 192.168.150.10 /Admin/Active/index.html
INFO: [ app_init ] --START--
INFO: Run Behavior\BuildLiteBehavior [ RunTime:0.000000s ]
INFO: [ app_init ] --END-- [ RunTime:0.000000s ]
INFO: [ app_begin ] --START--
INFO: Run Behavior\ReadHtmlCacheBehavior [ RunTime:0.001000s ]
INFO: [ app_begin ] --END-- [ RunTime:0.001000s ]
SQL: SHOW COLUMNS FROM `market_user_count` [ RunTime:0.0070s ]
SQL: SELECT * FROM `market_user_count` WHERE `time` BETWEEN 1435915127 AND 1437124727  [ RunTime:0.0010s ]
NOTIC: [8] Undefined offset: 22600004 D:\webroot\market\Application\Admin\Controller\ActiveController.class.php 第 25 行.
INFO: [ view_parse ] --START--
NOTIC: [2] file_get_contents(./Application/Admin/View/Index/main.html): failed to open stream: No such file or directory D:\webroot\market\ThinkPHP\Library\Think\Template.class.php 第 696 行.
INFO: [ template_filter ] --START--
INFO: Run Behavior\ContentReplaceBehavior [ RunTime:0.000000s ]
INFO: [ template_filter ] --END-- [ RunTime:0.000000s ]
NOTIC: [8] A session had already been started - ignoring session_start() D:\webroot\market\Runtime\Cache\Admin\3c0d39ab558fc9e705f0c3fd2b53ed7a.php 第 60 行.
NOTIC: [8] Undefined variable: capital D:\webroot\market\Runtime\Cache\Admin\3c0d39ab558fc9e705f0c3fd2b53ed7a.php 第 140 行.
NOTIC: [8] Undefined variable: admin D:\webroot\market\Runtime\Cache\Admin\3c0d39ab558fc9e705f0c3fd2b53ed7a.php 第 146 行.
NOTIC: [8] Undefined variable: timeStart D:\webroot\market\Runtime\Cache\Admin\3c0d39ab558fc9e705f0c3fd2b53ed7a.php 第 193 行.
NOTIC: [8] Undefined variable: timeEnd D:\webroot\market\Runtime\Cache\Admin\3c0d39ab558fc9e705f0c3fd2b53ed7a.php 第 194 行.
NOTIC: [8] Undefined index: uid D:\webroot\market\Runtime\Cache\Admin\3c0d39ab558fc9e705f0c3fd2b53ed7a.php 第 238 行.
NOTIC: [8] Undefined index: username D:\webroot\market\Runtime\Cache\Admin\3c0d39ab558fc9e705f0c3fd2b53ed7a.php 第 240 行.
NOTIC: [8] Undefined index: email D:\webroot\market\Runtime\Cache\Admin\3c0d39ab558fc9e705f0c3fd2b53ed7a.php 第 242 行.
NOTIC: [8] Undefined index: mobilephone D:\webroot\market\Runtime\Cache\Admin\3c0d39ab558fc9e705f0c3fd2b53ed7a.php 第 243 行.
NOTIC: [8] Undefined index: level D:\webroot\market\Runtime\Cache\Admin\3c0d39ab558fc9e705f0c3fd2b53ed7a.php 第 244 行.
NOTIC: [8] Undefined index: simulate_id D:\webroot\market\Runtime\Cache\Admin\3c0d39ab558fc9e705f0c3fd2b53ed7a.php 第 245 行.
NOTIC: [8] Undefined index: create_time D:\webroot\market\Runtime\Cache\Admin\3c0d39ab558fc9e705f0c3fd2b53ed7a.php 第 246 行.
NOTIC: [8] Undefined index: uid D:\webroot\market\Runtime\Cache\Admin\3c0d39ab558fc9e705f0c3fd2b53ed7a.php 第 250 行.
NOTIC: [8] Undefined index: uid D:\webroot\market\Runtime\Cache\Admin\3c0d39ab558fc9e705f0c3fd2b53ed7a.php 第 253 行.
INFO: Run Behavior\ParseTemplateBehavior [ RunTime:0.022002s ]
INFO: [ view_parse ] --END-- [ RunTime:0.022002s ]
INFO: [ view_filter ] --START--
INFO: Run Behavior\WriteHtmlCacheBehavior [ RunTime:0.000000s ]
INFO: [ view_filter ] --END-- [ RunTime:0.001000s ]
INFO: [ app_end ] --START--
INFO: Run Behavior\ShowPageTraceBehavior [ RunTime:0.001000s ]
INFO: [ app_end ] --END-- [ RunTime:0.001000s ]

[ 2015-07-17T17:18:50+08:00 ] 192.168.150.10 /Admin/Active/select
INFO: [ app_init ] --START--
INFO: Run Behavior\BuildLiteBehavior [ RunTime:0.000000s ]
INFO: [ app_init ] --END-- [ RunTime:0.000000s ]
INFO: [ app_begin ] --START--
INFO: Run Behavior\ReadHtmlCacheBehavior [ RunTime:0.001000s ]
INFO: [ app_begin ] --END-- [ RunTime:0.001000s ]
SQL: SHOW COLUMNS FROM `market_user_count` [ RunTime:0.0050s ]
SQL: SELECT * FROM `market_user_count` WHERE `time` BETWEEN 1435915130 AND 1437124730  [ RunTime:0.0000s ]
NOTIC: [8] Undefined offset: 22600004 D:\webroot\market\Application\Admin\Controller\ActiveController.class.php 第 85 行.
INFO: [ view_parse ] --START--
NOTIC: [2] file_get_contents(./Application/Admin/View/Index/main.html): failed to open stream: No such file or directory D:\webroot\market\ThinkPHP\Library\Think\Template.class.php 第 696 行.
INFO: [ template_filter ] --START--
INFO: Run Behavior\ContentReplaceBehavior [ RunTime:0.001000s ]
INFO: [ template_filter ] --END-- [ RunTime:0.001000s ]
NOTIC: [8] A session had already been started - ignoring session_start() D:\webroot\market\Runtime\Cache\Admin\3c0d39ab558fc9e705f0c3fd2b53ed7a.php 第 60 行.
NOTIC: [8] Undefined variable: capital D:\webroot\market\Runtime\Cache\Admin\3c0d39ab558fc9e705f0c3fd2b53ed7a.php 第 140 行.
NOTIC: [8] Undefined variable: admin D:\webroot\market\Runtime\Cache\Admin\3c0d39ab558fc9e705f0c3fd2b53ed7a.php 第 146 行.
NOTIC: [8] Undefined index: uid D:\webroot\market\Runtime\Cache\Admin\3c0d39ab558fc9e705f0c3fd2b53ed7a.php 第 238 行.
NOTIC: [8] Undefined index: username D:\webroot\market\Runtime\Cache\Admin\3c0d39ab558fc9e705f0c3fd2b53ed7a.php 第 240 行.
NOTIC: [8] Undefined index: email D:\webroot\market\Runtime\Cache\Admin\3c0d39ab558fc9e705f0c3fd2b53ed7a.php 第 242 行.
NOTIC: [8] Undefined index: mobilephone D:\webroot\market\Runtime\Cache\Admin\3c0d39ab558fc9e705f0c3fd2b53ed7a.php 第 243 行.
NOTIC: [8] Undefined index: level D:\webroot\market\Runtime\Cache\Admin\3c0d39ab558fc9e705f0c3fd2b53ed7a.php 第 244 行.
NOTIC: [8] Undefined index: simulate_id D:\webroot\market\Runtime\Cache\Admin\3c0d39ab558fc9e705f0c3fd2b53ed7a.php 第 245 行.
NOTIC: [8] Undefined index: create_time D:\webroot\market\Runtime\Cache\Admin\3c0d39ab558fc9e705f0c3fd2b53ed7a.php 第 246 行.
NOTIC: [8] Undefined index: uid D:\webroot\market\Runtime\Cache\Admin\3c0d39ab558fc9e705f0c3fd2b53ed7a.php 第 250 行.
NOTIC: [8] Undefined index: uid D:\webroot\market\Runtime\Cache\Admin\3c0d39ab558fc9e705f0c3fd2b53ed7a.php 第 253 行.
INFO: Run Behavior\ParseTemplateBehavior [ RunTime:0.017001s ]
INFO: [ view_parse ] --END-- [ RunTime:0.017001s ]
INFO: [ view_filter ] --START--
INFO: Run Behavior\WriteHtmlCacheBehavior [ RunTime:0.001000s ]
INFO: [ view_filter ] --END-- [ RunTime:0.001000s ]
INFO: [ app_end ] --START--
INFO: Run Behavior\ShowPageTraceBehavior [ RunTime:0.000000s ]
INFO: [ app_end ] --END-- [ RunTime:0.000000s ]

[ 2015-07-17T17:18:52+08:00 ] 192.168.150.10 /Admin/Active/select
INFO: [ app_init ] --START--
INFO: Run Behavior\BuildLiteBehavior [ RunTime:0.000000s ]
INFO: [ app_init ] --END-- [ RunTime:0.000000s ]
INFO: [ app_begin ] --START--
INFO: Run Behavior\ReadHtmlCacheBehavior [ RunTime:0.000000s ]
INFO: [ app_begin ] --END-- [ RunTime:0.000000s ]
SQL: SHOW COLUMNS FROM `market_user_count` [ RunTime:0.0030s ]
SQL: SELECT * FROM `market_user_count` WHERE `time` BETWEEN 1435915132 AND 1437124732  [ RunTime:0.0010s ]
NOTIC: [8] Undefined offset: 22600004 D:\webroot\market\Application\Admin\Controller\ActiveController.class.php 第 85 行.
INFO: [ view_parse ] --START--
NOTIC: [2] file_get_contents(./Application/Admin/View/Index/main.html): failed to open stream: No such file or directory D:\webroot\market\ThinkPHP\Library\Think\Template.class.php 第 696 行.
INFO: [ template_filter ] --START--
INFO: Run Behavior\ContentReplaceBehavior [ RunTime:0.001000s ]
INFO: [ template_filter ] --END-- [ RunTime:0.001000s ]
NOTIC: [8] A session had already been started - ignoring session_start() D:\webroot\market\Runtime\Cache\Admin\3c0d39ab558fc9e705f0c3fd2b53ed7a.php 第 60 行.
NOTIC: [8] Undefined variable: capital D:\webroot\market\Runtime\Cache\Admin\3c0d39ab558fc9e705f0c3fd2b53ed7a.php 第 140 行.
NOTIC: [8] Undefined variable: admin D:\webroot\market\Runtime\Cache\Admin\3c0d39ab558fc9e705f0c3fd2b53ed7a.php 第 146 行.
NOTIC: [8] Undefined index: uid D:\webroot\market\Runtime\Cache\Admin\3c0d39ab558fc9e705f0c3fd2b53ed7a.php 第 238 行.
NOTIC: [8] Undefined index: username D:\webroot\market\Runtime\Cache\Admin\3c0d39ab558fc9e705f0c3fd2b53ed7a.php 第 240 行.
NOTIC: [8] Undefined index: email D:\webroot\market\Runtime\Cache\Admin\3c0d39ab558fc9e705f0c3fd2b53ed7a.php 第 242 行.
NOTIC: [8] Undefined index: mobilephone D:\webroot\market\Runtime\Cache\Admin\3c0d39ab558fc9e705f0c3fd2b53ed7a.php 第 243 行.
NOTIC: [8] Undefined index: level D:\webroot\market\Runtime\Cache\Admin\3c0d39ab558fc9e705f0c3fd2b53ed7a.php 第 244 行.
NOTIC: [8] Undefined index: simulate_id D:\webroot\market\Runtime\Cache\Admin\3c0d39ab558fc9e705f0c3fd2b53ed7a.php 第 245 行.
NOTIC: [8] Undefined index: create_time D:\webroot\market\Runtime\Cache\Admin\3c0d39ab558fc9e705f0c3fd2b53ed7a.php 第 246 行.
NOTIC: [8] Undefined index: uid D:\webroot\market\Runtime\Cache\Admin\3c0d39ab558fc9e705f0c3fd2b53ed7a.php 第 250 行.
NOTIC: [8] Undefined index: uid D:\webroot\market\Runtime\Cache\Admin\3c0d39ab558fc9e705f0c3fd2b53ed7a.php 第 253 行.
INFO: Run Behavior\ParseTemplateBehavior [ RunTime:0.019001s ]
INFO: [ view_parse ] --END-- [ RunTime:0.019001s ]
INFO: [ view_filter ] --START--
INFO: Run Behavior\WriteHtmlCacheBehavior [ RunTime:0.001001s ]
INFO: [ view_filter ] --END-- [ RunTime:0.001001s ]
INFO: [ app_end ] --START--
INFO: Run Behavior\ShowPageTraceBehavior [ RunTime:0.001000s ]
INFO: [ app_end ] --END-- [ RunTime:0.001000s ]

[ 2015-07-17T17:18:56+08:00 ] 192.168.150.10 /Admin/Active/excel
INFO: [ app_init ] --START--
INFO: Run Behavior\BuildLiteBehavior [ RunTime:0.000000s ]
INFO: [ app_init ] --END-- [ RunTime:0.001000s ]
INFO: [ app_begin ] --START--
INFO: Run Behavior\ReadHtmlCacheBehavior [ RunTime:0.001000s ]
INFO: [ app_begin ] --END-- [ RunTime:0.002000s ]
SQL: SHOW COLUMNS FROM `market_user_count` [ RunTime:0.0060s ]
SQL: SELECT * FROM `market_user_count` WHERE `time` BETWEEN '1435915132' AND '1437124732'  [ RunTime:0.0000s ]
NOTIC: [8] Undefined offset: 22600004 D:\webroot\market\Application\Admin\Controller\ActiveController.class.php 第 146 行.
ERR: SQLSTATE[42S02]: Base table or view not found: 1146 Table 'market.market_user_message' doesn't exist

[ 2015-07-17T17:19:47+08:00 ] 192.168.150.10 /Admin/Active/index.html
INFO: [ app_init ] --START--
INFO: Run Behavior\BuildLiteBehavior [ RunTime:0.000000s ]
INFO: [ app_init ] --END-- [ RunTime:0.001000s ]
INFO: [ app_begin ] --START--
INFO: Run Behavior\ReadHtmlCacheBehavior [ RunTime:0.002000s ]
INFO: [ app_begin ] --END-- [ RunTime:0.002000s ]
SQL: SHOW COLUMNS FROM `market_user_count` [ RunTime:0.0060s ]
SQL: SELECT * FROM `market_user_count` WHERE `time` BETWEEN 1435915187 AND 1437124787  [ RunTime:0.0010s ]
NOTIC: [8] Undefined offset: 22600004 D:\webroot\market\Application\Admin\Controller\ActiveController.class.php 第 25 行.
INFO: [ view_parse ] --START--
NOTIC: [2] file_get_contents(./Application/Admin/View/Index/main.html): failed to open stream: No such file or directory D:\webroot\market\ThinkPHP\Library\Think\Template.class.php 第 696 行.
INFO: [ template_filter ] --START--
INFO: Run Behavior\ContentReplaceBehavior [ RunTime:0.001000s ]
INFO: [ template_filter ] --END-- [ RunTime:0.001000s ]
NOTIC: [8] A session had already been started - ignoring session_start() D:\webroot\market\Runtime\Cache\Admin\3c0d39ab558fc9e705f0c3fd2b53ed7a.php 第 60 行.
NOTIC: [8] Undefined variable: capital D:\webroot\market\Runtime\Cache\Admin\3c0d39ab558fc9e705f0c3fd2b53ed7a.php 第 140 行.
NOTIC: [8] Undefined variable: admin D:\webroot\market\Runtime\Cache\Admin\3c0d39ab558fc9e705f0c3fd2b53ed7a.php 第 146 行.
NOTIC: [8] Undefined variable: timeStart D:\webroot\market\Runtime\Cache\Admin\3c0d39ab558fc9e705f0c3fd2b53ed7a.php 第 193 行.
NOTIC: [8] Undefined variable: timeEnd D:\webroot\market\Runtime\Cache\Admin\3c0d39ab558fc9e705f0c3fd2b53ed7a.php 第 194 行.
NOTIC: [8] Undefined index: uid D:\webroot\market\Runtime\Cache\Admin\3c0d39ab558fc9e705f0c3fd2b53ed7a.php 第 238 行.
NOTIC: [8] Undefined index: username D:\webroot\market\Runtime\Cache\Admin\3c0d39ab558fc9e705f0c3fd2b53ed7a.php 第 240 行.
NOTIC: [8] Undefined index: email D:\webroot\market\Runtime\Cache\Admin\3c0d39ab558fc9e705f0c3fd2b53ed7a.php 第 242 行.
NOTIC: [8] Undefined index: mobilephone D:\webroot\market\Runtime\Cache\Admin\3c0d39ab558fc9e705f0c3fd2b53ed7a.php 第 243 行.
NOTIC: [8] Undefined index: level D:\webroot\market\Runtime\Cache\Admin\3c0d39ab558fc9e705f0c3fd2b53ed7a.php 第 244 行.
NOTIC: [8] Undefined index: simulate_id D:\webroot\market\Runtime\Cache\Admin\3c0d39ab558fc9e705f0c3fd2b53ed7a.php 第 245 行.
NOTIC: [8] Undefined index: create_time D:\webroot\market\Runtime\Cache\Admin\3c0d39ab558fc9e705f0c3fd2b53ed7a.php 第 246 行.
NOTIC: [8] Undefined index: uid D:\webroot\market\Runtime\Cache\Admin\3c0d39ab558fc9e705f0c3fd2b53ed7a.php 第 250 行.
NOTIC: [8] Undefined index: uid D:\webroot\market\Runtime\Cache\Admin\3c0d39ab558fc9e705f0c3fd2b53ed7a.php 第 253 行.
INFO: Run Behavior\ParseTemplateBehavior [ RunTime:0.033002s ]
INFO: [ view_parse ] --END-- [ RunTime:0.033002s ]
INFO: [ view_filter ] --START--
INFO: Run Behavior\WriteHtmlCacheBehavior [ RunTime:0.001000s ]
INFO: [ view_filter ] --END-- [ RunTime:0.001000s ]
INFO: [ app_end ] --START--
INFO: Run Behavior\ShowPageTraceBehavior [ RunTime:0.001000s ]
INFO: [ app_end ] --END-- [ RunTime:0.002000s ]

[ 2015-07-17T17:19:49+08:00 ] 192.168.150.10 /Admin/Active/excel
INFO: [ app_init ] --START--
INFO: Run Behavior\BuildLiteBehavior [ RunTime:0.000000s ]
INFO: [ app_init ] --END-- [ RunTime:0.000000s ]
INFO: [ app_begin ] --START--
INFO: Run Behavior\ReadHtmlCacheBehavior [ RunTime:0.001000s ]
INFO: [ app_begin ] --END-- [ RunTime:0.001000s ]
SQL: SHOW COLUMNS FROM `market_user_count` [ RunTime:0.0070s ]
SQL: SELECT * FROM `market_user_count` WHERE `time` BETWEEN 1435915189 AND 1437124789  [ RunTime:0.0010s ]
NOTIC: [8] Undefined offset: 22600004 D:\webroot\market\Application\Admin\Controller\ActiveController.class.php 第 146 行.

