[ 2015-07-27T11:54:37+08:00 ] 192.168.150.10 /Admin
INFO: [ app_init ] --START--
INFO: Run Behavior\BuildLiteBehavior [ RunTime:0.000000s ]
INFO: [ app_init ] --END-- [ RunTime:0.001000s ]
INFO: [ app_begin ] --START--
INFO: Run Behavior\ReadHtmlCacheBehavior [ RunTime:0.002000s ]
INFO: [ app_begin ] --END-- [ RunTime:0.002000s ]
INFO: [ view_parse ] --START--
INFO: [ template_filter ] --START--
INFO: Run Behavior\ContentReplaceBehavior [ RunTime:0.000000s ]
INFO: [ template_filter ] --END-- [ RunTime:0.000000s ]
INFO: Run Behavior\ParseTemplateBehavior [ RunTime:0.039002s ]
INFO: [ view_parse ] --END-- [ RunTime:0.039002s ]
INFO: [ view_filter ] --START--
INFO: Run Behavior\WriteHtmlCacheBehavior [ RunTime:0.002000s ]
INFO: [ view_filter ] --END-- [ RunTime:0.002000s ]

[ 2015-07-27T11:54:40+08:00 ] 192.168.150.10 /Admin/Login/login.html
INFO: [ app_init ] --START--
INFO: Run Behavior\BuildLiteBehavior [ RunTime:0.000000s ]
INFO: [ app_init ] --END-- [ RunTime:0.000000s ]
INFO: [ app_begin ] --START--
INFO: Run Behavior\ReadHtmlCacheBehavior [ RunTime:0.001000s ]
INFO: [ app_begin ] --END-- [ RunTime:0.001000s ]
INFO: [ view_parse ] --START--
NOTIC: [2] file_get_contents(Public:link-js.html): failed to open stream: No such file or directory D:\webroot\market\ThinkPHP\Library\Think\Template.class.php 第 696 行.
INFO: [ template_filter ] --START--
INFO: Run Behavior\ContentReplaceBehavior [ RunTime:0.000000s ]
INFO: [ template_filter ] --END-- [ RunTime:0.000000s ]
INFO: Run Behavior\ParseTemplateBehavior [ RunTime:0.016001s ]
INFO: [ view_parse ] --END-- [ RunTime:0.017001s ]
INFO: [ view_filter ] --START--
INFO: Run Behavior\WriteHtmlCacheBehavior [ RunTime:0.001000s ]
INFO: [ view_filter ] --END-- [ RunTime:0.001000s ]
INFO: [ app_end ] --START--
INFO: Run Behavior\ShowPageTraceBehavior [ RunTime:0.001000s ]
INFO: [ app_end ] --END-- [ RunTime:0.001000s ]

[ 2015-07-27T11:54:40+08:00 ] 192.168.150.10 /Admin/Login/verify.html
INFO: [ app_init ] --START--
INFO: Run Behavior\BuildLiteBehavior [ RunTime:0.000000s ]
INFO: [ app_init ] --END-- [ RunTime:0.001000s ]
INFO: [ app_begin ] --START--
INFO: Run Behavior\ReadHtmlCacheBehavior [ RunTime:0.001000s ]
INFO: [ app_begin ] --END-- [ RunTime:0.001000s ]
INFO: [ app_end ] --START--
INFO: Run Behavior\ShowPageTraceBehavior [ RunTime:0.001000s ]
INFO: [ app_end ] --END-- [ RunTime:0.001000s ]

[ 2015-07-27T11:54:40+08:00 ] 192.168.150.10 /Admin/Login/verify.html
INFO: [ app_init ] --START--
INFO: Run Behavior\BuildLiteBehavior [ RunTime:0.000000s ]
INFO: [ app_init ] --END-- [ RunTime:0.001000s ]
INFO: [ app_begin ] --START--
INFO: Run Behavior\ReadHtmlCacheBehavior [ RunTime:0.001000s ]
INFO: [ app_begin ] --END-- [ RunTime:0.001000s ]
INFO: [ app_end ] --START--
INFO: Run Behavior\ShowPageTraceBehavior [ RunTime:0.001000s ]
INFO: [ app_end ] --END-- [ RunTime:0.002000s ]

[ 2015-07-27T11:54:45+08:00 ] 192.168.150.10 /Admin/Login/login.html
INFO: [ app_init ] --START--
INFO: Run Behavior\BuildLiteBehavior [ RunTime:0.000000s ]
INFO: [ app_init ] --END-- [ RunTime:0.001001s ]
INFO: [ app_begin ] --START--
INFO: Run Behavior\ReadHtmlCacheBehavior [ RunTime:0.002000s ]
INFO: [ app_begin ] --END-- [ RunTime:0.002000s ]
SQL: SHOW COLUMNS FROM `market_admin_user` [ RunTime:0.0050s ]
SQL: SELECT * FROM `market_admin_user` WHERE `username` = 'admin' AND `password` = '4297f44b13955235245b2497399d7a93' LIMIT 1   [ RunTime:0.0000s ]
INFO: [ view_parse ] --START--
INFO: [ template_filter ] --START--
INFO: Run Behavior\ContentReplaceBehavior [ RunTime:0.000000s ]
INFO: [ template_filter ] --END-- [ RunTime:0.000000s ]
INFO: Run Behavior\ParseTemplateBehavior [ RunTime:0.014001s ]
INFO: [ view_parse ] --END-- [ RunTime:0.014001s ]
INFO: [ view_filter ] --START--
INFO: Run Behavior\WriteHtmlCacheBehavior [ RunTime:0.000000s ]
INFO: [ view_filter ] --END-- [ RunTime:0.001000s ]

[ 2015-07-27T11:54:48+08:00 ] 192.168.150.10 /Admin/Login/login.html
INFO: [ app_init ] --START--
INFO: Run Behavior\BuildLiteBehavior [ RunTime:0.000000s ]
INFO: [ app_init ] --END-- [ RunTime:0.001000s ]
INFO: [ app_begin ] --START--
INFO: Run Behavior\ReadHtmlCacheBehavior [ RunTime:0.002000s ]
INFO: [ app_begin ] --END-- [ RunTime:0.002000s ]
INFO: [ view_parse ] --START--
NOTIC: [2] file_get_contents(Public:link-js.html): failed to open stream: No such file or directory D:\webroot\market\ThinkPHP\Library\Think\Template.class.php 第 696 行.
INFO: [ template_filter ] --START--
INFO: Run Behavior\ContentReplaceBehavior [ RunTime:0.000000s ]
INFO: [ template_filter ] --END-- [ RunTime:0.001000s ]
INFO: Run Behavior\ParseTemplateBehavior [ RunTime:0.018001s ]
INFO: [ view_parse ] --END-- [ RunTime:0.018001s ]
INFO: [ view_filter ] --START--
INFO: Run Behavior\WriteHtmlCacheBehavior [ RunTime:0.001000s ]
INFO: [ view_filter ] --END-- [ RunTime:0.001000s ]
INFO: [ app_end ] --START--
INFO: Run Behavior\ShowPageTraceBehavior [ RunTime:0.001000s ]
INFO: [ app_end ] --END-- [ RunTime:0.001000s ]

[ 2015-07-27T11:54:54+08:00 ] 192.168.150.10 /Admin/Login/login.html
INFO: [ app_init ] --START--
INFO: Run Behavior\BuildLiteBehavior [ RunTime:0.000000s ]
INFO: [ app_init ] --END-- [ RunTime:0.001000s ]
INFO: [ app_begin ] --START--
INFO: Run Behavior\ReadHtmlCacheBehavior [ RunTime:0.001000s ]
INFO: [ app_begin ] --END-- [ RunTime:0.001000s ]
SQL: SHOW COLUMNS FROM `market_admin_user` [ RunTime:0.0020s ]
SQL: SELECT * FROM `market_admin_user` WHERE `username` = 'admin' AND `password` = '21232f297a57a5a743894a0e4a801fc3' LIMIT 1   [ RunTime:0.0000s ]
SQL: UPDATE `market_admin_user` SET `count`=count+1 WHERE `username` = 'admin' AND `password` = '21232f297a57a5a743894a0e4a801fc3' [ RunTime:0.0000s ]
SQL: UPDATE `market_admin_user` SET `ip`='192.168.150.10',`time`='1437969294' WHERE `username` = 'admin' AND `password` = '21232f297a57a5a743894a0e4a801fc3' [ RunTime:0.0010s ]
INFO: [ view_parse ] --START--
INFO: [ template_filter ] --START--
INFO: Run Behavior\ContentReplaceBehavior [ RunTime:0.000000s ]
INFO: [ template_filter ] --END-- [ RunTime:0.000000s ]
INFO: Run Behavior\ParseTemplateBehavior [ RunTime:0.012000s ]
INFO: [ view_parse ] --END-- [ RunTime:0.012000s ]
INFO: [ view_filter ] --START--
INFO: Run Behavior\WriteHtmlCacheBehavior [ RunTime:0.001000s ]
INFO: [ view_filter ] --END-- [ RunTime:0.001000s ]
INFO: [ app_end ] --START--
INFO: Run Behavior\ShowPageTraceBehavior [ RunTime:0.002001s ]
INFO: [ app_end ] --END-- [ RunTime:0.002001s ]

[ 2015-07-27T11:54:56+08:00 ] 192.168.150.10 /Admin/Capital/index.html
INFO: [ app_init ] --START--
INFO: Run Behavior\BuildLiteBehavior [ RunTime:0.000000s ]
INFO: [ app_init ] --END-- [ RunTime:0.001000s ]
INFO: [ app_begin ] --START--
INFO: Run Behavior\ReadHtmlCacheBehavior [ RunTime:0.002000s ]
INFO: [ app_begin ] --END-- [ RunTime:0.002000s ]
SQL: SHOW COLUMNS FROM `market_user_capital` [ RunTime:0.0040s ]
SQL: SELECT COUNT(*) AS tp_count FROM `market_user_capital` LIMIT 1   [ RunTime:0.0010s ]
SQL: SELECT * FROM `market_user_capital` ORDER BY id desc LIMIT 0,25   [ RunTime:0.0010s ]
INFO: [ view_parse ] --START--
NOTIC: [2] file_get_contents(./Application/Admin/View/Index/main.html): failed to open stream: No such file or directory D:\webroot\market\ThinkPHP\Library\Think\Template.class.php 第 696 行.
INFO: [ template_filter ] --START--
INFO: Run Behavior\ContentReplaceBehavior [ RunTime:0.000000s ]
INFO: [ template_filter ] --END-- [ RunTime:0.000000s ]
NOTIC: [8] A session had already been started - ignoring session_start() D:\webroot\market\Runtime\Cache\Admin\bd1add356aa3883bb93cb4d9e0cd802b.php 第 60 行.
NOTIC: [8] Undefined variable: active D:\webroot\market\Runtime\Cache\Admin\bd1add356aa3883bb93cb4d9e0cd802b.php 第 143 行.
NOTIC: [8] Undefined variable: admin D:\webroot\market\Runtime\Cache\Admin\bd1add356aa3883bb93cb4d9e0cd802b.php 第 146 行.
NOTIC: [8] Undefined variable: timeStart D:\webroot\market\Runtime\Cache\Admin\bd1add356aa3883bb93cb4d9e0cd802b.php 第 193 行.
NOTIC: [8] Undefined variable: timeEnd D:\webroot\market\Runtime\Cache\Admin\bd1add356aa3883bb93cb4d9e0cd802b.php 第 194 行.
NOTIC: [8] Undefined index: username D:\webroot\market\Runtime\Cache\Admin\bd1add356aa3883bb93cb4d9e0cd802b.php 第 241 行.
NOTIC: [8] Undefined index: username D:\webroot\market\Runtime\Cache\Admin\bd1add356aa3883bb93cb4d9e0cd802b.php 第 241 行.
NOTIC: [8] Undefined index: username D:\webroot\market\Runtime\Cache\Admin\bd1add356aa3883bb93cb4d9e0cd802b.php 第 241 行.
INFO: Run Behavior\ParseTemplateBehavior [ RunTime:0.033002s ]
INFO: [ view_parse ] --END-- [ RunTime:0.034002s ]
INFO: [ view_filter ] --START--
INFO: Run Behavior\WriteHtmlCacheBehavior [ RunTime:0.001000s ]
INFO: [ view_filter ] --END-- [ RunTime:0.001000s ]
INFO: [ app_end ] --START--
INFO: Run Behavior\ShowPageTraceBehavior [ RunTime:0.001000s ]
INFO: [ app_end ] --END-- [ RunTime:0.002000s ]

[ 2015-07-27T11:55:09+08:00 ] 192.168.150.10 /Admin/Capital/edit/id/22600008.html
INFO: [ app_init ] --START--
INFO: Run Behavior\BuildLiteBehavior [ RunTime:0.000000s ]
INFO: [ app_init ] --END-- [ RunTime:0.001000s ]
INFO: [ app_begin ] --START--
INFO: Run Behavior\ReadHtmlCacheBehavior [ RunTime:0.001000s ]
INFO: [ app_begin ] --END-- [ RunTime:0.001000s ]
SQL: SHOW COLUMNS FROM `market_user_capital` [ RunTime:0.0200s ]
SQL: SELECT * FROM `market_user_capital` WHERE `uid` = 22600008  [ RunTime:0.0000s ]
INFO: [ view_parse ] --START--
NOTIC: [2] file_get_contents(./Application/Admin/View/Index/main.html): failed to open stream: No such file or directory D:\webroot\market\ThinkPHP\Library\Think\Template.class.php 第 696 行.
INFO: [ template_filter ] --START--
INFO: Run Behavior\ContentReplaceBehavior [ RunTime:0.001000s ]
INFO: [ template_filter ] --END-- [ RunTime:0.001000s ]
NOTIC: [8] A session had already been started - ignoring session_start() D:\webroot\market\Runtime\Cache\Admin\e79e415d33b727d66d78404b326bb62b.php 第 60 行.
NOTIC: [8] Undefined variable: active D:\webroot\market\Runtime\Cache\Admin\e79e415d33b727d66d78404b326bb62b.php 第 143 行.
NOTIC: [8] Undefined variable: admin D:\webroot\market\Runtime\Cache\Admin\e79e415d33b727d66d78404b326bb62b.php 第 146 行.
NOTIC: [8] Undefined index: mobilephone D:\webroot\market\Runtime\Cache\Admin\e79e415d33b727d66d78404b326bb62b.php 第 239 行.
NOTIC: [8] Undefined index: email D:\webroot\market\Runtime\Cache\Admin\e79e415d33b727d66d78404b326bb62b.php 第 243 行.
NOTIC: [8] Undefined index: level D:\webroot\market\Runtime\Cache\Admin\e79e415d33b727d66d78404b326bb62b.php 第 247 行.
NOTIC: [8] Undefined index: simulate_id D:\webroot\market\Runtime\Cache\Admin\e79e415d33b727d66d78404b326bb62b.php 第 251 行.
NOTIC: [8] Undefined index: text D:\webroot\market\Runtime\Cache\Admin\e79e415d33b727d66d78404b326bb62b.php 第 256 行.
NOTIC: [8] Undefined index: image D:\webroot\market\Runtime\Cache\Admin\e79e415d33b727d66d78404b326bb62b.php 第 265 行.
INFO: Run Behavior\ParseTemplateBehavior [ RunTime:0.085004s ]
INFO: [ view_parse ] --END-- [ RunTime:0.085004s ]
INFO: [ view_filter ] --START--
INFO: Run Behavior\WriteHtmlCacheBehavior [ RunTime:0.000000s ]
INFO: [ view_filter ] --END-- [ RunTime:0.001000s ]
INFO: [ app_end ] --START--
INFO: Run Behavior\ShowPageTraceBehavior [ RunTime:0.001001s ]
INFO: [ app_end ] --END-- [ RunTime:0.001001s ]

[ 2015-07-27T11:55:12+08:00 ] 192.168.150.10 /Admin/Capital/addMoney/id/22600008.html
INFO: [ app_init ] --START--
INFO: Run Behavior\BuildLiteBehavior [ RunTime:0.000000s ]
INFO: [ app_init ] --END-- [ RunTime:0.000000s ]
INFO: [ app_begin ] --START--
INFO: Run Behavior\ReadHtmlCacheBehavior [ RunTime:0.001000s ]
INFO: [ app_begin ] --END-- [ RunTime:0.001000s ]
SQL: SHOW COLUMNS FROM `market_user_capital` [ RunTime:0.0020s ]
SQL: SELECT * FROM `market_user_capital` WHERE ( uid=22600008 ) LIMIT 1   [ RunTime:0.0000s ]
SQL: UPDATE `market_user_capital` SET `initial_capital`='100000',`total_capital`='100000',`usable_margin`='100000' WHERE ( uid=22600008 ) [ RunTime:0.0000s ]
INFO: [ view_parse ] --START--
INFO: [ template_filter ] --START--
INFO: Run Behavior\ContentReplaceBehavior [ RunTime:0.000000s ]
INFO: [ template_filter ] --END-- [ RunTime:0.001000s ]
INFO: Run Behavior\ParseTemplateBehavior [ RunTime:0.006000s ]
INFO: [ view_parse ] --END-- [ RunTime:0.006000s ]
INFO: [ view_filter ] --START--
INFO: Run Behavior\WriteHtmlCacheBehavior [ RunTime:0.001000s ]
INFO: [ view_filter ] --END-- [ RunTime:0.001000s ]
INFO: [ app_end ] --START--
INFO: Run Behavior\ShowPageTraceBehavior [ RunTime:0.001000s ]
INFO: [ app_end ] --END-- [ RunTime:0.001000s ]

[ 2015-07-27T11:55:13+08:00 ] 192.168.150.10 /Admin/Capital/index.html
INFO: [ app_init ] --START--
INFO: Run Behavior\BuildLiteBehavior [ RunTime:0.000000s ]
INFO: [ app_init ] --END-- [ RunTime:0.001000s ]
INFO: [ app_begin ] --START--
INFO: Run Behavior\ReadHtmlCacheBehavior [ RunTime:0.001000s ]
INFO: [ app_begin ] --END-- [ RunTime:0.001000s ]
SQL: SHOW COLUMNS FROM `market_user_capital` [ RunTime:0.0040s ]
SQL: SELECT COUNT(*) AS tp_count FROM `market_user_capital` LIMIT 1   [ RunTime:0.0000s ]
SQL: SELECT * FROM `market_user_capital` ORDER BY id desc LIMIT 0,25   [ RunTime:0.0000s ]
INFO: [ view_parse ] --START--
NOTIC: [2] file_get_contents(./Application/Admin/View/Index/main.html): failed to open stream: No such file or directory D:\webroot\market\ThinkPHP\Library\Think\Template.class.php 第 696 行.
INFO: [ template_filter ] --START--
INFO: Run Behavior\ContentReplaceBehavior [ RunTime:0.001000s ]
INFO: [ template_filter ] --END-- [ RunTime:0.001000s ]
NOTIC: [8] A session had already been started - ignoring session_start() D:\webroot\market\Runtime\Cache\Admin\bd1add356aa3883bb93cb4d9e0cd802b.php 第 60 行.
NOTIC: [8] Undefined variable: active D:\webroot\market\Runtime\Cache\Admin\bd1add356aa3883bb93cb4d9e0cd802b.php 第 143 行.
NOTIC: [8] Undefined variable: admin D:\webroot\market\Runtime\Cache\Admin\bd1add356aa3883bb93cb4d9e0cd802b.php 第 146 行.
NOTIC: [8] Undefined variable: timeStart D:\webroot\market\Runtime\Cache\Admin\bd1add356aa3883bb93cb4d9e0cd802b.php 第 193 行.
NOTIC: [8] Undefined variable: timeEnd D:\webroot\market\Runtime\Cache\Admin\bd1add356aa3883bb93cb4d9e0cd802b.php 第 194 行.
NOTIC: [8] Undefined index: username D:\webroot\market\Runtime\Cache\Admin\bd1add356aa3883bb93cb4d9e0cd802b.php 第 241 行.
NOTIC: [8] Undefined index: username D:\webroot\market\Runtime\Cache\Admin\bd1add356aa3883bb93cb4d9e0cd802b.php 第 241 行.
NOTIC: [8] Undefined index: username D:\webroot\market\Runtime\Cache\Admin\bd1add356aa3883bb93cb4d9e0cd802b.php 第 241 行.
INFO: Run Behavior\ParseTemplateBehavior [ RunTime:0.026002s ]
INFO: [ view_parse ] --END-- [ RunTime:0.026002s ]
INFO: [ view_filter ] --START--
INFO: Run Behavior\WriteHtmlCacheBehavior [ RunTime:0.001000s ]
INFO: [ view_filter ] --END-- [ RunTime:0.001000s ]
INFO: [ app_end ] --START--
INFO: Run Behavior\ShowPageTraceBehavior [ RunTime:0.001000s ]
INFO: [ app_end ] --END-- [ RunTime:0.001000s ]

[ 2015-07-27T11:55:16+08:00 ] 192.168.150.10 /Admin/Capital/edit/id/22600026.html
INFO: [ app_init ] --START--
INFO: Run Behavior\BuildLiteBehavior [ RunTime:0.000000s ]
INFO: [ app_init ] --END-- [ RunTime:0.000000s ]
INFO: [ app_begin ] --START--
INFO: Run Behavior\ReadHtmlCacheBehavior [ RunTime:0.001000s ]
INFO: [ app_begin ] --END-- [ RunTime:0.001000s ]
SQL: SHOW COLUMNS FROM `market_user_capital` [ RunTime:0.0040s ]
SQL: SELECT * FROM `market_user_capital` WHERE `uid` = 22600026  [ RunTime:0.0000s ]
INFO: [ view_parse ] --START--
NOTIC: [2] file_get_contents(./Application/Admin/View/Index/main.html): failed to open stream: No such file or directory D:\webroot\market\ThinkPHP\Library\Think\Template.class.php 第 696 行.
INFO: [ template_filter ] --START--
INFO: Run Behavior\ContentReplaceBehavior [ RunTime:0.000000s ]
INFO: [ template_filter ] --END-- [ RunTime:0.001000s ]
NOTIC: [8] A session had already been started - ignoring session_start() D:\webroot\market\Runtime\Cache\Admin\e79e415d33b727d66d78404b326bb62b.php 第 60 行.
NOTIC: [8] Undefined variable: active D:\webroot\market\Runtime\Cache\Admin\e79e415d33b727d66d78404b326bb62b.php 第 143 行.
NOTIC: [8] Undefined variable: admin D:\webroot\market\Runtime\Cache\Admin\e79e415d33b727d66d78404b326bb62b.php 第 146 行.
NOTIC: [8] Undefined index: mobilephone D:\webroot\market\Runtime\Cache\Admin\e79e415d33b727d66d78404b326bb62b.php 第 239 行.
NOTIC: [8] Undefined index: email D:\webroot\market\Runtime\Cache\Admin\e79e415d33b727d66d78404b326bb62b.php 第 243 行.
NOTIC: [8] Undefined index: level D:\webroot\market\Runtime\Cache\Admin\e79e415d33b727d66d78404b326bb62b.php 第 247 行.
NOTIC: [8] Undefined index: simulate_id D:\webroot\market\Runtime\Cache\Admin\e79e415d33b727d66d78404b326bb62b.php 第 251 行.
NOTIC: [8] Undefined index: text D:\webroot\market\Runtime\Cache\Admin\e79e415d33b727d66d78404b326bb62b.php 第 256 行.
NOTIC: [8] Undefined index: image D:\webroot\market\Runtime\Cache\Admin\e79e415d33b727d66d78404b326bb62b.php 第 265 行.
INFO: Run Behavior\ParseTemplateBehavior [ RunTime:0.029002s ]
INFO: [ view_parse ] --END-- [ RunTime:0.029002s ]
INFO: [ view_filter ] --START--
INFO: Run Behavior\WriteHtmlCacheBehavior [ RunTime:0.000000s ]
INFO: [ view_filter ] --END-- [ RunTime:0.001000s ]
INFO: [ app_end ] --START--
INFO: Run Behavior\ShowPageTraceBehavior [ RunTime:0.001000s ]
INFO: [ app_end ] --END-- [ RunTime:0.001000s ]

[ 2015-07-27T11:55:19+08:00 ] 192.168.150.10 /Admin/Capital/index.html
INFO: [ app_init ] --START--
INFO: Run Behavior\BuildLiteBehavior [ RunTime:0.000000s ]
INFO: [ app_init ] --END-- [ RunTime:0.000000s ]
INFO: [ app_begin ] --START--
INFO: Run Behavior\ReadHtmlCacheBehavior [ RunTime:0.001000s ]
INFO: [ app_begin ] --END-- [ RunTime:0.001000s ]
SQL: SHOW COLUMNS FROM `market_user_capital` [ RunTime:0.0030s ]
SQL: SELECT COUNT(*) AS tp_count FROM `market_user_capital` LIMIT 1   [ RunTime:0.0000s ]
SQL: SELECT * FROM `market_user_capital` ORDER BY id desc LIMIT 0,25   [ RunTime:0.0000s ]
INFO: [ view_parse ] --START--
NOTIC: [2] file_get_contents(./Application/Admin/View/Index/main.html): failed to open stream: No such file or directory D:\webroot\market\ThinkPHP\Library\Think\Template.class.php 第 696 行.
INFO: [ template_filter ] --START--
INFO: Run Behavior\ContentReplaceBehavior [ RunTime:0.000000s ]
INFO: [ template_filter ] --END-- [ RunTime:0.000000s ]
NOTIC: [8] A session had already been started - ignoring session_start() D:\webroot\market\Runtime\Cache\Admin\bd1add356aa3883bb93cb4d9e0cd802b.php 第 60 行.
NOTIC: [8] Undefined variable: active D:\webroot\market\Runtime\Cache\Admin\bd1add356aa3883bb93cb4d9e0cd802b.php 第 143 行.
NOTIC: [8] Undefined variable: admin D:\webroot\market\Runtime\Cache\Admin\bd1add356aa3883bb93cb4d9e0cd802b.php 第 146 行.
NOTIC: [8] Undefined variable: timeStart D:\webroot\market\Runtime\Cache\Admin\bd1add356aa3883bb93cb4d9e0cd802b.php 第 193 行.
NOTIC: [8] Undefined variable: timeEnd D:\webroot\market\Runtime\Cache\Admin\bd1add356aa3883bb93cb4d9e0cd802b.php 第 194 行.
NOTIC: [8] Undefined index: username D:\webroot\market\Runtime\Cache\Admin\bd1add356aa3883bb93cb4d9e0cd802b.php 第 241 行.
NOTIC: [8] Undefined index: username D:\webroot\market\Runtime\Cache\Admin\bd1add356aa3883bb93cb4d9e0cd802b.php 第 241 行.
NOTIC: [8] Undefined index: username D:\webroot\market\Runtime\Cache\Admin\bd1add356aa3883bb93cb4d9e0cd802b.php 第 241 行.
INFO: Run Behavior\ParseTemplateBehavior [ RunTime:0.021002s ]
INFO: [ view_parse ] --END-- [ RunTime:0.021002s ]
INFO: [ view_filter ] --START--
INFO: Run Behavior\WriteHtmlCacheBehavior [ RunTime:0.001000s ]
INFO: [ view_filter ] --END-- [ RunTime:0.001000s ]
INFO: [ app_end ] --START--
INFO: Run Behavior\ShowPageTraceBehavior [ RunTime:0.001000s ]
INFO: [ app_end ] --END-- [ RunTime:0.001000s ]

[ 2015-07-27T11:55:37+08:00 ] 192.168.150.10 /Admin/Capital/edit/id/22600008.html
INFO: [ app_init ] --START--
INFO: Run Behavior\BuildLiteBehavior [ RunTime:0.000000s ]
INFO: [ app_init ] --END-- [ RunTime:0.001000s ]
INFO: [ app_begin ] --START--
INFO: Run Behavior\ReadHtmlCacheBehavior [ RunTime:0.001000s ]
INFO: [ app_begin ] --END-- [ RunTime:0.001000s ]
SQL: SHOW COLUMNS FROM `market_user_capital` [ RunTime:0.0040s ]
SQL: SELECT * FROM `market_user_capital` WHERE `uid` = 22600008  [ RunTime:0.0010s ]
INFO: [ view_parse ] --START--
NOTIC: [2] file_get_contents(./Application/Admin/View/Index/main.html): failed to open stream: No such file or directory D:\webroot\market\ThinkPHP\Library\Think\Template.class.php 第 696 行.
INFO: [ template_filter ] --START--
INFO: Run Behavior\ContentReplaceBehavior [ RunTime:0.000000s ]
INFO: [ template_filter ] --END-- [ RunTime:0.001001s ]
NOTIC: [8] A session had already been started - ignoring session_start() D:\webroot\market\Runtime\Cache\Admin\e79e415d33b727d66d78404b326bb62b.php 第 60 行.
NOTIC: [8] Undefined variable: active D:\webroot\market\Runtime\Cache\Admin\e79e415d33b727d66d78404b326bb62b.php 第 143 行.
NOTIC: [8] Undefined variable: admin D:\webroot\market\Runtime\Cache\Admin\e79e415d33b727d66d78404b326bb62b.php 第 146 行.
NOTIC: [8] Undefined index: mobilephone D:\webroot\market\Runtime\Cache\Admin\e79e415d33b727d66d78404b326bb62b.php 第 239 行.
NOTIC: [8] Undefined index: email D:\webroot\market\Runtime\Cache\Admin\e79e415d33b727d66d78404b326bb62b.php 第 243 行.
NOTIC: [8] Undefined index: level D:\webroot\market\Runtime\Cache\Admin\e79e415d33b727d66d78404b326bb62b.php 第 247 行.
NOTIC: [8] Undefined index: simulate_id D:\webroot\market\Runtime\Cache\Admin\e79e415d33b727d66d78404b326bb62b.php 第 251 行.
NOTIC: [8] Undefined index: text D:\webroot\market\Runtime\Cache\Admin\e79e415d33b727d66d78404b326bb62b.php 第 256 行.
NOTIC: [8] Undefined index: image D:\webroot\market\Runtime\Cache\Admin\e79e415d33b727d66d78404b326bb62b.php 第 265 行.
INFO: Run Behavior\ParseTemplateBehavior [ RunTime:0.030002s ]
INFO: [ view_parse ] --END-- [ RunTime:0.030002s ]
INFO: [ view_filter ] --START--
INFO: Run Behavior\WriteHtmlCacheBehavior [ RunTime:0.001000s ]
INFO: [ view_filter ] --END-- [ RunTime:0.001000s ]
INFO: [ app_end ] --START--
INFO: Run Behavior\ShowPageTraceBehavior [ RunTime:0.001000s ]
INFO: [ app_end ] --END-- [ RunTime:0.001000s ]

[ 2015-07-27T11:55:42+08:00 ] 192.168.150.10 /Admin/Capital/index.html
INFO: [ app_init ] --START--
INFO: Run Behavior\BuildLiteBehavior [ RunTime:0.000000s ]
INFO: [ app_init ] --END-- [ RunTime:0.001000s ]
INFO: [ app_begin ] --START--
INFO: Run Behavior\ReadHtmlCacheBehavior [ RunTime:0.001000s ]
INFO: [ app_begin ] --END-- [ RunTime:0.001000s ]
SQL: SHOW COLUMNS FROM `market_user_capital` [ RunTime:0.0030s ]
SQL: SELECT COUNT(*) AS tp_count FROM `market_user_capital` LIMIT 1   [ RunTime:0.0000s ]
SQL: SELECT * FROM `market_user_capital` ORDER BY id desc LIMIT 0,25   [ RunTime:0.0000s ]
INFO: [ view_parse ] --START--
NOTIC: [2] file_get_contents(./Application/Admin/View/Index/main.html): failed to open stream: No such file or directory D:\webroot\market\ThinkPHP\Library\Think\Template.class.php 第 696 行.
INFO: [ template_filter ] --START--
INFO: Run Behavior\ContentReplaceBehavior [ RunTime:0.000000s ]
INFO: [ template_filter ] --END-- [ RunTime:0.000000s ]
NOTIC: [8] A session had already been started - ignoring session_start() D:\webroot\market\Runtime\Cache\Admin\bd1add356aa3883bb93cb4d9e0cd802b.php 第 60 行.
NOTIC: [8] Undefined variable: active D:\webroot\market\Runtime\Cache\Admin\bd1add356aa3883bb93cb4d9e0cd802b.php 第 143 行.
NOTIC: [8] Undefined variable: admin D:\webroot\market\Runtime\Cache\Admin\bd1add356aa3883bb93cb4d9e0cd802b.php 第 146 行.
NOTIC: [8] Undefined variable: timeStart D:\webroot\market\Runtime\Cache\Admin\bd1add356aa3883bb93cb4d9e0cd802b.php 第 193 行.
NOTIC: [8] Undefined variable: timeEnd D:\webroot\market\Runtime\Cache\Admin\bd1add356aa3883bb93cb4d9e0cd802b.php 第 194 行.
NOTIC: [8] Undefined index: username D:\webroot\market\Runtime\Cache\Admin\bd1add356aa3883bb93cb4d9e0cd802b.php 第 241 行.
NOTIC: [8] Undefined index: username D:\webroot\market\Runtime\Cache\Admin\bd1add356aa3883bb93cb4d9e0cd802b.php 第 241 行.
NOTIC: [8] Undefined index: username D:\webroot\market\Runtime\Cache\Admin\bd1add356aa3883bb93cb4d9e0cd802b.php 第 241 行.
INFO: Run Behavior\ParseTemplateBehavior [ RunTime:0.026001s ]
INFO: [ view_parse ] --END-- [ RunTime:0.026001s ]
INFO: [ view_filter ] --START--
INFO: Run Behavior\WriteHtmlCacheBehavior [ RunTime:0.000000s ]
INFO: [ view_filter ] --END-- [ RunTime:0.000000s ]
INFO: [ app_end ] --START--
INFO: Run Behavior\ShowPageTraceBehavior [ RunTime:0.001000s ]
INFO: [ app_end ] --END-- [ RunTime:0.001000s ]

[ 2015-07-27T11:55:44+08:00 ] 192.168.150.10 /Admin/Capital/edit/id/22600004.html
INFO: [ app_init ] --START--
INFO: Run Behavior\BuildLiteBehavior [ RunTime:0.000000s ]
INFO: [ app_init ] --END-- [ RunTime:0.001000s ]
INFO: [ app_begin ] --START--
INFO: Run Behavior\ReadHtmlCacheBehavior [ RunTime:0.001000s ]
INFO: [ app_begin ] --END-- [ RunTime:0.002000s ]
SQL: SHOW COLUMNS FROM `market_user_capital` [ RunTime:0.0030s ]
SQL: SELECT * FROM `market_user_capital` WHERE `uid` = 22600004  [ RunTime:0.0010s ]
INFO: [ view_parse ] --START--
NOTIC: [2] file_get_contents(./Application/Admin/View/Index/main.html): failed to open stream: No such file or directory D:\webroot\market\ThinkPHP\Library\Think\Template.class.php 第 696 行.
INFO: [ template_filter ] --START--
INFO: Run Behavior\ContentReplaceBehavior [ RunTime:0.001000s ]
INFO: [ template_filter ] --END-- [ RunTime:0.001000s ]
NOTIC: [8] A session had already been started - ignoring session_start() D:\webroot\market\Runtime\Cache\Admin\e79e415d33b727d66d78404b326bb62b.php 第 60 行.
NOTIC: [8] Undefined variable: active D:\webroot\market\Runtime\Cache\Admin\e79e415d33b727d66d78404b326bb62b.php 第 143 行.
NOTIC: [8] Undefined variable: admin D:\webroot\market\Runtime\Cache\Admin\e79e415d33b727d66d78404b326bb62b.php 第 146 行.
NOTIC: [8] Undefined index: mobilephone D:\webroot\market\Runtime\Cache\Admin\e79e415d33b727d66d78404b326bb62b.php 第 239 行.
NOTIC: [8] Undefined index: email D:\webroot\market\Runtime\Cache\Admin\e79e415d33b727d66d78404b326bb62b.php 第 243 行.
NOTIC: [8] Undefined index: level D:\webroot\market\Runtime\Cache\Admin\e79e415d33b727d66d78404b326bb62b.php 第 247 行.
NOTIC: [8] Undefined index: simulate_id D:\webroot\market\Runtime\Cache\Admin\e79e415d33b727d66d78404b326bb62b.php 第 251 行.
NOTIC: [8] Undefined index: text D:\webroot\market\Runtime\Cache\Admin\e79e415d33b727d66d78404b326bb62b.php 第 256 行.
NOTIC: [8] Undefined index: image D:\webroot\market\Runtime\Cache\Admin\e79e415d33b727d66d78404b326bb62b.php 第 265 行.
INFO: Run Behavior\ParseTemplateBehavior [ RunTime:0.035002s ]
INFO: [ view_parse ] --END-- [ RunTime:0.036002s ]
INFO: [ view_filter ] --START--
INFO: Run Behavior\WriteHtmlCacheBehavior [ RunTime:0.000000s ]
INFO: [ view_filter ] --END-- [ RunTime:0.000000s ]
INFO: [ app_end ] --START--
INFO: Run Behavior\ShowPageTraceBehavior [ RunTime:0.000000s ]
INFO: [ app_end ] --END-- [ RunTime:0.000000s ]

[ 2015-07-27T11:55:47+08:00 ] 192.168.150.10 /Admin/Capital/index.html
INFO: [ app_init ] --START--
INFO: Run Behavior\BuildLiteBehavior [ RunTime:0.000000s ]
INFO: [ app_init ] --END-- [ RunTime:0.000000s ]
INFO: [ app_begin ] --START--
INFO: Run Behavior\ReadHtmlCacheBehavior [ RunTime:0.001001s ]
INFO: [ app_begin ] --END-- [ RunTime:0.001001s ]
SQL: SHOW COLUMNS FROM `market_user_capital` [ RunTime:0.0030s ]
SQL: SELECT COUNT(*) AS tp_count FROM `market_user_capital` LIMIT 1   [ RunTime:0.0000s ]
SQL: SELECT * FROM `market_user_capital` ORDER BY id desc LIMIT 0,25   [ RunTime:0.0000s ]
INFO: [ view_parse ] --START--
NOTIC: [2] file_get_contents(./Application/Admin/View/Index/main.html): failed to open stream: No such file or directory D:\webroot\market\ThinkPHP\Library\Think\Template.class.php 第 696 行.
INFO: [ template_filter ] --START--
INFO: Run Behavior\ContentReplaceBehavior [ RunTime:0.000000s ]
INFO: [ template_filter ] --END-- [ RunTime:0.000000s ]
NOTIC: [8] A session had already been started - ignoring session_start() D:\webroot\market\Runtime\Cache\Admin\bd1add356aa3883bb93cb4d9e0cd802b.php 第 60 行.
NOTIC: [8] Undefined variable: active D:\webroot\market\Runtime\Cache\Admin\bd1add356aa3883bb93cb4d9e0cd802b.php 第 143 行.
NOTIC: [8] Undefined variable: admin D:\webroot\market\Runtime\Cache\Admin\bd1add356aa3883bb93cb4d9e0cd802b.php 第 146 行.
NOTIC: [8] Undefined variable: timeStart D:\webroot\market\Runtime\Cache\Admin\bd1add356aa3883bb93cb4d9e0cd802b.php 第 193 行.
NOTIC: [8] Undefined variable: timeEnd D:\webroot\market\Runtime\Cache\Admin\bd1add356aa3883bb93cb4d9e0cd802b.php 第 194 行.
NOTIC: [8] Undefined index: username D:\webroot\market\Runtime\Cache\Admin\bd1add356aa3883bb93cb4d9e0cd802b.php 第 241 行.
NOTIC: [8] Undefined index: username D:\webroot\market\Runtime\Cache\Admin\bd1add356aa3883bb93cb4d9e0cd802b.php 第 241 行.
NOTIC: [8] Undefined index: username D:\webroot\market\Runtime\Cache\Admin\bd1add356aa3883bb93cb4d9e0cd802b.php 第 241 行.
INFO: Run Behavior\ParseTemplateBehavior [ RunTime:0.026001s ]
INFO: [ view_parse ] --END-- [ RunTime:0.026001s ]
INFO: [ view_filter ] --START--
INFO: Run Behavior\WriteHtmlCacheBehavior [ RunTime:0.001000s ]
INFO: [ view_filter ] --END-- [ RunTime:0.001000s ]
INFO: [ app_end ] --START--
INFO: Run Behavior\ShowPageTraceBehavior [ RunTime:0.001000s ]
INFO: [ app_end ] --END-- [ RunTime:0.001000s ]

[ 2015-07-27T11:55:59+08:00 ] 192.168.150.10 /Admin/Capital/edit/id/22600026.html
INFO: [ app_init ] --START--
INFO: Run Behavior\BuildLiteBehavior [ RunTime:0.000000s ]
INFO: [ app_init ] --END-- [ RunTime:0.001000s ]
INFO: [ app_begin ] --START--
INFO: Run Behavior\ReadHtmlCacheBehavior [ RunTime:0.001001s ]
INFO: [ app_begin ] --END-- [ RunTime:0.001001s ]
SQL: SHOW COLUMNS FROM `market_user_capital` [ RunTime:0.0040s ]
SQL: SELECT * FROM `market_user_capital` WHERE `uid` = 22600026  [ RunTime:0.0000s ]
INFO: [ view_parse ] --START--
NOTIC: [2] file_get_contents(./Application/Admin/View/Index/main.html): failed to open stream: No such file or directory D:\webroot\market\ThinkPHP\Library\Think\Template.class.php 第 696 行.
INFO: [ template_filter ] --START--
INFO: Run Behavior\ContentReplaceBehavior [ RunTime:0.000000s ]
INFO: [ template_filter ] --END-- [ RunTime:0.000000s ]
NOTIC: [8] A session had already been started - ignoring session_start() D:\webroot\market\Runtime\Cache\Admin\e79e415d33b727d66d78404b326bb62b.php 第 60 行.
NOTIC: [8] Undefined variable: active D:\webroot\market\Runtime\Cache\Admin\e79e415d33b727d66d78404b326bb62b.php 第 143 行.
NOTIC: [8] Undefined variable: admin D:\webroot\market\Runtime\Cache\Admin\e79e415d33b727d66d78404b326bb62b.php 第 146 行.
NOTIC: [8] Undefined index: mobilephone D:\webroot\market\Runtime\Cache\Admin\e79e415d33b727d66d78404b326bb62b.php 第 239 行.
NOTIC: [8] Undefined index: email D:\webroot\market\Runtime\Cache\Admin\e79e415d33b727d66d78404b326bb62b.php 第 243 行.
NOTIC: [8] Undefined index: level D:\webroot\market\Runtime\Cache\Admin\e79e415d33b727d66d78404b326bb62b.php 第 247 行.
NOTIC: [8] Undefined index: simulate_id D:\webroot\market\Runtime\Cache\Admin\e79e415d33b727d66d78404b326bb62b.php 第 251 行.
NOTIC: [8] Undefined index: text D:\webroot\market\Runtime\Cache\Admin\e79e415d33b727d66d78404b326bb62b.php 第 256 行.
NOTIC: [8] Undefined index: image D:\webroot\market\Runtime\Cache\Admin\e79e415d33b727d66d78404b326bb62b.php 第 265 行.
INFO: Run Behavior\ParseTemplateBehavior [ RunTime:0.029001s ]
INFO: [ view_parse ] --END-- [ RunTime:0.029001s ]
INFO: [ view_filter ] --START--
INFO: Run Behavior\WriteHtmlCacheBehavior [ RunTime:0.000000s ]
INFO: [ view_filter ] --END-- [ RunTime:0.000000s ]
INFO: [ app_end ] --START--
INFO: Run Behavior\ShowPageTraceBehavior [ RunTime:0.000000s ]
INFO: [ app_end ] --END-- [ RunTime:0.000000s ]

[ 2015-07-27T11:56:03+08:00 ] 192.168.150.10 /Admin/Capital/index.html
INFO: [ app_init ] --START--
INFO: Run Behavior\BuildLiteBehavior [ RunTime:0.000000s ]
INFO: [ app_init ] --END-- [ RunTime:0.001000s ]
INFO: [ app_begin ] --START--
INFO: Run Behavior\ReadHtmlCacheBehavior [ RunTime:0.001000s ]
INFO: [ app_begin ] --END-- [ RunTime:0.001000s ]
SQL: SHOW COLUMNS FROM `market_user_capital` [ RunTime:0.0030s ]
SQL: SELECT COUNT(*) AS tp_count FROM `market_user_capital` LIMIT 1   [ RunTime:0.0000s ]
SQL: SELECT * FROM `market_user_capital` ORDER BY id desc LIMIT 0,25   [ RunTime:0.0000s ]
INFO: [ view_parse ] --START--
NOTIC: [2] file_get_contents(./Application/Admin/View/Index/main.html): failed to open stream: No such file or directory D:\webroot\market\ThinkPHP\Library\Think\Template.class.php 第 696 行.
INFO: [ template_filter ] --START--
INFO: Run Behavior\ContentReplaceBehavior [ RunTime:0.001000s ]
INFO: [ template_filter ] --END-- [ RunTime:0.001000s ]
NOTIC: [8] A session had already been started - ignoring session_start() D:\webroot\market\Runtime\Cache\Admin\bd1add356aa3883bb93cb4d9e0cd802b.php 第 60 行.
NOTIC: [8] Undefined variable: active D:\webroot\market\Runtime\Cache\Admin\bd1add356aa3883bb93cb4d9e0cd802b.php 第 143 行.
NOTIC: [8] Undefined variable: admin D:\webroot\market\Runtime\Cache\Admin\bd1add356aa3883bb93cb4d9e0cd802b.php 第 146 行.
NOTIC: [8] Undefined variable: timeStart D:\webroot\market\Runtime\Cache\Admin\bd1add356aa3883bb93cb4d9e0cd802b.php 第 193 行.
NOTIC: [8] Undefined variable: timeEnd D:\webroot\market\Runtime\Cache\Admin\bd1add356aa3883bb93cb4d9e0cd802b.php 第 194 行.
NOTIC: [8] Undefined index: username D:\webroot\market\Runtime\Cache\Admin\bd1add356aa3883bb93cb4d9e0cd802b.php 第 241 行.
NOTIC: [8] Undefined index: username D:\webroot\market\Runtime\Cache\Admin\bd1add356aa3883bb93cb4d9e0cd802b.php 第 241 行.
NOTIC: [8] Undefined index: username D:\webroot\market\Runtime\Cache\Admin\bd1add356aa3883bb93cb4d9e0cd802b.php 第 241 行.
INFO: Run Behavior\ParseTemplateBehavior [ RunTime:0.026002s ]
INFO: [ view_parse ] --END-- [ RunTime:0.026002s ]
INFO: [ view_filter ] --START--
INFO: Run Behavior\WriteHtmlCacheBehavior [ RunTime:0.001000s ]
INFO: [ view_filter ] --END-- [ RunTime:0.001000s ]
INFO: [ app_end ] --START--
INFO: Run Behavior\ShowPageTraceBehavior [ RunTime:0.001000s ]
INFO: [ app_end ] --END-- [ RunTime:0.001000s ]

[ 2015-07-27T11:56:10+08:00 ] 192.168.150.10 /Admin/Capital/edit/id/22600026.html
INFO: [ app_init ] --START--
INFO: Run Behavior\BuildLiteBehavior [ RunTime:0.000000s ]
INFO: [ app_init ] --END-- [ RunTime:0.000000s ]
INFO: [ app_begin ] --START--
INFO: Run Behavior\ReadHtmlCacheBehavior [ RunTime:0.001000s ]
INFO: [ app_begin ] --END-- [ RunTime:0.001000s ]
SQL: SHOW COLUMNS FROM `market_user_capital` [ RunTime:0.0030s ]
SQL: SELECT * FROM `market_user_capital` WHERE `uid` = 22600026  [ RunTime:0.0000s ]
INFO: [ view_parse ] --START--
NOTIC: [2] file_get_contents(./Application/Admin/View/Index/main.html): failed to open stream: No such file or directory D:\webroot\market\ThinkPHP\Library\Think\Template.class.php 第 696 行.
INFO: [ template_filter ] --START--
INFO: Run Behavior\ContentReplaceBehavior [ RunTime:0.001000s ]
INFO: [ template_filter ] --END-- [ RunTime:0.001000s ]
NOTIC: [8] A session had already been started - ignoring session_start() D:\webroot\market\Runtime\Cache\Admin\e79e415d33b727d66d78404b326bb62b.php 第 60 行.
NOTIC: [8] Undefined variable: active D:\webroot\market\Runtime\Cache\Admin\e79e415d33b727d66d78404b326bb62b.php 第 143 行.
NOTIC: [8] Undefined variable: admin D:\webroot\market\Runtime\Cache\Admin\e79e415d33b727d66d78404b326bb62b.php 第 146 行.
NOTIC: [8] Undefined index: mobilephone D:\webroot\market\Runtime\Cache\Admin\e79e415d33b727d66d78404b326bb62b.php 第 239 行.
NOTIC: [8] Undefined index: email D:\webroot\market\Runtime\Cache\Admin\e79e415d33b727d66d78404b326bb62b.php 第 243 行.
NOTIC: [8] Undefined index: level D:\webroot\market\Runtime\Cache\Admin\e79e415d33b727d66d78404b326bb62b.php 第 247 行.
NOTIC: [8] Undefined index: simulate_id D:\webroot\market\Runtime\Cache\Admin\e79e415d33b727d66d78404b326bb62b.php 第 251 行.
NOTIC: [8] Undefined index: text D:\webroot\market\Runtime\Cache\Admin\e79e415d33b727d66d78404b326bb62b.php 第 256 行.
NOTIC: [8] Undefined index: image D:\webroot\market\Runtime\Cache\Admin\e79e415d33b727d66d78404b326bb62b.php 第 265 行.
INFO: Run Behavior\ParseTemplateBehavior [ RunTime:0.023001s ]
INFO: [ view_parse ] --END-- [ RunTime:0.023001s ]
INFO: [ view_filter ] --START--
INFO: Run Behavior\WriteHtmlCacheBehavior [ RunTime:0.000000s ]
INFO: [ view_filter ] --END-- [ RunTime:0.000000s ]
INFO: [ app_end ] --START--
INFO: Run Behavior\ShowPageTraceBehavior [ RunTime:0.001001s ]
INFO: [ app_end ] --END-- [ RunTime:0.001001s ]

[ 2015-07-27T11:56:20+08:00 ] 192.168.150.10 /Admin/Capital/index.html
INFO: [ app_init ] --START--
INFO: Run Behavior\BuildLiteBehavior [ RunTime:0.000000s ]
INFO: [ app_init ] --END-- [ RunTime:0.001000s ]
INFO: [ app_begin ] --START--
INFO: Run Behavior\ReadHtmlCacheBehavior [ RunTime:0.002000s ]
INFO: [ app_begin ] --END-- [ RunTime:0.002000s ]
SQL: SHOW COLUMNS FROM `market_user_capital` [ RunTime:0.0020s ]
SQL: SELECT COUNT(*) AS tp_count FROM `market_user_capital` LIMIT 1   [ RunTime:0.0000s ]
SQL: SELECT * FROM `market_user_capital` ORDER BY id desc LIMIT 0,25   [ RunTime:0.0000s ]
INFO: [ view_parse ] --START--
NOTIC: [2] file_get_contents(./Application/Admin/View/Index/main.html): failed to open stream: No such file or directory D:\webroot\market\ThinkPHP\Library\Think\Template.class.php 第 696 行.
INFO: [ template_filter ] --START--
INFO: Run Behavior\ContentReplaceBehavior [ RunTime:0.000000s ]
INFO: [ template_filter ] --END-- [ RunTime:0.000000s ]
NOTIC: [8] A session had already been started - ignoring session_start() D:\webroot\market\Runtime\Cache\Admin\bd1add356aa3883bb93cb4d9e0cd802b.php 第 60 行.
NOTIC: [8] Undefined variable: active D:\webroot\market\Runtime\Cache\Admin\bd1add356aa3883bb93cb4d9e0cd802b.php 第 143 行.
NOTIC: [8] Undefined variable: admin D:\webroot\market\Runtime\Cache\Admin\bd1add356aa3883bb93cb4d9e0cd802b.php 第 146 行.
NOTIC: [8] Undefined variable: timeStart D:\webroot\market\Runtime\Cache\Admin\bd1add356aa3883bb93cb4d9e0cd802b.php 第 193 行.
NOTIC: [8] Undefined variable: timeEnd D:\webroot\market\Runtime\Cache\Admin\bd1add356aa3883bb93cb4d9e0cd802b.php 第 194 行.
NOTIC: [8] Undefined index: username D:\webroot\market\Runtime\Cache\Admin\bd1add356aa3883bb93cb4d9e0cd802b.php 第 241 行.
NOTIC: [8] Undefined index: username D:\webroot\market\Runtime\Cache\Admin\bd1add356aa3883bb93cb4d9e0cd802b.php 第 241 行.
NOTIC: [8] Undefined index: username D:\webroot\market\Runtime\Cache\Admin\bd1add356aa3883bb93cb4d9e0cd802b.php 第 241 行.
INFO: Run Behavior\ParseTemplateBehavior [ RunTime:0.029002s ]
INFO: [ view_parse ] --END-- [ RunTime:0.029002s ]
INFO: [ view_filter ] --START--
INFO: Run Behavior\WriteHtmlCacheBehavior [ RunTime:0.001000s ]
INFO: [ view_filter ] --END-- [ RunTime:0.001000s ]
INFO: [ app_end ] --START--
INFO: Run Behavior\ShowPageTraceBehavior [ RunTime:0.002000s ]
INFO: [ app_end ] --END-- [ RunTime:0.002000s ]

[ 2015-07-27T11:59:10+08:00 ] 192.168.150.10 /Admin/Capital/index.html
INFO: [ app_init ] --START--
INFO: Run Behavior\BuildLiteBehavior [ RunTime:0.000000s ]
INFO: [ app_init ] --END-- [ RunTime:0.000000s ]
INFO: [ app_begin ] --START--
INFO: Run Behavior\ReadHtmlCacheBehavior [ RunTime:0.001000s ]
INFO: [ app_begin ] --END-- [ RunTime:0.001000s ]
SQL: SHOW COLUMNS FROM `market_user_capital` [ RunTime:0.0020s ]
SQL: SELECT COUNT(*) AS tp_count FROM `market_user_capital` LIMIT 1   [ RunTime:0.0000s ]
SQL: SELECT * FROM `market_user_capital` ORDER BY id desc LIMIT 0,25   [ RunTime:0.0000s ]
INFO: [ view_parse ] --START--
NOTIC: [2] file_get_contents(./Application/Admin/View/Index/main.html): failed to open stream: No such file or directory D:\webroot\market\ThinkPHP\Library\Think\Template.class.php 第 696 行.
INFO: [ template_filter ] --START--
INFO: Run Behavior\ContentReplaceBehavior [ RunTime:0.001000s ]
INFO: [ template_filter ] --END-- [ RunTime:0.001000s ]
NOTIC: [8] A session had already been started - ignoring session_start() D:\webroot\market\Runtime\Cache\Admin\bd1add356aa3883bb93cb4d9e0cd802b.php 第 60 行.
NOTIC: [8] Undefined variable: active D:\webroot\market\Runtime\Cache\Admin\bd1add356aa3883bb93cb4d9e0cd802b.php 第 143 行.
NOTIC: [8] Undefined variable: admin D:\webroot\market\Runtime\Cache\Admin\bd1add356aa3883bb93cb4d9e0cd802b.php 第 146 行.
NOTIC: [8] Undefined variable: timeStart D:\webroot\market\Runtime\Cache\Admin\bd1add356aa3883bb93cb4d9e0cd802b.php 第 193 行.
NOTIC: [8] Undefined variable: timeEnd D:\webroot\market\Runtime\Cache\Admin\bd1add356aa3883bb93cb4d9e0cd802b.php 第 194 行.
NOTIC: [8] Undefined index: username D:\webroot\market\Runtime\Cache\Admin\bd1add356aa3883bb93cb4d9e0cd802b.php 第 241 行.
NOTIC: [8] Undefined index: username D:\webroot\market\Runtime\Cache\Admin\bd1add356aa3883bb93cb4d9e0cd802b.php 第 241 行.
NOTIC: [8] Undefined index: username D:\webroot\market\Runtime\Cache\Admin\bd1add356aa3883bb93cb4d9e0cd802b.php 第 241 行.
INFO: Run Behavior\ParseTemplateBehavior [ RunTime:0.023002s ]
INFO: [ view_parse ] --END-- [ RunTime:0.023002s ]
INFO: [ view_filter ] --START--
INFO: Run Behavior\WriteHtmlCacheBehavior [ RunTime:0.001000s ]
INFO: [ view_filter ] --END-- [ RunTime:0.001000s ]
INFO: [ app_end ] --START--
INFO: Run Behavior\ShowPageTraceBehavior [ RunTime:0.001000s ]
INFO: [ app_end ] --END-- [ RunTime:0.001000s ]

[ 2015-07-27T12:04:29+08:00 ] 192.168.150.10 /Admin/Capital/index.html
INFO: [ app_init ] --START--
INFO: Run Behavior\BuildLiteBehavior [ RunTime:0.000000s ]
INFO: [ app_init ] --END-- [ RunTime:0.001000s ]
INFO: [ app_begin ] --START--
INFO: Run Behavior\ReadHtmlCacheBehavior [ RunTime:0.001000s ]
INFO: [ app_begin ] --END-- [ RunTime:0.001000s ]
SQL: SHOW COLUMNS FROM `market_user_capital` [ RunTime:0.0040s ]
SQL: SELECT COUNT(*) AS tp_count FROM `market_user_capital` LIMIT 1   [ RunTime:0.0000s ]
SQL: SELECT * FROM `market_user_capital` ORDER BY id desc LIMIT 0,25   [ RunTime:0.0000s ]
INFO: [ view_parse ] --START--
NOTIC: [2] file_get_contents(./Application/Admin/View/Index/main.html): failed to open stream: No such file or directory D:\webroot\market\ThinkPHP\Library\Think\Template.class.php 第 696 行.
INFO: [ template_filter ] --START--
INFO: Run Behavior\ContentReplaceBehavior [ RunTime:0.001000s ]
INFO: [ template_filter ] --END-- [ RunTime:0.001000s ]
NOTIC: [8] A session had already been started - ignoring session_start() D:\webroot\market\Runtime\Cache\Admin\bd1add356aa3883bb93cb4d9e0cd802b.php 第 60 行.
NOTIC: [8] Undefined variable: active D:\webroot\market\Runtime\Cache\Admin\bd1add356aa3883bb93cb4d9e0cd802b.php 第 143 行.
NOTIC: [8] Undefined variable: admin D:\webroot\market\Runtime\Cache\Admin\bd1add356aa3883bb93cb4d9e0cd802b.php 第 146 行.
NOTIC: [8] Undefined variable: timeStart D:\webroot\market\Runtime\Cache\Admin\bd1add356aa3883bb93cb4d9e0cd802b.php 第 193 行.
NOTIC: [8] Undefined variable: timeEnd D:\webroot\market\Runtime\Cache\Admin\bd1add356aa3883bb93cb4d9e0cd802b.php 第 194 行.
NOTIC: [8] Undefined index: username D:\webroot\market\Runtime\Cache\Admin\bd1add356aa3883bb93cb4d9e0cd802b.php 第 241 行.
NOTIC: [8] Undefined index: username D:\webroot\market\Runtime\Cache\Admin\bd1add356aa3883bb93cb4d9e0cd802b.php 第 241 行.
NOTIC: [8] Undefined index: username D:\webroot\market\Runtime\Cache\Admin\bd1add356aa3883bb93cb4d9e0cd802b.php 第 241 行.
INFO: Run Behavior\ParseTemplateBehavior [ RunTime:0.032001s ]
INFO: [ view_parse ] --END-- [ RunTime:0.032001s ]
INFO: [ view_filter ] --START--
INFO: Run Behavior\WriteHtmlCacheBehavior [ RunTime:0.001001s ]
INFO: [ view_filter ] --END-- [ RunTime:0.001001s ]
INFO: [ app_end ] --START--
INFO: Run Behavior\ShowPageTraceBehavior [ RunTime:0.001000s ]
INFO: [ app_end ] --END-- [ RunTime:0.002000s ]

[ 2015-07-27T13:31:14+08:00 ] 192.168.150.10 /Admin/Capital/index.html
INFO: [ app_init ] --START--
INFO: Run Behavior\BuildLiteBehavior [ RunTime:0.000000s ]
INFO: [ app_init ] --END-- [ RunTime:0.000000s ]
INFO: [ app_begin ] --START--
INFO: Run Behavior\ReadHtmlCacheBehavior [ RunTime:0.001000s ]
INFO: [ app_begin ] --END-- [ RunTime:0.001000s ]
SQL: SHOW COLUMNS FROM `market_admin_user` [ RunTime:0.0110s ]
SQL: SELECT * FROM `market_admin_user` WHERE `username` = 'admin' LIMIT 1   [ RunTime:0.0000s ]
SQL: SHOW COLUMNS FROM `market_user_capital` [ RunTime:0.0010s ]
SQL: SELECT COUNT(*) AS tp_count FROM `market_user_capital` LIMIT 1   [ RunTime:0.0000s ]
SQL: SELECT * FROM `market_user_capital` ORDER BY id desc LIMIT 0,25   [ RunTime:0.0000s ]
INFO: [ view_parse ] --START--
NOTIC: [2] file_get_contents(./Application/Admin/View/Index/main.html): failed to open stream: No such file or directory D:\webroot\market\ThinkPHP\Library\Think\Template.class.php 第 696 行.
INFO: [ template_filter ] --START--
INFO: Run Behavior\ContentReplaceBehavior [ RunTime:0.001000s ]
INFO: [ template_filter ] --END-- [ RunTime:0.001000s ]
NOTIC: [8] A session had already been started - ignoring session_start() D:\webroot\market\Runtime\Cache\Admin\bd1add356aa3883bb93cb4d9e0cd802b.php 第 60 行.
NOTIC: [8] Undefined variable: active D:\webroot\market\Runtime\Cache\Admin\bd1add356aa3883bb93cb4d9e0cd802b.php 第 143 行.
NOTIC: [8] Undefined variable: admin D:\webroot\market\Runtime\Cache\Admin\bd1add356aa3883bb93cb4d9e0cd802b.php 第 146 行.
NOTIC: [8] Undefined variable: timeStart D:\webroot\market\Runtime\Cache\Admin\bd1add356aa3883bb93cb4d9e0cd802b.php 第 193 行.
NOTIC: [8] Undefined variable: timeEnd D:\webroot\market\Runtime\Cache\Admin\bd1add356aa3883bb93cb4d9e0cd802b.php 第 194 行.
NOTIC: [8] Undefined index: username D:\webroot\market\Runtime\Cache\Admin\bd1add356aa3883bb93cb4d9e0cd802b.php 第 241 行.
NOTIC: [8] Undefined index: username D:\webroot\market\Runtime\Cache\Admin\bd1add356aa3883bb93cb4d9e0cd802b.php 第 241 行.
NOTIC: [8] Undefined index: username D:\webroot\market\Runtime\Cache\Admin\bd1add356aa3883bb93cb4d9e0cd802b.php 第 241 行.
NOTIC: [8] Undefined index: username D:\webroot\market\Runtime\Cache\Admin\bd1add356aa3883bb93cb4d9e0cd802b.php 第 241 行.
INFO: Run Behavior\ParseTemplateBehavior [ RunTime:0.050003s ]
INFO: [ view_parse ] --END-- [ RunTime:0.050003s ]
INFO: [ view_filter ] --START--
INFO: Run Behavior\WriteHtmlCacheBehavior [ RunTime:0.001000s ]
INFO: [ view_filter ] --END-- [ RunTime:0.001000s ]
INFO: [ app_end ] --START--
INFO: Run Behavior\ShowPageTraceBehavior [ RunTime:0.000000s ]
INFO: [ app_end ] --END-- [ RunTime:0.000000s ]

