[ 2015-07-07T10:19:30+08:00 ] 192.168.150.116 /index.php/Mobile/Capital/index
INFO: [ app_init ] --START--
INFO: Run Behavior\BuildLiteBehavior [ RunTime:0.000000s ]
INFO: [ app_init ] --END-- [ RunTime:0.001000s ]
INFO: [ app_begin ] --START--
INFO: Run Behavior\ReadHtmlCacheBehavior [ RunTime:0.001001s ]
INFO: [ app_begin ] --END-- [ RunTime:0.001001s ]
SQL: SHOW COLUMNS FROM `market_user_capital` [ RunTime:0.0070s ]
SQL: SELECT * FROM `market_user_capital` WHERE ( uid=22600004 )  [ RunTime:0.0000s ]
NOTIC: [8] Undefined offset: 0 D:\webroot\market\Application\Mobile\Controller\CapitalController.class.php 第 45 行.
NOTIC: [8] Undefined offset: 0 D:\webroot\market\Application\Mobile\Controller\CapitalController.class.php 第 46 行.
NOTIC: [8] Undefined offset: 0 D:\webroot\market\Application\Mobile\Controller\CapitalController.class.php 第 47 行.
NOTIC: [8] Undefined offset: 0 D:\webroot\market\Application\Mobile\Controller\CapitalController.class.php 第 48 行.
NOTIC: [8] Undefined offset: 0 D:\webroot\market\Application\Mobile\Controller\CapitalController.class.php 第 49 行.
NOTIC: [8] Undefined offset: 0 D:\webroot\market\Application\Mobile\Controller\CapitalController.class.php 第 50 行.
INFO: [ app_end ] --START--
INFO: Run Behavior\ShowPageTraceBehavior [ RunTime:0.001000s ]
INFO: [ app_end ] --END-- [ RunTime:0.001000s ]

[ 2015-07-07T10:21:33+08:00 ] 192.168.150.116 /index.php/Mobile/Capital/positionsDetail
INFO: [ app_init ] --START--
INFO: Run Behavior\BuildLiteBehavior [ RunTime:0.000000s ]
INFO: [ app_init ] --END-- [ RunTime:0.001000s ]
INFO: [ app_begin ] --START--
INFO: Run Behavior\ReadHtmlCacheBehavior [ RunTime:0.002000s ]
INFO: [ app_begin ] --END-- [ RunTime:0.002000s ]
SQL: SHOW COLUMNS FROM `market_positions_detail` [ RunTime:0.0080s ]
SQL: SELECT * FROM `market_positions_detail` WHERE `uid` = 22600004 AND `freeze_uccupy` IS NULL ORDER BY id desc  [ RunTime:0.0000s ]
INFO: [ app_end ] --START--
INFO: Run Behavior\ShowPageTraceBehavior [ RunTime:0.002000s ]
INFO: [ app_end ] --END-- [ RunTime:0.002000s ]

[ 2015-07-07T10:21:35+08:00 ] 192.168.150.116 /index.php/Mobile/Capital/totalPositions
INFO: [ app_init ] --START--
INFO: Run Behavior\BuildLiteBehavior [ RunTime:0.000000s ]
INFO: [ app_init ] --END-- [ RunTime:0.001000s ]
INFO: [ app_begin ] --START--
INFO: Run Behavior\ReadHtmlCacheBehavior [ RunTime:0.001000s ]
INFO: [ app_begin ] --END-- [ RunTime:0.001000s ]
SQL: SHOW COLUMNS FROM `market_positions_detail` [ RunTime:0.0070s ]
SQL: SELECT * FROM `market_positions_detail` WHERE `direction` = '卖' AND `uid` = 22600004 AND `freeze_uccupy` IS NULL ORDER BY id desc  [ RunTime:0.0000s ]
SQL: SELECT COUNT(*) AS tp_count FROM `market_positions_detail` WHERE `direction` = '卖' AND `uid` = 22600004 AND `freeze_uccupy` IS NULL ORDER BY id desc LIMIT 1   [ RunTime:0.0000s ]
NOTIC: [2] Division by zero D:\webroot\market\Application\Mobile\Controller\CapitalController.class.php 第 192 行.
SQL: SELECT * FROM `market_positions_detail` WHERE `direction` = '买' AND `uid` = 22600004 AND `freeze_uccupy` IS NULL ORDER BY id desc  [ RunTime:0.0000s ]
SQL: SELECT COUNT(*) AS tp_count FROM `market_positions_detail` WHERE `direction` = '买' AND `uid` = 22600004 AND `freeze_uccupy` IS NULL ORDER BY id desc LIMIT 1   [ RunTime:0.0000s ]
NOTIC: [2] Division by zero D:\webroot\market\Application\Mobile\Controller\CapitalController.class.php 第 212 行.
INFO: [ app_end ] --START--
INFO: Run Behavior\ShowPageTraceBehavior [ RunTime:0.002000s ]
INFO: [ app_end ] --END-- [ RunTime:0.002000s ]

[ 2015-07-07T10:21:37+08:00 ] 192.168.150.116 /index.php/Mobile/Index/createPrice
INFO: [ app_init ] --START--
INFO: Run Behavior\BuildLiteBehavior [ RunTime:0.000000s ]
INFO: [ app_init ] --END-- [ RunTime:0.001000s ]
INFO: [ app_begin ] --START--
INFO: Run Behavior\ReadHtmlCacheBehavior [ RunTime:0.001000s ]
INFO: [ app_begin ] --END-- [ RunTime:0.002000s ]
SQL: SHOW COLUMNS FROM `market_user_capital` [ RunTime:0.0060s ]
SQL: SHOW COLUMNS FROM `market_positions_detail` [ RunTime:0.0060s ]
SQL: SHOW COLUMNS FROM `market_today_price` [ RunTime:0.0070s ]
SQL: SHOW COLUMNS FROM `market_history_price` [ RunTime:0.0070s ]
SQL: SELECT * FROM `market_user_capital` WHERE ( uid=22600004 )  [ RunTime:0.0000s ]
NOTIC: [8] Undefined offset: 0 D:\webroot\market\Application\Mobile\Controller\IndexController.class.php 第 231 行.
NOTIC: [8] Undefined offset: 0 D:\webroot\market\Application\Mobile\Controller\IndexController.class.php 第 232 行.
NOTIC: [8] Undefined offset: 0 D:\webroot\market\Application\Mobile\Controller\IndexController.class.php 第 233 行.
SQL: SHOW COLUMNS FROM `market_positions_number` [ RunTime:0.1650s ]
SQL: SELECT * FROM `market_positions_number` WHERE `uid` IS NULL LIMIT 1   [ RunTime:0.0010s ]
SQL: UPDATE `market_positions_number` SET `uid`='22600004' WHERE ( positions_number=1 ) [ RunTime:0.0010s ]
SQL: INSERT INTO `market_positions_number` (`time`) VALUES ('1436235697') [ RunTime:0.0010s ]
SQL: INSERT INTO `market_history_price` (`uid`,`time`,`good_name`,`direction`,`price`,`number`,`status`,`loss`,`profit`,`positions_number`) VALUES ('22600004','1436235697','现货白银','买','3194','0','委托','200','200','22610001') [ RunTime:0.0010s ]
SQL: INSERT INTO `market_today_price` (`uid`,`time`,`good_name`,`direction`,`price`,`number`,`status`,`type`,`freeze_uccupy`,`loss`,`profit`,`positions_number`) VALUES ('22600004','1436235697','现货白银','买','3194','0','委托','建仓','0','200','200','22610001') [ RunTime:0.0010s ]
SQL: INSERT INTO `market_positions_detail` (`freeze_uccupy`,`uid`,`time`,`positions_number`,`type`,`good_name`,`commission`,`direction`,`positions_price`,`number`,`pip`,`loss`,`profit`) VALUES ('0','22600004','1436235697','22610001','指价','现货白银','0.08','买','3194','0','0','200','200') [ RunTime:0.0000s ]
SQL: UPDATE `market_user_capital` SET `usable_margin`='0',`freeze_margin`='0' WHERE ( uid=22600004 ) [ RunTime:0.0000s ]
INFO: [ app_end ] --START--
INFO: Run Behavior\ShowPageTraceBehavior [ RunTime:0.002001s ]
INFO: [ app_end ] --END-- [ RunTime:0.002001s ]

[ 2015-07-07T10:21:41+08:00 ] 192.168.150.116 /index.php/Mobile/Index/createPrice
INFO: [ app_init ] --START--
INFO: Run Behavior\BuildLiteBehavior [ RunTime:0.000000s ]
INFO: [ app_init ] --END-- [ RunTime:0.001000s ]
INFO: [ app_begin ] --START--
INFO: Run Behavior\ReadHtmlCacheBehavior [ RunTime:0.001000s ]
INFO: [ app_begin ] --END-- [ RunTime:0.001000s ]
SQL: SHOW COLUMNS FROM `market_user_capital` [ RunTime:0.0050s ]
SQL: SHOW COLUMNS FROM `market_positions_detail` [ RunTime:0.0060s ]
SQL: SHOW COLUMNS FROM `market_today_price` [ RunTime:0.0070s ]
SQL: SHOW COLUMNS FROM `market_history_price` [ RunTime:0.0070s ]
SQL: SELECT * FROM `market_user_capital` WHERE ( uid=22600004 )  [ RunTime:0.0010s ]
NOTIC: [8] Undefined offset: 0 D:\webroot\market\Application\Mobile\Controller\IndexController.class.php 第 231 行.
NOTIC: [8] Undefined offset: 0 D:\webroot\market\Application\Mobile\Controller\IndexController.class.php 第 232 行.
NOTIC: [8] Undefined offset: 0 D:\webroot\market\Application\Mobile\Controller\IndexController.class.php 第 233 行.
SQL: SHOW COLUMNS FROM `market_positions_number` [ RunTime:0.0060s ]
SQL: SELECT * FROM `market_positions_number` WHERE `uid` IS NULL LIMIT 1   [ RunTime:0.0000s ]
SQL: UPDATE `market_positions_number` SET `uid`='22600004' WHERE ( positions_number=2 ) [ RunTime:0.0000s ]
SQL: INSERT INTO `market_positions_number` (`time`) VALUES ('1436235701') [ RunTime:0.0000s ]
SQL: INSERT INTO `market_history_price` (`uid`,`time`,`good_name`,`direction`,`price`,`number`,`status`,`loss`,`profit`,`positions_number`) VALUES ('22600004','1436235701','现货白银','买','3194','0','委托','200','200','22610002') [ RunTime:0.0000s ]
SQL: INSERT INTO `market_today_price` (`uid`,`time`,`good_name`,`direction`,`price`,`number`,`status`,`type`,`freeze_uccupy`,`loss`,`profit`,`positions_number`) VALUES ('22600004','1436235701','现货白银','买','3194','0','委托','建仓','0','200','200','22610002') [ RunTime:0.0000s ]
SQL: INSERT INTO `market_positions_detail` (`freeze_uccupy`,`uid`,`time`,`positions_number`,`type`,`good_name`,`commission`,`direction`,`positions_price`,`number`,`pip`,`loss`,`profit`) VALUES ('0','22600004','1436235701','22610002','指价','现货白银','0.08','买','3194','0','0','200','200') [ RunTime:0.0000s ]
SQL: UPDATE `market_user_capital` SET `usable_margin`='0',`freeze_margin`='0' WHERE ( uid=22600004 ) [ RunTime:0.0000s ]
INFO: [ app_end ] --START--
INFO: Run Behavior\ShowPageTraceBehavior [ RunTime:0.001000s ]
INFO: [ app_end ] --END-- [ RunTime:0.002000s ]

[ 2015-07-07T10:21:43+08:00 ] 192.168.150.116 /index.php/Mobile/Index/create
INFO: [ app_init ] --START--
INFO: Run Behavior\BuildLiteBehavior [ RunTime:0.000000s ]
INFO: [ app_init ] --END-- [ RunTime:0.001000s ]
INFO: [ app_begin ] --START--
INFO: Run Behavior\ReadHtmlCacheBehavior [ RunTime:0.002000s ]
INFO: [ app_begin ] --END-- [ RunTime:0.002000s ]
NOTIC: [2048] Declaration of Think\Model\MongoModel::setInc() should be compatible with Think\Model::setInc($field, $step = 1, $lazyTime = 0) D:\webroot\market\ThinkPHP\Library\Think\Model\MongoModel.class.php 第 17 行.
NOTIC: [2048] Declaration of Think\Model\MongoModel::setDec() should be compatible with Think\Model::setDec($field, $step = 1, $lazyTime = 0) D:\webroot\market\ThinkPHP\Library\Think\Model\MongoModel.class.php 第 17 行.
NOTIC: [2048] Declaration of Think\Db\Driver\Mongo::connect() should be compatible with Think\Db\Driver::connect($config = '', $linkNum = 0, $autoConnection = false) D:\webroot\market\ThinkPHP\Library\Think\Db\Driver\Mongo.class.php 第 18 行.
NOTIC: [2048] Declaration of Think\Db\Driver\Mongo::insertAll() should be compatible with Think\Db\Driver::insertAll($dataSet, $options = Array, $replace = false) D:\webroot\market\ThinkPHP\Library\Think\Db\Driver\Mongo.class.php 第 18 行.
SQL: test.getCollection(tmp_AG1000) [ RunTime:0.0000s ]
SQL: test.tmp_AG1000.find({}).sort({"quotetime":-1}).limit(1) [ RunTime:0.0000s ]
SQL: test.tmp_AG1000.find({}).sort({"quotetime":-1}).limit(1) [ RunTime:0.0000s ]
SQL: SHOW COLUMNS FROM `market_user_capital` [ RunTime:0.0100s ]
SQL: SHOW COLUMNS FROM `market_positions_detail` [ RunTime:0.0090s ]
SQL: SHOW COLUMNS FROM `market_today_bargain` [ RunTime:0.0550s ]
SQL: SHOW COLUMNS FROM `market_history_create` [ RunTime:0.1220s ]
SQL: SELECT * FROM `market_user_capital` WHERE ( uid=22600004 )  [ RunTime:0.0000s ]
NOTIC: [8] Undefined offset: 0 D:\webroot\market\Application\Mobile\Controller\IndexController.class.php 第 44 行.
NOTIC: [8] Undefined offset: 0 D:\webroot\market\Application\Mobile\Controller\IndexController.class.php 第 45 行.
NOTIC: [8] Undefined offset: 0 D:\webroot\market\Application\Mobile\Controller\IndexController.class.php 第 46 行.
NOTIC: [8] Undefined offset: 0 D:\webroot\market\Application\Mobile\Controller\IndexController.class.php 第 47 行.
NOTIC: [8] Undefined offset: 0 D:\webroot\market\Application\Mobile\Controller\IndexController.class.php 第 48 行.

[ 2015-07-07T10:21:45+08:00 ] 192.168.150.116 /index.php/Mobile/Index/create
INFO: [ app_init ] --START--
INFO: Run Behavior\BuildLiteBehavior [ RunTime:0.000000s ]
INFO: [ app_init ] --END-- [ RunTime:0.001000s ]
INFO: [ app_begin ] --START--
INFO: Run Behavior\ReadHtmlCacheBehavior [ RunTime:0.002000s ]
INFO: [ app_begin ] --END-- [ RunTime:0.002000s ]
NOTIC: [2048] Declaration of Think\Model\MongoModel::setInc() should be compatible with Think\Model::setInc($field, $step = 1, $lazyTime = 0) D:\webroot\market\ThinkPHP\Library\Think\Model\MongoModel.class.php 第 17 行.
NOTIC: [2048] Declaration of Think\Model\MongoModel::setDec() should be compatible with Think\Model::setDec($field, $step = 1, $lazyTime = 0) D:\webroot\market\ThinkPHP\Library\Think\Model\MongoModel.class.php 第 17 行.
NOTIC: [2048] Declaration of Think\Db\Driver\Mongo::connect() should be compatible with Think\Db\Driver::connect($config = '', $linkNum = 0, $autoConnection = false) D:\webroot\market\ThinkPHP\Library\Think\Db\Driver\Mongo.class.php 第 18 行.
NOTIC: [2048] Declaration of Think\Db\Driver\Mongo::insertAll() should be compatible with Think\Db\Driver::insertAll($dataSet, $options = Array, $replace = false) D:\webroot\market\ThinkPHP\Library\Think\Db\Driver\Mongo.class.php 第 18 行.
SQL: test.getCollection(tmp_AG1000) [ RunTime:0.0000s ]
SQL: test.tmp_AG1000.find({}).sort({"quotetime":-1}).limit(1) [ RunTime:0.0000s ]
SQL: test.tmp_AG1000.find({}).sort({"quotetime":-1}).limit(1) [ RunTime:0.0000s ]
SQL: SHOW COLUMNS FROM `market_user_capital` [ RunTime:0.0080s ]
SQL: SHOW COLUMNS FROM `market_positions_detail` [ RunTime:0.0070s ]
SQL: SHOW COLUMNS FROM `market_today_bargain` [ RunTime:0.0070s ]
SQL: SHOW COLUMNS FROM `market_history_create` [ RunTime:0.0060s ]
SQL: SELECT * FROM `market_user_capital` WHERE ( uid=22600004 )  [ RunTime:0.0000s ]
NOTIC: [8] Undefined offset: 0 D:\webroot\market\Application\Mobile\Controller\IndexController.class.php 第 44 行.
NOTIC: [8] Undefined offset: 0 D:\webroot\market\Application\Mobile\Controller\IndexController.class.php 第 45 行.
NOTIC: [8] Undefined offset: 0 D:\webroot\market\Application\Mobile\Controller\IndexController.class.php 第 46 行.
NOTIC: [8] Undefined offset: 0 D:\webroot\market\Application\Mobile\Controller\IndexController.class.php 第 47 行.
NOTIC: [8] Undefined offset: 0 D:\webroot\market\Application\Mobile\Controller\IndexController.class.php 第 48 行.

