[ 2015-08-20T09:19:10+08:00 ] 192.168.150.116 /Mobile/Android/version
INFO: [ app_init ] --START--
INFO: Run Behavior\BuildLiteBehavior [ RunTime:0.000000s ]
INFO: [ app_init ] --END-- [ RunTime:0.001001s ]
INFO: [ app_begin ] --START--
INFO: Run Behavior\ReadHtmlCacheBehavior [ RunTime:0.001000s ]
INFO: [ app_begin ] --END-- [ RunTime:0.001000s ]
SQL: SHOW COLUMNS FROM `market_mobile_version` [ RunTime:0.0060s ]
SQL: SELECT * FROM `market_mobile_version` ORDER BY id desc LIMIT 1   [ RunTime:0.0000s ]
INFO: [ app_end ] --START--
INFO: Run Behavior\ShowPageTraceBehavior [ RunTime:0.001000s ]
INFO: [ app_end ] --END-- [ RunTime:0.001000s ]

[ 2015-08-20T09:20:34+08:00 ] 192.168.150.116 /Mobile/Android/version
INFO: [ app_init ] --START--
INFO: Run Behavior\BuildLiteBehavior [ RunTime:0.000000s ]
INFO: [ app_init ] --END-- [ RunTime:0.001000s ]
INFO: [ app_begin ] --START--
INFO: Run Behavior\ReadHtmlCacheBehavior [ RunTime:0.002001s ]
INFO: [ app_begin ] --END-- [ RunTime:0.002001s ]
SQL: SHOW COLUMNS FROM `market_mobile_version` [ RunTime:0.0070s ]
SQL: SELECT * FROM `market_mobile_version` ORDER BY id desc LIMIT 1   [ RunTime:0.0000s ]
INFO: [ app_end ] --START--
INFO: Run Behavior\ShowPageTraceBehavior [ RunTime:0.001000s ]
INFO: [ app_end ] --END-- [ RunTime:0.002000s ]

[ 2015-08-20T09:22:46+08:00 ] 192.168.150.116 /Mobile/Android/version
INFO: [ app_init ] --START--
INFO: Run Behavior\BuildLiteBehavior [ RunTime:0.000000s ]
INFO: [ app_init ] --END-- [ RunTime:0.001000s ]
INFO: [ app_begin ] --START--
INFO: Run Behavior\ReadHtmlCacheBehavior [ RunTime:0.001000s ]
INFO: [ app_begin ] --END-- [ RunTime:0.001000s ]
SQL: SHOW COLUMNS FROM `market_mobile_version` [ RunTime:0.0070s ]
SQL: SELECT * FROM `market_mobile_version` ORDER BY id desc LIMIT 1   [ RunTime:0.0010s ]
INFO: [ app_end ] --START--
INFO: Run Behavior\ShowPageTraceBehavior [ RunTime:0.002000s ]
INFO: [ app_end ] --END-- [ RunTime:0.002000s ]

[ 2015-08-20T09:29:08+08:00 ] 192.168.150.116 /Mobile/Android/version
INFO: [ app_init ] --START--
INFO: Run Behavior\BuildLiteBehavior [ RunTime:0.000000s ]
INFO: [ app_init ] --END-- [ RunTime:0.000000s ]
INFO: [ app_begin ] --START--
INFO: Run Behavior\ReadHtmlCacheBehavior [ RunTime:0.001000s ]
INFO: [ app_begin ] --END-- [ RunTime:0.001000s ]
SQL: SHOW COLUMNS FROM `market_mobile_version` [ RunTime:0.0030s ]
SQL: SELECT * FROM `market_mobile_version` ORDER BY id desc LIMIT 1   [ RunTime:0.0000s ]
INFO: [ app_end ] --START--
INFO: Run Behavior\ShowPageTraceBehavior [ RunTime:0.000000s ]
INFO: [ app_end ] --END-- [ RunTime:0.001000s ]

[ 2015-08-20T09:40:32+08:00 ] 192.168.150.116 /Mobile/Android/version
INFO: [ app_init ] --START--
INFO: Run Behavior\BuildLiteBehavior [ RunTime:0.000000s ]
INFO: [ app_init ] --END-- [ RunTime:0.001000s ]
INFO: [ app_begin ] --START--
INFO: Run Behavior\ReadHtmlCacheBehavior [ RunTime:0.001000s ]
INFO: [ app_begin ] --END-- [ RunTime:0.001000s ]
SQL: SHOW COLUMNS FROM `market_mobile_version` [ RunTime:0.0070s ]
SQL: SELECT * FROM `market_mobile_version` ORDER BY id desc LIMIT 1   [ RunTime:0.0010s ]
INFO: [ app_end ] --START--
INFO: Run Behavior\ShowPageTraceBehavior [ RunTime:0.002000s ]
INFO: [ app_end ] --END-- [ RunTime:0.002000s ]

[ 2015-08-20T09:52:31+08:00 ] 192.168.150.116 /Mobile/Android/version
INFO: [ app_init ] --START--
INFO: Run Behavior\BuildLiteBehavior [ RunTime:0.000000s ]
INFO: [ app_init ] --END-- [ RunTime:0.001000s ]
INFO: [ app_begin ] --START--
INFO: Run Behavior\ReadHtmlCacheBehavior [ RunTime:0.001000s ]
INFO: [ app_begin ] --END-- [ RunTime:0.001000s ]
SQL: SHOW COLUMNS FROM `market_mobile_version` [ RunTime:0.0070s ]
SQL: SELECT * FROM `market_mobile_version` ORDER BY id desc LIMIT 1   [ RunTime:0.0000s ]
INFO: [ app_end ] --START--
INFO: Run Behavior\ShowPageTraceBehavior [ RunTime:0.001000s ]
INFO: [ app_end ] --END-- [ RunTime:0.001000s ]

[ 2015-08-20T09:57:44+08:00 ] 192.168.150.116 /Mobile/Android/version
INFO: [ app_init ] --START--
INFO: Run Behavior\BuildLiteBehavior [ RunTime:0.000000s ]
INFO: [ app_init ] --END-- [ RunTime:0.001000s ]
INFO: [ app_begin ] --START--
INFO: Run Behavior\ReadHtmlCacheBehavior [ RunTime:0.002000s ]
INFO: [ app_begin ] --END-- [ RunTime:0.002000s ]
SQL: SHOW COLUMNS FROM `market_mobile_version` [ RunTime:0.0070s ]
SQL: SELECT * FROM `market_mobile_version` ORDER BY id desc LIMIT 1   [ RunTime:0.0010s ]
INFO: [ app_end ] --START--
INFO: Run Behavior\ShowPageTraceBehavior [ RunTime:0.001000s ]
INFO: [ app_end ] --END-- [ RunTime:0.002000s ]

[ 2015-08-20T10:05:55+08:00 ] 192.168.150.116 /Mobile/Android/version
INFO: [ app_init ] --START--
INFO: Run Behavior\BuildLiteBehavior [ RunTime:0.001000s ]
INFO: [ app_init ] --END-- [ RunTime:0.001000s ]
INFO: [ app_begin ] --START--
INFO: Run Behavior\ReadHtmlCacheBehavior [ RunTime:0.002000s ]
INFO: [ app_begin ] --END-- [ RunTime:0.002000s ]
SQL: SHOW COLUMNS FROM `market_mobile_version` [ RunTime:0.0070s ]
SQL: SELECT * FROM `market_mobile_version` ORDER BY id desc LIMIT 1   [ RunTime:0.0000s ]
INFO: [ app_end ] --START--
INFO: Run Behavior\ShowPageTraceBehavior [ RunTime:0.001001s ]
INFO: [ app_end ] --END-- [ RunTime:0.001001s ]

[ 2015-08-20T10:06:09+08:00 ] 192.168.150.116 /Mobile/Android/version
INFO: [ app_init ] --START--
INFO: Run Behavior\BuildLiteBehavior [ RunTime:0.000000s ]
INFO: [ app_init ] --END-- [ RunTime:0.001000s ]
INFO: [ app_begin ] --START--
INFO: Run Behavior\ReadHtmlCacheBehavior [ RunTime:0.001000s ]
INFO: [ app_begin ] --END-- [ RunTime:0.001000s ]
SQL: SHOW COLUMNS FROM `market_mobile_version` [ RunTime:0.0050s ]
SQL: SELECT * FROM `market_mobile_version` ORDER BY id desc LIMIT 1   [ RunTime:0.0000s ]
INFO: [ app_end ] --START--
INFO: Run Behavior\ShowPageTraceBehavior [ RunTime:0.002000s ]
INFO: [ app_end ] --END-- [ RunTime:0.002000s ]

[ 2015-08-20T10:08:59+08:00 ] 192.168.150.116 /Mobile/Android/version
INFO: [ app_init ] --START--
INFO: Run Behavior\BuildLiteBehavior [ RunTime:0.000000s ]
INFO: [ app_init ] --END-- [ RunTime:0.001000s ]
INFO: [ app_begin ] --START--
INFO: Run Behavior\ReadHtmlCacheBehavior [ RunTime:0.001000s ]
INFO: [ app_begin ] --END-- [ RunTime:0.001000s ]
SQL: SHOW COLUMNS FROM `market_mobile_version` [ RunTime:0.0080s ]
SQL: SELECT * FROM `market_mobile_version` ORDER BY id desc LIMIT 1   [ RunTime:0.0000s ]
INFO: [ app_end ] --START--
INFO: Run Behavior\ShowPageTraceBehavior [ RunTime:0.002000s ]
INFO: [ app_end ] --END-- [ RunTime:0.002000s ]

[ 2015-08-20T10:10:20+08:00 ] 192.168.150.116 /Mobile/Android/version
INFO: [ app_init ] --START--
INFO: Run Behavior\BuildLiteBehavior [ RunTime:0.000000s ]
INFO: [ app_init ] --END-- [ RunTime:0.001000s ]
INFO: [ app_begin ] --START--
INFO: Run Behavior\ReadHtmlCacheBehavior [ RunTime:0.001000s ]
INFO: [ app_begin ] --END-- [ RunTime:0.001000s ]
SQL: SHOW COLUMNS FROM `market_mobile_version` [ RunTime:0.0050s ]
SQL: SELECT * FROM `market_mobile_version` ORDER BY id desc LIMIT 1   [ RunTime:0.0000s ]
INFO: [ app_end ] --START--
INFO: Run Behavior\ShowPageTraceBehavior [ RunTime:0.001000s ]
INFO: [ app_end ] --END-- [ RunTime:0.001000s ]

[ 2015-08-20T10:42:27+08:00 ] 192.168.150.116 /Mobile/Android/version
INFO: [ app_init ] --START--
INFO: Run Behavior\BuildLiteBehavior [ RunTime:0.000000s ]
INFO: [ app_init ] --END-- [ RunTime:0.001000s ]
INFO: [ app_begin ] --START--
INFO: Run Behavior\ReadHtmlCacheBehavior [ RunTime:0.001000s ]
INFO: [ app_begin ] --END-- [ RunTime:0.001000s ]
SQL: SHOW COLUMNS FROM `market_mobile_version` [ RunTime:0.0060s ]
SQL: SELECT * FROM `market_mobile_version` ORDER BY id desc LIMIT 1   [ RunTime:0.0000s ]
INFO: [ app_end ] --START--
INFO: Run Behavior\ShowPageTraceBehavior [ RunTime:0.002000s ]
INFO: [ app_end ] --END-- [ RunTime:0.002000s ]

[ 2015-08-20T10:43:06+08:00 ] 192.168.150.116 /Mobile/Android/version
INFO: [ app_init ] --START--
INFO: Run Behavior\BuildLiteBehavior [ RunTime:0.000000s ]
INFO: [ app_init ] --END-- [ RunTime:0.001000s ]
INFO: [ app_begin ] --START--
INFO: Run Behavior\ReadHtmlCacheBehavior [ RunTime:0.001000s ]
INFO: [ app_begin ] --END-- [ RunTime:0.001000s ]
SQL: SHOW COLUMNS FROM `market_mobile_version` [ RunTime:0.0040s ]
SQL: SELECT * FROM `market_mobile_version` ORDER BY id desc LIMIT 1   [ RunTime:0.0000s ]
INFO: [ app_end ] --START--
INFO: Run Behavior\ShowPageTraceBehavior [ RunTime:0.001000s ]
INFO: [ app_end ] --END-- [ RunTime:0.001000s ]

[ 2015-08-20T10:44:05+08:00 ] 192.168.150.116 /Mobile/Android/version
INFO: [ app_init ] --START--
INFO: Run Behavior\BuildLiteBehavior [ RunTime:0.000000s ]
INFO: [ app_init ] --END-- [ RunTime:0.001000s ]
INFO: [ app_begin ] --START--
INFO: Run Behavior\ReadHtmlCacheBehavior [ RunTime:0.001000s ]
INFO: [ app_begin ] --END-- [ RunTime:0.001000s ]
SQL: SHOW COLUMNS FROM `market_mobile_version` [ RunTime:0.0020s ]
SQL: SELECT * FROM `market_mobile_version` ORDER BY id desc LIMIT 1   [ RunTime:0.0010s ]
INFO: [ app_end ] --START--
INFO: Run Behavior\ShowPageTraceBehavior [ RunTime:0.000000s ]
INFO: [ app_end ] --END-- [ RunTime:0.000000s ]

[ 2015-08-20T10:47:14+08:00 ] 192.168.150.116 /Mobile/Android/version
INFO: [ app_init ] --START--
INFO: Run Behavior\BuildLiteBehavior [ RunTime:0.000000s ]
INFO: [ app_init ] --END-- [ RunTime:0.001000s ]
INFO: [ app_begin ] --START--
INFO: Run Behavior\ReadHtmlCacheBehavior [ RunTime:0.001001s ]
INFO: [ app_begin ] --END-- [ RunTime:0.001001s ]
SQL: SHOW COLUMNS FROM `market_mobile_version` [ RunTime:0.0050s ]
SQL: SELECT * FROM `market_mobile_version` ORDER BY id desc LIMIT 1   [ RunTime:0.0000s ]
INFO: [ app_end ] --START--
INFO: Run Behavior\ShowPageTraceBehavior [ RunTime:0.002000s ]
INFO: [ app_end ] --END-- [ RunTime:0.002000s ]

[ 2015-08-20T10:51:56+08:00 ] 192.168.150.116 /Mobile/Android/version
INFO: [ app_init ] --START--
INFO: Run Behavior\BuildLiteBehavior [ RunTime:0.000000s ]
INFO: [ app_init ] --END-- [ RunTime:0.000000s ]
INFO: [ app_begin ] --START--
INFO: Run Behavior\ReadHtmlCacheBehavior [ RunTime:0.001000s ]
INFO: [ app_begin ] --END-- [ RunTime:0.001000s ]
SQL: SHOW COLUMNS FROM `market_mobile_version` [ RunTime:0.0060s ]
SQL: SELECT * FROM `market_mobile_version` ORDER BY id desc LIMIT 1   [ RunTime:0.0010s ]
INFO: [ app_end ] --START--
INFO: Run Behavior\ShowPageTraceBehavior [ RunTime:0.001000s ]
INFO: [ app_end ] --END-- [ RunTime:0.002000s ]

[ 2015-08-20T10:55:28+08:00 ] 192.168.150.116 /Mobile/Android/version
INFO: [ app_init ] --START--
INFO: Run Behavior\BuildLiteBehavior [ RunTime:0.000000s ]
INFO: [ app_init ] --END-- [ RunTime:0.001000s ]
INFO: [ app_begin ] --START--
INFO: Run Behavior\ReadHtmlCacheBehavior [ RunTime:0.001001s ]
INFO: [ app_begin ] --END-- [ RunTime:0.001001s ]
SQL: SHOW COLUMNS FROM `market_mobile_version` [ RunTime:0.0070s ]
SQL: SELECT * FROM `market_mobile_version` ORDER BY id desc LIMIT 1   [ RunTime:0.0000s ]
INFO: [ app_end ] --START--
INFO: Run Behavior\ShowPageTraceBehavior [ RunTime:0.002000s ]
INFO: [ app_end ] --END-- [ RunTime:0.002000s ]

[ 2015-08-20T11:30:21+08:00 ] 192.168.150.116 /Mobile/Android/version
INFO: [ app_init ] --START--
INFO: Run Behavior\BuildLiteBehavior [ RunTime:0.000000s ]
INFO: [ app_init ] --END-- [ RunTime:0.000000s ]
INFO: [ app_begin ] --START--
INFO: Run Behavior\ReadHtmlCacheBehavior [ RunTime:0.001000s ]
INFO: [ app_begin ] --END-- [ RunTime:0.001000s ]
SQL: SHOW COLUMNS FROM `market_mobile_version` [ RunTime:0.0020s ]
SQL: SELECT * FROM `market_mobile_version` ORDER BY id desc LIMIT 1   [ RunTime:0.0000s ]
INFO: [ app_end ] --START--
INFO: Run Behavior\ShowPageTraceBehavior [ RunTime:0.000000s ]
INFO: [ app_end ] --END-- [ RunTime:0.000000s ]

[ 2015-08-20T13:38:08+08:00 ] 192.168.150.116 /Mobile/Android/version
INFO: [ app_init ] --START--
INFO: Run Behavior\BuildLiteBehavior [ RunTime:0.000000s ]
INFO: [ app_init ] --END-- [ RunTime:0.000000s ]
INFO: [ app_begin ] --START--
INFO: Run Behavior\ReadHtmlCacheBehavior [ RunTime:0.001001s ]
INFO: [ app_begin ] --END-- [ RunTime:0.001001s ]
SQL: SHOW COLUMNS FROM `market_mobile_version` [ RunTime:0.0070s ]
SQL: SELECT * FROM `market_mobile_version` ORDER BY id desc LIMIT 1   [ RunTime:0.0000s ]
INFO: [ app_end ] --START--
INFO: Run Behavior\ShowPageTraceBehavior [ RunTime:0.001000s ]
INFO: [ app_end ] --END-- [ RunTime:0.002000s ]

[ 2015-08-20T14:09:53+08:00 ] 192.168.150.116 /Mobile/Android/version
INFO: [ app_init ] --START--
INFO: Run Behavior\BuildLiteBehavior [ RunTime:0.000000s ]
INFO: [ app_init ] --END-- [ RunTime:0.001000s ]
INFO: [ app_begin ] --START--
INFO: Run Behavior\ReadHtmlCacheBehavior [ RunTime:0.002000s ]
INFO: [ app_begin ] --END-- [ RunTime:0.002000s ]
SQL: SHOW COLUMNS FROM `market_mobile_version` [ RunTime:0.0060s ]
SQL: SELECT * FROM `market_mobile_version` ORDER BY id desc LIMIT 1   [ RunTime:0.0010s ]
INFO: [ app_end ] --START--
INFO: Run Behavior\ShowPageTraceBehavior [ RunTime:0.001000s ]
INFO: [ app_end ] --END-- [ RunTime:0.001000s ]

[ 2015-08-20T14:10:34+08:00 ] 192.168.150.116 /Mobile/Android/version
INFO: [ app_init ] --START--
INFO: Run Behavior\BuildLiteBehavior [ RunTime:0.000000s ]
INFO: [ app_init ] --END-- [ RunTime:0.001000s ]
INFO: [ app_begin ] --START--
INFO: Run Behavior\ReadHtmlCacheBehavior [ RunTime:0.001000s ]
INFO: [ app_begin ] --END-- [ RunTime:0.001000s ]
SQL: SHOW COLUMNS FROM `market_mobile_version` [ RunTime:0.0080s ]
SQL: SELECT * FROM `market_mobile_version` ORDER BY id desc LIMIT 1   [ RunTime:0.0000s ]
INFO: [ app_end ] --START--
INFO: Run Behavior\ShowPageTraceBehavior [ RunTime:0.001000s ]
INFO: [ app_end ] --END-- [ RunTime:0.001000s ]

[ 2015-08-20T14:14:08+08:00 ] 192.168.150.116 /Mobile/Android/version
INFO: [ app_init ] --START--
INFO: Run Behavior\BuildLiteBehavior [ RunTime:0.000000s ]
INFO: [ app_init ] --END-- [ RunTime:0.001000s ]
INFO: [ app_begin ] --START--
INFO: Run Behavior\ReadHtmlCacheBehavior [ RunTime:0.002000s ]
INFO: [ app_begin ] --END-- [ RunTime:0.002000s ]
SQL: SHOW COLUMNS FROM `market_mobile_version` [ RunTime:0.0070s ]
SQL: SELECT * FROM `market_mobile_version` ORDER BY id desc LIMIT 1   [ RunTime:0.0010s ]
INFO: [ app_end ] --START--
INFO: Run Behavior\ShowPageTraceBehavior [ RunTime:0.002000s ]
INFO: [ app_end ] --END-- [ RunTime:0.002000s ]

[ 2015-08-20T14:45:39+08:00 ] 192.168.150.116 /Mobile/Android/version
INFO: [ app_init ] --START--
INFO: Run Behavior\BuildLiteBehavior [ RunTime:0.000000s ]
INFO: [ app_init ] --END-- [ RunTime:0.001000s ]
INFO: [ app_begin ] --START--
INFO: Run Behavior\ReadHtmlCacheBehavior [ RunTime:0.001000s ]
INFO: [ app_begin ] --END-- [ RunTime:0.001000s ]
SQL: SHOW COLUMNS FROM `market_mobile_version` [ RunTime:0.0050s ]
SQL: SELECT * FROM `market_mobile_version` ORDER BY id desc LIMIT 1   [ RunTime:0.0000s ]
INFO: [ app_end ] --START--
INFO: Run Behavior\ShowPageTraceBehavior [ RunTime:0.002001s ]
INFO: [ app_end ] --END-- [ RunTime:0.002001s ]

[ 2015-08-20T14:49:10+08:00 ] 192.168.150.116 /Mobile/Android/version
INFO: [ app_init ] --START--
INFO: Run Behavior\BuildLiteBehavior [ RunTime:0.000000s ]
INFO: [ app_init ] --END-- [ RunTime:0.001000s ]
INFO: [ app_begin ] --START--
INFO: Run Behavior\ReadHtmlCacheBehavior [ RunTime:0.001000s ]
INFO: [ app_begin ] --END-- [ RunTime:0.001000s ]
SQL: SHOW COLUMNS FROM `market_mobile_version` [ RunTime:0.0070s ]
SQL: SELECT * FROM `market_mobile_version` ORDER BY id desc LIMIT 1   [ RunTime:0.0000s ]
INFO: [ app_end ] --START--
INFO: Run Behavior\ShowPageTraceBehavior [ RunTime:0.001000s ]
INFO: [ app_end ] --END-- [ RunTime:0.002000s ]

[ 2015-08-20T15:00:06+08:00 ] 192.168.150.116 /Mobile/Android/version
INFO: [ app_init ] --START--
INFO: Run Behavior\BuildLiteBehavior [ RunTime:0.000000s ]
INFO: [ app_init ] --END-- [ RunTime:0.001000s ]
INFO: [ app_begin ] --START--
INFO: Run Behavior\ReadHtmlCacheBehavior [ RunTime:0.001000s ]
INFO: [ app_begin ] --END-- [ RunTime:0.001000s ]
SQL: SHOW COLUMNS FROM `market_mobile_version` [ RunTime:0.0050s ]
SQL: SELECT * FROM `market_mobile_version` ORDER BY id desc LIMIT 1   [ RunTime:0.0000s ]
INFO: [ app_end ] --START--
INFO: Run Behavior\ShowPageTraceBehavior [ RunTime:0.001000s ]
INFO: [ app_end ] --END-- [ RunTime:0.001000s ]

[ 2015-08-20T15:01:25+08:00 ] 192.168.150.116 /Mobile/Android/version
INFO: [ app_init ] --START--
INFO: Run Behavior\BuildLiteBehavior [ RunTime:0.000000s ]
INFO: [ app_init ] --END-- [ RunTime:0.001000s ]
INFO: [ app_begin ] --START--
INFO: Run Behavior\ReadHtmlCacheBehavior [ RunTime:0.001000s ]
INFO: [ app_begin ] --END-- [ RunTime:0.001000s ]
SQL: SHOW COLUMNS FROM `market_mobile_version` [ RunTime:0.0030s ]
SQL: SELECT * FROM `market_mobile_version` ORDER BY id desc LIMIT 1   [ RunTime:0.0000s ]
INFO: [ app_end ] --START--
INFO: Run Behavior\ShowPageTraceBehavior [ RunTime:0.001000s ]
INFO: [ app_end ] --END-- [ RunTime:0.001000s ]

[ 2015-08-20T15:27:44+08:00 ] 192.168.150.116 /Mobile/Android/version
INFO: [ app_init ] --START--
INFO: Run Behavior\BuildLiteBehavior [ RunTime:0.000000s ]
INFO: [ app_init ] --END-- [ RunTime:0.001000s ]
INFO: [ app_begin ] --START--
INFO: Run Behavior\ReadHtmlCacheBehavior [ RunTime:0.002000s ]
INFO: [ app_begin ] --END-- [ RunTime:0.002000s ]
SQL: SHOW COLUMNS FROM `market_mobile_version` [ RunTime:0.0050s ]
SQL: SELECT * FROM `market_mobile_version` ORDER BY id desc LIMIT 1   [ RunTime:0.0000s ]
INFO: [ app_end ] --START--
INFO: Run Behavior\ShowPageTraceBehavior [ RunTime:0.002000s ]
INFO: [ app_end ] --END-- [ RunTime:0.002000s ]

[ 2015-08-20T15:35:48+08:00 ] 192.168.150.116 /Mobile/Android/version
INFO: [ app_init ] --START--
INFO: Run Behavior\BuildLiteBehavior [ RunTime:0.000000s ]
INFO: [ app_init ] --END-- [ RunTime:0.000000s ]
INFO: [ app_begin ] --START--
INFO: Run Behavior\ReadHtmlCacheBehavior [ RunTime:0.001000s ]
INFO: [ app_begin ] --END-- [ RunTime:0.001000s ]
SQL: SHOW COLUMNS FROM `market_mobile_version` [ RunTime:0.0020s ]
SQL: SELECT * FROM `market_mobile_version` ORDER BY id desc LIMIT 1   [ RunTime:0.0000s ]
INFO: [ app_end ] --START--
INFO: Run Behavior\ShowPageTraceBehavior [ RunTime:0.000000s ]
INFO: [ app_end ] --END-- [ RunTime:0.000000s ]

[ 2015-08-20T15:37:30+08:00 ] 192.168.150.116 /Mobile/Android/version
INFO: [ app_init ] --START--
INFO: Run Behavior\BuildLiteBehavior [ RunTime:0.000000s ]
INFO: [ app_init ] --END-- [ RunTime:0.001000s ]
INFO: [ app_begin ] --START--
INFO: Run Behavior\ReadHtmlCacheBehavior [ RunTime:0.002000s ]
INFO: [ app_begin ] --END-- [ RunTime:0.002000s ]
SQL: SHOW COLUMNS FROM `market_mobile_version` [ RunTime:0.0060s ]
SQL: SELECT * FROM `market_mobile_version` ORDER BY id desc LIMIT 1   [ RunTime:0.0000s ]
INFO: [ app_end ] --START--
INFO: Run Behavior\ShowPageTraceBehavior [ RunTime:0.001000s ]
INFO: [ app_end ] --END-- [ RunTime:0.001000s ]

[ 2015-08-20T15:49:01+08:00 ] 192.168.150.116 /Mobile/Android/version
INFO: [ app_init ] --START--
INFO: Run Behavior\BuildLiteBehavior [ RunTime:0.000000s ]
INFO: [ app_init ] --END-- [ RunTime:0.000000s ]
INFO: [ app_begin ] --START--
INFO: Run Behavior\ReadHtmlCacheBehavior [ RunTime:0.000000s ]
INFO: [ app_begin ] --END-- [ RunTime:0.000000s ]
SQL: SHOW COLUMNS FROM `market_mobile_version` [ RunTime:0.0020s ]
SQL: SELECT * FROM `market_mobile_version` ORDER BY id desc LIMIT 1   [ RunTime:0.0000s ]
INFO: [ app_end ] --START--
INFO: Run Behavior\ShowPageTraceBehavior [ RunTime:0.001000s ]
INFO: [ app_end ] --END-- [ RunTime:0.001000s ]

[ 2015-08-20T16:57:59+08:00 ] 192.168.150.116 /Mobile/Android/version
INFO: [ app_init ] --START--
INFO: Run Behavior\BuildLiteBehavior [ RunTime:0.000000s ]
INFO: [ app_init ] --END-- [ RunTime:0.000000s ]
INFO: [ app_begin ] --START--
INFO: Run Behavior\ReadHtmlCacheBehavior [ RunTime:0.000000s ]
INFO: [ app_begin ] --END-- [ RunTime:0.000000s ]
SQL: SHOW COLUMNS FROM `market_mobile_version` [ RunTime:0.0030s ]
SQL: SELECT * FROM `market_mobile_version` ORDER BY id desc LIMIT 1   [ RunTime:0.0000s ]
INFO: [ app_end ] --START--
INFO: Run Behavior\ShowPageTraceBehavior [ RunTime:0.001000s ]
INFO: [ app_end ] --END-- [ RunTime:0.001000s ]

[ 2015-08-20T17:09:20+08:00 ] 192.168.150.116 /Mobile/Android/version
INFO: [ app_init ] --START--
INFO: Run Behavior\BuildLiteBehavior [ RunTime:0.000000s ]
INFO: [ app_init ] --END-- [ RunTime:0.000000s ]
INFO: [ app_begin ] --START--
INFO: Run Behavior\ReadHtmlCacheBehavior [ RunTime:0.001000s ]
INFO: [ app_begin ] --END-- [ RunTime:0.001000s ]
SQL: SHOW COLUMNS FROM `market_mobile_version` [ RunTime:0.0050s ]
SQL: SELECT * FROM `market_mobile_version` ORDER BY id desc LIMIT 1   [ RunTime:0.0000s ]
INFO: [ app_end ] --START--
INFO: Run Behavior\ShowPageTraceBehavior [ RunTime:0.002000s ]
INFO: [ app_end ] --END-- [ RunTime:0.002000s ]

[ 2015-08-20T17:12:15+08:00 ] 192.168.150.116 /Mobile/Android/version
INFO: [ app_init ] --START--
INFO: Run Behavior\BuildLiteBehavior [ RunTime:0.000000s ]
INFO: [ app_init ] --END-- [ RunTime:0.000000s ]
INFO: [ app_begin ] --START--
INFO: Run Behavior\ReadHtmlCacheBehavior [ RunTime:0.001000s ]
INFO: [ app_begin ] --END-- [ RunTime:0.001000s ]
SQL: SHOW COLUMNS FROM `market_mobile_version` [ RunTime:0.0060s ]
SQL: SELECT * FROM `market_mobile_version` ORDER BY id desc LIMIT 1   [ RunTime:0.0000s ]
INFO: [ app_end ] --START--
INFO: Run Behavior\ShowPageTraceBehavior [ RunTime:0.002000s ]
INFO: [ app_end ] --END-- [ RunTime:0.002000s ]

[ 2015-08-20T17:13:45+08:00 ] 192.168.150.116 /Mobile/Android/version
INFO: [ app_init ] --START--
INFO: Run Behavior\BuildLiteBehavior [ RunTime:0.000000s ]
INFO: [ app_init ] --END-- [ RunTime:0.000000s ]
INFO: [ app_begin ] --START--
INFO: Run Behavior\ReadHtmlCacheBehavior [ RunTime:0.001000s ]
INFO: [ app_begin ] --END-- [ RunTime:0.001000s ]
SQL: SHOW COLUMNS FROM `market_mobile_version` [ RunTime:0.0020s ]
SQL: SELECT * FROM `market_mobile_version` ORDER BY id desc LIMIT 1   [ RunTime:0.0000s ]
INFO: [ app_end ] --START--
INFO: Run Behavior\ShowPageTraceBehavior [ RunTime:0.000000s ]
INFO: [ app_end ] --END-- [ RunTime:0.000000s ]

[ 2015-08-20T17:17:23+08:00 ] 192.168.150.116 /Mobile/Android/version
INFO: [ app_init ] --START--
INFO: Run Behavior\BuildLiteBehavior [ RunTime:0.000000s ]
INFO: [ app_init ] --END-- [ RunTime:0.001000s ]
INFO: [ app_begin ] --START--
INFO: Run Behavior\ReadHtmlCacheBehavior [ RunTime:0.002000s ]
INFO: [ app_begin ] --END-- [ RunTime:0.002000s ]
SQL: SHOW COLUMNS FROM `market_mobile_version` [ RunTime:0.0050s ]
SQL: SELECT * FROM `market_mobile_version` ORDER BY id desc LIMIT 1   [ RunTime:0.0000s ]
INFO: [ app_end ] --START--
INFO: Run Behavior\ShowPageTraceBehavior [ RunTime:0.001000s ]
INFO: [ app_end ] --END-- [ RunTime:0.002000s ]

[ 2015-08-20T17:18:37+08:00 ] 192.168.150.116 /Mobile/Android/version
INFO: [ app_init ] --START--
INFO: Run Behavior\BuildLiteBehavior [ RunTime:0.000000s ]
INFO: [ app_init ] --END-- [ RunTime:0.001000s ]
INFO: [ app_begin ] --START--
INFO: Run Behavior\ReadHtmlCacheBehavior [ RunTime:0.001000s ]
INFO: [ app_begin ] --END-- [ RunTime:0.001000s ]
SQL: SHOW COLUMNS FROM `market_mobile_version` [ RunTime:0.0030s ]
SQL: SELECT * FROM `market_mobile_version` ORDER BY id desc LIMIT 1   [ RunTime:0.0000s ]
INFO: [ app_end ] --START--
INFO: Run Behavior\ShowPageTraceBehavior [ RunTime:0.001000s ]
INFO: [ app_end ] --END-- [ RunTime:0.001000s ]

[ 2015-08-20T17:21:28+08:00 ] 192.168.150.116 /Mobile/Android/version
INFO: [ app_init ] --START--
INFO: Run Behavior\BuildLiteBehavior [ RunTime:0.000000s ]
INFO: [ app_init ] --END-- [ RunTime:0.000000s ]
INFO: [ app_begin ] --START--
INFO: Run Behavior\ReadHtmlCacheBehavior [ RunTime:0.001000s ]
INFO: [ app_begin ] --END-- [ RunTime:0.001000s ]
SQL: SHOW COLUMNS FROM `market_mobile_version` [ RunTime:0.0050s ]
SQL: SELECT * FROM `market_mobile_version` ORDER BY id desc LIMIT 1   [ RunTime:0.0000s ]
INFO: [ app_end ] --START--
INFO: Run Behavior\ShowPageTraceBehavior [ RunTime:0.001000s ]
INFO: [ app_end ] --END-- [ RunTime:0.001000s ]

[ 2015-08-20T17:31:08+08:00 ] 192.168.150.116 /Mobile/Android/version
INFO: [ app_init ] --START--
INFO: Run Behavior\BuildLiteBehavior [ RunTime:0.000000s ]
INFO: [ app_init ] --END-- [ RunTime:0.000000s ]
INFO: [ app_begin ] --START--
INFO: Run Behavior\ReadHtmlCacheBehavior [ RunTime:0.001000s ]
INFO: [ app_begin ] --END-- [ RunTime:0.001000s ]
SQL: SHOW COLUMNS FROM `market_mobile_version` [ RunTime:0.0020s ]
SQL: SELECT * FROM `market_mobile_version` ORDER BY id desc LIMIT 1   [ RunTime:0.0000s ]
INFO: [ app_end ] --START--
INFO: Run Behavior\ShowPageTraceBehavior [ RunTime:0.001000s ]
INFO: [ app_end ] --END-- [ RunTime:0.001000s ]

[ 2015-08-20T17:33:29+08:00 ] 192.168.150.116 /Mobile/Android/version
INFO: [ app_init ] --START--
INFO: Run Behavior\BuildLiteBehavior [ RunTime:0.000000s ]
INFO: [ app_init ] --END-- [ RunTime:0.000000s ]
INFO: [ app_begin ] --START--
INFO: Run Behavior\ReadHtmlCacheBehavior [ RunTime:0.001000s ]
INFO: [ app_begin ] --END-- [ RunTime:0.001000s ]
SQL: SHOW COLUMNS FROM `market_mobile_version` [ RunTime:0.0060s ]
SQL: SELECT * FROM `market_mobile_version` ORDER BY id desc LIMIT 1   [ RunTime:0.0010s ]
INFO: [ app_end ] --START--
INFO: Run Behavior\ShowPageTraceBehavior [ RunTime:0.001000s ]
INFO: [ app_end ] --END-- [ RunTime:0.001000s ]

