[ 2015-09-01T09:59:43+08:00 ] 192.168.150.116 /Mobile/Android/version
INFO: [ app_init ] --START--
INFO: Run Behavior\BuildLiteBehavior [ RunTime:0.000000s ]
INFO: [ app_init ] --END-- [ RunTime:0.001000s ]
INFO: [ app_begin ] --START--
INFO: Run Behavior\ReadHtmlCacheBehavior [ RunTime:0.002001s ]
INFO: [ app_begin ] --END-- [ RunTime:0.002001s ]
SQL: SHOW COLUMNS FROM `market_mobile_version` [ RunTime:0.0840s ]
SQL: SELECT * FROM `market_mobile_version` ORDER BY id desc LIMIT 1   [ RunTime:0.0010s ]
INFO: [ app_end ] --START--
INFO: Run Behavior\ShowPageTraceBehavior [ RunTime:0.003000s ]
INFO: [ app_end ] --END-- [ RunTime:0.003000s ]

[ 2015-09-01T10:01:28+08:00 ] 192.168.150.116 /index.php/Mobile/Capital/index
INFO: [ app_init ] --START--
INFO: Run Behavior\BuildLiteBehavior [ RunTime:0.000000s ]
INFO: [ app_init ] --END-- [ RunTime:0.001000s ]
INFO: [ app_begin ] --START--
INFO: Run Behavior\ReadHtmlCacheBehavior [ RunTime:0.001001s ]
INFO: [ app_begin ] --END-- [ RunTime:0.002001s ]
SQL: SHOW COLUMNS FROM `market_user_capital` [ RunTime:0.0900s ]
SQL: SELECT * FROM `market_user_capital` WHERE ( uid=22600035 )  [ RunTime:0.0010s ]
INFO: [ app_end ] --START--
INFO: Run Behavior\ShowPageTraceBehavior [ RunTime:0.002000s ]
INFO: [ app_end ] --END-- [ RunTime:0.002000s ]

[ 2015-09-01T10:01:28+08:00 ] 192.168.150.116 /index.php/Mobile/Capital/positionsDetail
INFO: [ app_init ] --START--
INFO: Run Behavior\BuildLiteBehavior [ RunTime:0.000000s ]
INFO: [ app_init ] --END-- [ RunTime:0.001000s ]
INFO: [ app_begin ] --START--
INFO: Run Behavior\ReadHtmlCacheBehavior [ RunTime:0.001000s ]
INFO: [ app_begin ] --END-- [ RunTime:0.002000s ]
SQL: SHOW COLUMNS FROM `market_positions_detail` [ RunTime:0.0370s ]
SQL: SELECT * FROM `market_positions_detail` WHERE `uid` = 22600035 AND `freeze_uccupy` IS NULL ORDER BY id desc  [ RunTime:0.0130s ]
INFO: [ app_end ] --START--
INFO: Run Behavior\ShowPageTraceBehavior [ RunTime:0.001000s ]
INFO: [ app_end ] --END-- [ RunTime:0.001000s ]

[ 2015-09-01T10:01:28+08:00 ] 192.168.150.116 /index.php/Mobile/Capital/totalPositions
INFO: [ app_init ] --START--
INFO: Run Behavior\BuildLiteBehavior [ RunTime:0.000000s ]
INFO: [ app_init ] --END-- [ RunTime:0.001000s ]
INFO: [ app_begin ] --START--
INFO: Run Behavior\ReadHtmlCacheBehavior [ RunTime:0.001000s ]
INFO: [ app_begin ] --END-- [ RunTime:0.001000s ]
SQL: SHOW COLUMNS FROM `market_positions_detail` [ RunTime:0.0210s ]
SQL: SELECT * FROM `market_positions_detail` WHERE `direction` = '卖' AND `uid` = 22600035 AND `freeze_uccupy` IS NULL ORDER BY id desc  [ RunTime:0.0010s ]
SQL: SELECT COUNT(*) AS tp_count FROM `market_positions_detail` WHERE `direction` = '卖' AND `uid` = 22600035 AND `freeze_uccupy` IS NULL ORDER BY id desc LIMIT 1   [ RunTime:0.0010s ]
NOTIC: [2] Division by zero D:\webroot\market\Application\Mobile\Controller\CapitalController.class.php 第 192 行.
SQL: SELECT * FROM `market_positions_detail` WHERE `direction` = '买' AND `uid` = 22600035 AND `freeze_uccupy` IS NULL ORDER BY id desc  [ RunTime:0.0000s ]
SQL: SELECT COUNT(*) AS tp_count FROM `market_positions_detail` WHERE `direction` = '买' AND `uid` = 22600035 AND `freeze_uccupy` IS NULL ORDER BY id desc LIMIT 1   [ RunTime:0.0000s ]
NOTIC: [2] Division by zero D:\webroot\market\Application\Mobile\Controller\CapitalController.class.php 第 212 行.
INFO: [ app_end ] --START--
INFO: Run Behavior\ShowPageTraceBehavior [ RunTime:0.002000s ]
INFO: [ app_end ] --END-- [ RunTime:0.002000s ]

[ 2015-09-01T10:01:44+08:00 ] 192.168.150.116 /index.php/Mobile/Capital/index
INFO: [ app_init ] --START--
INFO: Run Behavior\BuildLiteBehavior [ RunTime:0.000000s ]
INFO: [ app_init ] --END-- [ RunTime:0.000000s ]
INFO: [ app_begin ] --START--
INFO: Run Behavior\ReadHtmlCacheBehavior [ RunTime:0.001000s ]
INFO: [ app_begin ] --END-- [ RunTime:0.001000s ]
SQL: SHOW COLUMNS FROM `market_user_capital` [ RunTime:0.0210s ]
SQL: SELECT * FROM `market_user_capital` WHERE ( uid=22600035 )  [ RunTime:0.0000s ]
INFO: [ app_end ] --START--
INFO: Run Behavior\ShowPageTraceBehavior [ RunTime:0.002000s ]
INFO: [ app_end ] --END-- [ RunTime:0.002000s ]

[ 2015-09-01T10:01:44+08:00 ] 192.168.150.116 /index.php/Mobile/Capital/positionsDetail
INFO: [ app_init ] --START--
INFO: Run Behavior\BuildLiteBehavior [ RunTime:0.000000s ]
INFO: [ app_init ] --END-- [ RunTime:0.001000s ]
INFO: [ app_begin ] --START--
INFO: Run Behavior\ReadHtmlCacheBehavior [ RunTime:0.001000s ]
INFO: [ app_begin ] --END-- [ RunTime:0.002000s ]
SQL: SHOW COLUMNS FROM `market_positions_detail` [ RunTime:0.0300s ]
SQL: SELECT * FROM `market_positions_detail` WHERE `uid` = 22600035 AND `freeze_uccupy` IS NULL ORDER BY id desc  [ RunTime:0.0000s ]
INFO: [ app_end ] --START--
INFO: Run Behavior\ShowPageTraceBehavior [ RunTime:0.001000s ]
INFO: [ app_end ] --END-- [ RunTime:0.001000s ]

[ 2015-09-01T10:01:44+08:00 ] 192.168.150.116 /index.php/Mobile/Capital/totalPositions
INFO: [ app_init ] --START--
INFO: Run Behavior\BuildLiteBehavior [ RunTime:0.000000s ]
INFO: [ app_init ] --END-- [ RunTime:0.001000s ]
INFO: [ app_begin ] --START--
INFO: Run Behavior\ReadHtmlCacheBehavior [ RunTime:0.001000s ]
INFO: [ app_begin ] --END-- [ RunTime:0.001000s ]
SQL: SHOW COLUMNS FROM `market_positions_detail` [ RunTime:0.0210s ]
SQL: SELECT * FROM `market_positions_detail` WHERE `direction` = '卖' AND `uid` = 22600035 AND `freeze_uccupy` IS NULL ORDER BY id desc  [ RunTime:0.0000s ]
SQL: SELECT COUNT(*) AS tp_count FROM `market_positions_detail` WHERE `direction` = '卖' AND `uid` = 22600035 AND `freeze_uccupy` IS NULL ORDER BY id desc LIMIT 1   [ RunTime:0.0000s ]
NOTIC: [2] Division by zero D:\webroot\market\Application\Mobile\Controller\CapitalController.class.php 第 192 行.
SQL: SELECT * FROM `market_positions_detail` WHERE `direction` = '买' AND `uid` = 22600035 AND `freeze_uccupy` IS NULL ORDER BY id desc  [ RunTime:0.0000s ]
SQL: SELECT COUNT(*) AS tp_count FROM `market_positions_detail` WHERE `direction` = '买' AND `uid` = 22600035 AND `freeze_uccupy` IS NULL ORDER BY id desc LIMIT 1   [ RunTime:0.0000s ]
NOTIC: [2] Division by zero D:\webroot\market\Application\Mobile\Controller\CapitalController.class.php 第 212 行.
INFO: [ app_end ] --START--
INFO: Run Behavior\ShowPageTraceBehavior [ RunTime:0.002000s ]
INFO: [ app_end ] --END-- [ RunTime:0.002000s ]

[ 2015-09-01T10:11:20+08:00 ] 192.168.150.116 /Mobile/Android/version
INFO: [ app_init ] --START--
INFO: Run Behavior\BuildLiteBehavior [ RunTime:0.000000s ]
INFO: [ app_init ] --END-- [ RunTime:0.001000s ]
INFO: [ app_begin ] --START--
INFO: Run Behavior\ReadHtmlCacheBehavior [ RunTime:0.001000s ]
INFO: [ app_begin ] --END-- [ RunTime:0.001000s ]
SQL: SHOW COLUMNS FROM `market_mobile_version` [ RunTime:0.0160s ]
SQL: SELECT * FROM `market_mobile_version` ORDER BY id desc LIMIT 1   [ RunTime:0.0000s ]
INFO: [ app_end ] --START--
INFO: Run Behavior\ShowPageTraceBehavior [ RunTime:0.001000s ]
INFO: [ app_end ] --END-- [ RunTime:0.001000s ]

[ 2015-09-01T10:11:56+08:00 ] 192.168.150.116 /index.php/Mobile/Capital/index
INFO: [ app_init ] --START--
INFO: Run Behavior\BuildLiteBehavior [ RunTime:0.000000s ]
INFO: [ app_init ] --END-- [ RunTime:0.001000s ]
INFO: [ app_begin ] --START--
INFO: Run Behavior\ReadHtmlCacheBehavior [ RunTime:0.001000s ]
INFO: [ app_begin ] --END-- [ RunTime:0.002000s ]
SQL: SHOW COLUMNS FROM `market_user_capital` [ RunTime:0.0200s ]
SQL: SELECT * FROM `market_user_capital` WHERE ( uid=22600035 )  [ RunTime:0.0000s ]
INFO: [ app_end ] --START--
INFO: Run Behavior\ShowPageTraceBehavior [ RunTime:0.001000s ]
INFO: [ app_end ] --END-- [ RunTime:0.002000s ]

[ 2015-09-01T10:11:56+08:00 ] 192.168.150.116 /index.php/Mobile/Capital/positionsDetail
INFO: [ app_init ] --START--
INFO: Run Behavior\BuildLiteBehavior [ RunTime:0.000000s ]
INFO: [ app_init ] --END-- [ RunTime:0.001000s ]
INFO: [ app_begin ] --START--
INFO: Run Behavior\ReadHtmlCacheBehavior [ RunTime:0.001000s ]
INFO: [ app_begin ] --END-- [ RunTime:0.001000s ]
SQL: SHOW COLUMNS FROM `market_positions_detail` [ RunTime:0.0220s ]
SQL: SELECT * FROM `market_positions_detail` WHERE `uid` = 22600035 AND `freeze_uccupy` IS NULL ORDER BY id desc  [ RunTime:0.0010s ]
INFO: [ app_end ] --START--
INFO: Run Behavior\ShowPageTraceBehavior [ RunTime:0.002000s ]
INFO: [ app_end ] --END-- [ RunTime:0.002000s ]

[ 2015-09-01T10:11:56+08:00 ] 192.168.150.116 /index.php/Mobile/Capital/totalPositions
INFO: [ app_init ] --START--
INFO: Run Behavior\BuildLiteBehavior [ RunTime:0.000000s ]
INFO: [ app_init ] --END-- [ RunTime:0.001000s ]
INFO: [ app_begin ] --START--
INFO: Run Behavior\ReadHtmlCacheBehavior [ RunTime:0.001000s ]
INFO: [ app_begin ] --END-- [ RunTime:0.001000s ]
SQL: SHOW COLUMNS FROM `market_positions_detail` [ RunTime:0.0210s ]
SQL: SELECT * FROM `market_positions_detail` WHERE `direction` = '卖' AND `uid` = 22600035 AND `freeze_uccupy` IS NULL ORDER BY id desc  [ RunTime:0.0000s ]
SQL: SELECT COUNT(*) AS tp_count FROM `market_positions_detail` WHERE `direction` = '卖' AND `uid` = 22600035 AND `freeze_uccupy` IS NULL ORDER BY id desc LIMIT 1   [ RunTime:0.0000s ]
NOTIC: [2] Division by zero D:\webroot\market\Application\Mobile\Controller\CapitalController.class.php 第 192 行.
SQL: SELECT * FROM `market_positions_detail` WHERE `direction` = '买' AND `uid` = 22600035 AND `freeze_uccupy` IS NULL ORDER BY id desc  [ RunTime:0.0010s ]
SQL: SELECT COUNT(*) AS tp_count FROM `market_positions_detail` WHERE `direction` = '买' AND `uid` = 22600035 AND `freeze_uccupy` IS NULL ORDER BY id desc LIMIT 1   [ RunTime:0.0000s ]
NOTIC: [2] Division by zero D:\webroot\market\Application\Mobile\Controller\CapitalController.class.php 第 212 行.
INFO: [ app_end ] --START--
INFO: Run Behavior\ShowPageTraceBehavior [ RunTime:0.001000s ]
INFO: [ app_end ] --END-- [ RunTime:0.001000s ]

[ 2015-09-01T10:12:03+08:00 ] 192.168.150.116 /index.php/Mobile/Capital/index
INFO: [ app_init ] --START--
INFO: Run Behavior\BuildLiteBehavior [ RunTime:0.000000s ]
INFO: [ app_init ] --END-- [ RunTime:0.001000s ]
INFO: [ app_begin ] --START--
INFO: Run Behavior\ReadHtmlCacheBehavior [ RunTime:0.001000s ]
INFO: [ app_begin ] --END-- [ RunTime:0.001000s ]
SQL: SHOW COLUMNS FROM `market_user_capital` [ RunTime:0.0120s ]
SQL: SELECT * FROM `market_user_capital` WHERE ( uid=22600035 )  [ RunTime:0.0000s ]
INFO: [ app_end ] --START--
INFO: Run Behavior\ShowPageTraceBehavior [ RunTime:0.001000s ]
INFO: [ app_end ] --END-- [ RunTime:0.001000s ]

[ 2015-09-01T10:12:03+08:00 ] 192.168.150.116 /index.php/Mobile/Capital/positionsDetail
INFO: [ app_init ] --START--
INFO: Run Behavior\BuildLiteBehavior [ RunTime:0.000000s ]
INFO: [ app_init ] --END-- [ RunTime:0.001000s ]
INFO: [ app_begin ] --START--
INFO: Run Behavior\ReadHtmlCacheBehavior [ RunTime:0.001000s ]
INFO: [ app_begin ] --END-- [ RunTime:0.001000s ]
SQL: SHOW COLUMNS FROM `market_positions_detail` [ RunTime:0.0130s ]
SQL: SELECT * FROM `market_positions_detail` WHERE `uid` = 22600035 AND `freeze_uccupy` IS NULL ORDER BY id desc  [ RunTime:0.0010s ]
INFO: [ app_end ] --START--
INFO: Run Behavior\ShowPageTraceBehavior [ RunTime:0.001000s ]
INFO: [ app_end ] --END-- [ RunTime:0.001000s ]

[ 2015-09-01T10:12:03+08:00 ] 192.168.150.116 /index.php/Mobile/Capital/totalPositions
INFO: [ app_init ] --START--
INFO: Run Behavior\BuildLiteBehavior [ RunTime:0.000000s ]
INFO: [ app_init ] --END-- [ RunTime:0.001000s ]
INFO: [ app_begin ] --START--
INFO: Run Behavior\ReadHtmlCacheBehavior [ RunTime:0.001000s ]
INFO: [ app_begin ] --END-- [ RunTime:0.001000s ]
SQL: SHOW COLUMNS FROM `market_positions_detail` [ RunTime:0.0210s ]
SQL: SELECT * FROM `market_positions_detail` WHERE `direction` = '卖' AND `uid` = 22600035 AND `freeze_uccupy` IS NULL ORDER BY id desc  [ RunTime:0.0000s ]
SQL: SELECT COUNT(*) AS tp_count FROM `market_positions_detail` WHERE `direction` = '卖' AND `uid` = 22600035 AND `freeze_uccupy` IS NULL ORDER BY id desc LIMIT 1   [ RunTime:0.0000s ]
NOTIC: [2] Division by zero D:\webroot\market\Application\Mobile\Controller\CapitalController.class.php 第 192 行.
SQL: SELECT * FROM `market_positions_detail` WHERE `direction` = '买' AND `uid` = 22600035 AND `freeze_uccupy` IS NULL ORDER BY id desc  [ RunTime:0.0010s ]
SQL: SELECT COUNT(*) AS tp_count FROM `market_positions_detail` WHERE `direction` = '买' AND `uid` = 22600035 AND `freeze_uccupy` IS NULL ORDER BY id desc LIMIT 1   [ RunTime:0.0000s ]
NOTIC: [2] Division by zero D:\webroot\market\Application\Mobile\Controller\CapitalController.class.php 第 212 行.
INFO: [ app_end ] --START--
INFO: Run Behavior\ShowPageTraceBehavior [ RunTime:0.001000s ]
INFO: [ app_end ] --END-- [ RunTime:0.001000s ]

[ 2015-09-01T10:21:56+08:00 ] 192.168.150.116 /Mobile/Android/version
INFO: [ app_init ] --START--
INFO: Run Behavior\BuildLiteBehavior [ RunTime:0.000000s ]
INFO: [ app_init ] --END-- [ RunTime:0.001001s ]
INFO: [ app_begin ] --START--
INFO: Run Behavior\ReadHtmlCacheBehavior [ RunTime:0.001000s ]
INFO: [ app_begin ] --END-- [ RunTime:0.001000s ]
SQL: SHOW COLUMNS FROM `market_mobile_version` [ RunTime:0.0180s ]
SQL: SELECT * FROM `market_mobile_version` ORDER BY id desc LIMIT 1   [ RunTime:0.0010s ]
INFO: [ app_end ] --START--
INFO: Run Behavior\ShowPageTraceBehavior [ RunTime:0.001000s ]
INFO: [ app_end ] --END-- [ RunTime:0.002000s ]

[ 2015-09-01T10:22:15+08:00 ] 192.168.150.116 /index.php/Mobile/Capital/index
INFO: [ app_init ] --START--
INFO: Run Behavior\BuildLiteBehavior [ RunTime:0.001000s ]
INFO: [ app_init ] --END-- [ RunTime:0.001000s ]
INFO: [ app_begin ] --START--
INFO: Run Behavior\ReadHtmlCacheBehavior [ RunTime:0.002000s ]
INFO: [ app_begin ] --END-- [ RunTime:0.002000s ]

[ 2015-09-01T10:22:15+08:00 ] 192.168.150.116 /index.php/Mobile/Capital/positionsDetail
INFO: [ app_init ] --START--
INFO: Run Behavior\BuildLiteBehavior [ RunTime:0.000000s ]
INFO: [ app_init ] --END-- [ RunTime:0.001000s ]
INFO: [ app_begin ] --START--
INFO: Run Behavior\ReadHtmlCacheBehavior [ RunTime:0.001000s ]
INFO: [ app_begin ] --END-- [ RunTime:0.001000s ]

[ 2015-09-01T10:22:15+08:00 ] 192.168.150.116 /index.php/Mobile/Capital/totalPositions
INFO: [ app_init ] --START--
INFO: Run Behavior\BuildLiteBehavior [ RunTime:0.000000s ]
INFO: [ app_init ] --END-- [ RunTime:0.001000s ]
INFO: [ app_begin ] --START--
INFO: Run Behavior\ReadHtmlCacheBehavior [ RunTime:0.001000s ]
INFO: [ app_begin ] --END-- [ RunTime:0.001000s ]

[ 2015-09-01T10:29:52+08:00 ] 192.168.150.116 /Mobile/Android/version
INFO: [ app_init ] --START--
INFO: Run Behavior\BuildLiteBehavior [ RunTime:0.000000s ]
INFO: [ app_init ] --END-- [ RunTime:0.000000s ]
INFO: [ app_begin ] --START--
INFO: Run Behavior\ReadHtmlCacheBehavior [ RunTime:0.001000s ]
INFO: [ app_begin ] --END-- [ RunTime:0.001000s ]
SQL: SHOW COLUMNS FROM `market_mobile_version` [ RunTime:0.0290s ]
SQL: SELECT * FROM `market_mobile_version` ORDER BY id desc LIMIT 1   [ RunTime:0.0000s ]
INFO: [ app_end ] --START--
INFO: Run Behavior\ShowPageTraceBehavior [ RunTime:0.002000s ]
INFO: [ app_end ] --END-- [ RunTime:0.002000s ]

[ 2015-09-01T11:30:17+08:00 ] 192.168.150.116 /Mobile/Android/version
INFO: [ app_init ] --START--
INFO: Run Behavior\BuildLiteBehavior [ RunTime:0.000000s ]
INFO: [ app_init ] --END-- [ RunTime:0.001000s ]
INFO: [ app_begin ] --START--
INFO: Run Behavior\ReadHtmlCacheBehavior [ RunTime:0.001001s ]
INFO: [ app_begin ] --END-- [ RunTime:0.001001s ]
SQL: SHOW COLUMNS FROM `market_mobile_version` [ RunTime:0.0120s ]
SQL: SELECT * FROM `market_mobile_version` ORDER BY id desc LIMIT 1   [ RunTime:0.0000s ]
INFO: [ app_end ] --START--
INFO: Run Behavior\ShowPageTraceBehavior [ RunTime:0.001000s ]
INFO: [ app_end ] --END-- [ RunTime:0.001000s ]

[ 2015-09-01T16:15:53+08:00 ] 192.168.150.116 /Mobile/Android/version
INFO: [ app_init ] --START--
INFO: Run Behavior\BuildLiteBehavior [ RunTime:0.000000s ]
INFO: [ app_init ] --END-- [ RunTime:0.001001s ]
INFO: [ app_begin ] --START--
INFO: Run Behavior\ReadHtmlCacheBehavior [ RunTime:0.001000s ]
INFO: [ app_begin ] --END-- [ RunTime:0.001000s ]
SQL: SHOW COLUMNS FROM `market_mobile_version` [ RunTime:0.0040s ]
SQL: SELECT * FROM `market_mobile_version` ORDER BY id desc LIMIT 1   [ RunTime:0.0000s ]
INFO: [ app_end ] --START--
INFO: Run Behavior\ShowPageTraceBehavior [ RunTime:0.001000s ]
INFO: [ app_end ] --END-- [ RunTime:0.002000s ]

