[ 2015-09-07T09:46:03+08:00 ] 192.168.150.116 /Mobile/Android/version
INFO: [ app_init ] --START--
INFO: Run Behavior\BuildLiteBehavior [ RunTime:0.000000s ]
INFO: [ app_init ] --END-- [ RunTime:0.000000s ]
INFO: [ app_begin ] --START--
INFO: Run Behavior\ReadHtmlCacheBehavior [ RunTime:0.001000s ]
INFO: [ app_begin ] --END-- [ RunTime:0.001000s ]
SQL: SHOW COLUMNS FROM `market_mobile_version` [ RunTime:0.0110s ]
SQL: SELECT * FROM `market_mobile_version` ORDER BY id desc LIMIT 1   [ RunTime:0.0000s ]
INFO: [ app_end ] --START--
INFO: Run Behavior\ShowPageTraceBehavior [ RunTime:0.002000s ]
INFO: [ app_end ] --END-- [ RunTime:0.002000s ]

[ 2015-09-07T14:09:47+08:00 ] 192.168.150.116 /index.php/Mobile/Capital/index
INFO: [ app_init ] --START--
INFO: Run Behavior\BuildLiteBehavior [ RunTime:0.000000s ]
INFO: [ app_init ] --END-- [ RunTime:0.001000s ]
INFO: [ app_begin ] --START--
INFO: Run Behavior\ReadHtmlCacheBehavior [ RunTime:0.001000s ]
INFO: [ app_begin ] --END-- [ RunTime:0.001000s ]
SQL: SHOW COLUMNS FROM `market_user_capital` [ RunTime:0.0030s ]
SQL: SELECT * FROM `market_user_capital` WHERE ( uid=22600035 )  [ RunTime:0.0000s ]
INFO: [ app_end ] --START--
INFO: Run Behavior\ShowPageTraceBehavior [ RunTime:0.001000s ]
INFO: [ app_end ] --END-- [ RunTime:0.001000s ]

[ 2015-09-07T14:09:47+08:00 ] 192.168.150.116 /index.php/Mobile/Capital/positionsDetail
INFO: [ app_init ] --START--
INFO: Run Behavior\BuildLiteBehavior [ RunTime:0.000000s ]
INFO: [ app_init ] --END-- [ RunTime:0.000000s ]
INFO: [ app_begin ] --START--
INFO: Run Behavior\ReadHtmlCacheBehavior [ RunTime:0.001000s ]
INFO: [ app_begin ] --END-- [ RunTime:0.001000s ]
SQL: SHOW COLUMNS FROM `market_positions_detail` [ RunTime:0.0030s ]
SQL: SELECT * FROM `market_positions_detail` WHERE `uid` = 22600035 AND `freeze_uccupy` IS NULL ORDER BY id desc  [ RunTime:0.0000s ]
INFO: [ app_end ] --START--
INFO: Run Behavior\ShowPageTraceBehavior [ RunTime:0.001000s ]
INFO: [ app_end ] --END-- [ RunTime:0.001000s ]

[ 2015-09-07T14:09:48+08:00 ] 192.168.150.116 /index.php/Mobile/Capital/totalPositions
INFO: [ app_init ] --START--
INFO: Run Behavior\BuildLiteBehavior [ RunTime:0.000000s ]
INFO: [ app_init ] --END-- [ RunTime:0.000000s ]
INFO: [ app_begin ] --START--
INFO: Run Behavior\ReadHtmlCacheBehavior [ RunTime:0.000000s ]
INFO: [ app_begin ] --END-- [ RunTime:0.000000s ]
SQL: SHOW COLUMNS FROM `market_positions_detail` [ RunTime:0.0030s ]
SQL: SELECT * FROM `market_positions_detail` WHERE `direction` = '卖' AND `uid` = 22600035 AND `freeze_uccupy` IS NULL ORDER BY id desc  [ RunTime:0.0020s ]
SQL: SELECT COUNT(*) AS tp_count FROM `market_positions_detail` WHERE `direction` = '卖' AND `uid` = 22600035 AND `freeze_uccupy` IS NULL ORDER BY id desc LIMIT 1   [ RunTime:0.0000s ]
NOTIC: [2] Division by zero D:\webroot\market\Application\Mobile\Controller\CapitalController.class.php 第 192 行.
SQL: SELECT * FROM `market_positions_detail` WHERE `direction` = '买' AND `uid` = 22600035 AND `freeze_uccupy` IS NULL ORDER BY id desc  [ RunTime:0.0010s ]
SQL: SELECT COUNT(*) AS tp_count FROM `market_positions_detail` WHERE `direction` = '买' AND `uid` = 22600035 AND `freeze_uccupy` IS NULL ORDER BY id desc LIMIT 1   [ RunTime:0.0000s ]
NOTIC: [2] Division by zero D:\webroot\market\Application\Mobile\Controller\CapitalController.class.php 第 212 行.
INFO: [ app_end ] --START--
INFO: Run Behavior\ShowPageTraceBehavior [ RunTime:0.000000s ]
INFO: [ app_end ] --END-- [ RunTime:0.000000s ]

[ 2015-09-07T14:10:16+08:00 ] 192.168.150.116 /Mobile/Android/version
INFO: [ app_init ] --START--
INFO: Run Behavior\BuildLiteBehavior [ RunTime:0.000000s ]
INFO: [ app_init ] --END-- [ RunTime:0.001000s ]
INFO: [ app_begin ] --START--
INFO: Run Behavior\ReadHtmlCacheBehavior [ RunTime:0.001001s ]
INFO: [ app_begin ] --END-- [ RunTime:0.001001s ]
SQL: SHOW COLUMNS FROM `market_mobile_version` [ RunTime:0.0060s ]
SQL: SELECT * FROM `market_mobile_version` ORDER BY id desc LIMIT 1   [ RunTime:0.0000s ]
INFO: [ app_end ] --START--
INFO: Run Behavior\ShowPageTraceBehavior [ RunTime:0.001000s ]
INFO: [ app_end ] --END-- [ RunTime:0.001000s ]

[ 2015-09-07T14:10:25+08:00 ] 192.168.150.116 /Mobile/Android/version
INFO: [ app_init ] --START--
INFO: Run Behavior\BuildLiteBehavior [ RunTime:0.000000s ]
INFO: [ app_init ] --END-- [ RunTime:0.000000s ]
INFO: [ app_begin ] --START--
INFO: Run Behavior\ReadHtmlCacheBehavior [ RunTime:0.001000s ]
INFO: [ app_begin ] --END-- [ RunTime:0.001000s ]
SQL: SHOW COLUMNS FROM `market_mobile_version` [ RunTime:0.0050s ]
SQL: SELECT * FROM `market_mobile_version` ORDER BY id desc LIMIT 1   [ RunTime:0.0000s ]
INFO: [ app_end ] --START--
INFO: Run Behavior\ShowPageTraceBehavior [ RunTime:0.001000s ]
INFO: [ app_end ] --END-- [ RunTime:0.001000s ]

[ 2015-09-07T14:21:37+08:00 ] 192.168.150.116 /index.php/Mobile/Capital/index
INFO: [ app_init ] --START--
INFO: Run Behavior\BuildLiteBehavior [ RunTime:0.000000s ]
INFO: [ app_init ] --END-- [ RunTime:0.001000s ]
INFO: [ app_begin ] --START--
INFO: Run Behavior\ReadHtmlCacheBehavior [ RunTime:0.002000s ]
INFO: [ app_begin ] --END-- [ RunTime:0.002000s ]
SQL: SHOW COLUMNS FROM `market_user_capital` [ RunTime:0.0050s ]
SQL: SELECT * FROM `market_user_capital` WHERE ( uid=22600035 )  [ RunTime:0.0000s ]
INFO: [ app_end ] --START--
INFO: Run Behavior\ShowPageTraceBehavior [ RunTime:0.001000s ]
INFO: [ app_end ] --END-- [ RunTime:0.002000s ]

[ 2015-09-07T14:21:38+08:00 ] 192.168.150.116 /index.php/Mobile/Capital/positionsDetail
INFO: [ app_init ] --START--
INFO: Run Behavior\BuildLiteBehavior [ RunTime:0.000000s ]
INFO: [ app_init ] --END-- [ RunTime:0.001001s ]
INFO: [ app_begin ] --START--
INFO: Run Behavior\ReadHtmlCacheBehavior [ RunTime:0.001000s ]
INFO: [ app_begin ] --END-- [ RunTime:0.001000s ]
SQL: SHOW COLUMNS FROM `market_positions_detail` [ RunTime:0.0080s ]
SQL: SELECT * FROM `market_positions_detail` WHERE `uid` = 22600035 AND `freeze_uccupy` IS NULL ORDER BY id desc  [ RunTime:0.0010s ]
INFO: [ app_end ] --START--
INFO: Run Behavior\ShowPageTraceBehavior [ RunTime:0.001000s ]
INFO: [ app_end ] --END-- [ RunTime:0.002000s ]

[ 2015-09-07T14:21:38+08:00 ] 192.168.150.116 /index.php/Mobile/Capital/totalPositions
INFO: [ app_init ] --START--
INFO: Run Behavior\BuildLiteBehavior [ RunTime:0.000000s ]
INFO: [ app_init ] --END-- [ RunTime:0.001000s ]
INFO: [ app_begin ] --START--
INFO: Run Behavior\ReadHtmlCacheBehavior [ RunTime:0.001000s ]
INFO: [ app_begin ] --END-- [ RunTime:0.001000s ]
SQL: SHOW COLUMNS FROM `market_positions_detail` [ RunTime:0.0070s ]
SQL: SELECT * FROM `market_positions_detail` WHERE `direction` = '卖' AND `uid` = 22600035 AND `freeze_uccupy` IS NULL ORDER BY id desc  [ RunTime:0.0010s ]
SQL: SELECT COUNT(*) AS tp_count FROM `market_positions_detail` WHERE `direction` = '卖' AND `uid` = 22600035 AND `freeze_uccupy` IS NULL ORDER BY id desc LIMIT 1   [ RunTime:0.0000s ]
NOTIC: [2] Division by zero D:\webroot\market\Application\Mobile\Controller\CapitalController.class.php 第 192 行.
SQL: SELECT * FROM `market_positions_detail` WHERE `direction` = '买' AND `uid` = 22600035 AND `freeze_uccupy` IS NULL ORDER BY id desc  [ RunTime:0.0000s ]
SQL: SELECT COUNT(*) AS tp_count FROM `market_positions_detail` WHERE `direction` = '买' AND `uid` = 22600035 AND `freeze_uccupy` IS NULL ORDER BY id desc LIMIT 1   [ RunTime:0.0000s ]
NOTIC: [2] Division by zero D:\webroot\market\Application\Mobile\Controller\CapitalController.class.php 第 212 行.
INFO: [ app_end ] --START--
INFO: Run Behavior\ShowPageTraceBehavior [ RunTime:0.002000s ]
INFO: [ app_end ] --END-- [ RunTime:0.002000s ]

[ 2015-09-07T14:21:47+08:00 ] 192.168.150.116 /index.php/Mobile/Capital/index
INFO: [ app_init ] --START--
INFO: Run Behavior\BuildLiteBehavior [ RunTime:0.000000s ]
INFO: [ app_init ] --END-- [ RunTime:0.000000s ]
INFO: [ app_begin ] --START--
INFO: Run Behavior\ReadHtmlCacheBehavior [ RunTime:0.001000s ]
INFO: [ app_begin ] --END-- [ RunTime:0.001000s ]
SQL: SHOW COLUMNS FROM `market_user_capital` [ RunTime:0.0050s ]
SQL: SELECT * FROM `market_user_capital` WHERE ( uid=22600035 )  [ RunTime:0.0000s ]
INFO: [ app_end ] --START--
INFO: Run Behavior\ShowPageTraceBehavior [ RunTime:0.001000s ]
INFO: [ app_end ] --END-- [ RunTime:0.001000s ]

[ 2015-09-07T14:21:47+08:00 ] 192.168.150.116 /index.php/Mobile/Capital/positionsDetail
INFO: [ app_init ] --START--
INFO: Run Behavior\BuildLiteBehavior [ RunTime:0.000000s ]
INFO: [ app_init ] --END-- [ RunTime:0.001000s ]
INFO: [ app_begin ] --START--
INFO: Run Behavior\ReadHtmlCacheBehavior [ RunTime:0.001000s ]
INFO: [ app_begin ] --END-- [ RunTime:0.001000s ]
SQL: SHOW COLUMNS FROM `market_positions_detail` [ RunTime:0.0320s ]
SQL: SELECT * FROM `market_positions_detail` WHERE `uid` = 22600035 AND `freeze_uccupy` IS NULL ORDER BY id desc  [ RunTime:0.0010s ]
INFO: [ app_end ] --START--
INFO: Run Behavior\ShowPageTraceBehavior [ RunTime:0.002000s ]
INFO: [ app_end ] --END-- [ RunTime:0.002000s ]

[ 2015-09-07T14:21:47+08:00 ] 192.168.150.116 /index.php/Mobile/Capital/totalPositions
INFO: [ app_init ] --START--
INFO: Run Behavior\BuildLiteBehavior [ RunTime:0.000000s ]
INFO: [ app_init ] --END-- [ RunTime:0.001000s ]
INFO: [ app_begin ] --START--
INFO: Run Behavior\ReadHtmlCacheBehavior [ RunTime:0.002000s ]
INFO: [ app_begin ] --END-- [ RunTime:0.002000s ]
SQL: SHOW COLUMNS FROM `market_positions_detail` [ RunTime:0.0070s ]
SQL: SELECT * FROM `market_positions_detail` WHERE `direction` = '卖' AND `uid` = 22600035 AND `freeze_uccupy` IS NULL ORDER BY id desc  [ RunTime:0.0000s ]
SQL: SELECT COUNT(*) AS tp_count FROM `market_positions_detail` WHERE `direction` = '卖' AND `uid` = 22600035 AND `freeze_uccupy` IS NULL ORDER BY id desc LIMIT 1   [ RunTime:0.0000s ]
NOTIC: [2] Division by zero D:\webroot\market\Application\Mobile\Controller\CapitalController.class.php 第 192 行.
SQL: SELECT * FROM `market_positions_detail` WHERE `direction` = '买' AND `uid` = 22600035 AND `freeze_uccupy` IS NULL ORDER BY id desc  [ RunTime:0.0010s ]
SQL: SELECT COUNT(*) AS tp_count FROM `market_positions_detail` WHERE `direction` = '买' AND `uid` = 22600035 AND `freeze_uccupy` IS NULL ORDER BY id desc LIMIT 1   [ RunTime:0.0000s ]
NOTIC: [2] Division by zero D:\webroot\market\Application\Mobile\Controller\CapitalController.class.php 第 212 行.
INFO: [ app_end ] --START--
INFO: Run Behavior\ShowPageTraceBehavior [ RunTime:0.002000s ]
INFO: [ app_end ] --END-- [ RunTime:0.002000s ]

[ 2015-09-07T14:26:11+08:00 ] 192.168.150.116 /index.php/Mobile/Capital/index
INFO: [ app_init ] --START--
INFO: Run Behavior\BuildLiteBehavior [ RunTime:0.000000s ]
INFO: [ app_init ] --END-- [ RunTime:0.000000s ]
INFO: [ app_begin ] --START--
INFO: Run Behavior\ReadHtmlCacheBehavior [ RunTime:0.001000s ]
INFO: [ app_begin ] --END-- [ RunTime:0.001000s ]
SQL: SHOW COLUMNS FROM `market_user_capital` [ RunTime:0.0040s ]
SQL: SELECT * FROM `market_user_capital` WHERE ( uid=22600035 )  [ RunTime:0.0000s ]
INFO: [ app_end ] --START--
INFO: Run Behavior\ShowPageTraceBehavior [ RunTime:0.001000s ]
INFO: [ app_end ] --END-- [ RunTime:0.001000s ]

[ 2015-09-07T14:26:11+08:00 ] 192.168.150.116 /index.php/Mobile/Capital/positionsDetail
INFO: [ app_init ] --START--
INFO: Run Behavior\BuildLiteBehavior [ RunTime:0.000000s ]
INFO: [ app_init ] --END-- [ RunTime:0.001000s ]
INFO: [ app_begin ] --START--
INFO: Run Behavior\ReadHtmlCacheBehavior [ RunTime:0.001001s ]
INFO: [ app_begin ] --END-- [ RunTime:0.001001s ]
SQL: SHOW COLUMNS FROM `market_positions_detail` [ RunTime:0.0030s ]
SQL: SELECT * FROM `market_positions_detail` WHERE `uid` = 22600035 AND `freeze_uccupy` IS NULL ORDER BY id desc  [ RunTime:0.0000s ]
INFO: [ app_end ] --START--
INFO: Run Behavior\ShowPageTraceBehavior [ RunTime:0.001000s ]
INFO: [ app_end ] --END-- [ RunTime:0.001000s ]

[ 2015-09-07T14:26:11+08:00 ] 192.168.150.116 /index.php/Mobile/Capital/totalPositions
INFO: [ app_init ] --START--
INFO: Run Behavior\BuildLiteBehavior [ RunTime:0.000000s ]
INFO: [ app_init ] --END-- [ RunTime:0.001000s ]
INFO: [ app_begin ] --START--
INFO: Run Behavior\ReadHtmlCacheBehavior [ RunTime:0.001000s ]
INFO: [ app_begin ] --END-- [ RunTime:0.001000s ]
SQL: SHOW COLUMNS FROM `market_positions_detail` [ RunTime:0.0050s ]
SQL: SELECT * FROM `market_positions_detail` WHERE `direction` = '卖' AND `uid` = 22600035 AND `freeze_uccupy` IS NULL ORDER BY id desc  [ RunTime:0.0010s ]
SQL: SELECT COUNT(*) AS tp_count FROM `market_positions_detail` WHERE `direction` = '卖' AND `uid` = 22600035 AND `freeze_uccupy` IS NULL ORDER BY id desc LIMIT 1   [ RunTime:0.0000s ]
NOTIC: [2] Division by zero D:\webroot\market\Application\Mobile\Controller\CapitalController.class.php 第 192 行.
SQL: SELECT * FROM `market_positions_detail` WHERE `direction` = '买' AND `uid` = 22600035 AND `freeze_uccupy` IS NULL ORDER BY id desc  [ RunTime:0.0010s ]
SQL: SELECT COUNT(*) AS tp_count FROM `market_positions_detail` WHERE `direction` = '买' AND `uid` = 22600035 AND `freeze_uccupy` IS NULL ORDER BY id desc LIMIT 1   [ RunTime:0.0000s ]
NOTIC: [2] Division by zero D:\webroot\market\Application\Mobile\Controller\CapitalController.class.php 第 212 行.
INFO: [ app_end ] --START--
INFO: Run Behavior\ShowPageTraceBehavior [ RunTime:0.001000s ]
INFO: [ app_end ] --END-- [ RunTime:0.001000s ]

[ 2015-09-07T14:26:49+08:00 ] 192.168.150.116 /index.php/Mobile/Capital/index
INFO: [ app_init ] --START--
INFO: Run Behavior\BuildLiteBehavior [ RunTime:0.000000s ]
INFO: [ app_init ] --END-- [ RunTime:0.001000s ]
INFO: [ app_begin ] --START--
INFO: Run Behavior\ReadHtmlCacheBehavior [ RunTime:0.001001s ]
INFO: [ app_begin ] --END-- [ RunTime:0.001001s ]
SQL: SHOW COLUMNS FROM `market_user_capital` [ RunTime:0.0040s ]
SQL: SELECT * FROM `market_user_capital` WHERE ( uid=22600035 )  [ RunTime:0.0000s ]
INFO: [ app_end ] --START--
INFO: Run Behavior\ShowPageTraceBehavior [ RunTime:0.001000s ]
INFO: [ app_end ] --END-- [ RunTime:0.001000s ]

[ 2015-09-07T14:26:50+08:00 ] 192.168.150.116 /index.php/Mobile/Capital/positionsDetail
INFO: [ app_init ] --START--
INFO: Run Behavior\BuildLiteBehavior [ RunTime:0.000000s ]
INFO: [ app_init ] --END-- [ RunTime:0.001000s ]
INFO: [ app_begin ] --START--
INFO: Run Behavior\ReadHtmlCacheBehavior [ RunTime:0.001000s ]
INFO: [ app_begin ] --END-- [ RunTime:0.001000s ]
SQL: SHOW COLUMNS FROM `market_positions_detail` [ RunTime:0.0050s ]
SQL: SELECT * FROM `market_positions_detail` WHERE `uid` = 22600035 AND `freeze_uccupy` IS NULL ORDER BY id desc  [ RunTime:0.0010s ]
INFO: [ app_end ] --START--
INFO: Run Behavior\ShowPageTraceBehavior [ RunTime:0.001001s ]
INFO: [ app_end ] --END-- [ RunTime:0.001001s ]

[ 2015-09-07T14:26:50+08:00 ] 192.168.150.116 /index.php/Mobile/Capital/totalPositions
INFO: [ app_init ] --START--
INFO: Run Behavior\BuildLiteBehavior [ RunTime:0.000000s ]
INFO: [ app_init ] --END-- [ RunTime:0.000000s ]
INFO: [ app_begin ] --START--
INFO: Run Behavior\ReadHtmlCacheBehavior [ RunTime:0.002000s ]
INFO: [ app_begin ] --END-- [ RunTime:0.002000s ]
SQL: SHOW COLUMNS FROM `market_positions_detail` [ RunTime:0.0070s ]
SQL: SELECT * FROM `market_positions_detail` WHERE `direction` = '卖' AND `uid` = 22600035 AND `freeze_uccupy` IS NULL ORDER BY id desc  [ RunTime:0.0000s ]
SQL: SELECT COUNT(*) AS tp_count FROM `market_positions_detail` WHERE `direction` = '卖' AND `uid` = 22600035 AND `freeze_uccupy` IS NULL ORDER BY id desc LIMIT 1   [ RunTime:0.0000s ]
NOTIC: [2] Division by zero D:\webroot\market\Application\Mobile\Controller\CapitalController.class.php 第 192 行.
SQL: SELECT * FROM `market_positions_detail` WHERE `direction` = '买' AND `uid` = 22600035 AND `freeze_uccupy` IS NULL ORDER BY id desc  [ RunTime:0.0000s ]
SQL: SELECT COUNT(*) AS tp_count FROM `market_positions_detail` WHERE `direction` = '买' AND `uid` = 22600035 AND `freeze_uccupy` IS NULL ORDER BY id desc LIMIT 1   [ RunTime:0.0000s ]
NOTIC: [2] Division by zero D:\webroot\market\Application\Mobile\Controller\CapitalController.class.php 第 212 行.
INFO: [ app_end ] --START--
INFO: Run Behavior\ShowPageTraceBehavior [ RunTime:0.002000s ]
INFO: [ app_end ] --END-- [ RunTime:0.002000s ]

[ 2015-09-07T14:28:03+08:00 ] 192.168.150.116 /index.php/Mobile/Capital/index
INFO: [ app_init ] --START--
INFO: Run Behavior\BuildLiteBehavior [ RunTime:0.000000s ]
INFO: [ app_init ] --END-- [ RunTime:0.000000s ]
INFO: [ app_begin ] --START--
INFO: Run Behavior\ReadHtmlCacheBehavior [ RunTime:0.000000s ]
INFO: [ app_begin ] --END-- [ RunTime:0.000000s ]
NOTIC: [8] Undefined index: ckUid D:\webroot\market\Application\Mobile\Controller\CapitalController.class.php 第 13 行.
NOTIC: [8] Undefined index: token D:\webroot\market\Application\Mobile\Controller\CapitalController.class.php 第 14 行.

[ 2015-09-07T14:28:04+08:00 ] 192.168.150.116 /index.php/Mobile/Capital/positionsDetail
INFO: [ app_init ] --START--
INFO: Run Behavior\BuildLiteBehavior [ RunTime:0.000000s ]
INFO: [ app_init ] --END-- [ RunTime:0.000000s ]
INFO: [ app_begin ] --START--
INFO: Run Behavior\ReadHtmlCacheBehavior [ RunTime:0.001000s ]
INFO: [ app_begin ] --END-- [ RunTime:0.001000s ]
NOTIC: [8] Undefined index: ckUid D:\webroot\market\Application\Mobile\Controller\CapitalController.class.php 第 95 行.
NOTIC: [8] Undefined index: token D:\webroot\market\Application\Mobile\Controller\CapitalController.class.php 第 96 行.

[ 2015-09-07T14:28:04+08:00 ] 192.168.150.116 /index.php/Mobile/Capital/totalPositions
INFO: [ app_init ] --START--
INFO: Run Behavior\BuildLiteBehavior [ RunTime:0.000000s ]
INFO: [ app_init ] --END-- [ RunTime:0.001000s ]
INFO: [ app_begin ] --START--
INFO: Run Behavior\ReadHtmlCacheBehavior [ RunTime:0.000000s ]
INFO: [ app_begin ] --END-- [ RunTime:0.000000s ]
NOTIC: [8] Undefined index: ckUid D:\webroot\market\Application\Mobile\Controller\CapitalController.class.php 第 150 行.
NOTIC: [8] Undefined index: token D:\webroot\market\Application\Mobile\Controller\CapitalController.class.php 第 151 行.

[ 2015-09-07T14:28:09+08:00 ] 192.168.150.116 /index.php/Mobile/Capital/index
INFO: [ app_init ] --START--
INFO: Run Behavior\BuildLiteBehavior [ RunTime:0.000000s ]
INFO: [ app_init ] --END-- [ RunTime:0.001000s ]
INFO: [ app_begin ] --START--
INFO: Run Behavior\ReadHtmlCacheBehavior [ RunTime:0.001000s ]
INFO: [ app_begin ] --END-- [ RunTime:0.001000s ]
SQL: SHOW COLUMNS FROM `market_user_capital` [ RunTime:0.0050s ]
SQL: SELECT * FROM `market_user_capital` WHERE ( uid=22600035 )  [ RunTime:0.0000s ]
INFO: [ app_end ] --START--
INFO: Run Behavior\ShowPageTraceBehavior [ RunTime:0.001000s ]
INFO: [ app_end ] --END-- [ RunTime:0.001000s ]

[ 2015-09-07T14:28:09+08:00 ] 192.168.150.116 /index.php/Mobile/Capital/positionsDetail
INFO: [ app_init ] --START--
INFO: Run Behavior\BuildLiteBehavior [ RunTime:0.000000s ]
INFO: [ app_init ] --END-- [ RunTime:0.000000s ]
INFO: [ app_begin ] --START--
INFO: Run Behavior\ReadHtmlCacheBehavior [ RunTime:0.000000s ]
INFO: [ app_begin ] --END-- [ RunTime:0.001000s ]
SQL: SHOW COLUMNS FROM `market_positions_detail` [ RunTime:0.0050s ]
SQL: SELECT * FROM `market_positions_detail` WHERE `uid` = 22600035 AND `freeze_uccupy` IS NULL ORDER BY id desc  [ RunTime:0.0000s ]
INFO: [ app_end ] --START--
INFO: Run Behavior\ShowPageTraceBehavior [ RunTime:0.001000s ]
INFO: [ app_end ] --END-- [ RunTime:0.001000s ]

[ 2015-09-07T14:28:09+08:00 ] 192.168.150.116 /index.php/Mobile/Capital/totalPositions
INFO: [ app_init ] --START--
INFO: Run Behavior\BuildLiteBehavior [ RunTime:0.000000s ]
INFO: [ app_init ] --END-- [ RunTime:0.001000s ]
INFO: [ app_begin ] --START--
INFO: Run Behavior\ReadHtmlCacheBehavior [ RunTime:0.001000s ]
INFO: [ app_begin ] --END-- [ RunTime:0.001000s ]
SQL: SHOW COLUMNS FROM `market_positions_detail` [ RunTime:0.0080s ]
SQL: SELECT * FROM `market_positions_detail` WHERE `direction` = '卖' AND `uid` = 22600035 AND `freeze_uccupy` IS NULL ORDER BY id desc  [ RunTime:0.0000s ]
SQL: SELECT COUNT(*) AS tp_count FROM `market_positions_detail` WHERE `direction` = '卖' AND `uid` = 22600035 AND `freeze_uccupy` IS NULL ORDER BY id desc LIMIT 1   [ RunTime:0.0010s ]
NOTIC: [2] Division by zero D:\webroot\market\Application\Mobile\Controller\CapitalController.class.php 第 192 行.
SQL: SELECT * FROM `market_positions_detail` WHERE `direction` = '买' AND `uid` = 22600035 AND `freeze_uccupy` IS NULL ORDER BY id desc  [ RunTime:0.0010s ]
SQL: SELECT COUNT(*) AS tp_count FROM `market_positions_detail` WHERE `direction` = '买' AND `uid` = 22600035 AND `freeze_uccupy` IS NULL ORDER BY id desc LIMIT 1   [ RunTime:0.0000s ]
NOTIC: [2] Division by zero D:\webroot\market\Application\Mobile\Controller\CapitalController.class.php 第 212 行.
INFO: [ app_end ] --START--
INFO: Run Behavior\ShowPageTraceBehavior [ RunTime:0.002000s ]
INFO: [ app_end ] --END-- [ RunTime:0.002000s ]

[ 2015-09-07T14:29:38+08:00 ] 192.168.150.116 /index.php/Mobile/Capital/index
INFO: [ app_init ] --START--
INFO: Run Behavior\BuildLiteBehavior [ RunTime:0.000000s ]
INFO: [ app_init ] --END-- [ RunTime:0.001000s ]
INFO: [ app_begin ] --START--
INFO: Run Behavior\ReadHtmlCacheBehavior [ RunTime:0.002000s ]
INFO: [ app_begin ] --END-- [ RunTime:0.002000s ]
NOTIC: [8] Undefined index: ckUid D:\webroot\market\Application\Mobile\Controller\CapitalController.class.php 第 13 行.
NOTIC: [8] Undefined index: token D:\webroot\market\Application\Mobile\Controller\CapitalController.class.php 第 14 行.

[ 2015-09-07T14:29:39+08:00 ] 192.168.150.116 /index.php/Mobile/Capital/positionsDetail
INFO: [ app_init ] --START--
INFO: Run Behavior\BuildLiteBehavior [ RunTime:0.000000s ]
INFO: [ app_init ] --END-- [ RunTime:0.000000s ]
INFO: [ app_begin ] --START--
INFO: Run Behavior\ReadHtmlCacheBehavior [ RunTime:0.002000s ]
INFO: [ app_begin ] --END-- [ RunTime:0.002000s ]
NOTIC: [8] Undefined index: ckUid D:\webroot\market\Application\Mobile\Controller\CapitalController.class.php 第 95 行.
NOTIC: [8] Undefined index: token D:\webroot\market\Application\Mobile\Controller\CapitalController.class.php 第 96 行.

[ 2015-09-07T14:29:39+08:00 ] 192.168.150.116 /index.php/Mobile/Capital/totalPositions
INFO: [ app_init ] --START--
INFO: Run Behavior\BuildLiteBehavior [ RunTime:0.000000s ]
INFO: [ app_init ] --END-- [ RunTime:0.000000s ]
INFO: [ app_begin ] --START--
INFO: Run Behavior\ReadHtmlCacheBehavior [ RunTime:0.001000s ]
INFO: [ app_begin ] --END-- [ RunTime:0.001000s ]
NOTIC: [8] Undefined index: ckUid D:\webroot\market\Application\Mobile\Controller\CapitalController.class.php 第 150 行.
NOTIC: [8] Undefined index: token D:\webroot\market\Application\Mobile\Controller\CapitalController.class.php 第 151 行.

[ 2015-09-07T14:29:41+08:00 ] 192.168.150.116 /index.php/Mobile/Capital/index
INFO: [ app_init ] --START--
INFO: Run Behavior\BuildLiteBehavior [ RunTime:0.000000s ]
INFO: [ app_init ] --END-- [ RunTime:0.001000s ]
INFO: [ app_begin ] --START--
INFO: Run Behavior\ReadHtmlCacheBehavior [ RunTime:0.002001s ]
INFO: [ app_begin ] --END-- [ RunTime:0.002001s ]
NOTIC: [8] Undefined index: ckUid D:\webroot\market\Application\Mobile\Controller\CapitalController.class.php 第 13 行.
NOTIC: [8] Undefined index: token D:\webroot\market\Application\Mobile\Controller\CapitalController.class.php 第 14 行.

[ 2015-09-07T14:29:41+08:00 ] 192.168.150.116 /index.php/Mobile/Capital/positionsDetail
INFO: [ app_init ] --START--
INFO: Run Behavior\BuildLiteBehavior [ RunTime:0.000000s ]
INFO: [ app_init ] --END-- [ RunTime:0.001001s ]
INFO: [ app_begin ] --START--
INFO: Run Behavior\ReadHtmlCacheBehavior [ RunTime:0.001000s ]
INFO: [ app_begin ] --END-- [ RunTime:0.001000s ]
NOTIC: [8] Undefined index: ckUid D:\webroot\market\Application\Mobile\Controller\CapitalController.class.php 第 95 行.
NOTIC: [8] Undefined index: token D:\webroot\market\Application\Mobile\Controller\CapitalController.class.php 第 96 行.

[ 2015-09-07T14:29:41+08:00 ] 192.168.150.116 /index.php/Mobile/Capital/totalPositions
INFO: [ app_init ] --START--
INFO: Run Behavior\BuildLiteBehavior [ RunTime:0.000000s ]
INFO: [ app_init ] --END-- [ RunTime:0.000000s ]
INFO: [ app_begin ] --START--
INFO: Run Behavior\ReadHtmlCacheBehavior [ RunTime:0.001000s ]
INFO: [ app_begin ] --END-- [ RunTime:0.001000s ]
NOTIC: [8] Undefined index: ckUid D:\webroot\market\Application\Mobile\Controller\CapitalController.class.php 第 150 行.
NOTIC: [8] Undefined index: token D:\webroot\market\Application\Mobile\Controller\CapitalController.class.php 第 151 行.

[ 2015-09-07T14:30:51+08:00 ] 192.168.150.116 /index.php/Mobile/Capital/index
INFO: [ app_init ] --START--
INFO: Run Behavior\BuildLiteBehavior [ RunTime:0.000000s ]
INFO: [ app_init ] --END-- [ RunTime:0.001000s ]
INFO: [ app_begin ] --START--
INFO: Run Behavior\ReadHtmlCacheBehavior [ RunTime:0.002000s ]
INFO: [ app_begin ] --END-- [ RunTime:0.002000s ]
SQL: SHOW COLUMNS FROM `market_user_capital` [ RunTime:0.0040s ]
SQL: SELECT * FROM `market_user_capital` WHERE ( uid=22600035 )  [ RunTime:0.0000s ]
INFO: [ app_end ] --START--
INFO: Run Behavior\ShowPageTraceBehavior [ RunTime:0.001000s ]
INFO: [ app_end ] --END-- [ RunTime:0.001000s ]

[ 2015-09-07T14:30:52+08:00 ] 192.168.150.116 /index.php/Mobile/Capital/positionsDetail
INFO: [ app_init ] --START--
INFO: Run Behavior\BuildLiteBehavior [ RunTime:0.000000s ]
INFO: [ app_init ] --END-- [ RunTime:0.000000s ]
INFO: [ app_begin ] --START--
INFO: Run Behavior\ReadHtmlCacheBehavior [ RunTime:0.001001s ]
INFO: [ app_begin ] --END-- [ RunTime:0.001001s ]
SQL: SHOW COLUMNS FROM `market_positions_detail` [ RunTime:0.0070s ]
SQL: SELECT * FROM `market_positions_detail` WHERE `uid` = 22600035 AND `freeze_uccupy` IS NULL ORDER BY id desc  [ RunTime:0.0000s ]
INFO: [ app_end ] --START--
INFO: Run Behavior\ShowPageTraceBehavior [ RunTime:0.002000s ]
INFO: [ app_end ] --END-- [ RunTime:0.002000s ]

[ 2015-09-07T14:30:52+08:00 ] 192.168.150.116 /index.php/Mobile/Capital/totalPositions
INFO: [ app_init ] --START--
INFO: Run Behavior\BuildLiteBehavior [ RunTime:0.000000s ]
INFO: [ app_init ] --END-- [ RunTime:0.001000s ]
INFO: [ app_begin ] --START--
INFO: Run Behavior\ReadHtmlCacheBehavior [ RunTime:0.001000s ]
INFO: [ app_begin ] --END-- [ RunTime:0.002000s ]
SQL: SHOW COLUMNS FROM `market_positions_detail` [ RunTime:0.0040s ]
SQL: SELECT * FROM `market_positions_detail` WHERE `direction` = '卖' AND `uid` = 22600035 AND `freeze_uccupy` IS NULL ORDER BY id desc  [ RunTime:0.0000s ]
SQL: SELECT COUNT(*) AS tp_count FROM `market_positions_detail` WHERE `direction` = '卖' AND `uid` = 22600035 AND `freeze_uccupy` IS NULL ORDER BY id desc LIMIT 1   [ RunTime:0.0000s ]
NOTIC: [2] Division by zero D:\webroot\market\Application\Mobile\Controller\CapitalController.class.php 第 192 行.
SQL: SELECT * FROM `market_positions_detail` WHERE `direction` = '买' AND `uid` = 22600035 AND `freeze_uccupy` IS NULL ORDER BY id desc  [ RunTime:0.0000s ]
SQL: SELECT COUNT(*) AS tp_count FROM `market_positions_detail` WHERE `direction` = '买' AND `uid` = 22600035 AND `freeze_uccupy` IS NULL ORDER BY id desc LIMIT 1   [ RunTime:0.0010s ]
NOTIC: [2] Division by zero D:\webroot\market\Application\Mobile\Controller\CapitalController.class.php 第 212 行.
INFO: [ app_end ] --START--
INFO: Run Behavior\ShowPageTraceBehavior [ RunTime:0.001000s ]
INFO: [ app_end ] --END-- [ RunTime:0.001000s ]

[ 2015-09-07T14:33:09+08:00 ] 192.168.150.116 /index.php/Mobile/Capital/totalPositions
INFO: [ app_init ] --START--
INFO: Run Behavior\BuildLiteBehavior [ RunTime:0.000000s ]
INFO: [ app_init ] --END-- [ RunTime:0.001001s ]
INFO: [ app_begin ] --START--
INFO: Run Behavior\ReadHtmlCacheBehavior [ RunTime:0.001000s ]
INFO: [ app_begin ] --END-- [ RunTime:0.001000s ]
SQL: SHOW COLUMNS FROM `market_positions_detail` [ RunTime:0.0070s ]
SQL: SELECT * FROM `market_positions_detail` WHERE `direction` = '卖' AND `uid` = 22600035 AND `freeze_uccupy` IS NULL ORDER BY id desc  [ RunTime:0.0000s ]
SQL: SELECT COUNT(*) AS tp_count FROM `market_positions_detail` WHERE `direction` = '卖' AND `uid` = 22600035 AND `freeze_uccupy` IS NULL ORDER BY id desc LIMIT 1   [ RunTime:0.0000s ]
NOTIC: [2] Division by zero D:\webroot\market\Application\Mobile\Controller\CapitalController.class.php 第 192 行.
SQL: SELECT * FROM `market_positions_detail` WHERE `direction` = '买' AND `uid` = 22600035 AND `freeze_uccupy` IS NULL ORDER BY id desc  [ RunTime:0.0000s ]
SQL: SELECT COUNT(*) AS tp_count FROM `market_positions_detail` WHERE `direction` = '买' AND `uid` = 22600035 AND `freeze_uccupy` IS NULL ORDER BY id desc LIMIT 1   [ RunTime:0.0010s ]
NOTIC: [2] Division by zero D:\webroot\market\Application\Mobile\Controller\CapitalController.class.php 第 212 行.
INFO: [ app_end ] --START--
INFO: Run Behavior\ShowPageTraceBehavior [ RunTime:0.002000s ]
INFO: [ app_end ] --END-- [ RunTime:0.002000s ]

[ 2015-09-07T14:33:09+08:00 ] 192.168.150.116 /index.php/Mobile/Capital/positionsDetail
INFO: [ app_init ] --START--
INFO: Run Behavior\BuildLiteBehavior [ RunTime:0.000000s ]
INFO: [ app_init ] --END-- [ RunTime:0.001000s ]
INFO: [ app_begin ] --START--
INFO: Run Behavior\ReadHtmlCacheBehavior [ RunTime:0.001000s ]
INFO: [ app_begin ] --END-- [ RunTime:0.001000s ]
SQL: SHOW COLUMNS FROM `market_positions_detail` [ RunTime:0.0070s ]
SQL: SELECT * FROM `market_positions_detail` WHERE `uid` = 22600035 AND `freeze_uccupy` IS NULL ORDER BY id desc  [ RunTime:0.0000s ]
INFO: [ app_end ] --START--
INFO: Run Behavior\ShowPageTraceBehavior [ RunTime:0.001001s ]
INFO: [ app_end ] --END-- [ RunTime:0.001001s ]

[ 2015-09-07T14:33:09+08:00 ] 192.168.150.116 /index.php/Mobile/Capital/totalPositions
INFO: [ app_init ] --START--
INFO: Run Behavior\BuildLiteBehavior [ RunTime:0.000000s ]
INFO: [ app_init ] --END-- [ RunTime:0.001000s ]
INFO: [ app_begin ] --START--
INFO: Run Behavior\ReadHtmlCacheBehavior [ RunTime:0.001001s ]
INFO: [ app_begin ] --END-- [ RunTime:0.001001s ]
SQL: SHOW COLUMNS FROM `market_positions_detail` [ RunTime:0.0050s ]
SQL: SELECT * FROM `market_positions_detail` WHERE `direction` = '卖' AND `uid` = 22600035 AND `freeze_uccupy` IS NULL ORDER BY id desc  [ RunTime:0.0000s ]
SQL: SELECT COUNT(*) AS tp_count FROM `market_positions_detail` WHERE `direction` = '卖' AND `uid` = 22600035 AND `freeze_uccupy` IS NULL ORDER BY id desc LIMIT 1   [ RunTime:0.0000s ]
NOTIC: [2] Division by zero D:\webroot\market\Application\Mobile\Controller\CapitalController.class.php 第 192 行.
SQL: SELECT * FROM `market_positions_detail` WHERE `direction` = '买' AND `uid` = 22600035 AND `freeze_uccupy` IS NULL ORDER BY id desc  [ RunTime:0.0000s ]
SQL: SELECT COUNT(*) AS tp_count FROM `market_positions_detail` WHERE `direction` = '买' AND `uid` = 22600035 AND `freeze_uccupy` IS NULL ORDER BY id desc LIMIT 1   [ RunTime:0.0000s ]
NOTIC: [2] Division by zero D:\webroot\market\Application\Mobile\Controller\CapitalController.class.php 第 212 行.
INFO: [ app_end ] --START--
INFO: Run Behavior\ShowPageTraceBehavior [ RunTime:0.001000s ]
INFO: [ app_end ] --END-- [ RunTime:0.001000s ]

[ 2015-09-07T14:33:09+08:00 ] 192.168.150.116 /index.php/Mobile/Capital/index
INFO: [ app_init ] --START--
INFO: Run Behavior\BuildLiteBehavior [ RunTime:0.000000s ]
INFO: [ app_init ] --END-- [ RunTime:0.000000s ]
INFO: [ app_begin ] --START--
INFO: Run Behavior\ReadHtmlCacheBehavior [ RunTime:0.001000s ]
INFO: [ app_begin ] --END-- [ RunTime:0.001000s ]
SQL: SHOW COLUMNS FROM `market_user_capital` [ RunTime:0.0050s ]
SQL: SELECT * FROM `market_user_capital` WHERE ( uid=22600035 )  [ RunTime:0.0000s ]
INFO: [ app_end ] --START--
INFO: Run Behavior\ShowPageTraceBehavior [ RunTime:0.001000s ]
INFO: [ app_end ] --END-- [ RunTime:0.001000s ]

[ 2015-09-07T15:33:50+08:00 ] 192.168.150.116 /index.php/Mobile/Capital/index
INFO: [ app_init ] --START--
INFO: Run Behavior\BuildLiteBehavior [ RunTime:0.000000s ]
INFO: [ app_init ] --END-- [ RunTime:0.001001s ]
INFO: [ app_begin ] --START--
INFO: Run Behavior\ReadHtmlCacheBehavior [ RunTime:0.001000s ]
INFO: [ app_begin ] --END-- [ RunTime:0.002000s ]
SQL: SHOW COLUMNS FROM `market_user_capital` [ RunTime:0.0040s ]
SQL: SELECT * FROM `market_user_capital` WHERE ( uid=22600035 )  [ RunTime:0.0000s ]
INFO: [ app_end ] --START--
INFO: Run Behavior\ShowPageTraceBehavior [ RunTime:0.001000s ]
INFO: [ app_end ] --END-- [ RunTime:0.001000s ]

[ 2015-09-07T15:33:50+08:00 ] 192.168.150.116 /index.php/Mobile/Capital/positionsDetail
INFO: [ app_init ] --START--
INFO: Run Behavior\BuildLiteBehavior [ RunTime:0.000000s ]
INFO: [ app_init ] --END-- [ RunTime:0.000000s ]
INFO: [ app_begin ] --START--
INFO: Run Behavior\ReadHtmlCacheBehavior [ RunTime:0.001000s ]
INFO: [ app_begin ] --END-- [ RunTime:0.001000s ]
SQL: SHOW COLUMNS FROM `market_positions_detail` [ RunTime:0.0040s ]
SQL: SELECT * FROM `market_positions_detail` WHERE `uid` = 22600035 AND `freeze_uccupy` IS NULL ORDER BY id desc  [ RunTime:0.0000s ]
INFO: [ app_end ] --START--
INFO: Run Behavior\ShowPageTraceBehavior [ RunTime:0.001000s ]
INFO: [ app_end ] --END-- [ RunTime:0.001000s ]

[ 2015-09-07T15:33:51+08:00 ] 192.168.150.116 /index.php/Mobile/Capital/totalPositions
INFO: [ app_init ] --START--
INFO: Run Behavior\BuildLiteBehavior [ RunTime:0.000000s ]
INFO: [ app_init ] --END-- [ RunTime:0.001000s ]
INFO: [ app_begin ] --START--
INFO: Run Behavior\ReadHtmlCacheBehavior [ RunTime:0.001000s ]
INFO: [ app_begin ] --END-- [ RunTime:0.001000s ]
SQL: SHOW COLUMNS FROM `market_positions_detail` [ RunTime:0.0030s ]
SQL: SELECT * FROM `market_positions_detail` WHERE `direction` = '卖' AND `uid` = 22600035 AND `freeze_uccupy` IS NULL ORDER BY id desc  [ RunTime:0.0000s ]
SQL: SELECT COUNT(*) AS tp_count FROM `market_positions_detail` WHERE `direction` = '卖' AND `uid` = 22600035 AND `freeze_uccupy` IS NULL ORDER BY id desc LIMIT 1   [ RunTime:0.0000s ]
NOTIC: [2] Division by zero D:\webroot\market\Application\Mobile\Controller\CapitalController.class.php 第 192 行.
SQL: SELECT * FROM `market_positions_detail` WHERE `direction` = '买' AND `uid` = 22600035 AND `freeze_uccupy` IS NULL ORDER BY id desc  [ RunTime:0.0010s ]
SQL: SELECT COUNT(*) AS tp_count FROM `market_positions_detail` WHERE `direction` = '买' AND `uid` = 22600035 AND `freeze_uccupy` IS NULL ORDER BY id desc LIMIT 1   [ RunTime:0.0000s ]
NOTIC: [2] Division by zero D:\webroot\market\Application\Mobile\Controller\CapitalController.class.php 第 212 行.
INFO: [ app_end ] --START--
INFO: Run Behavior\ShowPageTraceBehavior [ RunTime:0.001000s ]
INFO: [ app_end ] --END-- [ RunTime:0.001000s ]

[ 2015-09-07T15:34:09+08:00 ] 192.168.150.116 /index.php/Mobile/Capital/index
INFO: [ app_init ] --START--
INFO: Run Behavior\BuildLiteBehavior [ RunTime:0.000000s ]
INFO: [ app_init ] --END-- [ RunTime:0.001000s ]
INFO: [ app_begin ] --START--
INFO: Run Behavior\ReadHtmlCacheBehavior [ RunTime:0.002000s ]
INFO: [ app_begin ] --END-- [ RunTime:0.002000s ]
SQL: SHOW COLUMNS FROM `market_user_capital` [ RunTime:0.0040s ]
SQL: SELECT * FROM `market_user_capital` WHERE ( uid=22600035 )  [ RunTime:0.0000s ]
INFO: [ app_end ] --START--
INFO: Run Behavior\ShowPageTraceBehavior [ RunTime:0.001000s ]
INFO: [ app_end ] --END-- [ RunTime:0.001000s ]

[ 2015-09-07T15:34:09+08:00 ] 192.168.150.116 /index.php/Mobile/Capital/positionsDetail
INFO: [ app_init ] --START--
INFO: Run Behavior\BuildLiteBehavior [ RunTime:0.000000s ]
INFO: [ app_init ] --END-- [ RunTime:0.000000s ]
INFO: [ app_begin ] --START--
INFO: Run Behavior\ReadHtmlCacheBehavior [ RunTime:0.001000s ]
INFO: [ app_begin ] --END-- [ RunTime:0.001000s ]
SQL: SHOW COLUMNS FROM `market_positions_detail` [ RunTime:0.0040s ]
SQL: SELECT * FROM `market_positions_detail` WHERE `uid` = 22600035 AND `freeze_uccupy` IS NULL ORDER BY id desc  [ RunTime:0.0010s ]
INFO: [ app_end ] --START--
INFO: Run Behavior\ShowPageTraceBehavior [ RunTime:0.000000s ]
INFO: [ app_end ] --END-- [ RunTime:0.001000s ]

[ 2015-09-07T15:34:09+08:00 ] 192.168.150.116 /index.php/Mobile/Capital/totalPositions
INFO: [ app_init ] --START--
INFO: Run Behavior\BuildLiteBehavior [ RunTime:0.000000s ]
INFO: [ app_init ] --END-- [ RunTime:0.001000s ]
INFO: [ app_begin ] --START--
INFO: Run Behavior\ReadHtmlCacheBehavior [ RunTime:0.001000s ]
INFO: [ app_begin ] --END-- [ RunTime:0.001000s ]
SQL: SHOW COLUMNS FROM `market_positions_detail` [ RunTime:0.0040s ]
SQL: SELECT * FROM `market_positions_detail` WHERE `direction` = '卖' AND `uid` = 22600035 AND `freeze_uccupy` IS NULL ORDER BY id desc  [ RunTime:0.0000s ]
SQL: SELECT COUNT(*) AS tp_count FROM `market_positions_detail` WHERE `direction` = '卖' AND `uid` = 22600035 AND `freeze_uccupy` IS NULL ORDER BY id desc LIMIT 1   [ RunTime:0.0000s ]
NOTIC: [2] Division by zero D:\webroot\market\Application\Mobile\Controller\CapitalController.class.php 第 192 行.
SQL: SELECT * FROM `market_positions_detail` WHERE `direction` = '买' AND `uid` = 22600035 AND `freeze_uccupy` IS NULL ORDER BY id desc  [ RunTime:0.0000s ]
SQL: SELECT COUNT(*) AS tp_count FROM `market_positions_detail` WHERE `direction` = '买' AND `uid` = 22600035 AND `freeze_uccupy` IS NULL ORDER BY id desc LIMIT 1   [ RunTime:0.0000s ]
NOTIC: [2] Division by zero D:\webroot\market\Application\Mobile\Controller\CapitalController.class.php 第 212 行.
INFO: [ app_end ] --START--
INFO: Run Behavior\ShowPageTraceBehavior [ RunTime:0.001000s ]
INFO: [ app_end ] --END-- [ RunTime:0.001000s ]

[ 2015-09-07T16:23:49+08:00 ] 192.168.150.116 /Mobile/Android/version
INFO: [ app_init ] --START--
INFO: Run Behavior\BuildLiteBehavior [ RunTime:0.000000s ]
INFO: [ app_init ] --END-- [ RunTime:0.001000s ]
INFO: [ app_begin ] --START--
INFO: Run Behavior\ReadHtmlCacheBehavior [ RunTime:0.002000s ]
INFO: [ app_begin ] --END-- [ RunTime:0.002000s ]
SQL: SHOW COLUMNS FROM `market_mobile_version` [ RunTime:0.0050s ]
SQL: SELECT * FROM `market_mobile_version` ORDER BY id desc LIMIT 1   [ RunTime:0.0010s ]
INFO: [ app_end ] --START--
INFO: Run Behavior\ShowPageTraceBehavior [ RunTime:0.001000s ]
INFO: [ app_end ] --END-- [ RunTime:0.001000s ]

[ 2015-09-07T16:46:05+08:00 ] 192.168.150.116 /Mobile/Android/version
INFO: [ app_init ] --START--
INFO: Run Behavior\BuildLiteBehavior [ RunTime:0.000000s ]
INFO: [ app_init ] --END-- [ RunTime:0.001000s ]
INFO: [ app_begin ] --START--
INFO: Run Behavior\ReadHtmlCacheBehavior [ RunTime:0.001000s ]
INFO: [ app_begin ] --END-- [ RunTime:0.001000s ]
SQL: SHOW COLUMNS FROM `market_mobile_version` [ RunTime:0.0040s ]
SQL: SELECT * FROM `market_mobile_version` ORDER BY id desc LIMIT 1   [ RunTime:0.0010s ]
INFO: [ app_end ] --START--
INFO: Run Behavior\ShowPageTraceBehavior [ RunTime:0.001000s ]
INFO: [ app_end ] --END-- [ RunTime:0.001000s ]

