[ 2015-08-14T10:02:44+08:00 ] 192.168.150.116 /Mobile/Android/version
INFO: [ app_init ] --START--
INFO: Run Behavior\BuildLiteBehavior [ RunTime:0.000000s ]
INFO: [ app_init ] --END-- [ RunTime:0.001000s ]
INFO: [ app_begin ] --START--
INFO: Run Behavior\ReadHtmlCacheBehavior [ RunTime:0.002000s ]
INFO: [ app_begin ] --END-- [ RunTime:0.002000s ]
SQL: SHOW COLUMNS FROM `market_mobile_version` [ RunTime:0.0040s ]
SQL: SELECT * FROM `market_mobile_version` ORDER BY id desc LIMIT 1   [ RunTime:0.0010s ]
INFO: [ app_end ] --START--
INFO: Run Behavior\ShowPageTraceBehavior [ RunTime:0.001000s ]
INFO: [ app_end ] --END-- [ RunTime:0.001000s ]

[ 2015-08-14T10:07:34+08:00 ] 192.168.150.10 /Mobile/Check/secretKey
INFO: [ app_init ] --START--
INFO: Run Behavior\BuildLiteBehavior [ RunTime:0.000000s ]
INFO: [ app_init ] --END-- [ RunTime:0.001000s ]
INFO: [ app_begin ] --START--
INFO: Run Behavior\ReadHtmlCacheBehavior [ RunTime:0.001000s ]
INFO: [ app_begin ] --END-- [ RunTime:0.002000s ]
SQL: SHOW COLUMNS FROM `market_mobile_appkey` [ RunTime:0.0030s ]
SQL: SELECT * FROM `market_mobile_appkey` WHERE `accountID` = '123123dsfsd' LIMIT 1   [ RunTime:0.0010s ]
SQL: UPDATE `market_mobile_appkey` SET `accountID`='123123dsfsd',`appKey`='e5be03ad88babc3f8945d55ac72a9d2e' WHERE `accountID` = '123123dsfsd' [ RunTime:0.0860s ]
INFO: [ app_end ] --START--
INFO: Run Behavior\ShowPageTraceBehavior [ RunTime:0.002000s ]
INFO: [ app_end ] --END-- [ RunTime:0.002000s ]

[ 2015-08-14T10:07:41+08:00 ] 192.168.150.10 /Mobile/Check/secretKey
INFO: [ app_init ] --START--
INFO: Run Behavior\BuildLiteBehavior [ RunTime:0.000000s ]
INFO: [ app_init ] --END-- [ RunTime:0.001000s ]
INFO: [ app_begin ] --START--
INFO: Run Behavior\ReadHtmlCacheBehavior [ RunTime:0.002000s ]
INFO: [ app_begin ] --END-- [ RunTime:0.002000s ]
SQL: SHOW COLUMNS FROM `market_mobile_appkey` [ RunTime:0.0040s ]
SQL: SELECT * FROM `market_mobile_appkey` WHERE `accountID` = '123123dsfsd' LIMIT 1   [ RunTime:0.0010s ]
SQL: UPDATE `market_mobile_appkey` SET `accountID`='123123dsfsd',`appKey`='45160d55e1e4876da526d4c46cbf320c' WHERE `accountID` = '123123dsfsd' [ RunTime:0.0880s ]
INFO: [ app_end ] --START--
INFO: Run Behavior\ShowPageTraceBehavior [ RunTime:0.001000s ]
INFO: [ app_end ] --END-- [ RunTime:0.001000s ]

[ 2015-08-14T10:07:42+08:00 ] 192.168.150.10 /Mobile/Check/secretKey
INFO: [ app_init ] --START--
INFO: Run Behavior\BuildLiteBehavior [ RunTime:0.000000s ]
INFO: [ app_init ] --END-- [ RunTime:0.001000s ]
INFO: [ app_begin ] --START--
INFO: Run Behavior\ReadHtmlCacheBehavior [ RunTime:0.001000s ]
INFO: [ app_begin ] --END-- [ RunTime:0.001000s ]
SQL: SHOW COLUMNS FROM `market_mobile_appkey` [ RunTime:0.0020s ]
SQL: SELECT * FROM `market_mobile_appkey` WHERE `accountID` = '123123dsfsd' LIMIT 1   [ RunTime:0.0000s ]
SQL: UPDATE `market_mobile_appkey` SET `accountID`='123123dsfsd',`appKey`='2dee996681ca60ecf657327c1ec6dfbc' WHERE `accountID` = '123123dsfsd' [ RunTime:0.7610s ]
INFO: [ app_end ] --START--
INFO: Run Behavior\ShowPageTraceBehavior [ RunTime:0.001001s ]
INFO: [ app_end ] --END-- [ RunTime:0.001001s ]

[ 2015-08-14T10:07:42+08:00 ] 192.168.150.10 /Mobile/Check/secretKey
INFO: [ app_init ] --START--
INFO: Run Behavior\BuildLiteBehavior [ RunTime:0.000000s ]
INFO: [ app_init ] --END-- [ RunTime:0.000000s ]
INFO: [ app_begin ] --START--
INFO: Run Behavior\ReadHtmlCacheBehavior [ RunTime:0.001000s ]
INFO: [ app_begin ] --END-- [ RunTime:0.001000s ]
SQL: SHOW COLUMNS FROM `market_mobile_appkey` [ RunTime:0.0020s ]
SQL: SELECT * FROM `market_mobile_appkey` WHERE `accountID` = '123123dsfsd' LIMIT 1   [ RunTime:0.0000s ]
SQL: UPDATE `market_mobile_appkey` SET `accountID`='123123dsfsd',`appKey`='2ed552d7551e9e5368654646f39398ab' WHERE `accountID` = '123123dsfsd' [ RunTime:0.3610s ]
INFO: [ app_end ] --START--
INFO: Run Behavior\ShowPageTraceBehavior [ RunTime:0.000000s ]
INFO: [ app_end ] --END-- [ RunTime:0.000000s ]

[ 2015-08-14T10:07:43+08:00 ] 192.168.150.10 /Mobile/Check/secretKey
INFO: [ app_init ] --START--
INFO: Run Behavior\BuildLiteBehavior [ RunTime:0.000000s ]
INFO: [ app_init ] --END-- [ RunTime:0.000000s ]
INFO: [ app_begin ] --START--
INFO: Run Behavior\ReadHtmlCacheBehavior [ RunTime:0.001000s ]
INFO: [ app_begin ] --END-- [ RunTime:0.001000s ]
SQL: SHOW COLUMNS FROM `market_mobile_appkey` [ RunTime:0.0010s ]
SQL: SELECT * FROM `market_mobile_appkey` WHERE `accountID` = '123123dsfsd' LIMIT 1   [ RunTime:0.0010s ]
SQL: UPDATE `market_mobile_appkey` SET `accountID`='123123dsfsd',`appKey`='572493bc7eeaca5aa59f6773b6219267' WHERE `accountID` = '123123dsfsd' [ RunTime:0.0850s ]
INFO: [ app_end ] --START--
INFO: Run Behavior\ShowPageTraceBehavior [ RunTime:0.001000s ]
INFO: [ app_end ] --END-- [ RunTime:0.001000s ]

[ 2015-08-14T10:07:44+08:00 ] 192.168.150.10 /Mobile/Check/secretKey
INFO: [ app_init ] --START--
INFO: Run Behavior\BuildLiteBehavior [ RunTime:0.000000s ]
INFO: [ app_init ] --END-- [ RunTime:0.000000s ]
INFO: [ app_begin ] --START--
INFO: Run Behavior\ReadHtmlCacheBehavior [ RunTime:0.001000s ]
INFO: [ app_begin ] --END-- [ RunTime:0.002000s ]
SQL: SHOW COLUMNS FROM `market_mobile_appkey` [ RunTime:0.0030s ]
SQL: SELECT * FROM `market_mobile_appkey` WHERE `accountID` = '123123dsfsd' LIMIT 1   [ RunTime:0.0010s ]
SQL: UPDATE `market_mobile_appkey` SET `accountID`='123123dsfsd',`appKey`='044c8b128dd02e4efd82018e405eebdc' WHERE `accountID` = '123123dsfsd' [ RunTime:0.4410s ]
INFO: [ app_end ] --START--
INFO: Run Behavior\ShowPageTraceBehavior [ RunTime:0.001000s ]
INFO: [ app_end ] --END-- [ RunTime:0.001000s ]

[ 2015-08-14T10:07:45+08:00 ] 192.168.150.10 /Mobile/Check/secretKey
INFO: [ app_init ] --START--
INFO: Run Behavior\BuildLiteBehavior [ RunTime:0.000000s ]
INFO: [ app_init ] --END-- [ RunTime:0.001000s ]
INFO: [ app_begin ] --START--
INFO: Run Behavior\ReadHtmlCacheBehavior [ RunTime:0.002000s ]
INFO: [ app_begin ] --END-- [ RunTime:0.002000s ]
SQL: SHOW COLUMNS FROM `market_mobile_appkey` [ RunTime:0.0030s ]
SQL: SELECT * FROM `market_mobile_appkey` WHERE `accountID` = '123123dsfsd' LIMIT 1   [ RunTime:0.0000s ]
SQL: UPDATE `market_mobile_appkey` SET `accountID`='123123dsfsd',`appKey`='3f17af787013779fc6fa42442b8ee4db' WHERE `accountID` = '123123dsfsd' [ RunTime:0.1540s ]
INFO: [ app_end ] --START--
INFO: Run Behavior\ShowPageTraceBehavior [ RunTime:0.001000s ]
INFO: [ app_end ] --END-- [ RunTime:0.002000s ]

[ 2015-08-14T10:07:46+08:00 ] 192.168.150.10 /Mobile/Check/secretKey
INFO: [ app_init ] --START--
INFO: Run Behavior\BuildLiteBehavior [ RunTime:0.000000s ]
INFO: [ app_init ] --END-- [ RunTime:0.001000s ]
INFO: [ app_begin ] --START--
INFO: Run Behavior\ReadHtmlCacheBehavior [ RunTime:0.001001s ]
INFO: [ app_begin ] --END-- [ RunTime:0.001001s ]
SQL: SHOW COLUMNS FROM `market_mobile_appkey` [ RunTime:0.5860s ]
SQL: SELECT * FROM `market_mobile_appkey` WHERE `accountID` = '123123dsfsd' LIMIT 1   [ RunTime:0.0000s ]
SQL: UPDATE `market_mobile_appkey` SET `accountID`='123123dsfsd',`appKey`='6cf03c52214de67243b1b6bd28a16236' WHERE `accountID` = '123123dsfsd' [ RunTime:0.1970s ]
INFO: [ app_end ] --START--
INFO: Run Behavior\ShowPageTraceBehavior [ RunTime:0.001000s ]
INFO: [ app_end ] --END-- [ RunTime:0.001000s ]

[ 2015-08-14T10:07:47+08:00 ] 192.168.150.10 /Mobile/Check/secretKey
INFO: [ app_init ] --START--
INFO: Run Behavior\BuildLiteBehavior [ RunTime:0.000000s ]
INFO: [ app_init ] --END-- [ RunTime:0.000000s ]
INFO: [ app_begin ] --START--
INFO: Run Behavior\ReadHtmlCacheBehavior [ RunTime:0.001000s ]
INFO: [ app_begin ] --END-- [ RunTime:0.002000s ]
SQL: SHOW COLUMNS FROM `market_mobile_appkey` [ RunTime:0.0030s ]
SQL: SELECT * FROM `market_mobile_appkey` WHERE `accountID` = '123123dsfsd' LIMIT 1   [ RunTime:0.0000s ]
SQL: UPDATE `market_mobile_appkey` SET `accountID`='123123dsfsd',`appKey`='1e07bfba97b7d9f9a4c55e2e0b3ad0c6' WHERE `accountID` = '123123dsfsd' [ RunTime:0.0850s ]
INFO: [ app_end ] --START--
INFO: Run Behavior\ShowPageTraceBehavior [ RunTime:0.001000s ]
INFO: [ app_end ] --END-- [ RunTime:0.001000s ]

[ 2015-08-14T10:07:48+08:00 ] 192.168.150.10 /Mobile/Check/secretKey
INFO: [ app_init ] --START--
INFO: Run Behavior\BuildLiteBehavior [ RunTime:0.001000s ]
INFO: [ app_init ] --END-- [ RunTime:0.001000s ]
INFO: [ app_begin ] --START--
INFO: Run Behavior\ReadHtmlCacheBehavior [ RunTime:0.001000s ]
INFO: [ app_begin ] --END-- [ RunTime:0.002000s ]
SQL: SHOW COLUMNS FROM `market_mobile_appkey` [ RunTime:0.0310s ]
SQL: SELECT * FROM `market_mobile_appkey` WHERE `accountID` = '123123dsfsd' LIMIT 1   [ RunTime:0.0010s ]
SQL: UPDATE `market_mobile_appkey` SET `accountID`='123123dsfsd',`appKey`='d216167a395c6e361a3f059d0cc7498f' WHERE `accountID` = '123123dsfsd' [ RunTime:0.3010s ]
INFO: [ app_end ] --START--
INFO: Run Behavior\ShowPageTraceBehavior [ RunTime:0.002001s ]
INFO: [ app_end ] --END-- [ RunTime:0.002001s ]

[ 2015-08-14T10:07:48+08:00 ] 192.168.150.10 /Mobile/Check/secretKey
INFO: [ app_init ] --START--
INFO: Run Behavior\BuildLiteBehavior [ RunTime:0.000000s ]
INFO: [ app_init ] --END-- [ RunTime:0.001000s ]
INFO: [ app_begin ] --START--
INFO: Run Behavior\ReadHtmlCacheBehavior [ RunTime:0.001000s ]
INFO: [ app_begin ] --END-- [ RunTime:0.001000s ]
SQL: SHOW COLUMNS FROM `market_mobile_appkey` [ RunTime:0.0020s ]
SQL: SELECT * FROM `market_mobile_appkey` WHERE `accountID` = '123123dsfsd' LIMIT 1   [ RunTime:0.0010s ]
SQL: UPDATE `market_mobile_appkey` SET `accountID`='123123dsfsd',`appKey`='c7768b735a2e0fdb9a5714dc46a813c1' WHERE `accountID` = '123123dsfsd' [ RunTime:0.1220s ]
INFO: [ app_end ] --START--
INFO: Run Behavior\ShowPageTraceBehavior [ RunTime:0.000000s ]
INFO: [ app_end ] --END-- [ RunTime:0.001000s ]

[ 2015-08-14T10:07:49+08:00 ] 192.168.150.10 /Mobile/Check/secretKey
INFO: [ app_init ] --START--
INFO: Run Behavior\BuildLiteBehavior [ RunTime:0.000000s ]
INFO: [ app_init ] --END-- [ RunTime:0.001000s ]
INFO: [ app_begin ] --START--
INFO: Run Behavior\ReadHtmlCacheBehavior [ RunTime:0.001000s ]
INFO: [ app_begin ] --END-- [ RunTime:0.001000s ]
SQL: SHOW COLUMNS FROM `market_mobile_appkey` [ RunTime:0.0020s ]
SQL: SELECT * FROM `market_mobile_appkey` WHERE `accountID` = '123123dsfsd' LIMIT 1   [ RunTime:0.0010s ]
SQL: UPDATE `market_mobile_appkey` SET `accountID`='123123dsfsd',`appKey`='9a0dfe296ec70abb10f2178bf85716fa' WHERE `accountID` = '123123dsfsd' [ RunTime:0.0840s ]
INFO: [ app_end ] --START--
INFO: Run Behavior\ShowPageTraceBehavior [ RunTime:0.002000s ]
INFO: [ app_end ] --END-- [ RunTime:0.002000s ]

[ 2015-08-14T14:41:58+08:00 ] 192.168.150.116 /Mobile/Android/version
INFO: [ app_init ] --START--
INFO: Run Behavior\BuildLiteBehavior [ RunTime:0.000000s ]
INFO: [ app_init ] --END-- [ RunTime:0.001000s ]
INFO: [ app_begin ] --START--
INFO: Run Behavior\ReadHtmlCacheBehavior [ RunTime:0.002000s ]
INFO: [ app_begin ] --END-- [ RunTime:0.002000s ]
SQL: SHOW COLUMNS FROM `market_mobile_version` [ RunTime:0.0030s ]
SQL: SELECT * FROM `market_mobile_version` ORDER BY id desc LIMIT 1   [ RunTime:0.0000s ]
INFO: [ app_end ] --START--
INFO: Run Behavior\ShowPageTraceBehavior [ RunTime:0.001000s ]
INFO: [ app_end ] --END-- [ RunTime:0.001000s ]

[ 2015-08-14T14:43:24+08:00 ] 192.168.150.116 /Mobile/Android/version
INFO: [ app_init ] --START--
INFO: Run Behavior\BuildLiteBehavior [ RunTime:0.000000s ]
INFO: [ app_init ] --END-- [ RunTime:0.001000s ]
INFO: [ app_begin ] --START--
INFO: Run Behavior\ReadHtmlCacheBehavior [ RunTime:0.001000s ]
INFO: [ app_begin ] --END-- [ RunTime:0.001000s ]
SQL: SHOW COLUMNS FROM `market_mobile_version` [ RunTime:0.0030s ]
SQL: SELECT * FROM `market_mobile_version` ORDER BY id desc LIMIT 1   [ RunTime:0.0010s ]
INFO: [ app_end ] --START--
INFO: Run Behavior\ShowPageTraceBehavior [ RunTime:0.001000s ]
INFO: [ app_end ] --END-- [ RunTime:0.001000s ]

[ 2015-08-14T14:44:24+08:00 ] 192.168.150.116 /Mobile/Android/version
INFO: [ app_init ] --START--
INFO: Run Behavior\BuildLiteBehavior [ RunTime:0.000000s ]
INFO: [ app_init ] --END-- [ RunTime:0.001000s ]
INFO: [ app_begin ] --START--
INFO: Run Behavior\ReadHtmlCacheBehavior [ RunTime:0.002000s ]
INFO: [ app_begin ] --END-- [ RunTime:0.002000s ]
SQL: SHOW COLUMNS FROM `market_mobile_version` [ RunTime:0.0030s ]
SQL: SELECT * FROM `market_mobile_version` ORDER BY id desc LIMIT 1   [ RunTime:0.0000s ]
INFO: [ app_end ] --START--
INFO: Run Behavior\ShowPageTraceBehavior [ RunTime:0.001000s ]
INFO: [ app_end ] --END-- [ RunTime:0.001000s ]

[ 2015-08-14T14:45:13+08:00 ] 192.168.150.116 /Mobile/Android/version
INFO: [ app_init ] --START--
INFO: Run Behavior\BuildLiteBehavior [ RunTime:0.000000s ]
INFO: [ app_init ] --END-- [ RunTime:0.001000s ]
INFO: [ app_begin ] --START--
INFO: Run Behavior\ReadHtmlCacheBehavior [ RunTime:0.001000s ]
INFO: [ app_begin ] --END-- [ RunTime:0.001000s ]
SQL: SHOW COLUMNS FROM `market_mobile_version` [ RunTime:0.0020s ]
SQL: SELECT * FROM `market_mobile_version` ORDER BY id desc LIMIT 1   [ RunTime:0.0000s ]
INFO: [ app_end ] --START--
INFO: Run Behavior\ShowPageTraceBehavior [ RunTime:0.000000s ]
INFO: [ app_end ] --END-- [ RunTime:0.001000s ]

[ 2015-08-14T14:45:26+08:00 ] 192.168.150.116 /index.php/Mobile/Capital/index
INFO: [ app_init ] --START--
INFO: Run Behavior\BuildLiteBehavior [ RunTime:0.001000s ]
INFO: [ app_init ] --END-- [ RunTime:0.001000s ]
INFO: [ app_begin ] --START--
INFO: Run Behavior\ReadHtmlCacheBehavior [ RunTime:0.001000s ]
INFO: [ app_begin ] --END-- [ RunTime:0.001000s ]
NOTIC: [8] Undefined index: ckUid D:\webroot\market\Application\Mobile\Controller\CapitalController.class.php 第 13 行.
NOTIC: [8] Undefined index: token D:\webroot\market\Application\Mobile\Controller\CapitalController.class.php 第 14 行.

[ 2015-08-14T14:45:26+08:00 ] 192.168.150.116 /index.php/Mobile/Capital/positionsDetail
INFO: [ app_init ] --START--
INFO: Run Behavior\BuildLiteBehavior [ RunTime:0.000000s ]
INFO: [ app_init ] --END-- [ RunTime:0.001000s ]
INFO: [ app_begin ] --START--
INFO: Run Behavior\ReadHtmlCacheBehavior [ RunTime:0.002000s ]
INFO: [ app_begin ] --END-- [ RunTime:0.002000s ]
NOTIC: [8] Undefined index: ckUid D:\webroot\market\Application\Mobile\Controller\CapitalController.class.php 第 95 行.
NOTIC: [8] Undefined index: token D:\webroot\market\Application\Mobile\Controller\CapitalController.class.php 第 96 行.

[ 2015-08-14T14:45:26+08:00 ] 192.168.150.116 /index.php/Mobile/Capital/totalPositions
INFO: [ app_init ] --START--
INFO: Run Behavior\BuildLiteBehavior [ RunTime:0.000000s ]
INFO: [ app_init ] --END-- [ RunTime:0.001000s ]
INFO: [ app_begin ] --START--
INFO: Run Behavior\ReadHtmlCacheBehavior [ RunTime:0.001000s ]
INFO: [ app_begin ] --END-- [ RunTime:0.001000s ]
NOTIC: [8] Undefined index: ckUid D:\webroot\market\Application\Mobile\Controller\CapitalController.class.php 第 150 行.
NOTIC: [8] Undefined index: token D:\webroot\market\Application\Mobile\Controller\CapitalController.class.php 第 151 行.

[ 2015-08-14T14:45:30+08:00 ] 192.168.150.116 /index.php/Mobile/Capital/index
INFO: [ app_init ] --START--
INFO: Run Behavior\BuildLiteBehavior [ RunTime:0.000000s ]
INFO: [ app_init ] --END-- [ RunTime:0.001000s ]
INFO: [ app_begin ] --START--
INFO: Run Behavior\ReadHtmlCacheBehavior [ RunTime:0.002000s ]
INFO: [ app_begin ] --END-- [ RunTime:0.002000s ]
NOTIC: [8] Undefined index: ckUid D:\webroot\market\Application\Mobile\Controller\CapitalController.class.php 第 13 行.
NOTIC: [8] Undefined index: token D:\webroot\market\Application\Mobile\Controller\CapitalController.class.php 第 14 行.

[ 2015-08-14T14:45:31+08:00 ] 192.168.150.116 /index.php/Mobile/Capital/positionsDetail
INFO: [ app_init ] --START--
INFO: Run Behavior\BuildLiteBehavior [ RunTime:0.000000s ]
INFO: [ app_init ] --END-- [ RunTime:0.001000s ]
INFO: [ app_begin ] --START--
INFO: Run Behavior\ReadHtmlCacheBehavior [ RunTime:0.001000s ]
INFO: [ app_begin ] --END-- [ RunTime:0.001000s ]
NOTIC: [8] Undefined index: ckUid D:\webroot\market\Application\Mobile\Controller\CapitalController.class.php 第 95 行.
NOTIC: [8] Undefined index: token D:\webroot\market\Application\Mobile\Controller\CapitalController.class.php 第 96 行.

[ 2015-08-14T14:45:31+08:00 ] 192.168.150.116 /index.php/Mobile/Capital/totalPositions
INFO: [ app_init ] --START--
INFO: Run Behavior\BuildLiteBehavior [ RunTime:0.000000s ]
INFO: [ app_init ] --END-- [ RunTime:0.000000s ]
INFO: [ app_begin ] --START--
INFO: Run Behavior\ReadHtmlCacheBehavior [ RunTime:0.001001s ]
INFO: [ app_begin ] --END-- [ RunTime:0.001001s ]
NOTIC: [8] Undefined index: ckUid D:\webroot\market\Application\Mobile\Controller\CapitalController.class.php 第 150 行.
NOTIC: [8] Undefined index: token D:\webroot\market\Application\Mobile\Controller\CapitalController.class.php 第 151 行.

[ 2015-08-14T14:45:51+08:00 ] 192.168.150.116 /index.php/Mobile/Capital/index
INFO: [ app_init ] --START--
INFO: Run Behavior\BuildLiteBehavior [ RunTime:0.000000s ]
INFO: [ app_init ] --END-- [ RunTime:0.001000s ]
INFO: [ app_begin ] --START--
INFO: Run Behavior\ReadHtmlCacheBehavior [ RunTime:0.000000s ]
INFO: [ app_begin ] --END-- [ RunTime:0.000000s ]
NOTIC: [8] Undefined index: ckUid D:\webroot\market\Application\Mobile\Controller\CapitalController.class.php 第 13 行.
NOTIC: [8] Undefined index: token D:\webroot\market\Application\Mobile\Controller\CapitalController.class.php 第 14 行.

[ 2015-08-14T14:45:51+08:00 ] 192.168.150.116 /index.php/Mobile/Capital/positionsDetail
INFO: [ app_init ] --START--
INFO: Run Behavior\BuildLiteBehavior [ RunTime:0.000000s ]
INFO: [ app_init ] --END-- [ RunTime:0.001000s ]
INFO: [ app_begin ] --START--
INFO: Run Behavior\ReadHtmlCacheBehavior [ RunTime:0.000000s ]
INFO: [ app_begin ] --END-- [ RunTime:0.000000s ]
NOTIC: [8] Undefined index: ckUid D:\webroot\market\Application\Mobile\Controller\CapitalController.class.php 第 95 行.
NOTIC: [8] Undefined index: token D:\webroot\market\Application\Mobile\Controller\CapitalController.class.php 第 96 行.

[ 2015-08-14T14:45:51+08:00 ] 192.168.150.116 /index.php/Mobile/Capital/totalPositions
INFO: [ app_init ] --START--
INFO: Run Behavior\BuildLiteBehavior [ RunTime:0.000000s ]
INFO: [ app_init ] --END-- [ RunTime:0.000000s ]
INFO: [ app_begin ] --START--
INFO: Run Behavior\ReadHtmlCacheBehavior [ RunTime:0.001000s ]
INFO: [ app_begin ] --END-- [ RunTime:0.001000s ]
NOTIC: [8] Undefined index: ckUid D:\webroot\market\Application\Mobile\Controller\CapitalController.class.php 第 150 行.
NOTIC: [8] Undefined index: token D:\webroot\market\Application\Mobile\Controller\CapitalController.class.php 第 151 行.

[ 2015-08-14T14:46:11+08:00 ] 192.168.150.116 /index.php/Mobile/Capital/index
INFO: [ app_init ] --START--
INFO: Run Behavior\BuildLiteBehavior [ RunTime:0.000000s ]
INFO: [ app_init ] --END-- [ RunTime:0.001000s ]
INFO: [ app_begin ] --START--
INFO: Run Behavior\ReadHtmlCacheBehavior [ RunTime:0.001000s ]
INFO: [ app_begin ] --END-- [ RunTime:0.001000s ]
NOTIC: [8] Undefined index: ckUid D:\webroot\market\Application\Mobile\Controller\CapitalController.class.php 第 13 行.
NOTIC: [8] Undefined index: token D:\webroot\market\Application\Mobile\Controller\CapitalController.class.php 第 14 行.

[ 2015-08-14T14:46:11+08:00 ] 192.168.150.116 /index.php/Mobile/Capital/positionsDetail
INFO: [ app_init ] --START--
INFO: Run Behavior\BuildLiteBehavior [ RunTime:0.000000s ]
INFO: [ app_init ] --END-- [ RunTime:0.001000s ]
INFO: [ app_begin ] --START--
INFO: Run Behavior\ReadHtmlCacheBehavior [ RunTime:0.000000s ]
INFO: [ app_begin ] --END-- [ RunTime:0.000000s ]
NOTIC: [8] Undefined index: ckUid D:\webroot\market\Application\Mobile\Controller\CapitalController.class.php 第 95 行.
NOTIC: [8] Undefined index: token D:\webroot\market\Application\Mobile\Controller\CapitalController.class.php 第 96 行.

[ 2015-08-14T14:46:11+08:00 ] 192.168.150.116 /index.php/Mobile/Capital/totalPositions
INFO: [ app_init ] --START--
INFO: Run Behavior\BuildLiteBehavior [ RunTime:0.000000s ]
INFO: [ app_init ] --END-- [ RunTime:0.001000s ]
INFO: [ app_begin ] --START--
INFO: Run Behavior\ReadHtmlCacheBehavior [ RunTime:0.000000s ]
INFO: [ app_begin ] --END-- [ RunTime:0.000000s ]
NOTIC: [8] Undefined index: ckUid D:\webroot\market\Application\Mobile\Controller\CapitalController.class.php 第 150 行.
NOTIC: [8] Undefined index: token D:\webroot\market\Application\Mobile\Controller\CapitalController.class.php 第 151 行.

[ 2015-08-14T14:46:27+08:00 ] 192.168.150.116 /Mobile/Android/version
INFO: [ app_init ] --START--
INFO: Run Behavior\BuildLiteBehavior [ RunTime:0.000000s ]
INFO: [ app_init ] --END-- [ RunTime:0.001000s ]
INFO: [ app_begin ] --START--
INFO: Run Behavior\ReadHtmlCacheBehavior [ RunTime:0.001000s ]
INFO: [ app_begin ] --END-- [ RunTime:0.001000s ]
SQL: SHOW COLUMNS FROM `market_mobile_version` [ RunTime:0.0040s ]
SQL: SELECT * FROM `market_mobile_version` ORDER BY id desc LIMIT 1   [ RunTime:0.0000s ]
INFO: [ app_end ] --START--
INFO: Run Behavior\ShowPageTraceBehavior [ RunTime:0.001000s ]
INFO: [ app_end ] --END-- [ RunTime:0.001000s ]

[ 2015-08-14T14:50:25+08:00 ] 192.168.150.116 /Mobile/Android/version
INFO: [ app_init ] --START--
INFO: Run Behavior\BuildLiteBehavior [ RunTime:0.000000s ]
INFO: [ app_init ] --END-- [ RunTime:0.001000s ]
INFO: [ app_begin ] --START--
INFO: Run Behavior\ReadHtmlCacheBehavior [ RunTime:0.001000s ]
INFO: [ app_begin ] --END-- [ RunTime:0.001000s ]
SQL: SHOW COLUMNS FROM `market_mobile_version` [ RunTime:0.0020s ]
SQL: SELECT * FROM `market_mobile_version` ORDER BY id desc LIMIT 1   [ RunTime:0.0000s ]
INFO: [ app_end ] --START--
INFO: Run Behavior\ShowPageTraceBehavior [ RunTime:0.000000s ]
INFO: [ app_end ] --END-- [ RunTime:0.001000s ]

[ 2015-08-14T15:11:48+08:00 ] 192.168.150.116 /Mobile/Android/version
INFO: [ app_init ] --START--
INFO: Run Behavior\BuildLiteBehavior [ RunTime:0.000000s ]
INFO: [ app_init ] --END-- [ RunTime:0.001000s ]
INFO: [ app_begin ] --START--
INFO: Run Behavior\ReadHtmlCacheBehavior [ RunTime:0.001000s ]
INFO: [ app_begin ] --END-- [ RunTime:0.002000s ]
SQL: SHOW COLUMNS FROM `market_mobile_version` [ RunTime:0.0030s ]
SQL: SELECT * FROM `market_mobile_version` ORDER BY id desc LIMIT 1   [ RunTime:0.0000s ]
INFO: [ app_end ] --START--
INFO: Run Behavior\ShowPageTraceBehavior [ RunTime:0.001000s ]
INFO: [ app_end ] --END-- [ RunTime:0.002001s ]

[ 2015-08-14T15:12:46+08:00 ] 192.168.150.116 /Mobile/Android/version
INFO: [ app_init ] --START--
INFO: Run Behavior\BuildLiteBehavior [ RunTime:0.000000s ]
INFO: [ app_init ] --END-- [ RunTime:0.001000s ]
INFO: [ app_begin ] --START--
INFO: Run Behavior\ReadHtmlCacheBehavior [ RunTime:0.002000s ]
INFO: [ app_begin ] --END-- [ RunTime:0.002000s ]
SQL: SHOW COLUMNS FROM `market_mobile_version` [ RunTime:0.0030s ]
SQL: SELECT * FROM `market_mobile_version` ORDER BY id desc LIMIT 1   [ RunTime:0.0010s ]
INFO: [ app_end ] --START--
INFO: Run Behavior\ShowPageTraceBehavior [ RunTime:0.001000s ]
INFO: [ app_end ] --END-- [ RunTime:0.001000s ]

[ 2015-08-14T16:42:27+08:00 ] 192.168.150.116 /Mobile/Android/version
INFO: [ app_init ] --START--
INFO: Run Behavior\BuildLiteBehavior [ RunTime:0.000000s ]
INFO: [ app_init ] --END-- [ RunTime:0.001000s ]
INFO: [ app_begin ] --START--
INFO: Run Behavior\ReadHtmlCacheBehavior [ RunTime:0.002000s ]
INFO: [ app_begin ] --END-- [ RunTime:0.002000s ]
SQL: SHOW COLUMNS FROM `market_mobile_version` [ RunTime:0.0040s ]
SQL: SELECT * FROM `market_mobile_version` ORDER BY id desc LIMIT 1   [ RunTime:0.0000s ]
INFO: [ app_end ] --START--
INFO: Run Behavior\ShowPageTraceBehavior [ RunTime:0.001000s ]
INFO: [ app_end ] --END-- [ RunTime:0.001000s ]

[ 2015-08-14T16:45:41+08:00 ] 192.168.150.116 /Mobile/Android/version
INFO: [ app_init ] --START--
INFO: Run Behavior\BuildLiteBehavior [ RunTime:0.000000s ]
INFO: [ app_init ] --END-- [ RunTime:0.001000s ]
INFO: [ app_begin ] --START--
INFO: Run Behavior\ReadHtmlCacheBehavior [ RunTime:0.001000s ]
INFO: [ app_begin ] --END-- [ RunTime:0.001000s ]
SQL: SHOW COLUMNS FROM `market_mobile_version` [ RunTime:0.0030s ]
SQL: SELECT * FROM `market_mobile_version` ORDER BY id desc LIMIT 1   [ RunTime:0.0010s ]
INFO: [ app_end ] --START--
INFO: Run Behavior\ShowPageTraceBehavior [ RunTime:0.001000s ]
INFO: [ app_end ] --END-- [ RunTime:0.001000s ]

[ 2015-08-14T16:48:44+08:00 ] 192.168.150.116 /Mobile/Android/version
INFO: [ app_init ] --START--
INFO: Run Behavior\BuildLiteBehavior [ RunTime:0.000000s ]
INFO: [ app_init ] --END-- [ RunTime:0.000000s ]
INFO: [ app_begin ] --START--
INFO: Run Behavior\ReadHtmlCacheBehavior [ RunTime:0.001001s ]
INFO: [ app_begin ] --END-- [ RunTime:0.001001s ]
SQL: SHOW COLUMNS FROM `market_mobile_version` [ RunTime:0.0040s ]
SQL: SELECT * FROM `market_mobile_version` ORDER BY id desc LIMIT 1   [ RunTime:0.0010s ]
INFO: [ app_end ] --START--
INFO: Run Behavior\ShowPageTraceBehavior [ RunTime:0.002001s ]
INFO: [ app_end ] --END-- [ RunTime:0.002001s ]

[ 2015-08-14T16:50:14+08:00 ] 192.168.150.116 /Mobile/Android/version
INFO: [ app_init ] --START--
INFO: Run Behavior\BuildLiteBehavior [ RunTime:0.000000s ]
INFO: [ app_init ] --END-- [ RunTime:0.001000s ]
INFO: [ app_begin ] --START--
INFO: Run Behavior\ReadHtmlCacheBehavior [ RunTime:0.002000s ]
INFO: [ app_begin ] --END-- [ RunTime:0.002000s ]
SQL: SHOW COLUMNS FROM `market_mobile_version` [ RunTime:0.0040s ]
SQL: SELECT * FROM `market_mobile_version` ORDER BY id desc LIMIT 1   [ RunTime:0.0000s ]
INFO: [ app_end ] --START--
INFO: Run Behavior\ShowPageTraceBehavior [ RunTime:0.001000s ]
INFO: [ app_end ] --END-- [ RunTime:0.001000s ]

