[ 2016-03-08T14:44:26+08:00 ] ::1 /Mobile
INFO: [ app_init ] --START--
INFO: Run Behavior\BuildLiteBehavior [ RunTime:0.000000s ]
INFO: [ app_init ] --END-- [ RunTime:0.000000s ]
INFO: [ app_begin ] --START--
INFO: Run Behavior\ReadHtmlCacheBehavior [ RunTime:0.000500s ]
INFO: [ app_begin ] --END-- [ RunTime:0.000500s ]
INFO: [ app_end ] --START--
INFO: Run Behavior\ShowPageTraceBehavior [ RunTime:0.000500s ]
INFO: [ app_end ] --END-- [ RunTime:0.000500s ]

[ 2016-03-08T17:13:09+08:00 ] ::1 /Mobile/Index
INFO: [ app_init ] --START--
INFO: Run Behavior\BuildLiteBehavior [ RunTime:0.000000s ]
INFO: [ app_init ] --END-- [ RunTime:0.001000s ]
INFO: [ app_begin ] --START--
INFO: Run Behavior\ReadHtmlCacheBehavior [ RunTime:0.001000s ]
INFO: [ app_begin ] --END-- [ RunTime:0.002000s ]
INFO: [ app_end ] --START--
INFO: Run Behavior\ShowPageTraceBehavior [ RunTime:0.000000s ]
INFO: [ app_end ] --END-- [ RunTime:0.000000s ]

[ 2016-03-08T17:13:15+08:00 ] ::1 /Mobile/Index/create
INFO: [ app_init ] --START--
INFO: Run Behavior\BuildLiteBehavior [ RunTime:0.000000s ]
INFO: [ app_init ] --END-- [ RunTime:0.000000s ]
INFO: [ app_begin ] --START--
INFO: Run Behavior\ReadHtmlCacheBehavior [ RunTime:0.001000s ]
INFO: [ app_begin ] --END-- [ RunTime:0.001000s ]
NOTIC: [2] Illegal string offset 'ckUid' D:\xampp\htdocs\market\Application\Mobile\Controller\IndexController.class.php 第 12 行.
NOTIC: [8] Uninitialized string offset: 0 D:\xampp\htdocs\market\Application\Mobile\Controller\IndexController.class.php 第 12 行.
NOTIC: [2] Illegal string offset 'token' D:\xampp\htdocs\market\Application\Mobile\Controller\IndexController.class.php 第 13 行.
NOTIC: [8] Uninitialized string offset: 0 D:\xampp\htdocs\market\Application\Mobile\Controller\IndexController.class.php 第 13 行.

[ 2016-03-08T17:16:39+08:00 ] ::1 /Mobile/Index/create?number=1&pip=50&baysell=0&positionsPrice=3200&ckUid=1&token=973c1ddb3e89c6a4619d251d4f675236
INFO: [ app_init ] --START--
INFO: Run Behavior\BuildLiteBehavior [ RunTime:0.000000s ]
INFO: [ app_init ] --END-- [ RunTime:0.001000s ]
INFO: [ app_begin ] --START--
INFO: Run Behavior\ReadHtmlCacheBehavior [ RunTime:0.000000s ]
INFO: [ app_begin ] --END-- [ RunTime:0.000000s ]
NOTIC: [2] Illegal string offset 'ckUid' D:\xampp\htdocs\market\Application\Mobile\Controller\IndexController.class.php 第 12 行.
NOTIC: [8] Uninitialized string offset: 0 D:\xampp\htdocs\market\Application\Mobile\Controller\IndexController.class.php 第 12 行.
NOTIC: [2] Illegal string offset 'token' D:\xampp\htdocs\market\Application\Mobile\Controller\IndexController.class.php 第 13 行.
NOTIC: [8] Uninitialized string offset: 0 D:\xampp\htdocs\market\Application\Mobile\Controller\IndexController.class.php 第 13 行.

[ 2016-03-08T17:18:34+08:00 ] ::1 /Mobile/Captital
INFO: [ app_init ] --START--
INFO: Run Behavior\BuildLiteBehavior [ RunTime:0.000000s ]
INFO: [ app_init ] --END-- [ RunTime:0.001000s ]
INFO: [ app_begin ] --START--
INFO: Run Behavior\ReadHtmlCacheBehavior [ RunTime:0.001000s ]
INFO: [ app_begin ] --END-- [ RunTime:0.001000s ]
ERR: 无法加载控制器:Captital

[ 2016-03-08T17:18:50+08:00 ] ::1 /Mobile/Capital
INFO: [ app_init ] --START--
INFO: Run Behavior\BuildLiteBehavior [ RunTime:0.000000s ]
INFO: [ app_init ] --END-- [ RunTime:0.000000s ]
INFO: [ app_begin ] --START--
INFO: Run Behavior\ReadHtmlCacheBehavior [ RunTime:0.001000s ]
INFO: [ app_begin ] --END-- [ RunTime:0.001000s ]
NOTIC: [2] Illegal string offset 'ckUid' D:\xampp\htdocs\market\Application\Mobile\Controller\CapitalController.class.php 第 13 行.
NOTIC: [8] Uninitialized string offset: 0 D:\xampp\htdocs\market\Application\Mobile\Controller\CapitalController.class.php 第 13 行.
NOTIC: [2] Illegal string offset 'token' D:\xampp\htdocs\market\Application\Mobile\Controller\CapitalController.class.php 第 14 行.
NOTIC: [8] Uninitialized string offset: 0 D:\xampp\htdocs\market\Application\Mobile\Controller\CapitalController.class.php 第 14 行.

[ 2016-03-08T17:18:59+08:00 ] ::1 /Mobile/Capital/index
INFO: [ app_init ] --START--
INFO: Run Behavior\BuildLiteBehavior [ RunTime:0.000000s ]
INFO: [ app_init ] --END-- [ RunTime:0.001000s ]
INFO: [ app_begin ] --START--
INFO: Run Behavior\ReadHtmlCacheBehavior [ RunTime:0.002000s ]
INFO: [ app_begin ] --END-- [ RunTime:0.002000s ]
NOTIC: [2] Illegal string offset 'ckUid' D:\xampp\htdocs\market\Application\Mobile\Controller\CapitalController.class.php 第 13 行.
NOTIC: [8] Uninitialized string offset: 0 D:\xampp\htdocs\market\Application\Mobile\Controller\CapitalController.class.php 第 13 行.
NOTIC: [2] Illegal string offset 'token' D:\xampp\htdocs\market\Application\Mobile\Controller\CapitalController.class.php 第 14 行.
NOTIC: [8] Uninitialized string offset: 0 D:\xampp\htdocs\market\Application\Mobile\Controller\CapitalController.class.php 第 14 行.

[ 2016-03-08T17:19:31+08:00 ] ::1 /Mobile/Capital/index.php?ckUid=1&token=973c1ddb3e89c6a4619d251d4f675236
INFO: [ app_init ] --START--
INFO: Run Behavior\BuildLiteBehavior [ RunTime:0.000000s ]
INFO: [ app_init ] --END-- [ RunTime:0.001000s ]
INFO: [ app_begin ] --START--
INFO: Run Behavior\ReadHtmlCacheBehavior [ RunTime:0.001000s ]
INFO: [ app_begin ] --END-- [ RunTime:0.001000s ]
ERR: 非法操作:index.php

[ 2016-03-08T17:19:41+08:00 ] ::1 /Mobile/Capital?ckUid=1&token=973c1ddb3e89c6a4619d251d4f675236
INFO: [ app_init ] --START--
INFO: Run Behavior\BuildLiteBehavior [ RunTime:0.000000s ]
INFO: [ app_init ] --END-- [ RunTime:0.001001s ]
INFO: [ app_begin ] --START--
INFO: Run Behavior\ReadHtmlCacheBehavior [ RunTime:0.001000s ]
INFO: [ app_begin ] --END-- [ RunTime:0.001000s ]
NOTIC: [2] Illegal string offset 'ckUid' D:\xampp\htdocs\market\Application\Mobile\Controller\CapitalController.class.php 第 13 行.
NOTIC: [8] Uninitialized string offset: 0 D:\xampp\htdocs\market\Application\Mobile\Controller\CapitalController.class.php 第 13 行.
NOTIC: [2] Illegal string offset 'token' D:\xampp\htdocs\market\Application\Mobile\Controller\CapitalController.class.php 第 14 行.
NOTIC: [8] Uninitialized string offset: 0 D:\xampp\htdocs\market\Application\Mobile\Controller\CapitalController.class.php 第 14 行.

[ 2016-03-08T17:19:52+08:00 ] ::1 /Mobile/Capital/ckUid=1&token=973c1ddb3e89c6a4619d251d4f675236
INFO: [ app_init ] --START--
INFO: Run Behavior\BuildLiteBehavior [ RunTime:0.000000s ]
INFO: [ app_init ] --END-- [ RunTime:0.001000s ]
INFO: [ app_begin ] --START--
INFO: Run Behavior\ReadHtmlCacheBehavior [ RunTime:0.001000s ]
INFO: [ app_begin ] --END-- [ RunTime:0.001000s ]
ERR: 非法操作:ckUid=1&token=973c1ddb3e89c6a4619d251d4f675236

[ 2016-03-08T17:20:00+08:00 ] ::1 /Mobile/Capital/index/ckUid=1&token=973c1ddb3e89c6a4619d251d4f675236
INFO: [ app_init ] --START--
INFO: Run Behavior\BuildLiteBehavior [ RunTime:0.000000s ]
INFO: [ app_init ] --END-- [ RunTime:0.000000s ]
INFO: [ app_begin ] --START--
INFO: Run Behavior\ReadHtmlCacheBehavior [ RunTime:0.001000s ]
INFO: [ app_begin ] --END-- [ RunTime:0.001000s ]
NOTIC: [2] Illegal string offset 'ckUid' D:\xampp\htdocs\market\Application\Mobile\Controller\CapitalController.class.php 第 13 行.
NOTIC: [8] Uninitialized string offset: 0 D:\xampp\htdocs\market\Application\Mobile\Controller\CapitalController.class.php 第 13 行.
NOTIC: [2] Illegal string offset 'token' D:\xampp\htdocs\market\Application\Mobile\Controller\CapitalController.class.php 第 14 行.
NOTIC: [8] Uninitialized string offset: 0 D:\xampp\htdocs\market\Application\Mobile\Controller\CapitalController.class.php 第 14 行.

[ 2016-03-08T17:22:06+08:00 ] ::1 /Mobile/Capital/index/ckUid=22600036&token=973c1ddb3e89c6a4619d251d4f675236
INFO: [ app_init ] --START--
INFO: Run Behavior\BuildLiteBehavior [ RunTime:0.000000s ]
INFO: [ app_init ] --END-- [ RunTime:0.001000s ]
INFO: [ app_begin ] --START--
INFO: Run Behavior\ReadHtmlCacheBehavior [ RunTime:0.001001s ]
INFO: [ app_begin ] --END-- [ RunTime:0.001001s ]
NOTIC: [2] Illegal string offset 'ckUid' D:\xampp\htdocs\market\Application\Mobile\Controller\CapitalController.class.php 第 13 行.
NOTIC: [8] Uninitialized string offset: 0 D:\xampp\htdocs\market\Application\Mobile\Controller\CapitalController.class.php 第 13 行.
NOTIC: [2] Illegal string offset 'token' D:\xampp\htdocs\market\Application\Mobile\Controller\CapitalController.class.php 第 14 行.
NOTIC: [8] Uninitialized string offset: 0 D:\xampp\htdocs\market\Application\Mobile\Controller\CapitalController.class.php 第 14 行.

[ 2016-03-08T17:22:13+08:00 ] ::1 /Mobile/Capital/index/?ckUid=22600036&token=973c1ddb3e89c6a4619d251d4f675236
INFO: [ app_init ] --START--
INFO: Run Behavior\BuildLiteBehavior [ RunTime:0.000000s ]
INFO: [ app_init ] --END-- [ RunTime:0.000000s ]
INFO: [ app_begin ] --START--
INFO: Run Behavior\ReadHtmlCacheBehavior [ RunTime:0.000000s ]
INFO: [ app_begin ] --END-- [ RunTime:0.000000s ]
NOTIC: [2] Illegal string offset 'ckUid' D:\xampp\htdocs\market\Application\Mobile\Controller\CapitalController.class.php 第 13 行.
NOTIC: [8] Uninitialized string offset: 0 D:\xampp\htdocs\market\Application\Mobile\Controller\CapitalController.class.php 第 13 行.
NOTIC: [2] Illegal string offset 'token' D:\xampp\htdocs\market\Application\Mobile\Controller\CapitalController.class.php 第 14 行.
NOTIC: [8] Uninitialized string offset: 0 D:\xampp\htdocs\market\Application\Mobile\Controller\CapitalController.class.php 第 14 行.

[ 2016-03-08T17:22:24+08:00 ] ::1 /Mobile/Capital?ckUid=22600036&token=973c1ddb3e89c6a4619d251d4f675236
INFO: [ app_init ] --START--
INFO: Run Behavior\BuildLiteBehavior [ RunTime:0.000000s ]
INFO: [ app_init ] --END-- [ RunTime:0.000000s ]
INFO: [ app_begin ] --START--
INFO: Run Behavior\ReadHtmlCacheBehavior [ RunTime:0.000000s ]
INFO: [ app_begin ] --END-- [ RunTime:0.000000s ]
NOTIC: [2] Illegal string offset 'ckUid' D:\xampp\htdocs\market\Application\Mobile\Controller\CapitalController.class.php 第 13 行.
NOTIC: [8] Uninitialized string offset: 0 D:\xampp\htdocs\market\Application\Mobile\Controller\CapitalController.class.php 第 13 行.
NOTIC: [2] Illegal string offset 'token' D:\xampp\htdocs\market\Application\Mobile\Controller\CapitalController.class.php 第 14 行.
NOTIC: [8] Uninitialized string offset: 0 D:\xampp\htdocs\market\Application\Mobile\Controller\CapitalController.class.php 第 14 行.

[ 2016-03-08T17:22:27+08:00 ] ::1 /Mobile/Capital?ckUid=22600036&token=973c1ddb3e89c6a4619d251d4f675236
INFO: [ app_init ] --START--
INFO: Run Behavior\BuildLiteBehavior [ RunTime:0.000000s ]
INFO: [ app_init ] --END-- [ RunTime:0.000000s ]
INFO: [ app_begin ] --START--
INFO: Run Behavior\ReadHtmlCacheBehavior [ RunTime:0.001000s ]
INFO: [ app_begin ] --END-- [ RunTime:0.001000s ]
NOTIC: [2] Illegal string offset 'ckUid' D:\xampp\htdocs\market\Application\Mobile\Controller\CapitalController.class.php 第 13 行.
NOTIC: [8] Uninitialized string offset: 0 D:\xampp\htdocs\market\Application\Mobile\Controller\CapitalController.class.php 第 13 行.
NOTIC: [2] Illegal string offset 'token' D:\xampp\htdocs\market\Application\Mobile\Controller\CapitalController.class.php 第 14 行.
NOTIC: [8] Uninitialized string offset: 0 D:\xampp\htdocs\market\Application\Mobile\Controller\CapitalController.class.php 第 14 行.

