[ 2016-03-18T14:01:06+08:00 ] ::1 /market/Mobile/Index/create
INFO: [ app_init ] --START--
INFO: Run Behavior\BuildLiteBehavior [ RunTime:0.000000s ]
INFO: [ app_init ] --END-- [ RunTime:0.000000s ]
INFO: [ app_begin ] --START--
INFO: Run Behavior\ReadHtmlCacheBehavior [ RunTime:0.001000s ]
INFO: [ app_begin ] --END-- [ RunTime:0.001000s ]
NOTIC: [8] Uninitialized string offset: 0 D:\xampp\htdocs\market\Application\Mobile\Controller\IndexController.class.php 第 12 行.
NOTIC: [8] Uninitialized string offset: 0 D:\xampp\htdocs\market\Application\Mobile\Controller\IndexController.class.php 第 13 行.
NOTIC: [8] Use of undefined constant JSON_UNESCAPED_UNICODE - assumed 'JSON_UNESCAPED_UNICODE' D:\xampp\htdocs\market\Application\Mobile\Libs\Response.class.php 第 27 行.
NOTIC: [2] json_encode() expects parameter 2 to be long, string given D:\xampp\htdocs\market\Application\Mobile\Libs\Response.class.php 第 27 行.

[ 2016-03-18T14:01:31+08:00 ] ::1 /market/Mobile/Index/create
INFO: [ app_init ] --START--
INFO: Run Behavior\BuildLiteBehavior [ RunTime:0.001000s ]
INFO: [ app_init ] --END-- [ RunTime:0.001000s ]
INFO: [ app_begin ] --START--
INFO: Run Behavior\ReadHtmlCacheBehavior [ RunTime:0.000000s ]
INFO: [ app_begin ] --END-- [ RunTime:0.000000s ]
NOTIC: [8] Uninitialized string offset: 0 D:\xampp\htdocs\market\Application\Mobile\Controller\IndexController.class.php 第 12 行.
NOTIC: [8] Uninitialized string offset: 0 D:\xampp\htdocs\market\Application\Mobile\Controller\IndexController.class.php 第 13 行.
NOTIC: [8] Use of undefined constant JSON_UNESCAPED_UNICODE - assumed 'JSON_UNESCAPED_UNICODE' D:\xampp\htdocs\market\Application\Mobile\Libs\Response.class.php 第 27 行.
NOTIC: [2] json_encode() expects parameter 2 to be long, string given D:\xampp\htdocs\market\Application\Mobile\Libs\Response.class.php 第 27 行.

[ 2016-03-18T14:10:35+08:00 ] ::1 /market/Mobile/Index/create
INFO: [ app_init ] --START--
INFO: Run Behavior\BuildLiteBehavior [ RunTime:0.000000s ]
INFO: [ app_init ] --END-- [ RunTime:0.000000s ]
INFO: [ app_begin ] --START--
INFO: Run Behavior\ReadHtmlCacheBehavior [ RunTime:0.000000s ]
INFO: [ app_begin ] --END-- [ RunTime:0.001000s ]
NOTIC: [8] Uninitialized string offset: 0 D:\xampp\htdocs\market\Application\Mobile\Controller\IndexController.class.php 第 12 行.
NOTIC: [8] Uninitialized string offset: 0 D:\xampp\htdocs\market\Application\Mobile\Controller\IndexController.class.php 第 13 行.
NOTIC: [8] Use of undefined constant JSON_UNESCAPED_UNICODE - assumed 'JSON_UNESCAPED_UNICODE' D:\xampp\htdocs\market\Application\Mobile\Libs\Response.class.php 第 27 行.
NOTIC: [2] json_encode() expects parameter 2 to be long, string given D:\xampp\htdocs\market\Application\Mobile\Libs\Response.class.php 第 27 行.

[ 2016-03-18T14:11:37+08:00 ] ::1 /market/Mobile/Index/create
INFO: [ app_init ] --START--
INFO: Run Behavior\BuildLiteBehavior [ RunTime:0.000000s ]
INFO: [ app_init ] --END-- [ RunTime:0.001000s ]
INFO: [ app_begin ] --START--
INFO: Run Behavior\ReadHtmlCacheBehavior [ RunTime:0.001000s ]
INFO: [ app_begin ] --END-- [ RunTime:0.001000s ]
NOTIC: [8] Uninitialized string offset: 0 D:\xampp\htdocs\market\Application\Mobile\Controller\IndexController.class.php 第 12 行.
NOTIC: [8] Uninitialized string offset: 0 D:\xampp\htdocs\market\Application\Mobile\Controller\IndexController.class.php 第 13 行.
NOTIC: [8] Use of undefined constant JSON_UNESCAPED_UNICODE - assumed 'JSON_UNESCAPED_UNICODE' D:\xampp\htdocs\market\Application\Mobile\Libs\Response.class.php 第 27 行.
NOTIC: [2] json_encode() expects parameter 2 to be long, string given D:\xampp\htdocs\market\Application\Mobile\Libs\Response.class.php 第 27 行.

[ 2016-03-18T14:13:05+08:00 ] ::1 /market/Mobile/Index/create
INFO: [ app_init ] --START--
INFO: Run Behavior\BuildLiteBehavior [ RunTime:0.000000s ]
INFO: [ app_init ] --END-- [ RunTime:0.001000s ]
INFO: [ app_begin ] --START--
INFO: Run Behavior\ReadHtmlCacheBehavior [ RunTime:0.001000s ]
INFO: [ app_begin ] --END-- [ RunTime:0.001000s ]
NOTIC: [8] Uninitialized string offset: 0 D:\xampp\htdocs\market\Application\Mobile\Controller\IndexController.class.php 第 12 行.
NOTIC: [8] Uninitialized string offset: 0 D:\xampp\htdocs\market\Application\Mobile\Controller\IndexController.class.php 第 13 行.
NOTIC: [8] Use of undefined constant JSON_UNESCAPED_UNICODE - assumed 'JSON_UNESCAPED_UNICODE' D:\xampp\htdocs\market\Application\Mobile\Libs\Response.class.php 第 27 行.
NOTIC: [2] json_encode() expects parameter 2 to be long, string given D:\xampp\htdocs\market\Application\Mobile\Libs\Response.class.php 第 27 行.

[ 2016-03-18T14:14:23+08:00 ] ::1 /market/Mobile/Index/create
INFO: [ app_init ] --START--
INFO: Run Behavior\BuildLiteBehavior [ RunTime:0.000000s ]
INFO: [ app_init ] --END-- [ RunTime:0.000000s ]
INFO: [ app_begin ] --START--
INFO: Run Behavior\ReadHtmlCacheBehavior [ RunTime:0.001000s ]
INFO: [ app_begin ] --END-- [ RunTime:0.001000s ]
NOTIC: [8] Uninitialized string offset: 0 D:\xampp\htdocs\market\Application\Mobile\Controller\IndexController.class.php 第 12 行.
NOTIC: [8] Uninitialized string offset: 0 D:\xampp\htdocs\market\Application\Mobile\Controller\IndexController.class.php 第 13 行.
NOTIC: [8] Use of undefined constant JSON_UNESCAPED_UNICODE - assumed 'JSON_UNESCAPED_UNICODE' D:\xampp\htdocs\market\Application\Mobile\Libs\Response.class.php 第 27 行.
NOTIC: [2] json_encode() expects parameter 2 to be long, string given D:\xampp\htdocs\market\Application\Mobile\Libs\Response.class.php 第 27 行.

[ 2016-03-18T14:15:16+08:00 ] ::1 /market/Mobile/Index/create
INFO: [ app_init ] --START--
INFO: Run Behavior\BuildLiteBehavior [ RunTime:0.000000s ]
INFO: [ app_init ] --END-- [ RunTime:0.000000s ]
INFO: [ app_begin ] --START--
INFO: Run Behavior\ReadHtmlCacheBehavior [ RunTime:0.000000s ]
INFO: [ app_begin ] --END-- [ RunTime:0.000000s ]
NOTIC: [8] Uninitialized string offset: 0 D:\xampp\htdocs\market\Application\Mobile\Controller\IndexController.class.php 第 12 行.
NOTIC: [8] Uninitialized string offset: 0 D:\xampp\htdocs\market\Application\Mobile\Controller\IndexController.class.php 第 13 行.
NOTIC: [8] Use of undefined constant JSON_UNESCAPED_UNICODE - assumed 'JSON_UNESCAPED_UNICODE' D:\xampp\htdocs\market\Application\Mobile\Libs\Response.class.php 第 27 行.
NOTIC: [2] json_encode() expects parameter 2 to be long, string given D:\xampp\htdocs\market\Application\Mobile\Libs\Response.class.php 第 27 行.

[ 2016-03-18T14:15:37+08:00 ] ::1 /market/Mobile/Index/create
INFO: [ app_init ] --START--
INFO: Run Behavior\BuildLiteBehavior [ RunTime:0.000000s ]
INFO: [ app_init ] --END-- [ RunTime:0.015600s ]
INFO: [ app_begin ] --START--
INFO: Run Behavior\ReadHtmlCacheBehavior [ RunTime:0.002000s ]
INFO: [ app_begin ] --END-- [ RunTime:0.002000s ]
NOTIC: [8] Uninitialized string offset: 0 D:\xampp\htdocs\market\Application\Mobile\Controller\IndexController.class.php 第 12 行.
NOTIC: [8] Uninitialized string offset: 0 D:\xampp\htdocs\market\Application\Mobile\Controller\IndexController.class.php 第 13 行.
NOTIC: [8] Use of undefined constant JSON_UNESCAPED_UNICODE - assumed 'JSON_UNESCAPED_UNICODE' D:\xampp\htdocs\market\Application\Mobile\Libs\Response.class.php 第 27 行.
NOTIC: [2] json_encode() expects parameter 2 to be long, string given D:\xampp\htdocs\market\Application\Mobile\Libs\Response.class.php 第 27 行.

[ 2016-03-18T14:16:13+08:00 ] ::1 /market/Mobile/Index/create
INFO: [ app_init ] --START--
INFO: Run Behavior\BuildLiteBehavior [ RunTime:0.000000s ]
INFO: [ app_init ] --END-- [ RunTime:0.001000s ]
INFO: [ app_begin ] --START--
INFO: Run Behavior\ReadHtmlCacheBehavior [ RunTime:0.001000s ]
INFO: [ app_begin ] --END-- [ RunTime:0.001000s ]
NOTIC: [8] Uninitialized string offset: 0 D:\xampp\htdocs\market\Application\Mobile\Controller\IndexController.class.php 第 12 行.
NOTIC: [8] Uninitialized string offset: 0 D:\xampp\htdocs\market\Application\Mobile\Controller\IndexController.class.php 第 13 行.
NOTIC: [8] Use of undefined constant JSON_UNESCAPED_UNICODE - assumed 'JSON_UNESCAPED_UNICODE' D:\xampp\htdocs\market\Application\Mobile\Libs\Response.class.php 第 27 行.
NOTIC: [2] json_encode() expects parameter 2 to be long, string given D:\xampp\htdocs\market\Application\Mobile\Libs\Response.class.php 第 27 行.

[ 2016-03-18T14:16:48+08:00 ] ::1 /market/Mobile/Index/create
INFO: [ app_init ] --START--
INFO: Run Behavior\BuildLiteBehavior [ RunTime:0.000000s ]
INFO: [ app_init ] --END-- [ RunTime:0.000000s ]
INFO: [ app_begin ] --START--
INFO: Run Behavior\ReadHtmlCacheBehavior [ RunTime:0.001000s ]
INFO: [ app_begin ] --END-- [ RunTime:0.001000s ]
NOTIC: [8] Uninitialized string offset: 0 D:\xampp\htdocs\market\Application\Mobile\Controller\IndexController.class.php 第 12 行.
NOTIC: [8] Uninitialized string offset: 0 D:\xampp\htdocs\market\Application\Mobile\Controller\IndexController.class.php 第 13 行.
NOTIC: [8] Use of undefined constant JSON_UNESCAPED_UNICODE - assumed 'JSON_UNESCAPED_UNICODE' D:\xampp\htdocs\market\Application\Mobile\Libs\Response.class.php 第 27 行.
NOTIC: [2] json_encode() expects parameter 2 to be long, string given D:\xampp\htdocs\market\Application\Mobile\Libs\Response.class.php 第 27 行.

[ 2016-03-18T14:48:02+08:00 ] ::1 /market/Mobile/Index/create
INFO: [ app_init ] --START--
INFO: Run Behavior\BuildLiteBehavior [ RunTime:0.000000s ]
INFO: [ app_init ] --END-- [ RunTime:0.001000s ]
INFO: [ app_begin ] --START--
INFO: Run Behavior\ReadHtmlCacheBehavior [ RunTime:0.000000s ]
INFO: [ app_begin ] --END-- [ RunTime:0.001000s ]
NOTIC: [8] Uninitialized string offset: 0 D:\xampp\htdocs\market\Application\Mobile\Controller\IndexController.class.php 第 12 行.
NOTIC: [8] Uninitialized string offset: 0 D:\xampp\htdocs\market\Application\Mobile\Controller\IndexController.class.php 第 13 行.
NOTIC: [8] Use of undefined constant JSON_UNESCAPED_UNICODE - assumed 'JSON_UNESCAPED_UNICODE' D:\xampp\htdocs\market\Application\Mobile\Libs\Response.class.php 第 27 行.
NOTIC: [2] json_encode() expects parameter 2 to be long, string given D:\xampp\htdocs\market\Application\Mobile\Libs\Response.class.php 第 27 行.

[ 2016-03-18T14:51:14+08:00 ] ::1 /market/Mobile/Index/create
INFO: [ app_init ] --START--
INFO: Run Behavior\BuildLiteBehavior [ RunTime:0.000000s ]
INFO: [ app_init ] --END-- [ RunTime:0.001000s ]
INFO: [ app_begin ] --START--
INFO: Run Behavior\ReadHtmlCacheBehavior [ RunTime:0.001000s ]
INFO: [ app_begin ] --END-- [ RunTime:0.001000s ]
NOTIC: [8] Uninitialized string offset: 0 D:\xampp\htdocs\market\Application\Mobile\Controller\IndexController.class.php 第 12 行.
NOTIC: [8] Uninitialized string offset: 0 D:\xampp\htdocs\market\Application\Mobile\Controller\IndexController.class.php 第 13 行.
NOTIC: [8] Use of undefined constant JSON_UNESCAPED_UNICODE - assumed 'JSON_UNESCAPED_UNICODE' D:\xampp\htdocs\market\Application\Mobile\Libs\Response.class.php 第 27 行.
NOTIC: [2] json_encode() expects parameter 2 to be long, string given D:\xampp\htdocs\market\Application\Mobile\Libs\Response.class.php 第 27 行.

[ 2016-03-18T14:55:12+08:00 ] ::1 /market/Mobile/Index/create
INFO: [ app_init ] --START--
INFO: Run Behavior\BuildLiteBehavior [ RunTime:0.000000s ]
INFO: [ app_init ] --END-- [ RunTime:0.000000s ]
INFO: [ app_begin ] --START--
INFO: Run Behavior\ReadHtmlCacheBehavior [ RunTime:0.000000s ]
INFO: [ app_begin ] --END-- [ RunTime:0.000000s ]
NOTIC: [8] Uninitialized string offset: 0 D:\xampp\htdocs\market\Application\Mobile\Controller\IndexController.class.php 第 12 行.
NOTIC: [8] Uninitialized string offset: 0 D:\xampp\htdocs\market\Application\Mobile\Controller\IndexController.class.php 第 13 行.
NOTIC: [8] Use of undefined constant JSON_UNESCAPED_UNICODE - assumed 'JSON_UNESCAPED_UNICODE' D:\xampp\htdocs\market\Application\Mobile\Libs\Response.class.php 第 27 行.
NOTIC: [2] json_encode() expects parameter 2 to be long, string given D:\xampp\htdocs\market\Application\Mobile\Libs\Response.class.php 第 27 行.

[ 2016-03-18T14:57:04+08:00 ] ::1 /market/Mobile/Index/create
INFO: [ app_init ] --START--
INFO: Run Behavior\BuildLiteBehavior [ RunTime:0.000000s ]
INFO: [ app_init ] --END-- [ RunTime:0.001000s ]
INFO: [ app_begin ] --START--
INFO: Run Behavior\ReadHtmlCacheBehavior [ RunTime:0.001000s ]
INFO: [ app_begin ] --END-- [ RunTime:0.001000s ]
NOTIC: [8] Uninitialized string offset: 0 D:\xampp\htdocs\market\Application\Mobile\Controller\IndexController.class.php 第 12 行.
NOTIC: [8] Uninitialized string offset: 0 D:\xampp\htdocs\market\Application\Mobile\Controller\IndexController.class.php 第 13 行.
NOTIC: [8] Use of undefined constant JSON_UNESCAPED_UNICODE - assumed 'JSON_UNESCAPED_UNICODE' D:\xampp\htdocs\market\Application\Mobile\Libs\Response.class.php 第 27 行.
NOTIC: [2] json_encode() expects parameter 2 to be long, string given D:\xampp\htdocs\market\Application\Mobile\Libs\Response.class.php 第 27 行.

[ 2016-03-18T14:57:04+08:00 ] ::1 /market/Mobile/Index/
INFO: [ app_init ] --START--
INFO: Run Behavior\BuildLiteBehavior [ RunTime:0.000000s ]
INFO: [ app_init ] --END-- [ RunTime:0.001000s ]
INFO: [ app_begin ] --START--
INFO: Run Behavior\ReadHtmlCacheBehavior [ RunTime:0.001000s ]
INFO: [ app_begin ] --END-- [ RunTime:0.001000s ]
INFO: [ app_end ] --START--
INFO: Run Behavior\ShowPageTraceBehavior [ RunTime:0.001000s ]
INFO: [ app_end ] --END-- [ RunTime:0.001000s ]

[ 2016-03-18T14:59:02+08:00 ] ::1 /market/Mobile/Index/
INFO: [ app_init ] --START--
INFO: Run Behavior\BuildLiteBehavior [ RunTime:0.000000s ]
INFO: [ app_init ] --END-- [ RunTime:0.000000s ]
INFO: [ app_begin ] --START--
INFO: Run Behavior\ReadHtmlCacheBehavior [ RunTime:0.001000s ]
INFO: [ app_begin ] --END-- [ RunTime:0.001000s ]
INFO: [ app_end ] --START--
INFO: Run Behavior\ShowPageTraceBehavior [ RunTime:0.001000s ]
INFO: [ app_end ] --END-- [ RunTime:0.001000s ]

[ 2016-03-18T14:59:28+08:00 ] ::1 /market/Mobile/Index/create
INFO: [ app_init ] --START--
INFO: Run Behavior\BuildLiteBehavior [ RunTime:0.000000s ]
INFO: [ app_init ] --END-- [ RunTime:0.000000s ]
INFO: [ app_begin ] --START--
INFO: Run Behavior\ReadHtmlCacheBehavior [ RunTime:0.000000s ]
INFO: [ app_begin ] --END-- [ RunTime:0.000000s ]
NOTIC: [8] Uninitialized string offset: 0 D:\xampp\htdocs\market\Application\Mobile\Controller\IndexController.class.php 第 12 行.
NOTIC: [8] Uninitialized string offset: 0 D:\xampp\htdocs\market\Application\Mobile\Controller\IndexController.class.php 第 13 行.
NOTIC: [8] Use of undefined constant JSON_UNESCAPED_UNICODE - assumed 'JSON_UNESCAPED_UNICODE' D:\xampp\htdocs\market\Application\Mobile\Libs\Response.class.php 第 27 行.
NOTIC: [2] json_encode() expects parameter 2 to be long, string given D:\xampp\htdocs\market\Application\Mobile\Libs\Response.class.php 第 27 行.

