[ 2016-03-21T09:02:21+08:00 ] ::1 /market/Mobile/Index/create
INFO: [ app_init ] --START--
INFO: Run Behavior\BuildLiteBehavior [ RunTime:0.000000s ]
INFO: [ app_init ] --END-- [ RunTime:0.000000s ]
INFO: [ app_begin ] --START--
INFO: Run Behavior\ReadHtmlCacheBehavior [ RunTime:0.000000s ]
INFO: [ app_begin ] --END-- [ RunTime:0.000000s ]
NOTIC: [8] Uninitialized string offset: 0 D:\xampp\htdocs\market\Application\Mobile\Controller\IndexController.class.php 第 12 行.
NOTIC: [8] Uninitialized string offset: 0 D:\xampp\htdocs\market\Application\Mobile\Controller\IndexController.class.php 第 13 行.
NOTIC: [8] Use of undefined constant JSON_UNESCAPED_UNICODE - assumed 'JSON_UNESCAPED_UNICODE' D:\xampp\htdocs\market\Application\Mobile\Libs\Response.class.php 第 27 行.
NOTIC: [2] json_encode() expects parameter 2 to be long, string given D:\xampp\htdocs\market\Application\Mobile\Libs\Response.class.php 第 27 行.

[ 2016-03-21T09:20:35+08:00 ] ::1 /market/Mobile/Index/create
INFO: [ app_init ] --START--
INFO: Run Behavior\BuildLiteBehavior [ RunTime:0.000000s ]
INFO: [ app_init ] --END-- [ RunTime:0.001000s ]
INFO: [ app_begin ] --START--
INFO: Run Behavior\ReadHtmlCacheBehavior [ RunTime:0.001000s ]
INFO: [ app_begin ] --END-- [ RunTime:0.001000s ]
NOTIC: [8] Uninitialized string offset: 0 D:\xampp\htdocs\market\Application\Mobile\Controller\IndexController.class.php 第 12 行.
NOTIC: [8] Uninitialized string offset: 0 D:\xampp\htdocs\market\Application\Mobile\Controller\IndexController.class.php 第 13 行.
NOTIC: [8] Use of undefined constant JSON_UNESCAPED_UNICODE - assumed 'JSON_UNESCAPED_UNICODE' D:\xampp\htdocs\market\Application\Mobile\Libs\Response.class.php 第 27 行.
NOTIC: [2] json_encode() expects parameter 2 to be long, string given D:\xampp\htdocs\market\Application\Mobile\Libs\Response.class.php 第 27 行.

[ 2016-03-21T10:41:14+08:00 ] ::1 /market/Mobile/Index/create
INFO: [ app_init ] --START--
INFO: Run Behavior\BuildLiteBehavior [ RunTime:0.000000s ]
INFO: [ app_init ] --END-- [ RunTime:0.000000s ]
INFO: [ app_begin ] --START--
INFO: Run Behavior\ReadHtmlCacheBehavior [ RunTime:0.001000s ]
INFO: [ app_begin ] --END-- [ RunTime:0.001000s ]
NOTIC: [8] Uninitialized string offset: 0 D:\xampp\htdocs\market\Application\Mobile\Controller\IndexController.class.php 第 12 行.
NOTIC: [8] Uninitialized string offset: 0 D:\xampp\htdocs\market\Application\Mobile\Controller\IndexController.class.php 第 13 行.
NOTIC: [8] Use of undefined constant JSON_UNESCAPED_UNICODE - assumed 'JSON_UNESCAPED_UNICODE' D:\xampp\htdocs\market\Application\Mobile\Libs\Response.class.php 第 27 行.
NOTIC: [2] json_encode() expects parameter 2 to be long, string given D:\xampp\htdocs\market\Application\Mobile\Libs\Response.class.php 第 27 行.

[ 2016-03-21T11:09:49+08:00 ] ::1 /market/Mobile/Index/create
INFO: [ app_init ] --START--
INFO: Run Behavior\BuildLiteBehavior [ RunTime:0.000000s ]
INFO: [ app_init ] --END-- [ RunTime:0.001000s ]
INFO: [ app_begin ] --START--
INFO: Run Behavior\ReadHtmlCacheBehavior [ RunTime:0.001000s ]
INFO: [ app_begin ] --END-- [ RunTime:0.001000s ]
NOTIC: [8] Uninitialized string offset: 0 D:\xampp\htdocs\market\Application\Mobile\Controller\IndexController.class.php 第 12 行.
NOTIC: [8] Uninitialized string offset: 0 D:\xampp\htdocs\market\Application\Mobile\Controller\IndexController.class.php 第 13 行.
NOTIC: [8] Use of undefined constant JSON_UNESCAPED_UNICODE - assumed 'JSON_UNESCAPED_UNICODE' D:\xampp\htdocs\market\Application\Mobile\Libs\Response.class.php 第 27 行.
NOTIC: [2] json_encode() expects parameter 2 to be long, string given D:\xampp\htdocs\market\Application\Mobile\Libs\Response.class.php 第 27 行.

[ 2016-03-21T11:11:09+08:00 ] ::1 /market/Mobile/Index/
INFO: [ app_init ] --START--
INFO: Run Behavior\BuildLiteBehavior [ RunTime:0.000000s ]
INFO: [ app_init ] --END-- [ RunTime:0.000000s ]
INFO: [ app_begin ] --START--
INFO: Run Behavior\ReadHtmlCacheBehavior [ RunTime:0.001000s ]
INFO: [ app_begin ] --END-- [ RunTime:0.001000s ]
INFO: [ app_end ] --START--
INFO: Run Behavior\ShowPageTraceBehavior [ RunTime:0.001000s ]
INFO: [ app_end ] --END-- [ RunTime:0.001000s ]

[ 2016-03-21T11:11:34+08:00 ] ::1 /market/Mobile/Index/create
INFO: [ app_init ] --START--
INFO: Run Behavior\BuildLiteBehavior [ RunTime:0.000000s ]
INFO: [ app_init ] --END-- [ RunTime:0.000000s ]
INFO: [ app_begin ] --START--
INFO: Run Behavior\ReadHtmlCacheBehavior [ RunTime:0.001000s ]
INFO: [ app_begin ] --END-- [ RunTime:0.001000s ]
NOTIC: [8] Uninitialized string offset: 0 D:\xampp\htdocs\market\Application\Mobile\Controller\IndexController.class.php 第 12 行.
NOTIC: [8] Uninitialized string offset: 0 D:\xampp\htdocs\market\Application\Mobile\Controller\IndexController.class.php 第 13 行.
NOTIC: [8] Use of undefined constant JSON_UNESCAPED_UNICODE - assumed 'JSON_UNESCAPED_UNICODE' D:\xampp\htdocs\market\Application\Mobile\Libs\Response.class.php 第 27 行.
NOTIC: [2] json_encode() expects parameter 2 to be long, string given D:\xampp\htdocs\market\Application\Mobile\Libs\Response.class.php 第 27 行.

[ 2016-03-21T11:11:55+08:00 ] ::1 /market/Mobile/Index/create?uid=1
INFO: [ app_init ] --START--
INFO: Run Behavior\BuildLiteBehavior [ RunTime:0.000000s ]
INFO: [ app_init ] --END-- [ RunTime:0.001000s ]
INFO: [ app_begin ] --START--
INFO: Run Behavior\ReadHtmlCacheBehavior [ RunTime:0.001000s ]
INFO: [ app_begin ] --END-- [ RunTime:0.001000s ]
NOTIC: [8] Uninitialized string offset: 0 D:\xampp\htdocs\market\Application\Mobile\Controller\IndexController.class.php 第 12 行.
NOTIC: [8] Uninitialized string offset: 0 D:\xampp\htdocs\market\Application\Mobile\Controller\IndexController.class.php 第 13 行.

[ 2016-03-21T11:12:37+08:00 ] ::1 /market/Mobile/Index/create/uid/1
INFO: [ app_init ] --START--
INFO: Run Behavior\BuildLiteBehavior [ RunTime:0.000000s ]
INFO: [ app_init ] --END-- [ RunTime:0.001000s ]
INFO: [ app_begin ] --START--
INFO: Run Behavior\ReadHtmlCacheBehavior [ RunTime:0.000000s ]
INFO: [ app_begin ] --END-- [ RunTime:0.000000s ]
NOTIC: [8] Uninitialized string offset: 0 D:\xampp\htdocs\market\Application\Mobile\Controller\IndexController.class.php 第 12 行.
NOTIC: [8] Uninitialized string offset: 0 D:\xampp\htdocs\market\Application\Mobile\Controller\IndexController.class.php 第 13 行.

[ 2016-03-21T11:20:41+08:00 ] ::1 /market/Mobile/Index/create/uid/
INFO: [ app_init ] --START--
INFO: Run Behavior\BuildLiteBehavior [ RunTime:0.000000s ]
INFO: [ app_init ] --END-- [ RunTime:0.000000s ]
INFO: [ app_begin ] --START--
INFO: Run Behavior\ReadHtmlCacheBehavior [ RunTime:0.002000s ]
INFO: [ app_begin ] --END-- [ RunTime:0.002000s ]
NOTIC: [8] Uninitialized string offset: 0 D:\xampp\htdocs\market\Application\Mobile\Controller\IndexController.class.php 第 12 行.
NOTIC: [8] Uninitialized string offset: 0 D:\xampp\htdocs\market\Application\Mobile\Controller\IndexController.class.php 第 13 行.
NOTIC: [8] Use of undefined constant JSON_UNESCAPED_UNICODE - assumed 'JSON_UNESCAPED_UNICODE' D:\xampp\htdocs\market\Application\Mobile\Libs\Response.class.php 第 27 行.
NOTIC: [2] json_encode() expects parameter 2 to be long, string given D:\xampp\htdocs\market\Application\Mobile\Libs\Response.class.php 第 27 行.

[ 2016-03-21T11:40:24+08:00 ] ::1 /market/Mobile/Index/create/uid/
INFO: [ app_init ] --START--
INFO: Run Behavior\BuildLiteBehavior [ RunTime:0.000000s ]
INFO: [ app_init ] --END-- [ RunTime:0.000000s ]
INFO: [ app_begin ] --START--
INFO: Run Behavior\ReadHtmlCacheBehavior [ RunTime:0.000000s ]
INFO: [ app_begin ] --END-- [ RunTime:0.001000s ]
NOTIC: [8] Uninitialized string offset: 0 D:\xampp\htdocs\market\Application\Mobile\Controller\IndexController.class.php 第 12 行.
NOTIC: [8] Uninitialized string offset: 0 D:\xampp\htdocs\market\Application\Mobile\Controller\IndexController.class.php 第 13 行.
NOTIC: [8] Use of undefined constant JSON_UNESCAPED_UNICODE - assumed 'JSON_UNESCAPED_UNICODE' D:\xampp\htdocs\market\Application\Mobile\Libs\Response.class.php 第 27 行.
NOTIC: [2] json_encode() expects parameter 2 to be long, string given D:\xampp\htdocs\market\Application\Mobile\Libs\Response.class.php 第 27 行.

[ 2016-03-21T14:54:46+08:00 ] ::1 /market/index.php/Mobile/Index/create
INFO: [ app_init ] --START--
INFO: Run Behavior\BuildLiteBehavior [ RunTime:0.000000s ]
INFO: [ app_init ] --END-- [ RunTime:0.001000s ]
INFO: [ app_begin ] --START--
INFO: Run Behavior\ReadHtmlCacheBehavior [ RunTime:0.000000s ]
INFO: [ app_begin ] --END-- [ RunTime:0.000000s ]
NOTIC: [2] Illegal string offset 'ckUid' D:\xampp\htdocs\market\Application\Mobile\Controller\IndexController.class.php 第 12 行.
NOTIC: [8] Uninitialized string offset: 0 D:\xampp\htdocs\market\Application\Mobile\Controller\IndexController.class.php 第 12 行.
NOTIC: [2] Illegal string offset 'token' D:\xampp\htdocs\market\Application\Mobile\Controller\IndexController.class.php 第 13 行.
NOTIC: [8] Uninitialized string offset: 0 D:\xampp\htdocs\market\Application\Mobile\Controller\IndexController.class.php 第 13 行.

[ 2016-03-21T14:55:07+08:00 ] ::1 /market/index.php/Mobile/Index/create/uid/1
INFO: [ app_init ] --START--
INFO: Run Behavior\BuildLiteBehavior [ RunTime:0.000000s ]
INFO: [ app_init ] --END-- [ RunTime:0.001000s ]
INFO: [ app_begin ] --START--
INFO: Run Behavior\ReadHtmlCacheBehavior [ RunTime:0.001000s ]
INFO: [ app_begin ] --END-- [ RunTime:0.001000s ]
NOTIC: [2] Illegal string offset 'ckUid' D:\xampp\htdocs\market\Application\Mobile\Controller\IndexController.class.php 第 12 行.
NOTIC: [8] Uninitialized string offset: 0 D:\xampp\htdocs\market\Application\Mobile\Controller\IndexController.class.php 第 12 行.
NOTIC: [2] Illegal string offset 'token' D:\xampp\htdocs\market\Application\Mobile\Controller\IndexController.class.php 第 13 行.
NOTIC: [8] Uninitialized string offset: 0 D:\xampp\htdocs\market\Application\Mobile\Controller\IndexController.class.php 第 13 行.

[ 2016-03-21T14:58:43+08:00 ] ::1 /market/index.php/Mobile/Index/create/uid/1
INFO: [ app_init ] --START--
INFO: Run Behavior\BuildLiteBehavior [ RunTime:0.000000s ]
INFO: [ app_init ] --END-- [ RunTime:0.000000s ]
INFO: [ app_begin ] --START--
INFO: Run Behavior\ReadHtmlCacheBehavior [ RunTime:0.011001s ]
INFO: [ app_begin ] --END-- [ RunTime:0.011001s ]
NOTIC: [2] Illegal string offset 'ckUid' D:\xampp\htdocs\market\Application\Mobile\Controller\IndexController.class.php 第 12 行.
NOTIC: [8] Uninitialized string offset: 0 D:\xampp\htdocs\market\Application\Mobile\Controller\IndexController.class.php 第 12 行.
NOTIC: [2] Illegal string offset 'token' D:\xampp\htdocs\market\Application\Mobile\Controller\IndexController.class.php 第 13 行.
NOTIC: [8] Uninitialized string offset: 0 D:\xampp\htdocs\market\Application\Mobile\Controller\IndexController.class.php 第 13 行.

[ 2016-03-21T14:59:25+08:00 ] ::1 /market/index.php/Mobile/Index/create/uid/1
INFO: [ app_init ] --START--
INFO: Run Behavior\BuildLiteBehavior [ RunTime:0.000000s ]
INFO: [ app_init ] --END-- [ RunTime:0.001000s ]
INFO: [ app_begin ] --START--
INFO: Run Behavior\ReadHtmlCacheBehavior [ RunTime:0.000000s ]
INFO: [ app_begin ] --END-- [ RunTime:0.000000s ]
NOTIC: [2] Illegal string offset 'ckUid' D:\xampp\htdocs\market\Application\Mobile\Controller\IndexController.class.php 第 12 行.
NOTIC: [8] Uninitialized string offset: 0 D:\xampp\htdocs\market\Application\Mobile\Controller\IndexController.class.php 第 12 行.
NOTIC: [2] Illegal string offset 'token' D:\xampp\htdocs\market\Application\Mobile\Controller\IndexController.class.php 第 13 行.
NOTIC: [8] Uninitialized string offset: 0 D:\xampp\htdocs\market\Application\Mobile\Controller\IndexController.class.php 第 13 行.

[ 2016-03-21T18:12:42+08:00 ] ::1 /market/index.php/Mobile/Index/create/uid/1
INFO: [ app_init ] --START--
INFO: Run Behavior\BuildLiteBehavior [ RunTime:0.000000s ]
INFO: [ app_init ] --END-- [ RunTime:0.000000s ]
INFO: [ app_begin ] --START--
INFO: Run Behavior\ReadHtmlCacheBehavior [ RunTime:0.000000s ]
INFO: [ app_begin ] --END-- [ RunTime:0.000000s ]
NOTIC: [2] Illegal string offset 'ckUid' D:\xampp\htdocs\market\Application\Mobile\Controller\IndexController.class.php 第 12 行.
NOTIC: [8] Uninitialized string offset: 0 D:\xampp\htdocs\market\Application\Mobile\Controller\IndexController.class.php 第 12 行.
NOTIC: [2] Illegal string offset 'token' D:\xampp\htdocs\market\Application\Mobile\Controller\IndexController.class.php 第 13 行.
NOTIC: [8] Uninitialized string offset: 0 D:\xampp\htdocs\market\Application\Mobile\Controller\IndexController.class.php 第 13 行.

