[ 2015-07-08T04:10:01+08:00 ] 192.168.150.132 /Desktop/Common/overnight
INFO: [ app_init ] --START--
INFO: Run Behavior\BuildLiteBehavior [ RunTime:0.000000s ]
INFO: [ app_init ] --END-- [ RunTime:0.001000s ]
INFO: [ app_begin ] --START--
INFO: Run Behavior\ReadHtmlCacheBehavior [ RunTime:0.000000s ]
INFO: [ app_begin ] --END-- [ RunTime:0.001000s ]
SQL: SHOW COLUMNS FROM `market_positions_flow` [ RunTime:0.0360s ]
SQL: SHOW COLUMNS FROM `market_positions_detail` [ RunTime:0.0310s ]
SQL: SHOW COLUMNS FROM `market_user_capital` [ RunTime:0.0240s ]
SQL: SELECT * FROM `market_positions_detail` WHERE `freeze_uccupy` IS NULL ORDER BY id desc  [ RunTime:0.0000s ]
SQL: SELECT COUNT(*) AS tp_count FROM `market_positions_detail` WHERE `freeze_uccupy` IS NULL LIMIT 1   [ RunTime:0.0440s ]
NOTIC: [8] Use of undefined constant n - assumed 'n' D:\webroot\market\Application\Desktop\Controller\CommonController.class.php 第 37 行.
NOTIC: [8] Use of undefined constant j - assumed 'j' D:\webroot\market\Application\Desktop\Controller\CommonController.class.php 第 37 行.
NOTIC: [8] Use of undefined constant Y - assumed 'Y' D:\webroot\market\Application\Desktop\Controller\CommonController.class.php 第 37 行.
INFO: [ app_end ] --START--
INFO: Run Behavior\ShowPageTraceBehavior [ RunTime:0.001000s ]
INFO: [ app_end ] --END-- [ RunTime:0.001000s ]

[ 2015-07-08T04:10:02+08:00 ] 192.168.150.132 /Desktop/Common/overTime
INFO: [ app_init ] --START--
INFO: Run Behavior\BuildLiteBehavior [ RunTime:0.000000s ]
INFO: [ app_init ] --END-- [ RunTime:0.000000s ]
INFO: [ app_begin ] --START--
INFO: Run Behavior\ReadHtmlCacheBehavior [ RunTime:0.000000s ]
INFO: [ app_begin ] --END-- [ RunTime:0.001000s ]
SQL: SHOW COLUMNS FROM `market_user_capital` [ RunTime:0.0020s ]
SQL: SHOW COLUMNS FROM `market_positions_detail` [ RunTime:0.0020s ]
SQL: SHOW COLUMNS FROM `market_today_price` [ RunTime:0.0100s ]
SQL: SHOW COLUMNS FROM `market_history_price` [ RunTime:0.0250s ]
SQL: SELECT * FROM `market_positions_detail` WHERE `uccupy` IS NULL  [ RunTime:0.0010s ]
SQL: SELECT COUNT(*) AS tp_count FROM `market_positions_detail` WHERE `uccupy` IS NULL LIMIT 1   [ RunTime:0.0000s ]
SQL: SELECT * FROM `market_user_capital` WHERE ( uid=22600004 )  [ RunTime:0.0000s ]
NOTIC: [8] Undefined index: $positions_price D:\webroot\market\Application\Desktop\Controller\CommonController.class.php 第 96 行.
NOTIC: [8] Undefined offset: 0 D:\webroot\market\Application\Desktop\Controller\CommonController.class.php 第 97 行.
NOTIC: [8] Undefined offset: 0 D:\webroot\market\Application\Desktop\Controller\CommonController.class.php 第 98 行.
SQL: UPDATE `market_today_price` SET `status`='超时' WHERE ( positions_number=22610001 ) [ RunTime:0.0160s ]
SQL: UPDATE `market_history_price` SET `status`='超时' WHERE ( positions_number=22610001 ) [ RunTime:0.0000s ]
SQL: DELETE FROM `market_positions_detail` WHERE ( positions_number=22610001 ) [ RunTime:0.0010s ]
SQL: UPDATE `market_user_capital` SET `usable_margin`='0',`freeze_margin`='0' WHERE ( uid=22600004 ) [ RunTime:0.0900s ]
SQL: SELECT * FROM `market_user_capital` WHERE ( uid=22600004 )  [ RunTime:0.0000s ]
NOTIC: [8] Undefined index: $positions_price D:\webroot\market\Application\Desktop\Controller\CommonController.class.php 第 96 行.
NOTIC: [8] Undefined offset: 1 D:\webroot\market\Application\Desktop\Controller\CommonController.class.php 第 97 行.
NOTIC: [8] Undefined offset: 1 D:\webroot\market\Application\Desktop\Controller\CommonController.class.php 第 98 行.
SQL: UPDATE `market_today_price` SET `status`='超时' WHERE ( positions_number=22610002 ) [ RunTime:0.0000s ]
SQL: UPDATE `market_history_price` SET `status`='超时' WHERE ( positions_number=22610002 ) [ RunTime:0.0010s ]
SQL: DELETE FROM `market_positions_detail` WHERE ( positions_number=22610002 ) [ RunTime:0.0000s ]
SQL: UPDATE `market_user_capital` SET `usable_margin`='0',`freeze_margin`='0' WHERE ( uid=22600004 ) [ RunTime:0.0000s ]
INFO: [ app_end ] --START--
INFO: Run Behavior\ShowPageTraceBehavior [ RunTime:0.001000s ]
INFO: [ app_end ] --END-- [ RunTime:0.001000s ]

