[ 2015-07-17T04:10:00+08:00 ] 192.168.150.132 /Desktop/Common/overnight
INFO: [ app_init ] --START--
INFO: Run Behavior\BuildLiteBehavior [ RunTime:0.000000s ]
INFO: [ app_init ] --END-- [ RunTime:0.001000s ]
INFO: [ app_begin ] --START--
INFO: Run Behavior\ReadHtmlCacheBehavior [ RunTime:0.001000s ]
INFO: [ app_begin ] --END-- [ RunTime:0.001000s ]
SQL: SHOW COLUMNS FROM `market_positions_flow` [ RunTime:0.0080s ]
SQL: SHOW COLUMNS FROM `market_positions_detail` [ RunTime:0.0090s ]
SQL: SHOW COLUMNS FROM `market_user_capital` [ RunTime:0.0080s ]
SQL: SELECT * FROM `market_positions_detail` WHERE `freeze_uccupy` IS NULL ORDER BY id desc  [ RunTime:0.0010s ]
SQL: SELECT COUNT(*) AS tp_count FROM `market_positions_detail` WHERE `freeze_uccupy` IS NULL LIMIT 1   [ RunTime:0.0000s ]
NOTIC: [8] Use of undefined constant n - assumed 'n' D:\webroot\market\Application\Desktop\Controller\CommonController.class.php Á¨¨ 37 Ë°å.
NOTIC: [8] Use of undefined constant j - assumed 'j' D:\webroot\market\Application\Desktop\Controller\CommonController.class.php Á¨¨ 37 Ë°å.
NOTIC: [8] Use of undefined constant Y - assumed 'Y' D:\webroot\market\Application\Desktop\Controller\CommonController.class.php Á¨¨ 37 Ë°å.
INFO: [ app_end ] --START--
INFO: Run Behavior\ShowPageTraceBehavior [ RunTime:0.001000s ]
INFO: [ app_end ] --END-- [ RunTime:0.001000s ]

[ 2015-07-17T04:10:00+08:00 ] 192.168.150.132 /Desktop/Common/overTime
INFO: [ app_init ] --START--
INFO: Run Behavior\BuildLiteBehavior [ RunTime:0.000000s ]
INFO: [ app_init ] --END-- [ RunTime:0.001000s ]
INFO: [ app_begin ] --START--
INFO: Run Behavior\ReadHtmlCacheBehavior [ RunTime:0.002001s ]
INFO: [ app_begin ] --END-- [ RunTime:0.002001s ]
SQL: SHOW COLUMNS FROM `market_user_capital` [ RunTime:0.0050s ]
SQL: SHOW COLUMNS FROM `market_positions_detail` [ RunTime:0.0070s ]
SQL: SHOW COLUMNS FROM `market_today_price` [ RunTime:0.0080s ]
SQL: SHOW COLUMNS FROM `market_history_price` [ RunTime:0.0080s ]
SQL: SELECT * FROM `market_positions_detail` WHERE `uccupy` IS NULL  [ RunTime:0.0010s ]
SQL: SELECT COUNT(*) AS tp_count FROM `market_positions_detail` WHERE `uccupy` IS NULL LIMIT 1   [ RunTime:0.0000s ]
INFO: [ app_end ] --START--
INFO: Run Behavior\ShowPageTraceBehavior [ RunTime:0.002000s ]
INFO: [ app_end ] --END-- [ RunTime:0.002000s ]

[ 2015-07-17T11:30:47+08:00 ] 192.168.150.132 /index.php/Desktop/Index/userCreate
INFO: [ app_init ] --START--
INFO: Run Behavior\BuildLiteBehavior [ RunTime:0.000000s ]
INFO: [ app_init ] --END-- [ RunTime:0.001000s ]
INFO: [ app_begin ] --START--
INFO: Run Behavior\ReadHtmlCacheBehavior [ RunTime:0.001000s ]
INFO: [ app_begin ] --END-- [ RunTime:0.002000s ]

[ 2015-07-17T11:33:33+08:00 ] 192.168.150.127 /index.php/Desktop/Index/userCreate
INFO: [ app_init ] --START--
INFO: Run Behavior\BuildLiteBehavior [ RunTime:0.000000s ]
INFO: [ app_init ] --END-- [ RunTime:0.001000s ]
INFO: [ app_begin ] --START--
INFO: Run Behavior\ReadHtmlCacheBehavior [ RunTime:0.002000s ]
INFO: [ app_begin ] --END-- [ RunTime:0.002000s ]

[ 2015-07-17T11:33:39+08:00 ] 192.168.150.127 /index.php/Desktop/Index/userCreate
INFO: [ app_init ] --START--
INFO: Run Behavior\BuildLiteBehavior [ RunTime:0.000000s ]
INFO: [ app_init ] --END-- [ RunTime:0.001000s ]
INFO: [ app_begin ] --START--
INFO: Run Behavior\ReadHtmlCacheBehavior [ RunTime:0.002000s ]
INFO: [ app_begin ] --END-- [ RunTime:0.002000s ]

[ 2015-07-17T11:34:02+08:00 ] 192.168.150.127 /index.php/Desktop/Index/userCreate
INFO: [ app_init ] --START--
INFO: Run Behavior\BuildLiteBehavior [ RunTime:0.000000s ]
INFO: [ app_init ] --END-- [ RunTime:0.000000s ]
INFO: [ app_begin ] --START--
INFO: Run Behavior\ReadHtmlCacheBehavior [ RunTime:0.000000s ]
INFO: [ app_begin ] --END-- [ RunTime:0.001000s ]

[ 2015-07-17T11:34:16+08:00 ] 192.168.150.127 /index.php/Desktop/Index/userCreate
INFO: [ app_init ] --START--
INFO: Run Behavior\BuildLiteBehavior [ RunTime:0.000000s ]
INFO: [ app_init ] --END-- [ RunTime:0.001000s ]
INFO: [ app_begin ] --START--
INFO: Run Behavior\ReadHtmlCacheBehavior [ RunTime:0.001000s ]
INFO: [ app_begin ] --END-- [ RunTime:0.001000s ]

[ 2015-07-17T11:34:18+08:00 ] 192.168.150.127 /index.php/Desktop/Index/userCreate
INFO: [ app_init ] --START--
INFO: Run Behavior\BuildLiteBehavior [ RunTime:0.000000s ]
INFO: [ app_init ] --END-- [ RunTime:0.001000s ]
INFO: [ app_begin ] --START--
INFO: Run Behavior\ReadHtmlCacheBehavior [ RunTime:0.002000s ]
INFO: [ app_begin ] --END-- [ RunTime:0.002000s ]

[ 2015-07-17T11:34:19+08:00 ] 192.168.150.127 /index.php/Desktop/Index/userCreate
INFO: [ app_init ] --START--
INFO: Run Behavior\BuildLiteBehavior [ RunTime:0.000000s ]
INFO: [ app_init ] --END-- [ RunTime:0.001000s ]
INFO: [ app_begin ] --START--
INFO: Run Behavior\ReadHtmlCacheBehavior [ RunTime:0.001000s ]
INFO: [ app_begin ] --END-- [ RunTime:0.001000s ]

[ 2015-07-17T11:34:21+08:00 ] 192.168.150.127 /index.php/Desktop/Index/userCreate
INFO: [ app_init ] --START--
INFO: Run Behavior\BuildLiteBehavior [ RunTime:0.001000s ]
INFO: [ app_init ] --END-- [ RunTime:0.001000s ]
INFO: [ app_begin ] --START--
INFO: Run Behavior\ReadHtmlCacheBehavior [ RunTime:0.001000s ]
INFO: [ app_begin ] --END-- [ RunTime:0.002000s ]

[ 2015-07-17T11:34:23+08:00 ] 192.168.150.127 /index.php/Desktop/Index/userCreate
INFO: [ app_init ] --START--
INFO: Run Behavior\BuildLiteBehavior [ RunTime:0.000000s ]
INFO: [ app_init ] --END-- [ RunTime:0.001000s ]
INFO: [ app_begin ] --START--
INFO: Run Behavior\ReadHtmlCacheBehavior [ RunTime:0.002000s ]
INFO: [ app_begin ] --END-- [ RunTime:0.002000s ]

[ 2015-07-17T11:34:25+08:00 ] 192.168.150.127 /index.php/Desktop/Index/userCreate
INFO: [ app_init ] --START--
INFO: Run Behavior\BuildLiteBehavior [ RunTime:0.000000s ]
INFO: [ app_init ] --END-- [ RunTime:0.001000s ]
INFO: [ app_begin ] --START--
INFO: Run Behavior\ReadHtmlCacheBehavior [ RunTime:0.001000s ]
INFO: [ app_begin ] --END-- [ RunTime:0.001000s ]

[ 2015-07-17T11:34:27+08:00 ] 192.168.150.127 /index.php/Desktop/Index/userCreate
INFO: [ app_init ] --START--
INFO: Run Behavior\BuildLiteBehavior [ RunTime:0.000000s ]
INFO: [ app_init ] --END-- [ RunTime:0.001000s ]
INFO: [ app_begin ] --START--
INFO: Run Behavior\ReadHtmlCacheBehavior [ RunTime:0.001000s ]
INFO: [ app_begin ] --END-- [ RunTime:0.001000s ]

[ 2015-07-17T11:34:29+08:00 ] 192.168.150.127 /index.php/Desktop/Index/userCreate
INFO: [ app_init ] --START--
INFO: Run Behavior\BuildLiteBehavior [ RunTime:0.000000s ]
INFO: [ app_init ] --END-- [ RunTime:0.001000s ]
INFO: [ app_begin ] --START--
INFO: Run Behavior\ReadHtmlCacheBehavior [ RunTime:0.001000s ]
INFO: [ app_begin ] --END-- [ RunTime:0.002000s ]

[ 2015-07-17T11:34:43+08:00 ] 192.168.150.127 /index.php/Desktop/Index/userCreate
INFO: [ app_init ] --START--
INFO: Run Behavior\BuildLiteBehavior [ RunTime:0.000000s ]
INFO: [ app_init ] --END-- [ RunTime:0.000000s ]
INFO: [ app_begin ] --START--
INFO: Run Behavior\ReadHtmlCacheBehavior [ RunTime:0.001000s ]
INFO: [ app_begin ] --END-- [ RunTime:0.001000s ]

[ 2015-07-17T11:34:45+08:00 ] 192.168.150.127 /index.php/Desktop/Index/userCreate
INFO: [ app_init ] --START--
INFO: Run Behavior\BuildLiteBehavior [ RunTime:0.000000s ]
INFO: [ app_init ] --END-- [ RunTime:0.001001s ]
INFO: [ app_begin ] --START--
INFO: Run Behavior\ReadHtmlCacheBehavior [ RunTime:0.002000s ]
INFO: [ app_begin ] --END-- [ RunTime:0.002000s ]

[ 2015-07-17T11:34:46+08:00 ] 192.168.150.127 /index.php/Desktop/Index/userCreate
INFO: [ app_init ] --START--
INFO: Run Behavior\BuildLiteBehavior [ RunTime:0.000000s ]
INFO: [ app_init ] --END-- [ RunTime:0.001000s ]
INFO: [ app_begin ] --START--
INFO: Run Behavior\ReadHtmlCacheBehavior [ RunTime:0.002001s ]
INFO: [ app_begin ] --END-- [ RunTime:0.002001s ]

[ 2015-07-17T11:34:48+08:00 ] 192.168.150.127 /index.php/Desktop/Index/userCreate
INFO: [ app_init ] --START--
INFO: Run Behavior\BuildLiteBehavior [ RunTime:0.000000s ]
INFO: [ app_init ] --END-- [ RunTime:0.000000s ]
INFO: [ app_begin ] --START--
INFO: Run Behavior\ReadHtmlCacheBehavior [ RunTime:0.001000s ]
INFO: [ app_begin ] --END-- [ RunTime:0.001000s ]

[ 2015-07-17T11:34:48+08:00 ] 192.168.150.127 /index.php/Desktop/Index/userCreate
INFO: [ app_init ] --START--
INFO: Run Behavior\BuildLiteBehavior [ RunTime:0.000000s ]
INFO: [ app_init ] --END-- [ RunTime:0.001000s ]
INFO: [ app_begin ] --START--
INFO: Run Behavior\ReadHtmlCacheBehavior [ RunTime:0.001000s ]
INFO: [ app_begin ] --END-- [ RunTime:0.001000s ]

[ 2015-07-17T11:34:48+08:00 ] 192.168.150.127 /index.php/Desktop/Index/userCreate
INFO: [ app_init ] --START--
INFO: Run Behavior\BuildLiteBehavior [ RunTime:0.000000s ]
INFO: [ app_init ] --END-- [ RunTime:0.001000s ]
INFO: [ app_begin ] --START--
INFO: Run Behavior\ReadHtmlCacheBehavior [ RunTime:0.001000s ]
INFO: [ app_begin ] --END-- [ RunTime:0.001000s ]

[ 2015-07-17T11:34:49+08:00 ] 192.168.150.127 /index.php/Desktop/Index/userCreate
INFO: [ app_init ] --START--
INFO: Run Behavior\BuildLiteBehavior [ RunTime:0.000000s ]
INFO: [ app_init ] --END-- [ RunTime:0.001001s ]
INFO: [ app_begin ] --START--
INFO: Run Behavior\ReadHtmlCacheBehavior [ RunTime:0.001000s ]
INFO: [ app_begin ] --END-- [ RunTime:0.001000s ]

[ 2015-07-17T11:34:50+08:00 ] 192.168.150.127 /index.php/Desktop/Index/userCreate
INFO: [ app_init ] --START--
INFO: Run Behavior\BuildLiteBehavior [ RunTime:0.000000s ]
INFO: [ app_init ] --END-- [ RunTime:0.001000s ]
INFO: [ app_begin ] --START--
INFO: Run Behavior\ReadHtmlCacheBehavior [ RunTime:0.001000s ]
INFO: [ app_begin ] --END-- [ RunTime:0.001000s ]

[ 2015-07-17T11:34:54+08:00 ] 192.168.150.127 /index.php/Desktop/Index/userCreate
INFO: [ app_init ] --START--
INFO: Run Behavior\BuildLiteBehavior [ RunTime:0.000000s ]
INFO: [ app_init ] --END-- [ RunTime:0.001000s ]
INFO: [ app_begin ] --START--
INFO: Run Behavior\ReadHtmlCacheBehavior [ RunTime:0.001000s ]
INFO: [ app_begin ] --END-- [ RunTime:0.002000s ]

[ 2015-07-17T11:34:55+08:00 ] 192.168.150.127 /index.php/Desktop/Index/userCreate
INFO: [ app_init ] --START--
INFO: Run Behavior\BuildLiteBehavior [ RunTime:0.000000s ]
INFO: [ app_init ] --END-- [ RunTime:0.000000s ]
INFO: [ app_begin ] --START--
INFO: Run Behavior\ReadHtmlCacheBehavior [ RunTime:0.000000s ]
INFO: [ app_begin ] --END-- [ RunTime:0.000000s ]

[ 2015-07-17T11:34:57+08:00 ] 192.168.150.127 /index.php/Desktop/Index/userCreate
INFO: [ app_init ] --START--
INFO: Run Behavior\BuildLiteBehavior [ RunTime:0.000000s ]
INFO: [ app_init ] --END-- [ RunTime:0.001001s ]
INFO: [ app_begin ] --START--
INFO: Run Behavior\ReadHtmlCacheBehavior [ RunTime:0.001000s ]
INFO: [ app_begin ] --END-- [ RunTime:0.001000s ]

[ 2015-07-17T11:34:58+08:00 ] 192.168.150.127 /index.php/Desktop/Index/userCreate
INFO: [ app_init ] --START--
INFO: Run Behavior\BuildLiteBehavior [ RunTime:0.000000s ]
INFO: [ app_init ] --END-- [ RunTime:0.001000s ]
INFO: [ app_begin ] --START--
INFO: Run Behavior\ReadHtmlCacheBehavior [ RunTime:0.001000s ]
INFO: [ app_begin ] --END-- [ RunTime:0.001000s ]

[ 2015-07-17T11:34:59+08:00 ] 192.168.150.127 /index.php/Desktop/Index/userCreate
INFO: [ app_init ] --START--
INFO: Run Behavior\BuildLiteBehavior [ RunTime:0.000000s ]
INFO: [ app_init ] --END-- [ RunTime:0.000000s ]
INFO: [ app_begin ] --START--
INFO: Run Behavior\ReadHtmlCacheBehavior [ RunTime:0.002001s ]
INFO: [ app_begin ] --END-- [ RunTime:0.002001s ]

[ 2015-07-17T11:35:01+08:00 ] 192.168.150.127 /index.php/Desktop/Index/userCreate
INFO: [ app_init ] --START--
INFO: Run Behavior\BuildLiteBehavior [ RunTime:0.000000s ]
INFO: [ app_init ] --END-- [ RunTime:0.001000s ]
INFO: [ app_begin ] --START--
INFO: Run Behavior\ReadHtmlCacheBehavior [ RunTime:0.002000s ]
INFO: [ app_begin ] --END-- [ RunTime:0.002000s ]

[ 2015-07-17T11:35:02+08:00 ] 192.168.150.127 /index.php/Desktop/Index/userCreate
INFO: [ app_init ] --START--
INFO: Run Behavior\BuildLiteBehavior [ RunTime:0.000000s ]
INFO: [ app_init ] --END-- [ RunTime:0.000000s ]
INFO: [ app_begin ] --START--
INFO: Run Behavior\ReadHtmlCacheBehavior [ RunTime:0.001000s ]
INFO: [ app_begin ] --END-- [ RunTime:0.001000s ]

[ 2015-07-17T11:35:03+08:00 ] 192.168.150.127 /index.php/Desktop/Index/userCreate
INFO: [ app_init ] --START--
INFO: Run Behavior\BuildLiteBehavior [ RunTime:0.000000s ]
INFO: [ app_init ] --END-- [ RunTime:0.000000s ]
INFO: [ app_begin ] --START--
INFO: Run Behavior\ReadHtmlCacheBehavior [ RunTime:0.001000s ]
INFO: [ app_begin ] --END-- [ RunTime:0.001000s ]

[ 2015-07-17T11:35:04+08:00 ] 192.168.150.127 /index.php/Desktop/Index/userCreate
INFO: [ app_init ] --START--
INFO: Run Behavior\BuildLiteBehavior [ RunTime:0.000000s ]
INFO: [ app_init ] --END-- [ RunTime:0.001000s ]
INFO: [ app_begin ] --START--
INFO: Run Behavior\ReadHtmlCacheBehavior [ RunTime:0.001000s ]
INFO: [ app_begin ] --END-- [ RunTime:0.001000s ]

[ 2015-07-17T11:35:07+08:00 ] 192.168.150.127 /index.php/Desktop/Index/userCreate
INFO: [ app_init ] --START--
INFO: Run Behavior\BuildLiteBehavior [ RunTime:0.000000s ]
INFO: [ app_init ] --END-- [ RunTime:0.001000s ]
INFO: [ app_begin ] --START--
INFO: Run Behavior\ReadHtmlCacheBehavior [ RunTime:0.002000s ]
INFO: [ app_begin ] --END-- [ RunTime:0.002000s ]

[ 2015-07-17T11:36:09+08:00 ] 192.168.150.127 /index.php/Desktop/Index/userCreate
INFO: [ app_init ] --START--
INFO: Run Behavior\BuildLiteBehavior [ RunTime:0.000000s ]
INFO: [ app_init ] --END-- [ RunTime:0.001000s ]
INFO: [ app_begin ] --START--
INFO: Run Behavior\ReadHtmlCacheBehavior [ RunTime:0.001000s ]
INFO: [ app_begin ] --END-- [ RunTime:0.001000s ]

[ 2015-07-17T11:37:17+08:00 ] 192.168.150.127 /index.php/Desktop/Index/userCreate
INFO: [ app_init ] --START--
INFO: Run Behavior\BuildLiteBehavior [ RunTime:0.000000s ]
INFO: [ app_init ] --END-- [ RunTime:0.000000s ]
INFO: [ app_begin ] --START--
INFO: Run Behavior\ReadHtmlCacheBehavior [ RunTime:0.002000s ]
INFO: [ app_begin ] --END-- [ RunTime:0.002000s ]
NOTIC: [2] filesize(): stat failed for ./logs/check.txt D:\webroot\market\Application\Desktop\Controller\CommonController.class.php Á¨¨ 372 Ë°å.
NOTIC: [2] fopen(./logs/check.txt): failed to open stream: No such file or directory D:\webroot\market\Application\Desktop\Controller\CommonController.class.php Á¨¨ 377 Ë°å.
NOTIC: [2] fwrite() expects parameter 1 to be resource, boolean given D:\webroot\market\Application\Desktop\Controller\CommonController.class.php Á¨¨ 381 Ë°å.
NOTIC: [2] fwrite() expects parameter 1 to be resource, boolean given D:\webroot\market\Application\Desktop\Controller\CommonController.class.php Á¨¨ 383 Ë°å.
NOTIC: [2] fclose() expects parameter 1 to be resource, boolean given D:\webroot\market\Application\Desktop\Controller\CommonController.class.php Á¨¨ 385 Ë°å.

[ 2015-07-17T11:37:20+08:00 ] 192.168.150.127 /index.php/Desktop/Index/userCreate
INFO: [ app_init ] --START--
INFO: Run Behavior\BuildLiteBehavior [ RunTime:0.000000s ]
INFO: [ app_init ] --END-- [ RunTime:0.001000s ]
INFO: [ app_begin ] --START--
INFO: Run Behavior\ReadHtmlCacheBehavior [ RunTime:0.001001s ]
INFO: [ app_begin ] --END-- [ RunTime:0.002001s ]
NOTIC: [2] filesize(): stat failed for ./logs/check.txt D:\webroot\market\Application\Desktop\Controller\CommonController.class.php Á¨¨ 372 Ë°å.
NOTIC: [2] fopen(./logs/check.txt): failed to open stream: No such file or directory D:\webroot\market\Application\Desktop\Controller\CommonController.class.php Á¨¨ 377 Ë°å.
NOTIC: [2] fwrite() expects parameter 1 to be resource, boolean given D:\webroot\market\Application\Desktop\Controller\CommonController.class.php Á¨¨ 381 Ë°å.
NOTIC: [2] fwrite() expects parameter 1 to be resource, boolean given D:\webroot\market\Application\Desktop\Controller\CommonController.class.php Á¨¨ 383 Ë°å.
NOTIC: [2] fclose() expects parameter 1 to be resource, boolean given D:\webroot\market\Application\Desktop\Controller\CommonController.class.php Á¨¨ 385 Ë°å.

[ 2015-07-17T11:37:22+08:00 ] 192.168.150.127 /index.php/Desktop/Index/userCreate
INFO: [ app_init ] --START--
INFO: Run Behavior\BuildLiteBehavior [ RunTime:0.000000s ]
INFO: [ app_init ] --END-- [ RunTime:0.001000s ]
INFO: [ app_begin ] --START--
INFO: Run Behavior\ReadHtmlCacheBehavior [ RunTime:0.001000s ]
INFO: [ app_begin ] --END-- [ RunTime:0.001000s ]
NOTIC: [2] filesize(): stat failed for ./logs/check.txt D:\webroot\market\Application\Desktop\Controller\CommonController.class.php Á¨¨ 372 Ë°å.
NOTIC: [2] fopen(./logs/check.txt): failed to open stream: No such file or directory D:\webroot\market\Application\Desktop\Controller\CommonController.class.php Á¨¨ 377 Ë°å.
NOTIC: [2] fwrite() expects parameter 1 to be resource, boolean given D:\webroot\market\Application\Desktop\Controller\CommonController.class.php Á¨¨ 381 Ë°å.
NOTIC: [2] fwrite() expects parameter 1 to be resource, boolean given D:\webroot\market\Application\Desktop\Controller\CommonController.class.php Á¨¨ 383 Ë°å.
NOTIC: [2] fclose() expects parameter 1 to be resource, boolean given D:\webroot\market\Application\Desktop\Controller\CommonController.class.php Á¨¨ 385 Ë°å.

[ 2015-07-17T11:37:28+08:00 ] 192.168.150.127 /index.php/Desktop/Index/userCreate
INFO: [ app_init ] --START--
INFO: Run Behavior\BuildLiteBehavior [ RunTime:0.000000s ]
INFO: [ app_init ] --END-- [ RunTime:0.001000s ]
INFO: [ app_begin ] --START--
INFO: Run Behavior\ReadHtmlCacheBehavior [ RunTime:0.001000s ]
INFO: [ app_begin ] --END-- [ RunTime:0.001000s ]
NOTIC: [2] filesize(): stat failed for ./logs/check.txt D:\webroot\market\Application\Desktop\Controller\CommonController.class.php Á¨¨ 372 Ë°å.
NOTIC: [2] fopen(./logs/check.txt): failed to open stream: No such file or directory D:\webroot\market\Application\Desktop\Controller\CommonController.class.php Á¨¨ 377 Ë°å.
NOTIC: [2] fwrite() expects parameter 1 to be resource, boolean given D:\webroot\market\Application\Desktop\Controller\CommonController.class.php Á¨¨ 381 Ë°å.
NOTIC: [2] fwrite() expects parameter 1 to be resource, boolean given D:\webroot\market\Application\Desktop\Controller\CommonController.class.php Á¨¨ 383 Ë°å.
NOTIC: [2] fclose() expects parameter 1 to be resource, boolean given D:\webroot\market\Application\Desktop\Controller\CommonController.class.php Á¨¨ 385 Ë°å.

[ 2015-07-17T11:37:31+08:00 ] 192.168.150.127 /index.php/Desktop/Index/userCreate
INFO: [ app_init ] --START--
INFO: Run Behavior\BuildLiteBehavior [ RunTime:0.000000s ]
INFO: [ app_init ] --END-- [ RunTime:0.001000s ]
INFO: [ app_begin ] --START--
INFO: Run Behavior\ReadHtmlCacheBehavior [ RunTime:0.001000s ]
INFO: [ app_begin ] --END-- [ RunTime:0.001000s ]
NOTIC: [2] filesize(): stat failed for ./logs/check.txt D:\webroot\market\Application\Desktop\Controller\CommonController.class.php Á¨¨ 372 Ë°å.
NOTIC: [2] fopen(./logs/check.txt): failed to open stream: No such file or directory D:\webroot\market\Application\Desktop\Controller\CommonController.class.php Á¨¨ 377 Ë°å.
NOTIC: [2] fwrite() expects parameter 1 to be resource, boolean given D:\webroot\market\Application\Desktop\Controller\CommonController.class.php Á¨¨ 381 Ë°å.
NOTIC: [2] fwrite() expects parameter 1 to be resource, boolean given D:\webroot\market\Application\Desktop\Controller\CommonController.class.php Á¨¨ 383 Ë°å.
NOTIC: [2] fclose() expects parameter 1 to be resource, boolean given D:\webroot\market\Application\Desktop\Controller\CommonController.class.php Á¨¨ 385 Ë°å.

[ 2015-07-17T11:37:32+08:00 ] 192.168.150.127 /index.php/Desktop/Index/userCreate
INFO: [ app_init ] --START--
INFO: Run Behavior\BuildLiteBehavior [ RunTime:0.001000s ]
INFO: [ app_init ] --END-- [ RunTime:0.001000s ]
INFO: [ app_begin ] --START--
INFO: Run Behavior\ReadHtmlCacheBehavior [ RunTime:0.002000s ]
INFO: [ app_begin ] --END-- [ RunTime:0.002000s ]
NOTIC: [2] filesize(): stat failed for ./logs/check.txt D:\webroot\market\Application\Desktop\Controller\CommonController.class.php Á¨¨ 372 Ë°å.
NOTIC: [2] fopen(./logs/check.txt): failed to open stream: No such file or directory D:\webroot\market\Application\Desktop\Controller\CommonController.class.php Á¨¨ 377 Ë°å.
NOTIC: [2] fwrite() expects parameter 1 to be resource, boolean given D:\webroot\market\Application\Desktop\Controller\CommonController.class.php Á¨¨ 381 Ë°å.
NOTIC: [2] fwrite() expects parameter 1 to be resource, boolean given D:\webroot\market\Application\Desktop\Controller\CommonController.class.php Á¨¨ 383 Ë°å.
NOTIC: [2] fclose() expects parameter 1 to be resource, boolean given D:\webroot\market\Application\Desktop\Controller\CommonController.class.php Á¨¨ 385 Ë°å.

[ 2015-07-17T11:37:33+08:00 ] 192.168.150.127 /index.php/Desktop/Index/userCreate
INFO: [ app_init ] --START--
INFO: Run Behavior\BuildLiteBehavior [ RunTime:0.000000s ]
INFO: [ app_init ] --END-- [ RunTime:0.001000s ]
INFO: [ app_begin ] --START--
INFO: Run Behavior\ReadHtmlCacheBehavior [ RunTime:0.002000s ]
INFO: [ app_begin ] --END-- [ RunTime:0.002000s ]
NOTIC: [2] filesize(): stat failed for ./logs/check.txt D:\webroot\market\Application\Desktop\Controller\CommonController.class.php Á¨¨ 372 Ë°å.
NOTIC: [2] fopen(./logs/check.txt): failed to open stream: No such file or directory D:\webroot\market\Application\Desktop\Controller\CommonController.class.php Á¨¨ 377 Ë°å.
NOTIC: [2] fwrite() expects parameter 1 to be resource, boolean given D:\webroot\market\Application\Desktop\Controller\CommonController.class.php Á¨¨ 381 Ë°å.
NOTIC: [2] fwrite() expects parameter 1 to be resource, boolean given D:\webroot\market\Application\Desktop\Controller\CommonController.class.php Á¨¨ 383 Ë°å.
NOTIC: [2] fclose() expects parameter 1 to be resource, boolean given D:\webroot\market\Application\Desktop\Controller\CommonController.class.php Á¨¨ 385 Ë°å.

[ 2015-07-17T11:37:34+08:00 ] 192.168.150.127 /index.php/Desktop/Index/userCreate
INFO: [ app_init ] --START--
INFO: Run Behavior\BuildLiteBehavior [ RunTime:0.000000s ]
INFO: [ app_init ] --END-- [ RunTime:0.001000s ]
INFO: [ app_begin ] --START--
INFO: Run Behavior\ReadHtmlCacheBehavior [ RunTime:0.001000s ]
INFO: [ app_begin ] --END-- [ RunTime:0.001000s ]
NOTIC: [2] filesize(): stat failed for ./logs/check.txt D:\webroot\market\Application\Desktop\Controller\CommonController.class.php Á¨¨ 372 Ë°å.
NOTIC: [2] fopen(./logs/check.txt): failed to open stream: No such file or directory D:\webroot\market\Application\Desktop\Controller\CommonController.class.php Á¨¨ 377 Ë°å.
NOTIC: [2] fwrite() expects parameter 1 to be resource, boolean given D:\webroot\market\Application\Desktop\Controller\CommonController.class.php Á¨¨ 381 Ë°å.
NOTIC: [2] fwrite() expects parameter 1 to be resource, boolean given D:\webroot\market\Application\Desktop\Controller\CommonController.class.php Á¨¨ 383 Ë°å.
NOTIC: [2] fclose() expects parameter 1 to be resource, boolean given D:\webroot\market\Application\Desktop\Controller\CommonController.class.php Á¨¨ 385 Ë°å.

[ 2015-07-17T11:37:35+08:00 ] 192.168.150.127 /index.php/Desktop/Index/userCreate
INFO: [ app_init ] --START--
INFO: Run Behavior\BuildLiteBehavior [ RunTime:0.000000s ]
INFO: [ app_init ] --END-- [ RunTime:0.001000s ]
INFO: [ app_begin ] --START--
INFO: Run Behavior\ReadHtmlCacheBehavior [ RunTime:0.001000s ]
INFO: [ app_begin ] --END-- [ RunTime:0.001000s ]
NOTIC: [2] filesize(): stat failed for ./logs/check.txt D:\webroot\market\Application\Desktop\Controller\CommonController.class.php Á¨¨ 372 Ë°å.
NOTIC: [2] fopen(./logs/check.txt): failed to open stream: No such file or directory D:\webroot\market\Application\Desktop\Controller\CommonController.class.php Á¨¨ 377 Ë°å.
NOTIC: [2] fwrite() expects parameter 1 to be resource, boolean given D:\webroot\market\Application\Desktop\Controller\CommonController.class.php Á¨¨ 381 Ë°å.
NOTIC: [2] fwrite() expects parameter 1 to be resource, boolean given D:\webroot\market\Application\Desktop\Controller\CommonController.class.php Á¨¨ 383 Ë°å.
NOTIC: [2] fclose() expects parameter 1 to be resource, boolean given D:\webroot\market\Application\Desktop\Controller\CommonController.class.php Á¨¨ 385 Ë°å.

[ 2015-07-17T11:37:36+08:00 ] 192.168.150.127 /index.php/Desktop/Index/userCreate
INFO: [ app_init ] --START--
INFO: Run Behavior\BuildLiteBehavior [ RunTime:0.000000s ]
INFO: [ app_init ] --END-- [ RunTime:0.001000s ]
INFO: [ app_begin ] --START--
INFO: Run Behavior\ReadHtmlCacheBehavior [ RunTime:0.001000s ]
INFO: [ app_begin ] --END-- [ RunTime:0.001000s ]
NOTIC: [2] filesize(): stat failed for ./logs/check.txt D:\webroot\market\Application\Desktop\Controller\CommonController.class.php Á¨¨ 372 Ë°å.
NOTIC: [2] fopen(./logs/check.txt): failed to open stream: No such file or directory D:\webroot\market\Application\Desktop\Controller\CommonController.class.php Á¨¨ 377 Ë°å.
NOTIC: [2] fwrite() expects parameter 1 to be resource, boolean given D:\webroot\market\Application\Desktop\Controller\CommonController.class.php Á¨¨ 381 Ë°å.
NOTIC: [2] fwrite() expects parameter 1 to be resource, boolean given D:\webroot\market\Application\Desktop\Controller\CommonController.class.php Á¨¨ 383 Ë°å.
NOTIC: [2] fclose() expects parameter 1 to be resource, boolean given D:\webroot\market\Application\Desktop\Controller\CommonController.class.php Á¨¨ 385 Ë°å.

[ 2015-07-17T11:37:37+08:00 ] 192.168.150.127 /index.php/Desktop/Index/userCreate
INFO: [ app_init ] --START--
INFO: Run Behavior\BuildLiteBehavior [ RunTime:0.000000s ]
INFO: [ app_init ] --END-- [ RunTime:0.001000s ]
INFO: [ app_begin ] --START--
INFO: Run Behavior\ReadHtmlCacheBehavior [ RunTime:0.001000s ]
INFO: [ app_begin ] --END-- [ RunTime:0.001000s ]
NOTIC: [2] filesize(): stat failed for ./logs/check.txt D:\webroot\market\Application\Desktop\Controller\CommonController.class.php Á¨¨ 372 Ë°å.
NOTIC: [2] fopen(./logs/check.txt): failed to open stream: No such file or directory D:\webroot\market\Application\Desktop\Controller\CommonController.class.php Á¨¨ 377 Ë°å.
NOTIC: [2] fwrite() expects parameter 1 to be resource, boolean given D:\webroot\market\Application\Desktop\Controller\CommonController.class.php Á¨¨ 381 Ë°å.
NOTIC: [2] fwrite() expects parameter 1 to be resource, boolean given D:\webroot\market\Application\Desktop\Controller\CommonController.class.php Á¨¨ 383 Ë°å.
NOTIC: [2] fclose() expects parameter 1 to be resource, boolean given D:\webroot\market\Application\Desktop\Controller\CommonController.class.php Á¨¨ 385 Ë°å.

[ 2015-07-17T11:37:38+08:00 ] 192.168.150.127 /index.php/Desktop/Index/userCreate
INFO: [ app_init ] --START--
INFO: Run Behavior\BuildLiteBehavior [ RunTime:0.000000s ]
INFO: [ app_init ] --END-- [ RunTime:0.001000s ]
INFO: [ app_begin ] --START--
INFO: Run Behavior\ReadHtmlCacheBehavior [ RunTime:0.002000s ]
INFO: [ app_begin ] --END-- [ RunTime:0.002000s ]
NOTIC: [2] filesize(): stat failed for ./logs/check.txt D:\webroot\market\Application\Desktop\Controller\CommonController.class.php Á¨¨ 372 Ë°å.
NOTIC: [2] fopen(./logs/check.txt): failed to open stream: No such file or directory D:\webroot\market\Application\Desktop\Controller\CommonController.class.php Á¨¨ 377 Ë°å.
NOTIC: [2] fwrite() expects parameter 1 to be resource, boolean given D:\webroot\market\Application\Desktop\Controller\CommonController.class.php Á¨¨ 381 Ë°å.
NOTIC: [2] fwrite() expects parameter 1 to be resource, boolean given D:\webroot\market\Application\Desktop\Controller\CommonController.class.php Á¨¨ 383 Ë°å.
NOTIC: [2] fclose() expects parameter 1 to be resource, boolean given D:\webroot\market\Application\Desktop\Controller\CommonController.class.php Á¨¨ 385 Ë°å.

[ 2015-07-17T11:37:39+08:00 ] 192.168.150.127 /index.php/Desktop/Index/userCreate
INFO: [ app_init ] --START--
INFO: Run Behavior\BuildLiteBehavior [ RunTime:0.000000s ]
INFO: [ app_init ] --END-- [ RunTime:0.001000s ]
INFO: [ app_begin ] --START--
INFO: Run Behavior\ReadHtmlCacheBehavior [ RunTime:0.001000s ]
INFO: [ app_begin ] --END-- [ RunTime:0.001000s ]
NOTIC: [2] filesize(): stat failed for ./logs/check.txt D:\webroot\market\Application\Desktop\Controller\CommonController.class.php Á¨¨ 372 Ë°å.
NOTIC: [2] fopen(./logs/check.txt): failed to open stream: No such file or directory D:\webroot\market\Application\Desktop\Controller\CommonController.class.php Á¨¨ 377 Ë°å.
NOTIC: [2] fwrite() expects parameter 1 to be resource, boolean given D:\webroot\market\Application\Desktop\Controller\CommonController.class.php Á¨¨ 381 Ë°å.
NOTIC: [2] fwrite() expects parameter 1 to be resource, boolean given D:\webroot\market\Application\Desktop\Controller\CommonController.class.php Á¨¨ 383 Ë°å.
NOTIC: [2] fclose() expects parameter 1 to be resource, boolean given D:\webroot\market\Application\Desktop\Controller\CommonController.class.php Á¨¨ 385 Ë°å.

[ 2015-07-17T11:37:41+08:00 ] 192.168.150.127 /index.php/Desktop/Index/userCreate
INFO: [ app_init ] --START--
INFO: Run Behavior\BuildLiteBehavior [ RunTime:0.000000s ]
INFO: [ app_init ] --END-- [ RunTime:0.000000s ]
INFO: [ app_begin ] --START--
INFO: Run Behavior\ReadHtmlCacheBehavior [ RunTime:0.001000s ]
INFO: [ app_begin ] --END-- [ RunTime:0.001000s ]
NOTIC: [2] filesize(): stat failed for ./logs/check.txt D:\webroot\market\Application\Desktop\Controller\CommonController.class.php Á¨¨ 372 Ë°å.
NOTIC: [2] fopen(./logs/check.txt): failed to open stream: No such file or directory D:\webroot\market\Application\Desktop\Controller\CommonController.class.php Á¨¨ 377 Ë°å.
NOTIC: [2] fwrite() expects parameter 1 to be resource, boolean given D:\webroot\market\Application\Desktop\Controller\CommonController.class.php Á¨¨ 381 Ë°å.
NOTIC: [2] fwrite() expects parameter 1 to be resource, boolean given D:\webroot\market\Application\Desktop\Controller\CommonController.class.php Á¨¨ 383 Ë°å.
NOTIC: [2] fclose() expects parameter 1 to be resource, boolean given D:\webroot\market\Application\Desktop\Controller\CommonController.class.php Á¨¨ 385 Ë°å.

[ 2015-07-17T11:38:44+08:00 ] 192.168.150.127 /index.php/Desktop/Index/userCreate
INFO: [ app_init ] --START--
INFO: Run Behavior\BuildLiteBehavior [ RunTime:0.000000s ]
INFO: [ app_init ] --END-- [ RunTime:0.000000s ]
INFO: [ app_begin ] --START--
INFO: Run Behavior\ReadHtmlCacheBehavior [ RunTime:0.001000s ]
INFO: [ app_begin ] --END-- [ RunTime:0.001000s ]

[ 2015-07-17T11:38:46+08:00 ] 192.168.150.127 /index.php/Desktop/Index/userCreate
INFO: [ app_init ] --START--
INFO: Run Behavior\BuildLiteBehavior [ RunTime:0.000000s ]
INFO: [ app_init ] --END-- [ RunTime:0.000000s ]
INFO: [ app_begin ] --START--
INFO: Run Behavior\ReadHtmlCacheBehavior [ RunTime:0.001000s ]
INFO: [ app_begin ] --END-- [ RunTime:0.001000s ]

[ 2015-07-17T11:38:49+08:00 ] 192.168.150.127 /index.php/Desktop/Index/userCreate
INFO: [ app_init ] --START--
INFO: Run Behavior\BuildLiteBehavior [ RunTime:0.000000s ]
INFO: [ app_init ] --END-- [ RunTime:0.001001s ]
INFO: [ app_begin ] --START--
INFO: Run Behavior\ReadHtmlCacheBehavior [ RunTime:0.001000s ]
INFO: [ app_begin ] --END-- [ RunTime:0.001000s ]

[ 2015-07-17T11:38:53+08:00 ] 192.168.150.127 /index.php/Desktop/Index/userCreate
INFO: [ app_init ] --START--
INFO: Run Behavior\BuildLiteBehavior [ RunTime:0.000000s ]
INFO: [ app_init ] --END-- [ RunTime:0.001000s ]
INFO: [ app_begin ] --START--
INFO: Run Behavior\ReadHtmlCacheBehavior [ RunTime:0.001000s ]
INFO: [ app_begin ] --END-- [ RunTime:0.001000s ]

[ 2015-07-17T11:39:32+08:00 ] 192.168.150.10 /index.php/Desktop/Index/userCreate
INFO: [ app_init ] --START--
INFO: Run Behavior\BuildLiteBehavior [ RunTime:0.000000s ]
INFO: [ app_init ] --END-- [ RunTime:0.001000s ]
INFO: [ app_begin ] --START--
INFO: Run Behavior\ReadHtmlCacheBehavior [ RunTime:0.001000s ]
INFO: [ app_begin ] --END-- [ RunTime:0.002000s ]

[ 2015-07-17T11:40:08+08:00 ] 192.168.150.127 /index.php/Desktop/Index/userCreate
INFO: [ app_init ] --START--
INFO: Run Behavior\BuildLiteBehavior [ RunTime:0.000000s ]
INFO: [ app_init ] --END-- [ RunTime:0.001000s ]
INFO: [ app_begin ] --START--
INFO: Run Behavior\ReadHtmlCacheBehavior [ RunTime:0.001000s ]
INFO: [ app_begin ] --END-- [ RunTime:0.001000s ]

[ 2015-07-17T11:40:10+08:00 ] 192.168.150.10 /index.php/Desktop/Index/userCreate
INFO: [ app_init ] --START--
INFO: Run Behavior\BuildLiteBehavior [ RunTime:0.000000s ]
INFO: [ app_init ] --END-- [ RunTime:0.001000s ]
INFO: [ app_begin ] --START--
INFO: Run Behavior\ReadHtmlCacheBehavior [ RunTime:0.002000s ]
INFO: [ app_begin ] --END-- [ RunTime:0.002000s ]

[ 2015-07-17T11:40:11+08:00 ] 192.168.150.127 /index.php/Desktop/Index/userCreate
INFO: [ app_init ] --START--
INFO: Run Behavior\BuildLiteBehavior [ RunTime:0.000000s ]
INFO: [ app_init ] --END-- [ RunTime:0.001000s ]
INFO: [ app_begin ] --START--
INFO: Run Behavior\ReadHtmlCacheBehavior [ RunTime:0.001000s ]
INFO: [ app_begin ] --END-- [ RunTime:0.001000s ]

[ 2015-07-17T11:40:16+08:00 ] 192.168.150.10 /index.php/Desktop/Index/userCreate/uid/12
INFO: [ app_init ] --START--
INFO: Run Behavior\BuildLiteBehavior [ RunTime:0.000000s ]
INFO: [ app_init ] --END-- [ RunTime:0.001000s ]
INFO: [ app_begin ] --START--
INFO: Run Behavior\ReadHtmlCacheBehavior [ RunTime:0.002000s ]
INFO: [ app_begin ] --END-- [ RunTime:0.002000s ]

[ 2015-07-17T11:40:22+08:00 ] 192.168.150.127 /index.php/Desktop/Index/userCreate
INFO: [ app_init ] --START--
INFO: Run Behavior\BuildLiteBehavior [ RunTime:0.000000s ]
INFO: [ app_init ] --END-- [ RunTime:0.001000s ]
INFO: [ app_begin ] --START--
INFO: Run Behavior\ReadHtmlCacheBehavior [ RunTime:0.002000s ]
INFO: [ app_begin ] --END-- [ RunTime:0.002000s ]

[ 2015-07-17T11:40:24+08:00 ] 192.168.150.127 /index.php/Desktop/Index/userCreate
INFO: [ app_init ] --START--
INFO: Run Behavior\BuildLiteBehavior [ RunTime:0.000000s ]
INFO: [ app_init ] --END-- [ RunTime:0.001000s ]
INFO: [ app_begin ] --START--
INFO: Run Behavior\ReadHtmlCacheBehavior [ RunTime:0.001000s ]
INFO: [ app_begin ] --END-- [ RunTime:0.002000s ]

[ 2015-07-17T11:40:25+08:00 ] 192.168.150.127 /index.php/Desktop/Index/userCreate
INFO: [ app_init ] --START--
INFO: Run Behavior\BuildLiteBehavior [ RunTime:0.000000s ]
INFO: [ app_init ] --END-- [ RunTime:0.001000s ]
INFO: [ app_begin ] --START--
INFO: Run Behavior\ReadHtmlCacheBehavior [ RunTime:0.002000s ]
INFO: [ app_begin ] --END-- [ RunTime:0.002000s ]

[ 2015-07-17T11:40:27+08:00 ] 192.168.150.127 /index.php/Desktop/Index/userCreate
INFO: [ app_init ] --START--
INFO: Run Behavior\BuildLiteBehavior [ RunTime:0.000000s ]
INFO: [ app_init ] --END-- [ RunTime:0.001000s ]
INFO: [ app_begin ] --START--
INFO: Run Behavior\ReadHtmlCacheBehavior [ RunTime:0.001000s ]
INFO: [ app_begin ] --END-- [ RunTime:0.001000s ]

[ 2015-07-17T11:40:29+08:00 ] 192.168.150.127 /index.php/Desktop/Index/userCreate
INFO: [ app_init ] --START--
INFO: Run Behavior\BuildLiteBehavior [ RunTime:0.000000s ]
INFO: [ app_init ] --END-- [ RunTime:0.001000s ]
INFO: [ app_begin ] --START--
INFO: Run Behavior\ReadHtmlCacheBehavior [ RunTime:0.001000s ]
INFO: [ app_begin ] --END-- [ RunTime:0.001000s ]

[ 2015-07-17T11:40:31+08:00 ] 192.168.150.127 /index.php/Desktop/Index/userCreate
INFO: [ app_init ] --START--
INFO: Run Behavior\BuildLiteBehavior [ RunTime:0.000000s ]
INFO: [ app_init ] --END-- [ RunTime:0.001000s ]
INFO: [ app_begin ] --START--
INFO: Run Behavior\ReadHtmlCacheBehavior [ RunTime:0.001000s ]
INFO: [ app_begin ] --END-- [ RunTime:0.001000s ]

[ 2015-07-17T11:40:46+08:00 ] 192.168.150.10 /index.php/Desktop/Index/userCreate/uid/12
INFO: [ app_init ] --START--
INFO: Run Behavior\BuildLiteBehavior [ RunTime:0.000000s ]
INFO: [ app_init ] --END-- [ RunTime:0.001001s ]
INFO: [ app_begin ] --START--
INFO: Run Behavior\ReadHtmlCacheBehavior [ RunTime:0.001000s ]
INFO: [ app_begin ] --END-- [ RunTime:0.001000s ]

[ 2015-07-17T11:40:48+08:00 ] 192.168.150.127 /index.php/Desktop/Index/userCreate
INFO: [ app_init ] --START--
INFO: Run Behavior\BuildLiteBehavior [ RunTime:0.000000s ]
INFO: [ app_init ] --END-- [ RunTime:0.001000s ]
INFO: [ app_begin ] --START--
INFO: Run Behavior\ReadHtmlCacheBehavior [ RunTime:0.001000s ]
INFO: [ app_begin ] --END-- [ RunTime:0.001000s ]

[ 2015-07-17T11:40:49+08:00 ] 192.168.150.127 /index.php/Desktop/Index/userCreate
INFO: [ app_init ] --START--
INFO: Run Behavior\BuildLiteBehavior [ RunTime:0.000000s ]
INFO: [ app_init ] --END-- [ RunTime:0.001000s ]
INFO: [ app_begin ] --START--
INFO: Run Behavior\ReadHtmlCacheBehavior [ RunTime:0.001000s ]
INFO: [ app_begin ] --END-- [ RunTime:0.001000s ]

[ 2015-07-17T11:40:50+08:00 ] 192.168.150.127 /index.php/Desktop/Index/userCreate
INFO: [ app_init ] --START--
INFO: Run Behavior\BuildLiteBehavior [ RunTime:0.000000s ]
INFO: [ app_init ] --END-- [ RunTime:0.000000s ]
INFO: [ app_begin ] --START--
INFO: Run Behavior\ReadHtmlCacheBehavior [ RunTime:0.002000s ]
INFO: [ app_begin ] --END-- [ RunTime:0.002000s ]

[ 2015-07-17T11:40:54+08:00 ] 192.168.150.127 /index.php/Desktop/Index/userCreate
INFO: [ app_init ] --START--
INFO: Run Behavior\BuildLiteBehavior [ RunTime:0.000000s ]
INFO: [ app_init ] --END-- [ RunTime:0.001000s ]
INFO: [ app_begin ] --START--
INFO: Run Behavior\ReadHtmlCacheBehavior [ RunTime:0.001000s ]
INFO: [ app_begin ] --END-- [ RunTime:0.001000s ]

[ 2015-07-17T11:40:56+08:00 ] 192.168.150.127 /index.php/Desktop/Index/userCreate
INFO: [ app_init ] --START--
INFO: Run Behavior\BuildLiteBehavior [ RunTime:0.000000s ]
INFO: [ app_init ] --END-- [ RunTime:0.001001s ]
INFO: [ app_begin ] --START--
INFO: Run Behavior\ReadHtmlCacheBehavior [ RunTime:0.001000s ]
INFO: [ app_begin ] --END-- [ RunTime:0.002000s ]

[ 2015-07-17T11:42:00+08:00 ] 192.168.150.127 /index.php/Desktop/Index/userCreate
INFO: [ app_init ] --START--
INFO: Run Behavior\BuildLiteBehavior [ RunTime:0.000000s ]
INFO: [ app_init ] --END-- [ RunTime:0.001000s ]
INFO: [ app_begin ] --START--
INFO: Run Behavior\ReadHtmlCacheBehavior [ RunTime:0.001000s ]
INFO: [ app_begin ] --END-- [ RunTime:0.001000s ]

[ 2015-07-17T11:42:21+08:00 ] 192.168.150.127 /index.php/Desktop/Index/userCreate
INFO: [ app_init ] --START--
INFO: Run Behavior\BuildLiteBehavior [ RunTime:0.000000s ]
INFO: [ app_init ] --END-- [ RunTime:0.001000s ]
INFO: [ app_begin ] --START--
INFO: Run Behavior\ReadHtmlCacheBehavior [ RunTime:0.001001s ]
INFO: [ app_begin ] --END-- [ RunTime:0.002001s ]

[ 2015-07-17T11:42:43+08:00 ] 192.168.150.127 /index.php/Desktop/Index/userCreate
INFO: [ app_init ] --START--
INFO: Run Behavior\BuildLiteBehavior [ RunTime:0.001000s ]
INFO: [ app_init ] --END-- [ RunTime:0.001000s ]
INFO: [ app_begin ] --START--
INFO: Run Behavior\ReadHtmlCacheBehavior [ RunTime:0.001000s ]
INFO: [ app_begin ] --END-- [ RunTime:0.001000s ]

[ 2015-07-17T11:42:45+08:00 ] 192.168.150.127 /index.php/Desktop/Index/userCreate
INFO: [ app_init ] --START--
INFO: Run Behavior\BuildLiteBehavior [ RunTime:0.000000s ]
INFO: [ app_init ] --END-- [ RunTime:0.001000s ]
INFO: [ app_begin ] --START--
INFO: Run Behavior\ReadHtmlCacheBehavior [ RunTime:0.001000s ]
INFO: [ app_begin ] --END-- [ RunTime:0.002000s ]

[ 2015-07-17T11:42:54+08:00 ] 192.168.150.127 /index.php/Desktop/Index/userCreate
INFO: [ app_init ] --START--
INFO: Run Behavior\BuildLiteBehavior [ RunTime:0.000000s ]
INFO: [ app_init ] --END-- [ RunTime:0.000000s ]
INFO: [ app_begin ] --START--
INFO: Run Behavior\ReadHtmlCacheBehavior [ RunTime:0.001000s ]
INFO: [ app_begin ] --END-- [ RunTime:0.001000s ]

[ 2015-07-17T11:42:55+08:00 ] 192.168.150.127 /index.php/Desktop/Index/userCreate
INFO: [ app_init ] --START--
INFO: Run Behavior\BuildLiteBehavior [ RunTime:0.000000s ]
INFO: [ app_init ] --END-- [ RunTime:0.001000s ]
INFO: [ app_begin ] --START--
INFO: Run Behavior\ReadHtmlCacheBehavior [ RunTime:0.000000s ]
INFO: [ app_begin ] --END-- [ RunTime:0.000000s ]

[ 2015-07-17T11:42:56+08:00 ] 192.168.150.127 /index.php/Desktop/Index/userCreate
INFO: [ app_init ] --START--
INFO: Run Behavior\BuildLiteBehavior [ RunTime:0.000000s ]
INFO: [ app_init ] --END-- [ RunTime:0.001000s ]
INFO: [ app_begin ] --START--
INFO: Run Behavior\ReadHtmlCacheBehavior [ RunTime:0.001000s ]
INFO: [ app_begin ] --END-- [ RunTime:0.001000s ]

[ 2015-07-17T11:42:57+08:00 ] 192.168.150.127 /index.php/Desktop/Index/userCreate
INFO: [ app_init ] --START--
INFO: Run Behavior\BuildLiteBehavior [ RunTime:0.000000s ]
INFO: [ app_init ] --END-- [ RunTime:0.001000s ]
INFO: [ app_begin ] --START--
INFO: Run Behavior\ReadHtmlCacheBehavior [ RunTime:0.001000s ]
INFO: [ app_begin ] --END-- [ RunTime:0.001000s ]

[ 2015-07-17T11:42:58+08:00 ] 192.168.150.127 /index.php/Desktop/Index/userCreate
INFO: [ app_init ] --START--
INFO: Run Behavior\BuildLiteBehavior [ RunTime:0.000000s ]
INFO: [ app_init ] --END-- [ RunTime:0.001000s ]
INFO: [ app_begin ] --START--
INFO: Run Behavior\ReadHtmlCacheBehavior [ RunTime:0.001000s ]
INFO: [ app_begin ] --END-- [ RunTime:0.001000s ]

[ 2015-07-17T11:43:01+08:00 ] 192.168.150.127 /index.php/Desktop/Index/userCreate
INFO: [ app_init ] --START--
INFO: Run Behavior\BuildLiteBehavior [ RunTime:0.000000s ]
INFO: [ app_init ] --END-- [ RunTime:0.000000s ]
INFO: [ app_begin ] --START--
INFO: Run Behavior\ReadHtmlCacheBehavior [ RunTime:0.000000s ]
INFO: [ app_begin ] --END-- [ RunTime:0.000000s ]

[ 2015-07-17T11:43:02+08:00 ] 192.168.150.127 /index.php/Desktop/Index/userCreate
INFO: [ app_init ] --START--
INFO: Run Behavior\BuildLiteBehavior [ RunTime:0.000000s ]
INFO: [ app_init ] --END-- [ RunTime:0.000000s ]
INFO: [ app_begin ] --START--
INFO: Run Behavior\ReadHtmlCacheBehavior [ RunTime:0.001000s ]
INFO: [ app_begin ] --END-- [ RunTime:0.001000s ]

[ 2015-07-17T11:43:09+08:00 ] 192.168.150.127 /index.php/Desktop/Index/userCreate
INFO: [ app_init ] --START--
INFO: Run Behavior\BuildLiteBehavior [ RunTime:0.000000s ]
INFO: [ app_init ] --END-- [ RunTime:0.001000s ]
INFO: [ app_begin ] --START--
INFO: Run Behavior\ReadHtmlCacheBehavior [ RunTime:0.002000s ]
INFO: [ app_begin ] --END-- [ RunTime:0.002000s ]

[ 2015-07-17T11:43:27+08:00 ] 192.168.150.127 /index.php/Desktop/Index/userCreate
INFO: [ app_init ] --START--
INFO: Run Behavior\BuildLiteBehavior [ RunTime:0.000000s ]
INFO: [ app_init ] --END-- [ RunTime:0.000000s ]
INFO: [ app_begin ] --START--
INFO: Run Behavior\ReadHtmlCacheBehavior [ RunTime:0.001000s ]
INFO: [ app_begin ] --END-- [ RunTime:0.002000s ]

[ 2015-07-17T11:43:29+08:00 ] 192.168.150.127 /index.php/Desktop/Index/userCreate
INFO: [ app_init ] --START--
INFO: Run Behavior\BuildLiteBehavior [ RunTime:0.000000s ]
INFO: [ app_init ] --END-- [ RunTime:0.001000s ]
INFO: [ app_begin ] --START--
INFO: Run Behavior\ReadHtmlCacheBehavior [ RunTime:0.001000s ]
INFO: [ app_begin ] --END-- [ RunTime:0.001000s ]

[ 2015-07-17T11:43:40+08:00 ] 192.168.150.127 /index.php/Desktop/Index/userCreate
INFO: [ app_init ] --START--
INFO: Run Behavior\BuildLiteBehavior [ RunTime:0.000000s ]
INFO: [ app_init ] --END-- [ RunTime:0.000000s ]
INFO: [ app_begin ] --START--
INFO: Run Behavior\ReadHtmlCacheBehavior [ RunTime:0.001000s ]
INFO: [ app_begin ] --END-- [ RunTime:0.001000s ]

[ 2015-07-17T11:43:44+08:00 ] 192.168.150.127 /index.php/Desktop/Index/userCreate
INFO: [ app_init ] --START--
INFO: Run Behavior\BuildLiteBehavior [ RunTime:0.000000s ]
INFO: [ app_init ] --END-- [ RunTime:0.001000s ]
INFO: [ app_begin ] --START--
INFO: Run Behavior\ReadHtmlCacheBehavior [ RunTime:0.001000s ]
INFO: [ app_begin ] --END-- [ RunTime:0.001000s ]

[ 2015-07-17T11:43:47+08:00 ] 192.168.150.10 /index.php/Desktop/Index/userCreate/uid/12
INFO: [ app_init ] --START--
INFO: Run Behavior\BuildLiteBehavior [ RunTime:0.000000s ]
INFO: [ app_init ] --END-- [ RunTime:0.000000s ]
INFO: [ app_begin ] --START--
INFO: Run Behavior\ReadHtmlCacheBehavior [ RunTime:0.001000s ]
INFO: [ app_begin ] --END-- [ RunTime:0.001000s ]

[ 2015-07-17T11:43:54+08:00 ] 192.168.150.10 /index.php/Desktop/Index/userCreate/uid/12
INFO: [ app_init ] --START--
INFO: Run Behavior\BuildLiteBehavior [ RunTime:0.000000s ]
INFO: [ app_init ] --END-- [ RunTime:0.000000s ]
INFO: [ app_begin ] --START--
INFO: Run Behavior\ReadHtmlCacheBehavior [ RunTime:0.001000s ]
INFO: [ app_begin ] --END-- [ RunTime:0.002000s ]

[ 2015-07-17T11:43:58+08:00 ] 192.168.150.10 /index.php/Desktop/Index/userCreate/uid/12
INFO: [ app_init ] --START--
INFO: Run Behavior\BuildLiteBehavior [ RunTime:0.000000s ]
INFO: [ app_init ] --END-- [ RunTime:0.001000s ]
INFO: [ app_begin ] --START--
INFO: Run Behavior\ReadHtmlCacheBehavior [ RunTime:0.001000s ]
INFO: [ app_begin ] --END-- [ RunTime:0.002000s ]

[ 2015-07-17T11:44:15+08:00 ] 192.168.150.10 /index.php/Desktop/Index/userCreate
INFO: [ app_init ] --START--
INFO: Run Behavior\BuildLiteBehavior [ RunTime:0.000000s ]
INFO: [ app_init ] --END-- [ RunTime:0.001000s ]
INFO: [ app_begin ] --START--
INFO: Run Behavior\ReadHtmlCacheBehavior [ RunTime:0.001000s ]
INFO: [ app_begin ] --END-- [ RunTime:0.001000s ]

[ 2015-07-17T11:44:52+08:00 ] 192.168.150.127 /index.php/Desktop/Index/userCreate
INFO: [ app_init ] --START--
INFO: Run Behavior\BuildLiteBehavior [ RunTime:0.000000s ]
INFO: [ app_init ] --END-- [ RunTime:0.001000s ]
INFO: [ app_begin ] --START--
INFO: Run Behavior\ReadHtmlCacheBehavior [ RunTime:0.002000s ]
INFO: [ app_begin ] --END-- [ RunTime:0.002000s ]

[ 2015-07-17T11:44:59+08:00 ] 192.168.150.127 /index.php/Desktop/Index/userCreate
INFO: [ app_init ] --START--
INFO: Run Behavior\BuildLiteBehavior [ RunTime:0.000000s ]
INFO: [ app_init ] --END-- [ RunTime:0.000000s ]
INFO: [ app_begin ] --START--
INFO: Run Behavior\ReadHtmlCacheBehavior [ RunTime:0.001000s ]
INFO: [ app_begin ] --END-- [ RunTime:0.002000s ]

[ 2015-07-17T11:46:51+08:00 ] 192.168.150.127 /index.php/Desktop/Index/userCreate
INFO: [ app_init ] --START--
INFO: Run Behavior\BuildLiteBehavior [ RunTime:0.000000s ]
INFO: [ app_init ] --END-- [ RunTime:0.001000s ]
INFO: [ app_begin ] --START--
INFO: Run Behavior\ReadHtmlCacheBehavior [ RunTime:0.001000s ]
INFO: [ app_begin ] --END-- [ RunTime:0.001000s ]
ERR: SQLSTATE[HY000] [2002] ”…”⁄¡¨Ω”∑Ω‘⁄“ª∂Œ ±º‰∫Û√ª”–’˝»∑¥∏¥ªÚ¡¨Ω”µƒ÷˜ª˙√ª”–∑¥”¶£¨¡¨Ω”≥¢ ‘ ß∞‹°£


[ 2015-07-17T11:47:19+08:00 ] 192.168.150.127 /index.php/Desktop/Index/userCreate
INFO: [ app_init ] --START--
INFO: Run Behavior\BuildLiteBehavior [ RunTime:0.000000s ]
INFO: [ app_init ] --END-- [ RunTime:0.001000s ]
INFO: [ app_begin ] --START--
INFO: Run Behavior\ReadHtmlCacheBehavior [ RunTime:0.001000s ]
INFO: [ app_begin ] --END-- [ RunTime:0.001000s ]
ERR: SQLSTATE[HY000] [2002] ”…”⁄¡¨Ω”∑Ω‘⁄“ª∂Œ ±º‰∫Û√ª”–’˝»∑¥∏¥ªÚ¡¨Ω”µƒ÷˜ª˙√ª”–∑¥”¶£¨¡¨Ω”≥¢ ‘ ß∞‹°£


[ 2015-07-17T11:48:01+08:00 ] 192.168.150.127 /index.php/Desktop/Index/userCreate
INFO: [ app_init ] --START--
INFO: Run Behavior\BuildLiteBehavior [ RunTime:0.000000s ]
INFO: [ app_init ] --END-- [ RunTime:0.001001s ]
INFO: [ app_begin ] --START--
INFO: Run Behavior\ReadHtmlCacheBehavior [ RunTime:0.001000s ]
INFO: [ app_begin ] --END-- [ RunTime:0.001000s ]
ERR: SQLSTATE[HY000] [2002] ”…”⁄¡¨Ω”∑Ω‘⁄“ª∂Œ ±º‰∫Û√ª”–’˝»∑¥∏¥ªÚ¡¨Ω”µƒ÷˜ª˙√ª”–∑¥”¶£¨¡¨Ω”≥¢ ‘ ß∞‹°£


[ 2015-07-17T11:49:54+08:00 ] 192.168.150.127 /index.php/Desktop/Index/userCreate
INFO: [ app_init ] --START--
INFO: Run Behavior\BuildLiteBehavior [ RunTime:0.001001s ]
INFO: [ app_init ] --END-- [ RunTime:0.001001s ]
INFO: [ app_begin ] --START--
INFO: Run Behavior\ReadHtmlCacheBehavior [ RunTime:0.001000s ]
INFO: [ app_begin ] --END-- [ RunTime:0.001000s ]
ERR: SQLSTATE[HY000] [2002] ”…”⁄¡¨Ω”∑Ω‘⁄“ª∂Œ ±º‰∫Û√ª”–’˝»∑¥∏¥ªÚ¡¨Ω”µƒ÷˜ª˙√ª”–∑¥”¶£¨¡¨Ω”≥¢ ‘ ß∞‹°£


[ 2015-07-17T11:51:29+08:00 ] 192.168.150.10 /index.php/Desktop/Index/userCreate
INFO: [ app_init ] --START--
INFO: Run Behavior\BuildLiteBehavior [ RunTime:0.000000s ]
INFO: [ app_init ] --END-- [ RunTime:0.000000s ]
INFO: [ app_begin ] --START--
INFO: Run Behavior\ReadHtmlCacheBehavior [ RunTime:0.001000s ]
INFO: [ app_begin ] --END-- [ RunTime:0.002000s ]
ERR: SQLSTATE[HY000] [2002] ”…”⁄¡¨Ω”∑Ω‘⁄“ª∂Œ ±º‰∫Û√ª”–’˝»∑¥∏¥ªÚ¡¨Ω”µƒ÷˜ª˙√ª”–∑¥”¶£¨¡¨Ω”≥¢ ‘ ß∞‹°£


[ 2015-07-17T11:51:50+08:00 ] 192.168.150.10 /index.php/Desktop/Index/userCreate/uid/12
INFO: [ app_init ] --START--
INFO: Run Behavior\BuildLiteBehavior [ RunTime:0.000000s ]
INFO: [ app_init ] --END-- [ RunTime:0.001000s ]
INFO: [ app_begin ] --START--
INFO: Run Behavior\ReadHtmlCacheBehavior [ RunTime:0.001000s ]
INFO: [ app_begin ] --END-- [ RunTime:0.002000s ]
ERR: SQLSTATE[HY000] [2002] ”…”⁄¡¨Ω”∑Ω‘⁄“ª∂Œ ±º‰∫Û√ª”–’˝»∑¥∏¥ªÚ¡¨Ω”µƒ÷˜ª˙√ª”–∑¥”¶£¨¡¨Ω”≥¢ ‘ ß∞‹°£


[ 2015-07-17T11:52:11+08:00 ] 192.168.150.10 /index.php/Desktop/Index/userCreate/uid/12
INFO: [ app_init ] --START--
INFO: Run Behavior\BuildLiteBehavior [ RunTime:0.000000s ]
INFO: [ app_init ] --END-- [ RunTime:0.000000s ]
INFO: [ app_begin ] --START--
INFO: Run Behavior\ReadHtmlCacheBehavior [ RunTime:0.001000s ]
INFO: [ app_begin ] --END-- [ RunTime:0.001000s ]
ERR: SQLSTATE[HY000] [2002] ”…”⁄¡¨Ω”∑Ω‘⁄“ª∂Œ ±º‰∫Û√ª”–’˝»∑¥∏¥ªÚ¡¨Ω”µƒ÷˜ª˙√ª”–∑¥”¶£¨¡¨Ω”≥¢ ‘ ß∞‹°£


[ 2015-07-17T11:52:32+08:00 ] 192.168.150.10 /index.php/Desktop/Index/userCreate/uid/22600004
INFO: [ app_init ] --START--
INFO: Run Behavior\BuildLiteBehavior [ RunTime:0.000000s ]
INFO: [ app_init ] --END-- [ RunTime:0.001000s ]
INFO: [ app_begin ] --START--
INFO: Run Behavior\ReadHtmlCacheBehavior [ RunTime:0.001000s ]
INFO: [ app_begin ] --END-- [ RunTime:0.001000s ]
ERR: SQLSTATE[HY000] [2002] ”…”⁄¡¨Ω”∑Ω‘⁄“ª∂Œ ±º‰∫Û√ª”–’˝»∑¥∏¥ªÚ¡¨Ω”µƒ÷˜ª˙√ª”–∑¥”¶£¨¡¨Ω”≥¢ ‘ ß∞‹°£


[ 2015-07-17T11:52:56+08:00 ] 192.168.150.10 /index.php/Desktop/Index/userCreate/uid/22600004
INFO: [ app_init ] --START--
INFO: Run Behavior\BuildLiteBehavior [ RunTime:0.000000s ]
INFO: [ app_init ] --END-- [ RunTime:0.001000s ]
INFO: [ app_begin ] --START--
INFO: Run Behavior\ReadHtmlCacheBehavior [ RunTime:0.002000s ]
INFO: [ app_begin ] --END-- [ RunTime:0.002000s ]
ERR: SQLSTATE[HY000] [2002] ”…”⁄¡¨Ω”∑Ω‘⁄“ª∂Œ ±º‰∫Û√ª”–’˝»∑¥∏¥ªÚ¡¨Ω”µƒ÷˜ª˙√ª”–∑¥”¶£¨¡¨Ω”≥¢ ‘ ß∞‹°£


[ 2015-07-17T11:52:57+08:00 ] 192.168.150.127 /index.php/Desktop/Index/userCreate
INFO: [ app_init ] --START--
INFO: Run Behavior\BuildLiteBehavior [ RunTime:0.000000s ]
INFO: [ app_init ] --END-- [ RunTime:0.001000s ]
INFO: [ app_begin ] --START--
INFO: Run Behavior\ReadHtmlCacheBehavior [ RunTime:0.002000s ]
INFO: [ app_begin ] --END-- [ RunTime:0.002000s ]
ERR: SQLSTATE[HY000] [2002] ”…”⁄¡¨Ω”∑Ω‘⁄“ª∂Œ ±º‰∫Û√ª”–’˝»∑¥∏¥ªÚ¡¨Ω”µƒ÷˜ª˙√ª”–∑¥”¶£¨¡¨Ω”≥¢ ‘ ß∞‹°£


[ 2015-07-17T11:53:22+08:00 ] 192.168.150.127 /index.php/Desktop/Index/userCreate
INFO: [ app_init ] --START--
INFO: Run Behavior\BuildLiteBehavior [ RunTime:0.001000s ]
INFO: [ app_init ] --END-- [ RunTime:0.001000s ]
INFO: [ app_begin ] --START--
INFO: Run Behavior\ReadHtmlCacheBehavior [ RunTime:0.001000s ]
INFO: [ app_begin ] --END-- [ RunTime:0.001000s ]
ERR: SQLSTATE[HY000] [2002] ”…”⁄¡¨Ω”∑Ω‘⁄“ª∂Œ ±º‰∫Û√ª”–’˝»∑¥∏¥ªÚ¡¨Ω”µƒ÷˜ª˙√ª”–∑¥”¶£¨¡¨Ω”≥¢ ‘ ß∞‹°£


[ 2015-07-17T11:53:27+08:00 ] 192.168.150.10 /index.php/Desktop/Index/userCreate
INFO: [ app_init ] --START--
INFO: Run Behavior\BuildLiteBehavior [ RunTime:0.000000s ]
INFO: [ app_init ] --END-- [ RunTime:0.001000s ]
INFO: [ app_begin ] --START--
INFO: Run Behavior\ReadHtmlCacheBehavior [ RunTime:0.002000s ]
INFO: [ app_begin ] --END-- [ RunTime:0.002000s ]
ERR: SQLSTATE[HY000] [2002] ”…”⁄¡¨Ω”∑Ω‘⁄“ª∂Œ ±º‰∫Û√ª”–’˝»∑¥∏¥ªÚ¡¨Ω”µƒ÷˜ª˙√ª”–∑¥”¶£¨¡¨Ω”≥¢ ‘ ß∞‹°£


[ 2015-07-17T11:53:57+08:00 ] 192.168.150.10 /index.php/Desktop/Index/userCreate/uid/22600004
INFO: [ app_init ] --START--
INFO: Run Behavior\BuildLiteBehavior [ RunTime:0.001000s ]
INFO: [ app_init ] --END-- [ RunTime:0.001000s ]
INFO: [ app_begin ] --START--
INFO: Run Behavior\ReadHtmlCacheBehavior [ RunTime:0.001001s ]
INFO: [ app_begin ] --END-- [ RunTime:0.001001s ]
ERR: SQLSTATE[HY000] [2002] ”…”⁄¡¨Ω”∑Ω‘⁄“ª∂Œ ±º‰∫Û√ª”–’˝»∑¥∏¥ªÚ¡¨Ω”µƒ÷˜ª˙√ª”–∑¥”¶£¨¡¨Ω”≥¢ ‘ ß∞‹°£


[ 2015-07-17T11:54:41+08:00 ] 192.168.150.10 /index.php/Desktop/Index/userCreate/uid/22600004
INFO: [ app_init ] --START--
INFO: Run Behavior\BuildLiteBehavior [ RunTime:0.000000s ]
INFO: [ app_init ] --END-- [ RunTime:0.001000s ]
INFO: [ app_begin ] --START--
INFO: Run Behavior\ReadHtmlCacheBehavior [ RunTime:0.001000s ]
INFO: [ app_begin ] --END-- [ RunTime:0.001000s ]
ERR: SQLSTATE[HY000] [2002] ”…”⁄¡¨Ω”∑Ω‘⁄“ª∂Œ ±º‰∫Û√ª”–’˝»∑¥∏¥ªÚ¡¨Ω”µƒ÷˜ª˙√ª”–∑¥”¶£¨¡¨Ω”≥¢ ‘ ß∞‹°£


[ 2015-07-17T11:55:02+08:00 ] 192.168.150.10 /index.php/Desktop/Index/userCreate/uid/22600004
INFO: [ app_init ] --START--
INFO: Run Behavior\BuildLiteBehavior [ RunTime:0.000000s ]
INFO: [ app_init ] --END-- [ RunTime:0.001000s ]
INFO: [ app_begin ] --START--
INFO: Run Behavior\ReadHtmlCacheBehavior [ RunTime:0.001000s ]
INFO: [ app_begin ] --END-- [ RunTime:0.001000s ]
ERR: SQLSTATE[HY000] [2002] ”…”⁄¡¨Ω”∑Ω‘⁄“ª∂Œ ±º‰∫Û√ª”–’˝»∑¥∏¥ªÚ¡¨Ω”µƒ÷˜ª˙√ª”–∑¥”¶£¨¡¨Ω”≥¢ ‘ ß∞‹°£


[ 2015-07-17T11:55:02+08:00 ] 192.168.150.10 /index.php/Desktop/Index
INFO: [ app_init ] --START--
INFO: Run Behavior\BuildLiteBehavior [ RunTime:0.000000s ]
INFO: [ app_init ] --END-- [ RunTime:0.001000s ]
INFO: [ app_begin ] --START--
INFO: Run Behavior\ReadHtmlCacheBehavior [ RunTime:0.002000s ]
INFO: [ app_begin ] --END-- [ RunTime:0.002000s ]
INFO: [ view_parse ] --START--
INFO: [ template_filter ] --START--
INFO: Run Behavior\ContentReplaceBehavior [ RunTime:0.000000s ]
INFO: [ template_filter ] --END-- [ RunTime:0.000000s ]
INFO: Run Behavior\ParseTemplateBehavior [ RunTime:0.366021s ]
INFO: [ view_parse ] --END-- [ RunTime:0.366021s ]
INFO: [ view_filter ] --START--
INFO: Run Behavior\WriteHtmlCacheBehavior [ RunTime:0.000000s ]
INFO: [ view_filter ] --END-- [ RunTime:0.000000s ]
INFO: [ app_end ] --START--
INFO: Run Behavior\ShowPageTraceBehavior [ RunTime:0.001000s ]
INFO: [ app_end ] --END-- [ RunTime:0.001000s ]

[ 2015-07-17T11:55:02+08:00 ] 192.168.150.10 /index.php/Desktop
INFO: [ app_init ] --START--
INFO: Run Behavior\BuildLiteBehavior [ RunTime:0.001000s ]
INFO: [ app_init ] --END-- [ RunTime:0.001000s ]
INFO: [ app_begin ] --START--
INFO: Run Behavior\ReadHtmlCacheBehavior [ RunTime:0.001000s ]
INFO: [ app_begin ] --END-- [ RunTime:0.002000s ]
INFO: [ view_parse ] --START--
INFO: Run Behavior\ParseTemplateBehavior [ RunTime:0.000000s ]
INFO: [ view_parse ] --END-- [ RunTime:0.000000s ]
INFO: [ view_filter ] --START--
INFO: Run Behavior\WriteHtmlCacheBehavior [ RunTime:0.000000s ]
INFO: [ view_filter ] --END-- [ RunTime:0.000000s ]
INFO: [ app_end ] --START--
INFO: Run Behavior\ShowPageTraceBehavior [ RunTime:0.001000s ]
INFO: [ app_end ] --END-- [ RunTime:0.001000s ]

[ 2015-07-17T11:55:31+08:00 ] 192.168.150.10 /index.php/Desktop/Index/userCreate
INFO: [ app_init ] --START--
INFO: Run Behavior\BuildLiteBehavior [ RunTime:0.000000s ]
INFO: [ app_init ] --END-- [ RunTime:0.000000s ]
INFO: [ app_begin ] --START--
INFO: Run Behavior\ReadHtmlCacheBehavior [ RunTime:0.001000s ]
INFO: [ app_begin ] --END-- [ RunTime:0.001000s ]
ERR: SQLSTATE[HY000] [2002] ”…”⁄¡¨Ω”∑Ω‘⁄“ª∂Œ ±º‰∫Û√ª”–’˝»∑¥∏¥ªÚ¡¨Ω”µƒ÷˜ª˙√ª”–∑¥”¶£¨¡¨Ω”≥¢ ‘ ß∞‹°£


[ 2015-07-17T11:55:31+08:00 ] 192.168.150.10 /index.php/Desktop/Common
INFO: [ app_init ] --START--
INFO: Run Behavior\BuildLiteBehavior [ RunTime:0.000000s ]
INFO: [ app_init ] --END-- [ RunTime:0.001000s ]
INFO: [ app_begin ] --START--
INFO: Run Behavior\ReadHtmlCacheBehavior [ RunTime:0.001000s ]
INFO: [ app_begin ] --END-- [ RunTime:0.001000s ]
ERR: ÈùûÊ≥ïÊìç‰Ωú:index

[ 2015-07-17T11:55:55+08:00 ] 192.168.150.127 /index.php/Desktop/Index/userCreate
INFO: [ app_init ] --START--
INFO: Run Behavior\BuildLiteBehavior [ RunTime:0.000000s ]
INFO: [ app_init ] --END-- [ RunTime:0.001000s ]
INFO: [ app_begin ] --START--
INFO: Run Behavior\ReadHtmlCacheBehavior [ RunTime:0.001000s ]
INFO: [ app_begin ] --END-- [ RunTime:0.001000s ]
ERR: SQLSTATE[HY000] [2002] ”…”⁄¡¨Ω”∑Ω‘⁄“ª∂Œ ±º‰∫Û√ª”–’˝»∑¥∏¥ªÚ¡¨Ω”µƒ÷˜ª˙√ª”–∑¥”¶£¨¡¨Ω”≥¢ ‘ ß∞‹°£


[ 2015-07-17T11:56:10+08:00 ] 192.168.150.10 /index.php/Desktop/Common/userCreate
INFO: [ app_init ] --START--
INFO: Run Behavior\BuildLiteBehavior [ RunTime:0.000000s ]
INFO: [ app_init ] --END-- [ RunTime:0.001000s ]
INFO: [ app_begin ] --START--
INFO: Run Behavior\ReadHtmlCacheBehavior [ RunTime:0.001000s ]
INFO: [ app_begin ] --END-- [ RunTime:0.002000s ]
ERR: SQLSTATE[HY000] [2002] ”…”⁄¡¨Ω”∑Ω‘⁄“ª∂Œ ±º‰∫Û√ª”–’˝»∑¥∏¥ªÚ¡¨Ω”µƒ÷˜ª˙√ª”–∑¥”¶£¨¡¨Ω”≥¢ ‘ ß∞‹°£


[ 2015-07-17T11:56:30+08:00 ] 192.168.150.127 /index.php/Desktop/Index/userCreate
INFO: [ app_init ] --START--
INFO: Run Behavior\BuildLiteBehavior [ RunTime:0.000000s ]
INFO: [ app_init ] --END-- [ RunTime:0.001000s ]
INFO: [ app_begin ] --START--
INFO: Run Behavior\ReadHtmlCacheBehavior [ RunTime:0.001000s ]
INFO: [ app_begin ] --END-- [ RunTime:0.002000s ]
ERR: SQLSTATE[HY000] [2002] ”…”⁄¡¨Ω”∑Ω‘⁄“ª∂Œ ±º‰∫Û√ª”–’˝»∑¥∏¥ªÚ¡¨Ω”µƒ÷˜ª˙√ª”–∑¥”¶£¨¡¨Ω”≥¢ ‘ ß∞‹°£


[ 2015-07-17T11:57:37+08:00 ] 192.168.150.10 /index.php/Desktop/Common/userCreate
INFO: [ app_init ] --START--
INFO: Run Behavior\BuildLiteBehavior [ RunTime:0.000000s ]
INFO: [ app_init ] --END-- [ RunTime:0.001000s ]
INFO: [ app_begin ] --START--
INFO: Run Behavior\ReadHtmlCacheBehavior [ RunTime:0.001000s ]
INFO: [ app_begin ] --END-- [ RunTime:0.001000s ]
SQL: SHOW COLUMNS FROM `market_user_capital` [ RunTime:0.0060s ]
ERR: SQLSTATE[42000]: Syntax error or access violation: 1064 You have an error in your SQL syntax; check the manual that corresponds to your MySQL server version for the right syntax to use near ') LIMIT 1' at line 1
NOTIC: [2] Cannot modify header information - headers already sent by (output started at D:\webroot\market\Application\Desktop\Controller\CommonController.class.php:265) D:\webroot\market\ThinkPHP\Library\Think\Think.class.php Á¨¨ 229 Ë°å.
NOTIC: [2] Cannot modify header information - headers already sent by (output started at D:\webroot\market\Application\Desktop\Controller\CommonController.class.php:265) D:\webroot\market\ThinkPHP\Library\Think\Think.class.php Á¨¨ 230 Ë°å.

[ 2015-07-17T11:58:33+08:00 ] 192.168.150.10 /index.php/Desktop/Common/userCreate
INFO: [ app_init ] --START--
INFO: Run Behavior\BuildLiteBehavior [ RunTime:0.000000s ]
INFO: [ app_init ] --END-- [ RunTime:0.000000s ]
INFO: [ app_begin ] --START--
INFO: Run Behavior\ReadHtmlCacheBehavior [ RunTime:0.001000s ]
INFO: [ app_begin ] --END-- [ RunTime:0.001000s ]

[ 2015-07-17T11:58:58+08:00 ] 192.168.150.10 /index.php/Desktop/Common/userCreate
INFO: [ app_init ] --START--
INFO: Run Behavior\BuildLiteBehavior [ RunTime:0.000000s ]
INFO: [ app_init ] --END-- [ RunTime:0.001000s ]
INFO: [ app_begin ] --START--
INFO: Run Behavior\ReadHtmlCacheBehavior [ RunTime:0.002000s ]
INFO: [ app_begin ] --END-- [ RunTime:0.002000s ]

[ 2015-07-17T11:58:58+08:00 ] 192.168.150.10 /index.php/Desktop/Common/userCreate
INFO: [ app_init ] --START--
INFO: Run Behavior\BuildLiteBehavior [ RunTime:0.000000s ]
INFO: [ app_init ] --END-- [ RunTime:0.001000s ]
INFO: [ app_begin ] --START--
INFO: Run Behavior\ReadHtmlCacheBehavior [ RunTime:0.001000s ]
INFO: [ app_begin ] --END-- [ RunTime:0.001000s ]

[ 2015-07-17T11:58:59+08:00 ] 192.168.150.10 /index.php/Desktop/Common/userCreate
INFO: [ app_init ] --START--
INFO: Run Behavior\BuildLiteBehavior [ RunTime:0.000000s ]
INFO: [ app_init ] --END-- [ RunTime:0.000000s ]
INFO: [ app_begin ] --START--
INFO: Run Behavior\ReadHtmlCacheBehavior [ RunTime:0.001000s ]
INFO: [ app_begin ] --END-- [ RunTime:0.001000s ]

[ 2015-07-17T11:58:59+08:00 ] 192.168.150.10 /index.php/Desktop/Common/userCreate
INFO: [ app_init ] --START--
INFO: Run Behavior\BuildLiteBehavior [ RunTime:0.000000s ]
INFO: [ app_init ] --END-- [ RunTime:0.001000s ]
INFO: [ app_begin ] --START--
INFO: Run Behavior\ReadHtmlCacheBehavior [ RunTime:0.001000s ]
INFO: [ app_begin ] --END-- [ RunTime:0.001000s ]

[ 2015-07-17T11:58:59+08:00 ] 192.168.150.10 /index.php/Desktop/Common/userCreate
INFO: [ app_init ] --START--
INFO: Run Behavior\BuildLiteBehavior [ RunTime:0.000000s ]
INFO: [ app_init ] --END-- [ RunTime:0.001000s ]
INFO: [ app_begin ] --START--
INFO: Run Behavior\ReadHtmlCacheBehavior [ RunTime:0.001000s ]
INFO: [ app_begin ] --END-- [ RunTime:0.001000s ]

[ 2015-07-17T11:59:00+08:00 ] 192.168.150.10 /index.php/Desktop/Common/userCreate
INFO: [ app_init ] --START--
INFO: Run Behavior\BuildLiteBehavior [ RunTime:0.000000s ]
INFO: [ app_init ] --END-- [ RunTime:0.001000s ]
INFO: [ app_begin ] --START--
INFO: Run Behavior\ReadHtmlCacheBehavior [ RunTime:0.002000s ]
INFO: [ app_begin ] --END-- [ RunTime:0.002000s ]

[ 2015-07-17T11:59:00+08:00 ] 192.168.150.10 /index.php/Desktop/Common/userCreate
INFO: [ app_init ] --START--
INFO: Run Behavior\BuildLiteBehavior [ RunTime:0.000000s ]
INFO: [ app_init ] --END-- [ RunTime:0.000000s ]
INFO: [ app_begin ] --START--
INFO: Run Behavior\ReadHtmlCacheBehavior [ RunTime:0.001000s ]
INFO: [ app_begin ] --END-- [ RunTime:0.001000s ]

[ 2015-07-17T11:59:00+08:00 ] 192.168.150.10 /index.php/Desktop/Common/userCreate
INFO: [ app_init ] --START--
INFO: Run Behavior\BuildLiteBehavior [ RunTime:0.000000s ]
INFO: [ app_init ] --END-- [ RunTime:0.001000s ]
INFO: [ app_begin ] --START--
INFO: Run Behavior\ReadHtmlCacheBehavior [ RunTime:0.001000s ]
INFO: [ app_begin ] --END-- [ RunTime:0.001000s ]

[ 2015-07-17T12:03:26+08:00 ] 192.168.150.127 /index.php/Desktop/Index/userCreate
INFO: [ app_init ] --START--
INFO: Run Behavior\BuildLiteBehavior [ RunTime:0.000000s ]
INFO: [ app_init ] --END-- [ RunTime:0.000000s ]
INFO: [ app_begin ] --START--
INFO: Run Behavior\ReadHtmlCacheBehavior [ RunTime:0.001000s ]
INFO: [ app_begin ] --END-- [ RunTime:0.002000s ]
SQL: SHOW COLUMNS FROM `market_user_capital` [ RunTime:0.0070s ]
SQL: SELECT * FROM `market_user_capital` WHERE `uid` = 122 LIMIT 1   [ RunTime:0.0010s ]
SQL: INSERT INTO `market_user_capital` (`uid`) VALUES ('122') [ RunTime:0.0000s ]

[ 2015-07-17T12:03:28+08:00 ] 192.168.150.127 /index.php/Desktop/Index/userCreate
INFO: [ app_init ] --START--
INFO: Run Behavior\BuildLiteBehavior [ RunTime:0.000000s ]
INFO: [ app_init ] --END-- [ RunTime:0.001000s ]
INFO: [ app_begin ] --START--
INFO: Run Behavior\ReadHtmlCacheBehavior [ RunTime:0.001001s ]
INFO: [ app_begin ] --END-- [ RunTime:0.001001s ]
SQL: SHOW COLUMNS FROM `market_user_capital` [ RunTime:0.0060s ]
SQL: SELECT * FROM `market_user_capital` WHERE `uid` = 122 LIMIT 1   [ RunTime:0.0010s ]

[ 2015-07-17T12:03:30+08:00 ] 192.168.150.127 /index.php/Desktop/Index/userCreate
INFO: [ app_init ] --START--
INFO: Run Behavior\BuildLiteBehavior [ RunTime:0.000000s ]
INFO: [ app_init ] --END-- [ RunTime:0.001000s ]
INFO: [ app_begin ] --START--
INFO: Run Behavior\ReadHtmlCacheBehavior [ RunTime:0.002000s ]
INFO: [ app_begin ] --END-- [ RunTime:0.002000s ]
SQL: SHOW COLUMNS FROM `market_user_capital` [ RunTime:0.0070s ]
SQL: SELECT * FROM `market_user_capital` WHERE `uid` = 122 LIMIT 1   [ RunTime:0.0010s ]

[ 2015-07-17T12:05:53+08:00 ] 192.168.150.127 /index.php/Desktop/Index/userCreate
INFO: [ app_init ] --START--
INFO: Run Behavior\BuildLiteBehavior [ RunTime:0.000000s ]
INFO: [ app_init ] --END-- [ RunTime:0.000000s ]
INFO: [ app_begin ] --START--
INFO: Run Behavior\ReadHtmlCacheBehavior [ RunTime:0.002000s ]
INFO: [ app_begin ] --END-- [ RunTime:0.002000s ]
SQL: SHOW COLUMNS FROM `market_user_capital` [ RunTime:0.0070s ]
SQL: SELECT * FROM `market_user_capital` WHERE `uid` = 121 LIMIT 1   [ RunTime:0.0010s ]
SQL: INSERT INTO `market_user_capital` (`uid`) VALUES ('121') [ RunTime:0.0010s ]

[ 2015-07-17T12:06:12+08:00 ] 192.168.150.127 /index.php/Desktop/Index/userCreate
INFO: [ app_init ] --START--
INFO: Run Behavior\BuildLiteBehavior [ RunTime:0.000000s ]
INFO: [ app_init ] --END-- [ RunTime:0.001000s ]
INFO: [ app_begin ] --START--
INFO: Run Behavior\ReadHtmlCacheBehavior [ RunTime:0.002000s ]
INFO: [ app_begin ] --END-- [ RunTime:0.002000s ]
SQL: SHOW COLUMNS FROM `market_user_capital` [ RunTime:0.0050s ]
SQL: SELECT * FROM `market_user_capital` WHERE `uid` = 121 LIMIT 1   [ RunTime:0.0000s ]

[ 2015-07-17T12:06:14+08:00 ] 192.168.150.127 /index.php/Desktop/Index/userCreate
INFO: [ app_init ] --START--
INFO: Run Behavior\BuildLiteBehavior [ RunTime:0.000000s ]
INFO: [ app_init ] --END-- [ RunTime:0.001000s ]
INFO: [ app_begin ] --START--
INFO: Run Behavior\ReadHtmlCacheBehavior [ RunTime:0.001000s ]
INFO: [ app_begin ] --END-- [ RunTime:0.001000s ]
SQL: SHOW COLUMNS FROM `market_user_capital` [ RunTime:0.0070s ]
SQL: SELECT * FROM `market_user_capital` WHERE `uid` = 121 LIMIT 1   [ RunTime:0.0010s ]

[ 2015-07-17T12:06:17+08:00 ] 192.168.150.127 /index.php/Desktop/Index/userCreate
INFO: [ app_init ] --START--
INFO: Run Behavior\BuildLiteBehavior [ RunTime:0.000000s ]
INFO: [ app_init ] --END-- [ RunTime:0.000000s ]
INFO: [ app_begin ] --START--
INFO: Run Behavior\ReadHtmlCacheBehavior [ RunTime:0.002000s ]
INFO: [ app_begin ] --END-- [ RunTime:0.002000s ]
SQL: SHOW COLUMNS FROM `market_user_capital` [ RunTime:0.0050s ]
SQL: SELECT * FROM `market_user_capital` WHERE `uid` = 124 LIMIT 1   [ RunTime:0.0000s ]
SQL: INSERT INTO `market_user_capital` (`uid`) VALUES ('124') [ RunTime:0.0000s ]

[ 2015-07-17T12:09:41+08:00 ] 192.168.150.132 /index.php/Desktop/Index/userCreate
INFO: [ app_init ] --START--
INFO: Run Behavior\BuildLiteBehavior [ RunTime:0.000000s ]
INFO: [ app_init ] --END-- [ RunTime:0.001000s ]
INFO: [ app_begin ] --START--
INFO: Run Behavior\ReadHtmlCacheBehavior [ RunTime:0.001000s ]
INFO: [ app_begin ] --END-- [ RunTime:0.001000s ]
SQL: SHOW COLUMNS FROM `market_user_capital` [ RunTime:0.0050s ]
SQL: SELECT * FROM `market_user_capital` WHERE `uid` = 22600008 LIMIT 1   [ RunTime:0.0000s ]
SQL: INSERT INTO `market_user_capital` (`uid`) VALUES ('22600008') [ RunTime:0.0000s ]

