[ 2015-09-14T04:10:00+08:00 ] 192.168.150.132 /Desktop/Common/overnight
INFO: [ app_init ] --START--
INFO: Run Behavior\BuildLiteBehavior [ RunTime:0.000000s ]
INFO: [ app_init ] --END-- [ RunTime:0.001000s ]
INFO: [ app_begin ] --START--
INFO: Run Behavior\ReadHtmlCacheBehavior [ RunTime:0.002000s ]
INFO: [ app_begin ] --END-- [ RunTime:0.002000s ]
SQL: SHOW COLUMNS FROM `market_ip_allow` [ RunTime:0.0060s ]
SQL: SELECT * FROM `market_ip_allow` WHERE `ip` = '192.168.150.132' LIMIT 1   [ RunTime:0.0000s ]

[ 2015-09-14T04:10:00+08:00 ] 192.168.150.132 /Desktop/Common/overTime
INFO: [ app_init ] --START--
INFO: Run Behavior\BuildLiteBehavior [ RunTime:0.000000s ]
INFO: [ app_init ] --END-- [ RunTime:0.001000s ]
INFO: [ app_begin ] --START--
INFO: Run Behavior\ReadHtmlCacheBehavior [ RunTime:0.002000s ]
INFO: [ app_begin ] --END-- [ RunTime:0.002000s ]
SQL: SHOW COLUMNS FROM `market_ip_allow` [ RunTime:0.0060s ]
SQL: SELECT * FROM `market_ip_allow` WHERE `ip` = '192.168.150.132' LIMIT 1   [ RunTime:0.0000s ]

[ 2015-09-14T09:59:39+08:00 ] 192.168.150.35 /desktop/Capital/positionsDetail
INFO: [ app_init ] --START--
INFO: Run Behavior\BuildLiteBehavior [ RunTime:0.000000s ]
INFO: [ app_init ] --END-- [ RunTime:0.000000s ]
INFO: [ app_begin ] --START--
INFO: Run Behavior\ReadHtmlCacheBehavior [ RunTime:0.001000s ]
INFO: [ app_begin ] --END-- [ RunTime:0.001000s ]
SQL: SHOW COLUMNS FROM `market_positions_detail` [ RunTime:0.0040s ]
SQL: SELECT * FROM `market_positions_detail` WHERE `uid` = 22600008 AND `freeze_uccupy` IS NULL ORDER BY id desc  [ RunTime:0.0000s ]
INFO: [ app_end ] --START--
INFO: Run Behavior\ShowPageTraceBehavior [ RunTime:0.001000s ]
INFO: [ app_end ] --END-- [ RunTime:0.001000s ]

[ 2015-09-14T10:07:13+08:00 ] 192.168.150.35 /desktop/Capital/positionsDetail
INFO: [ app_init ] --START--
INFO: Run Behavior\BuildLiteBehavior [ RunTime:0.000000s ]
INFO: [ app_init ] --END-- [ RunTime:0.001000s ]
INFO: [ app_begin ] --START--
INFO: Run Behavior\ReadHtmlCacheBehavior [ RunTime:0.001000s ]
INFO: [ app_begin ] --END-- [ RunTime:0.001000s ]
SQL: SHOW COLUMNS FROM `market_positions_detail` [ RunTime:0.0070s ]
SQL: SELECT * FROM `market_positions_detail` WHERE `uid` = 22600008 AND `freeze_uccupy` IS NULL ORDER BY id desc  [ RunTime:0.0010s ]
INFO: [ app_end ] --START--
INFO: Run Behavior\ShowPageTraceBehavior [ RunTime:0.002000s ]
INFO: [ app_end ] --END-- [ RunTime:0.002000s ]

[ 2015-09-14T10:11:25+08:00 ] 192.168.150.35 /desktop/Capital/positionsDetail
INFO: [ app_init ] --START--
INFO: Run Behavior\BuildLiteBehavior [ RunTime:0.000000s ]
INFO: [ app_init ] --END-- [ RunTime:0.000000s ]
INFO: [ app_begin ] --START--
INFO: Run Behavior\ReadHtmlCacheBehavior [ RunTime:0.001000s ]
INFO: [ app_begin ] --END-- [ RunTime:0.001000s ]
SQL: SHOW COLUMNS FROM `market_positions_detail` [ RunTime:0.0050s ]
SQL: SELECT * FROM `market_positions_detail` WHERE `uid` = 22600008 AND `freeze_uccupy` IS NULL ORDER BY id desc  [ RunTime:0.0000s ]
INFO: [ app_end ] --START--
INFO: Run Behavior\ShowPageTraceBehavior [ RunTime:0.001000s ]
INFO: [ app_end ] --END-- [ RunTime:0.001000s ]

[ 2015-09-14T10:20:17+08:00 ] 192.168.150.35 /desktop/Capital/positionsDetail
INFO: [ app_init ] --START--
INFO: Run Behavior\BuildLiteBehavior [ RunTime:0.000000s ]
INFO: [ app_init ] --END-- [ RunTime:0.000000s ]
INFO: [ app_begin ] --START--
INFO: Run Behavior\ReadHtmlCacheBehavior [ RunTime:0.001000s ]
INFO: [ app_begin ] --END-- [ RunTime:0.001000s ]
SQL: SHOW COLUMNS FROM `market_positions_detail` [ RunTime:0.0040s ]
SQL: SELECT * FROM `market_positions_detail` WHERE `uid` = 22600008 AND `freeze_uccupy` IS NULL ORDER BY id desc  [ RunTime:0.0000s ]
INFO: [ app_end ] --START--
INFO: Run Behavior\ShowPageTraceBehavior [ RunTime:0.001000s ]
INFO: [ app_end ] --END-- [ RunTime:0.001000s ]

[ 2015-09-14T10:56:07+08:00 ] 192.168.150.35 /desktop/Capital/positionsDetail
INFO: [ app_init ] --START--
INFO: Run Behavior\BuildLiteBehavior [ RunTime:0.000000s ]
INFO: [ app_init ] --END-- [ RunTime:0.000000s ]
INFO: [ app_begin ] --START--
INFO: Run Behavior\ReadHtmlCacheBehavior [ RunTime:0.000000s ]
INFO: [ app_begin ] --END-- [ RunTime:0.000000s ]
SQL: SHOW COLUMNS FROM `market_positions_detail` [ RunTime:0.0030s ]
SQL: SELECT * FROM `market_positions_detail` WHERE `uid` = 22600008 AND `freeze_uccupy` IS NULL ORDER BY id desc  [ RunTime:0.0000s ]
INFO: [ app_end ] --START--
INFO: Run Behavior\ShowPageTraceBehavior [ RunTime:0.001000s ]
INFO: [ app_end ] --END-- [ RunTime:0.001000s ]

[ 2015-09-14T11:00:47+08:00 ] 192.168.150.35 /desktop/Capital/positionsDetail
INFO: [ app_init ] --START--
INFO: Run Behavior\BuildLiteBehavior [ RunTime:0.000000s ]
INFO: [ app_init ] --END-- [ RunTime:0.001000s ]
INFO: [ app_begin ] --START--
INFO: Run Behavior\ReadHtmlCacheBehavior [ RunTime:0.001000s ]
INFO: [ app_begin ] --END-- [ RunTime:0.001000s ]
SQL: SHOW COLUMNS FROM `market_positions_detail` [ RunTime:0.0060s ]
SQL: SELECT * FROM `market_positions_detail` WHERE `uid` = 22600008 AND `freeze_uccupy` IS NULL ORDER BY id desc  [ RunTime:0.0000s ]
INFO: [ app_end ] --START--
INFO: Run Behavior\ShowPageTraceBehavior [ RunTime:0.002000s ]
INFO: [ app_end ] --END-- [ RunTime:0.002000s ]

[ 2015-09-14T11:04:51+08:00 ] 192.168.150.35 /desktop/Capital/positionsDetail
INFO: [ app_init ] --START--
INFO: Run Behavior\BuildLiteBehavior [ RunTime:0.000000s ]
INFO: [ app_init ] --END-- [ RunTime:0.000000s ]
INFO: [ app_begin ] --START--
INFO: Run Behavior\ReadHtmlCacheBehavior [ RunTime:0.001000s ]
INFO: [ app_begin ] --END-- [ RunTime:0.001000s ]
SQL: SHOW COLUMNS FROM `market_positions_detail` [ RunTime:0.0070s ]
SQL: SELECT * FROM `market_positions_detail` WHERE `uid` = 22600008 AND `freeze_uccupy` IS NULL ORDER BY id desc  [ RunTime:0.0000s ]
INFO: [ app_end ] --START--
INFO: Run Behavior\ShowPageTraceBehavior [ RunTime:0.001000s ]
INFO: [ app_end ] --END-- [ RunTime:0.001000s ]

[ 2015-09-14T11:08:27+08:00 ] 192.168.150.35 /desktop/Capital/positionsDetail
INFO: [ app_init ] --START--
INFO: Run Behavior\BuildLiteBehavior [ RunTime:0.000000s ]
INFO: [ app_init ] --END-- [ RunTime:0.001000s ]
INFO: [ app_begin ] --START--
INFO: Run Behavior\ReadHtmlCacheBehavior [ RunTime:0.001000s ]
INFO: [ app_begin ] --END-- [ RunTime:0.001000s ]
SQL: SHOW COLUMNS FROM `market_positions_detail` [ RunTime:0.0060s ]
SQL: SELECT * FROM `market_positions_detail` WHERE `uid` = 22600008 AND `freeze_uccupy` IS NULL ORDER BY id desc  [ RunTime:0.0010s ]
INFO: [ app_end ] --START--
INFO: Run Behavior\ShowPageTraceBehavior [ RunTime:0.001000s ]
INFO: [ app_end ] --END-- [ RunTime:0.001000s ]

[ 2015-09-14T11:12:26+08:00 ] 192.168.150.35 /desktop/Capital/positionsDetail
INFO: [ app_init ] --START--
INFO: Run Behavior\BuildLiteBehavior [ RunTime:0.000000s ]
INFO: [ app_init ] --END-- [ RunTime:0.001000s ]
INFO: [ app_begin ] --START--
INFO: Run Behavior\ReadHtmlCacheBehavior [ RunTime:0.001000s ]
INFO: [ app_begin ] --END-- [ RunTime:0.001000s ]
SQL: SHOW COLUMNS FROM `market_positions_detail` [ RunTime:0.0040s ]
SQL: SELECT * FROM `market_positions_detail` WHERE `uid` = 22600008 AND `freeze_uccupy` IS NULL ORDER BY id desc  [ RunTime:0.0000s ]
INFO: [ app_end ] --START--
INFO: Run Behavior\ShowPageTraceBehavior [ RunTime:0.001000s ]
INFO: [ app_end ] --END-- [ RunTime:0.001000s ]

[ 2015-09-14T11:12:34+08:00 ] 192.168.150.35 /desktop/Capital/positionsDetail
INFO: [ app_init ] --START--
INFO: Run Behavior\BuildLiteBehavior [ RunTime:0.000000s ]
INFO: [ app_init ] --END-- [ RunTime:0.001001s ]
INFO: [ app_begin ] --START--
INFO: Run Behavior\ReadHtmlCacheBehavior [ RunTime:0.002000s ]
INFO: [ app_begin ] --END-- [ RunTime:0.002000s ]
SQL: SHOW COLUMNS FROM `market_positions_detail` [ RunTime:0.0070s ]
SQL: SELECT * FROM `market_positions_detail` WHERE `uid` = 22600008 AND `freeze_uccupy` IS NULL ORDER BY id desc  [ RunTime:0.0020s ]
INFO: [ app_end ] --START--
INFO: Run Behavior\ShowPageTraceBehavior [ RunTime:0.001001s ]
INFO: [ app_end ] --END-- [ RunTime:0.001001s ]

[ 2015-09-14T11:13:50+08:00 ] 192.168.150.35 /desktop/Capital/todayPrice
INFO: [ app_init ] --START--
INFO: Run Behavior\BuildLiteBehavior [ RunTime:0.000000s ]
INFO: [ app_init ] --END-- [ RunTime:0.000000s ]
INFO: [ app_begin ] --START--
INFO: Run Behavior\ReadHtmlCacheBehavior [ RunTime:0.001000s ]
INFO: [ app_begin ] --END-- [ RunTime:0.002000s ]
SQL: SHOW COLUMNS FROM `market_today_price` [ RunTime:0.0080s ]
NOTIC: [8] Use of undefined constant n - assumed 'n' D:\webroot\market\Application\Desktop\Controller\CapitalController.class.php 第 226 行.
NOTIC: [8] Use of undefined constant j - assumed 'j' D:\webroot\market\Application\Desktop\Controller\CapitalController.class.php 第 226 行.
NOTIC: [8] Use of undefined constant Y - assumed 'Y' D:\webroot\market\Application\Desktop\Controller\CapitalController.class.php 第 226 行.
NOTIC: [8] Use of undefined constant n - assumed 'n' D:\webroot\market\Application\Desktop\Controller\CapitalController.class.php 第 227 行.
NOTIC: [8] Use of undefined constant j - assumed 'j' D:\webroot\market\Application\Desktop\Controller\CapitalController.class.php 第 227 行.
NOTIC: [8] Use of undefined constant Y - assumed 'Y' D:\webroot\market\Application\Desktop\Controller\CapitalController.class.php 第 227 行.
SQL: SELECT * FROM `market_today_price` WHERE ( `time` >= 1442160000 AND `time` <= 1442246400  ) AND `uid` = 22600008 ORDER BY id desc  [ RunTime:0.0010s ]
INFO: [ app_end ] --START--
INFO: Run Behavior\ShowPageTraceBehavior [ RunTime:0.002001s ]
INFO: [ app_end ] --END-- [ RunTime:0.002001s ]

[ 2015-09-14T11:13:53+08:00 ] 192.168.150.35 /desktop/Index/create
INFO: [ app_init ] --START--
INFO: Run Behavior\BuildLiteBehavior [ RunTime:0.000000s ]
INFO: [ app_init ] --END-- [ RunTime:0.001000s ]
INFO: [ app_begin ] --START--
INFO: Run Behavior\ReadHtmlCacheBehavior [ RunTime:0.001000s ]
INFO: [ app_begin ] --END-- [ RunTime:0.001000s ]
NOTIC: [2048] Declaration of Think\Model\MongoModel::setInc() should be compatible with Think\Model::setInc($field, $step = 1, $lazyTime = 0) D:\webroot\market\ThinkPHP\Library\Think\Model\MongoModel.class.php 第 17 行.
NOTIC: [2048] Declaration of Think\Model\MongoModel::setDec() should be compatible with Think\Model::setDec($field, $step = 1, $lazyTime = 0) D:\webroot\market\ThinkPHP\Library\Think\Model\MongoModel.class.php 第 17 行.
NOTIC: [2048] Declaration of Think\Db\Driver\Mongo::connect() should be compatible with Think\Db\Driver::connect($config = '', $linkNum = 0, $autoConnection = false) D:\webroot\market\ThinkPHP\Library\Think\Db\Driver\Mongo.class.php 第 18 行.
NOTIC: [2048] Declaration of Think\Db\Driver\Mongo::insertAll() should be compatible with Think\Db\Driver::insertAll($dataSet, $options = Array, $replace = false) D:\webroot\market\ThinkPHP\Library\Think\Db\Driver\Mongo.class.php 第 18 行.
SQL: test.getCollection(tmp_AG1000) [ RunTime:0.0000s ]
SQL: test.tmp_AG1000.find({}).sort({"quotetime":-1}).limit(1) [ RunTime:0.0000s ]
SQL: test.tmp_AG1000.find({}).sort({"quotetime":-1}).limit(1) [ RunTime:0.0000s ]
SQL: SHOW COLUMNS FROM `market_user_capital` [ RunTime:0.0050s ]
SQL: SHOW COLUMNS FROM `market_positions_detail` [ RunTime:0.0050s ]
SQL: SHOW COLUMNS FROM `market_today_bargain` [ RunTime:0.0050s ]
SQL: SHOW COLUMNS FROM `market_history_create` [ RunTime:0.0050s ]
SQL: SELECT * FROM `market_user_capital` WHERE ( uid=22600008 )  [ RunTime:0.0000s ]

[ 2015-09-14T11:13:57+08:00 ] 192.168.150.35 /desktop/Capital/positionsDetail
INFO: [ app_init ] --START--
INFO: Run Behavior\BuildLiteBehavior [ RunTime:0.000000s ]
INFO: [ app_init ] --END-- [ RunTime:0.001000s ]
INFO: [ app_begin ] --START--
INFO: Run Behavior\ReadHtmlCacheBehavior [ RunTime:0.001000s ]
INFO: [ app_begin ] --END-- [ RunTime:0.001000s ]
SQL: SHOW COLUMNS FROM `market_positions_detail` [ RunTime:0.0040s ]
SQL: SELECT * FROM `market_positions_detail` WHERE `uid` = 22600008 AND `freeze_uccupy` IS NULL ORDER BY id desc  [ RunTime:0.0000s ]
INFO: [ app_end ] --START--
INFO: Run Behavior\ShowPageTraceBehavior [ RunTime:0.001000s ]
INFO: [ app_end ] --END-- [ RunTime:0.001000s ]

[ 2015-09-14T11:15:14+08:00 ] 192.168.150.35 /desktop/Capital/positionsDetail
INFO: [ app_init ] --START--
INFO: Run Behavior\BuildLiteBehavior [ RunTime:0.000000s ]
INFO: [ app_init ] --END-- [ RunTime:0.000000s ]
INFO: [ app_begin ] --START--
INFO: Run Behavior\ReadHtmlCacheBehavior [ RunTime:0.002000s ]
INFO: [ app_begin ] --END-- [ RunTime:0.002000s ]
SQL: SHOW COLUMNS FROM `market_positions_detail` [ RunTime:0.0040s ]
SQL: SELECT * FROM `market_positions_detail` WHERE `uid` = 22600008 AND `freeze_uccupy` IS NULL ORDER BY id desc  [ RunTime:0.0000s ]
INFO: [ app_end ] --START--
INFO: Run Behavior\ShowPageTraceBehavior [ RunTime:0.001000s ]
INFO: [ app_end ] --END-- [ RunTime:0.001000s ]

[ 2015-09-14T11:22:33+08:00 ] 192.168.150.35 /desktop/Capital/positionsDetail
INFO: [ app_init ] --START--
INFO: Run Behavior\BuildLiteBehavior [ RunTime:0.000000s ]
INFO: [ app_init ] --END-- [ RunTime:0.001000s ]
INFO: [ app_begin ] --START--
INFO: Run Behavior\ReadHtmlCacheBehavior [ RunTime:0.001000s ]
INFO: [ app_begin ] --END-- [ RunTime:0.001000s ]
SQL: SHOW COLUMNS FROM `market_positions_detail` [ RunTime:0.0060s ]
SQL: SELECT * FROM `market_positions_detail` WHERE `uid` = 22600008 AND `freeze_uccupy` IS NULL ORDER BY id desc  [ RunTime:0.0000s ]
INFO: [ app_end ] --START--
INFO: Run Behavior\ShowPageTraceBehavior [ RunTime:0.002000s ]
INFO: [ app_end ] --END-- [ RunTime:0.002000s ]

[ 2015-09-14T11:26:09+08:00 ] 192.168.150.35 /desktop/Capital/positionsDetail
INFO: [ app_init ] --START--
INFO: Run Behavior\BuildLiteBehavior [ RunTime:0.000000s ]
INFO: [ app_init ] --END-- [ RunTime:0.001000s ]
INFO: [ app_begin ] --START--
INFO: Run Behavior\ReadHtmlCacheBehavior [ RunTime:0.001000s ]
INFO: [ app_begin ] --END-- [ RunTime:0.001000s ]
SQL: SHOW COLUMNS FROM `market_positions_detail` [ RunTime:0.0060s ]
SQL: SELECT * FROM `market_positions_detail` WHERE `uid` = 22600008 AND `freeze_uccupy` IS NULL ORDER BY id desc  [ RunTime:0.0010s ]
INFO: [ app_end ] --START--
INFO: Run Behavior\ShowPageTraceBehavior [ RunTime:0.001000s ]
INFO: [ app_end ] --END-- [ RunTime:0.001000s ]

