[ 2015-08-22T04:10:00+08:00 ] 192.168.150.132 /Desktop/Common/overnight
INFO: [ app_init ] --START--
INFO: Run Behavior\BuildLiteBehavior [ RunTime:0.000000s ]
INFO: [ app_init ] --END-- [ RunTime:0.000000s ]
INFO: [ app_begin ] --START--
INFO: Run Behavior\ReadHtmlCacheBehavior [ RunTime:0.001000s ]
INFO: [ app_begin ] --END-- [ RunTime:0.001000s ]
SQL: SHOW COLUMNS FROM `market_positions_flow` [ RunTime:0.0180s ]
SQL: SHOW COLUMNS FROM `market_positions_detail` [ RunTime:0.0200s ]
SQL: SHOW COLUMNS FROM `market_user_capital` [ RunTime:0.0180s ]
SQL: SELECT * FROM `market_positions_detail` WHERE `freeze_uccupy` IS NULL ORDER BY id desc  [ RunTime:0.0000s ]
SQL: SELECT COUNT(*) AS tp_count FROM `market_positions_detail` WHERE `freeze_uccupy` IS NULL LIMIT 1   [ RunTime:0.0000s ]
NOTIC: [8] Use of undefined constant n - assumed 'n' D:\webroot\market\Application\Desktop\Controller\CommonController.class.php 第 37 行.
NOTIC: [8] Use of undefined constant j - assumed 'j' D:\webroot\market\Application\Desktop\Controller\CommonController.class.php 第 37 行.
NOTIC: [8] Use of undefined constant Y - assumed 'Y' D:\webroot\market\Application\Desktop\Controller\CommonController.class.php 第 37 行.
SQL: SELECT * FROM `market_user_capital` WHERE ( uid=22600008 )  [ RunTime:0.0010s ]
SQL: SHOW COLUMNS FROM `market_flow_number` [ RunTime:0.0180s ]
SQL: SELECT * FROM `market_flow_number` WHERE `uid` IS NULL LIMIT 1   [ RunTime:0.0000s ]
SQL: UPDATE `market_flow_number` SET `uid`='22600008' WHERE ( positions_number=202 ) [ RunTime:0.0000s ]
SQL: INSERT INTO `market_flow_number` (`time`) VALUES ('1440187800') [ RunTime:0.0000s ]
SQL: INSERT INTO `market_positions_flow` (`uid`,`flow_number`,`flow_name`,`flow_time`,`chang_capital`,`flow_capital`,`positions_number`) VALUES ('22600008','22610202','延期费','1440187800','-28.503','99629.461','22610120') [ RunTime:0.0000s ]
SQL: UPDATE `market_user_capital` SET `total_capital`='99629.461',`total_profit_loss`='-370.539',`usable_margin`='88228.261' WHERE ( uid=22600008 ) [ RunTime:0.0000s ]
SQL: SELECT * FROM `market_user_capital` WHERE ( uid=22600004 )  [ RunTime:0.0000s ]
SQL: SELECT * FROM `market_flow_number` WHERE `uid` IS NULL LIMIT 1   [ RunTime:0.0000s ]
SQL: UPDATE `market_flow_number` SET `uid`='22600004' WHERE ( positions_number=203 ) [ RunTime:0.0010s ]
SQL: INSERT INTO `market_flow_number` (`time`) VALUES ('1440187800') [ RunTime:0.0000s ]
SQL: INSERT INTO `market_positions_flow` (`uid`,`flow_number`,`flow_name`,`flow_time`,`chang_capital`,`flow_capital`,`positions_number`) VALUES ('22600004','22610203','延期费','1440187800','-9.252','3608.28','22610115') [ RunTime:0.0000s ]
SQL: UPDATE `market_user_capital` SET `total_capital`='3608.28',`total_profit_loss`='-398.442',`usable_margin`='-92.52' WHERE ( uid=22600004 ) [ RunTime:0.0010s ]
SQL: SELECT * FROM `market_user_capital` WHERE ( uid=22600034 )  [ RunTime:0.0010s ]
SQL: SELECT * FROM `market_flow_number` WHERE `uid` IS NULL LIMIT 1   [ RunTime:0.0010s ]
SQL: UPDATE `market_flow_number` SET `uid`='22600034' WHERE ( positions_number=204 ) [ RunTime:0.0000s ]
SQL: INSERT INTO `market_flow_number` (`time`) VALUES ('1440187800') [ RunTime:0.0000s ]
SQL: INSERT INTO `market_positions_flow` (`uid`,`flow_number`,`flow_name`,`flow_time`,`chang_capital`,`flow_capital`,`positions_number`) VALUES ('22600034','22610204','延期费','1440187800','-25.974','99246.754','22610076') [ RunTime:0.0010s ]
SQL: UPDATE `market_user_capital` SET `total_capital`='99246.754',`total_profit_loss`='-753.246',`usable_margin`='88857.154' WHERE ( uid=22600034 ) [ RunTime:0.0010s ]
INFO: [ app_end ] --START--
INFO: Run Behavior\ShowPageTraceBehavior [ RunTime:0.001000s ]
INFO: [ app_end ] --END-- [ RunTime:0.002000s ]

[ 2015-08-22T04:10:00+08:00 ] 192.168.150.132 /Desktop/Common/overTime
INFO: [ app_init ] --START--
INFO: Run Behavior\BuildLiteBehavior [ RunTime:0.000000s ]
INFO: [ app_init ] --END-- [ RunTime:0.001000s ]
INFO: [ app_begin ] --START--
INFO: Run Behavior\ReadHtmlCacheBehavior [ RunTime:0.002000s ]
INFO: [ app_begin ] --END-- [ RunTime:0.002000s ]
SQL: SHOW COLUMNS FROM `market_user_capital` [ RunTime:0.0210s ]
SQL: SHOW COLUMNS FROM `market_positions_detail` [ RunTime:0.0220s ]
SQL: SHOW COLUMNS FROM `market_today_price` [ RunTime:0.0230s ]
SQL: SHOW COLUMNS FROM `market_history_price` [ RunTime:0.0230s ]
SQL: SELECT * FROM `market_positions_detail` WHERE `uccupy` IS NULL  [ RunTime:0.0000s ]
SQL: SELECT COUNT(*) AS tp_count FROM `market_positions_detail` WHERE `uccupy` IS NULL LIMIT 1   [ RunTime:0.0010s ]
INFO: [ app_end ] --START--
INFO: Run Behavior\ShowPageTraceBehavior [ RunTime:0.001000s ]
INFO: [ app_end ] --END-- [ RunTime:0.001000s ]

