[ 2015-09-06T04:10:00+08:00 ] 192.168.150.132 /Desktop/Common/overnight
INFO: [ app_init ] --START--
INFO: Run Behavior\BuildLiteBehavior [ RunTime:0.000000s ]
INFO: [ app_init ] --END-- [ RunTime:0.001000s ]
INFO: [ app_begin ] --START--
INFO: Run Behavior\ReadHtmlCacheBehavior [ RunTime:0.001000s ]
INFO: [ app_begin ] --END-- [ RunTime:0.002000s ]
SQL: SHOW COLUMNS FROM `market_positions_flow` [ RunTime:0.0080s ]
SQL: SHOW COLUMNS FROM `market_positions_detail` [ RunTime:0.0080s ]
SQL: SHOW COLUMNS FROM `market_user_capital` [ RunTime:0.0070s ]
SQL: SELECT * FROM `market_positions_detail` WHERE `freeze_uccupy` IS NULL ORDER BY id desc  [ RunTime:0.0000s ]
SQL: SELECT COUNT(*) AS tp_count FROM `market_positions_detail` WHERE `freeze_uccupy` IS NULL LIMIT 1   [ RunTime:0.0000s ]
NOTIC: [8] Use of undefined constant n - assumed 'n' D:\webroot\market\Application\Desktop\Controller\CommonController.class.php 第 37 行.
NOTIC: [8] Use of undefined constant j - assumed 'j' D:\webroot\market\Application\Desktop\Controller\CommonController.class.php 第 37 行.
NOTIC: [8] Use of undefined constant Y - assumed 'Y' D:\webroot\market\Application\Desktop\Controller\CommonController.class.php 第 37 行.
SQL: SELECT * FROM `market_user_capital` WHERE ( uid=22600008 )  [ RunTime:0.0010s ]
SQL: SHOW COLUMNS FROM `market_flow_number` [ RunTime:0.0080s ]
SQL: SELECT * FROM `market_flow_number` WHERE `uid` IS NULL LIMIT 1   [ RunTime:0.0010s ]
SQL: UPDATE `market_flow_number` SET `uid`='22600008' WHERE ( positions_number=247 ) [ RunTime:0.0010s ]
SQL: INSERT INTO `market_flow_number` (`time`) VALUES ('1441483800') [ RunTime:0.0000s ]
SQL: INSERT INTO `market_positions_flow` (`uid`,`flow_number`,`flow_name`,`flow_time`,`chang_capital`,`flow_capital`,`positions_number`) VALUES ('22600008','22610247','延期费','1441483800','-28.503','99201.916','22610120') [ RunTime:0.0000s ]
SQL: UPDATE `market_user_capital` SET `total_capital`='99201.916',`total_profit_loss`='-798.084',`usable_margin`='87800.716' WHERE ( uid=22600008 ) [ RunTime:0.0000s ]
SQL: SELECT * FROM `market_user_capital` WHERE ( uid=22600004 )  [ RunTime:0.0000s ]
SQL: SELECT * FROM `market_flow_number` WHERE `uid` IS NULL LIMIT 1   [ RunTime:0.0010s ]
SQL: UPDATE `market_flow_number` SET `uid`='22600004' WHERE ( positions_number=248 ) [ RunTime:0.0010s ]
SQL: INSERT INTO `market_flow_number` (`time`) VALUES ('1441483800') [ RunTime:0.0000s ]
SQL: INSERT INTO `market_positions_flow` (`uid`,`flow_number`,`flow_name`,`flow_time`,`chang_capital`,`flow_capital`,`positions_number`) VALUES ('22600004','22610248','延期费','1441483800','-9.252','3469.5','22610115') [ RunTime:0.0000s ]
SQL: UPDATE `market_user_capital` SET `total_capital`='3469.5',`total_profit_loss`='-537.222',`usable_margin`='-231.3' WHERE ( uid=22600004 ) [ RunTime:0.0010s ]
SQL: SELECT * FROM `market_user_capital` WHERE ( uid=22600034 )  [ RunTime:0.0010s ]
SQL: SELECT * FROM `market_flow_number` WHERE `uid` IS NULL LIMIT 1   [ RunTime:0.0000s ]
SQL: UPDATE `market_flow_number` SET `uid`='22600034' WHERE ( positions_number=249 ) [ RunTime:0.0000s ]
SQL: INSERT INTO `market_flow_number` (`time`) VALUES ('1441483800') [ RunTime:0.0010s ]
SQL: INSERT INTO `market_positions_flow` (`uid`,`flow_number`,`flow_name`,`flow_time`,`chang_capital`,`flow_capital`,`positions_number`) VALUES ('22600034','22610249','延期费','1441483800','-25.974','98857.144','22610076') [ RunTime:0.0010s ]
SQL: UPDATE `market_user_capital` SET `total_capital`='98857.144',`total_profit_loss`='-1142.856',`usable_margin`='88467.544' WHERE ( uid=22600034 ) [ RunTime:0.0000s ]
INFO: [ app_end ] --START--
INFO: Run Behavior\ShowPageTraceBehavior [ RunTime:0.001000s ]
INFO: [ app_end ] --END-- [ RunTime:0.001000s ]

[ 2015-09-06T04:10:00+08:00 ] 192.168.150.132 /Desktop/Common/overTime
INFO: [ app_init ] --START--
INFO: Run Behavior\BuildLiteBehavior [ RunTime:0.000000s ]
INFO: [ app_init ] --END-- [ RunTime:0.001000s ]
INFO: [ app_begin ] --START--
INFO: Run Behavior\ReadHtmlCacheBehavior [ RunTime:0.001000s ]
INFO: [ app_begin ] --END-- [ RunTime:0.001000s ]
SQL: SHOW COLUMNS FROM `market_user_capital` [ RunTime:0.0050s ]
SQL: SHOW COLUMNS FROM `market_positions_detail` [ RunTime:0.0050s ]
SQL: SHOW COLUMNS FROM `market_today_price` [ RunTime:0.0070s ]
SQL: SHOW COLUMNS FROM `market_history_price` [ RunTime:0.0080s ]
SQL: SELECT * FROM `market_positions_detail` WHERE `uccupy` IS NULL  [ RunTime:0.0000s ]
SQL: SELECT COUNT(*) AS tp_count FROM `market_positions_detail` WHERE `uccupy` IS NULL LIMIT 1   [ RunTime:0.0010s ]
INFO: [ app_end ] --START--
INFO: Run Behavior\ShowPageTraceBehavior [ RunTime:0.001000s ]
INFO: [ app_end ] --END-- [ RunTime:0.001000s ]

[ 2015-09-06T15:47:38+08:00 ] 192.168.150.35 /index.php/desktop/Capital/positionsDetail
INFO: [ app_init ] --START--
INFO: Run Behavior\BuildLiteBehavior [ RunTime:0.000000s ]
INFO: [ app_init ] --END-- [ RunTime:0.001000s ]
INFO: [ app_begin ] --START--
INFO: Run Behavior\ReadHtmlCacheBehavior [ RunTime:0.001000s ]
INFO: [ app_begin ] --END-- [ RunTime:0.001000s ]
SQL: SHOW COLUMNS FROM `market_positions_detail` [ RunTime:0.0080s ]
SQL: SELECT * FROM `market_positions_detail` WHERE `uid` = 22600008 AND `freeze_uccupy` IS NULL ORDER BY id desc  [ RunTime:0.0010s ]
INFO: [ app_end ] --START--
INFO: Run Behavior\ShowPageTraceBehavior [ RunTime:0.002000s ]
INFO: [ app_end ] --END-- [ RunTime:0.002000s ]

[ 2015-09-06T15:48:40+08:00 ] 192.168.150.35 /index.php/desktop/Capital/positionsDetail
INFO: [ app_init ] --START--
INFO: Run Behavior\BuildLiteBehavior [ RunTime:0.000000s ]
INFO: [ app_init ] --END-- [ RunTime:0.001000s ]
INFO: [ app_begin ] --START--
INFO: Run Behavior\ReadHtmlCacheBehavior [ RunTime:0.001000s ]
INFO: [ app_begin ] --END-- [ RunTime:0.002000s ]
SQL: SHOW COLUMNS FROM `market_positions_detail` [ RunTime:0.0070s ]
SQL: SELECT * FROM `market_positions_detail` WHERE `uid` = 22600008 AND `freeze_uccupy` IS NULL ORDER BY id desc  [ RunTime:0.0010s ]
INFO: [ app_end ] --START--
INFO: Run Behavior\ShowPageTraceBehavior [ RunTime:0.002000s ]
INFO: [ app_end ] --END-- [ RunTime:0.002000s ]

[ 2015-09-06T15:53:40+08:00 ] 192.168.150.35 /index.php/desktop/Capital/positionsDetail
INFO: [ app_init ] --START--
INFO: Run Behavior\BuildLiteBehavior [ RunTime:0.000000s ]
INFO: [ app_init ] --END-- [ RunTime:0.001000s ]
INFO: [ app_begin ] --START--
INFO: Run Behavior\ReadHtmlCacheBehavior [ RunTime:0.002001s ]
INFO: [ app_begin ] --END-- [ RunTime:0.002001s ]
SQL: SHOW COLUMNS FROM `market_positions_detail` [ RunTime:0.0080s ]
SQL: SELECT * FROM `market_positions_detail` WHERE `uid` = 22600008 AND `freeze_uccupy` IS NULL ORDER BY id desc  [ RunTime:0.0010s ]
INFO: [ app_end ] --START--
INFO: Run Behavior\ShowPageTraceBehavior [ RunTime:0.002000s ]
INFO: [ app_end ] --END-- [ RunTime:0.002000s ]

[ 2015-09-06T15:55:35+08:00 ] 192.168.150.35 /index.php/desktop/Capital/positionsDetail
INFO: [ app_init ] --START--
INFO: Run Behavior\BuildLiteBehavior [ RunTime:0.000000s ]
INFO: [ app_init ] --END-- [ RunTime:0.001000s ]
INFO: [ app_begin ] --START--
INFO: Run Behavior\ReadHtmlCacheBehavior [ RunTime:0.001000s ]
INFO: [ app_begin ] --END-- [ RunTime:0.001000s ]
SQL: SHOW COLUMNS FROM `market_positions_detail` [ RunTime:0.0080s ]
SQL: SELECT * FROM `market_positions_detail` WHERE `uid` = 22600008 AND `freeze_uccupy` IS NULL ORDER BY id desc  [ RunTime:0.0000s ]
INFO: [ app_end ] --START--
INFO: Run Behavior\ShowPageTraceBehavior [ RunTime:0.002000s ]
INFO: [ app_end ] --END-- [ RunTime:0.002000s ]

[ 2015-09-06T16:07:34+08:00 ] 192.168.150.35 /index.php/desktop/Capital/positionsDetail
INFO: [ app_init ] --START--
INFO: Run Behavior\BuildLiteBehavior [ RunTime:0.000000s ]
INFO: [ app_init ] --END-- [ RunTime:0.001000s ]
INFO: [ app_begin ] --START--
INFO: Run Behavior\ReadHtmlCacheBehavior [ RunTime:0.001000s ]
INFO: [ app_begin ] --END-- [ RunTime:0.002000s ]
SQL: SHOW COLUMNS FROM `market_positions_detail` [ RunTime:0.0040s ]
SQL: SELECT * FROM `market_positions_detail` WHERE `uid` = 22600008 AND `freeze_uccupy` IS NULL ORDER BY id desc  [ RunTime:0.0000s ]
INFO: [ app_end ] --START--
INFO: Run Behavior\ShowPageTraceBehavior [ RunTime:0.001000s ]
INFO: [ app_end ] --END-- [ RunTime:0.001000s ]

[ 2015-09-06T16:46:39+08:00 ] 192.168.150.35 /index.php/desktop/Capital/positionsDetail
INFO: [ app_init ] --START--
INFO: Run Behavior\BuildLiteBehavior [ RunTime:0.001000s ]
INFO: [ app_init ] --END-- [ RunTime:0.001000s ]
INFO: [ app_begin ] --START--
INFO: Run Behavior\ReadHtmlCacheBehavior [ RunTime:0.002000s ]
INFO: [ app_begin ] --END-- [ RunTime:0.002000s ]
SQL: SHOW COLUMNS FROM `market_positions_detail` [ RunTime:0.0060s ]
SQL: SELECT * FROM `market_positions_detail` WHERE `uid` = 22600008 AND `freeze_uccupy` IS NULL ORDER BY id desc  [ RunTime:0.0000s ]
INFO: [ app_end ] --START--
INFO: Run Behavior\ShowPageTraceBehavior [ RunTime:0.002000s ]
INFO: [ app_end ] --END-- [ RunTime:0.002000s ]

[ 2015-09-06T17:12:44+08:00 ] 192.168.150.35 /index.php/desktop/Capital/positionsDetail
INFO: [ app_init ] --START--
INFO: Run Behavior\BuildLiteBehavior [ RunTime:0.000000s ]
INFO: [ app_init ] --END-- [ RunTime:0.001000s ]
INFO: [ app_begin ] --START--
INFO: Run Behavior\ReadHtmlCacheBehavior [ RunTime:0.002001s ]
INFO: [ app_begin ] --END-- [ RunTime:0.002001s ]
SQL: SHOW COLUMNS FROM `market_positions_detail` [ RunTime:0.0080s ]
SQL: SELECT * FROM `market_positions_detail` WHERE `uid` = 22600008 AND `freeze_uccupy` IS NULL ORDER BY id desc  [ RunTime:0.0000s ]
INFO: [ app_end ] --START--
INFO: Run Behavior\ShowPageTraceBehavior [ RunTime:0.002000s ]
INFO: [ app_end ] --END-- [ RunTime:0.002000s ]

[ 2015-09-06T17:12:45+08:00 ] 192.168.150.35 /index.php/desktop/Capital/todayPrice
INFO: [ app_init ] --START--
INFO: Run Behavior\BuildLiteBehavior [ RunTime:0.000000s ]
INFO: [ app_init ] --END-- [ RunTime:0.001000s ]
INFO: [ app_begin ] --START--
INFO: Run Behavior\ReadHtmlCacheBehavior [ RunTime:0.002000s ]
INFO: [ app_begin ] --END-- [ RunTime:0.002000s ]
SQL: SHOW COLUMNS FROM `market_today_price` [ RunTime:0.0080s ]
NOTIC: [8] Use of undefined constant n - assumed 'n' D:\webroot\market\Application\Desktop\Controller\CapitalController.class.php 第 226 行.
NOTIC: [8] Use of undefined constant j - assumed 'j' D:\webroot\market\Application\Desktop\Controller\CapitalController.class.php 第 226 行.
NOTIC: [8] Use of undefined constant Y - assumed 'Y' D:\webroot\market\Application\Desktop\Controller\CapitalController.class.php 第 226 行.
NOTIC: [8] Use of undefined constant n - assumed 'n' D:\webroot\market\Application\Desktop\Controller\CapitalController.class.php 第 227 行.
NOTIC: [8] Use of undefined constant j - assumed 'j' D:\webroot\market\Application\Desktop\Controller\CapitalController.class.php 第 227 行.
NOTIC: [8] Use of undefined constant Y - assumed 'Y' D:\webroot\market\Application\Desktop\Controller\CapitalController.class.php 第 227 行.
SQL: SELECT * FROM `market_today_price` WHERE ( `time` >= 1441468800 AND `time` <= 1441555200  ) AND `uid` = 22600008 ORDER BY id desc  [ RunTime:0.0000s ]
INFO: [ app_end ] --START--
INFO: Run Behavior\ShowPageTraceBehavior [ RunTime:0.002000s ]
INFO: [ app_end ] --END-- [ RunTime:0.002000s ]

[ 2015-09-06T17:12:46+08:00 ] 192.168.150.35 /index.php/desktop/Index/create
INFO: [ app_init ] --START--
INFO: Run Behavior\BuildLiteBehavior [ RunTime:0.000000s ]
INFO: [ app_init ] --END-- [ RunTime:0.001000s ]
INFO: [ app_begin ] --START--
INFO: Run Behavior\ReadHtmlCacheBehavior [ RunTime:0.001001s ]
INFO: [ app_begin ] --END-- [ RunTime:0.001001s ]
NOTIC: [2048] Declaration of Think\Model\MongoModel::setInc() should be compatible with Think\Model::setInc($field, $step = 1, $lazyTime = 0) D:\webroot\market\ThinkPHP\Library\Think\Model\MongoModel.class.php 第 17 行.
NOTIC: [2048] Declaration of Think\Model\MongoModel::setDec() should be compatible with Think\Model::setDec($field, $step = 1, $lazyTime = 0) D:\webroot\market\ThinkPHP\Library\Think\Model\MongoModel.class.php 第 17 行.
NOTIC: [2048] Declaration of Think\Db\Driver\Mongo::connect() should be compatible with Think\Db\Driver::connect($config = '', $linkNum = 0, $autoConnection = false) D:\webroot\market\ThinkPHP\Library\Think\Db\Driver\Mongo.class.php 第 18 行.
NOTIC: [2048] Declaration of Think\Db\Driver\Mongo::insertAll() should be compatible with Think\Db\Driver::insertAll($dataSet, $options = Array, $replace = false) D:\webroot\market\ThinkPHP\Library\Think\Db\Driver\Mongo.class.php 第 18 行.
SQL: test.getCollection(tmp_AG1000) [ RunTime:0.0000s ]
SQL: test.tmp_AG1000.find({}).sort({"quotetime":-1}).limit(1) [ RunTime:0.0000s ]
SQL: test.tmp_AG1000.find({}).sort({"quotetime":-1}).limit(1) [ RunTime:0.0000s ]
SQL: SHOW COLUMNS FROM `market_user_capital` [ RunTime:0.0050s ]
SQL: SHOW COLUMNS FROM `market_positions_detail` [ RunTime:0.0050s ]
SQL: SHOW COLUMNS FROM `market_today_bargain` [ RunTime:0.0050s ]
SQL: SHOW COLUMNS FROM `market_history_create` [ RunTime:0.0040s ]
SQL: SELECT * FROM `market_user_capital` WHERE ( uid=22600008 )  [ RunTime:0.0000s ]

[ 2015-09-06T17:12:46+08:00 ] 192.168.150.35 /index.php/desktop/Capital/positionsDetail
INFO: [ app_init ] --START--
INFO: Run Behavior\BuildLiteBehavior [ RunTime:0.000000s ]
INFO: [ app_init ] --END-- [ RunTime:0.000000s ]
INFO: [ app_begin ] --START--
INFO: Run Behavior\ReadHtmlCacheBehavior [ RunTime:0.001000s ]
INFO: [ app_begin ] --END-- [ RunTime:0.001000s ]
SQL: SHOW COLUMNS FROM `market_positions_detail` [ RunTime:0.0040s ]
SQL: SELECT * FROM `market_positions_detail` WHERE `uid` = 22600008 AND `freeze_uccupy` IS NULL ORDER BY id desc  [ RunTime:0.0000s ]
INFO: [ app_end ] --START--
INFO: Run Behavior\ShowPageTraceBehavior [ RunTime:0.000000s ]
INFO: [ app_end ] --END-- [ RunTime:0.000000s ]

[ 2015-09-06T17:13:39+08:00 ] 192.168.150.35 /index.php/desktop/Capital/positionsDetail
INFO: [ app_init ] --START--
INFO: Run Behavior\BuildLiteBehavior [ RunTime:0.000000s ]
INFO: [ app_init ] --END-- [ RunTime:0.001000s ]
INFO: [ app_begin ] --START--
INFO: Run Behavior\ReadHtmlCacheBehavior [ RunTime:0.001000s ]
INFO: [ app_begin ] --END-- [ RunTime:0.001000s ]
SQL: SHOW COLUMNS FROM `market_positions_detail` [ RunTime:0.0070s ]
SQL: SELECT * FROM `market_positions_detail` WHERE `uid` = 22600008 AND `freeze_uccupy` IS NULL ORDER BY id desc  [ RunTime:0.0000s ]
INFO: [ app_end ] --START--
INFO: Run Behavior\ShowPageTraceBehavior [ RunTime:0.001000s ]
INFO: [ app_end ] --END-- [ RunTime:0.001000s ]

[ 2015-09-06T17:16:43+08:00 ] 192.168.150.35 /index.php/desktop/Capital/todayPrice
INFO: [ app_init ] --START--
INFO: Run Behavior\BuildLiteBehavior [ RunTime:0.000000s ]
INFO: [ app_init ] --END-- [ RunTime:0.001000s ]
INFO: [ app_begin ] --START--
INFO: Run Behavior\ReadHtmlCacheBehavior [ RunTime:0.001000s ]
INFO: [ app_begin ] --END-- [ RunTime:0.001000s ]
SQL: SHOW COLUMNS FROM `market_today_price` [ RunTime:0.0070s ]
NOTIC: [8] Use of undefined constant n - assumed 'n' D:\webroot\market\Application\Desktop\Controller\CapitalController.class.php 第 226 行.
NOTIC: [8] Use of undefined constant j - assumed 'j' D:\webroot\market\Application\Desktop\Controller\CapitalController.class.php 第 226 行.
NOTIC: [8] Use of undefined constant Y - assumed 'Y' D:\webroot\market\Application\Desktop\Controller\CapitalController.class.php 第 226 行.
NOTIC: [8] Use of undefined constant n - assumed 'n' D:\webroot\market\Application\Desktop\Controller\CapitalController.class.php 第 227 行.
NOTIC: [8] Use of undefined constant j - assumed 'j' D:\webroot\market\Application\Desktop\Controller\CapitalController.class.php 第 227 行.
NOTIC: [8] Use of undefined constant Y - assumed 'Y' D:\webroot\market\Application\Desktop\Controller\CapitalController.class.php 第 227 行.
SQL: SELECT * FROM `market_today_price` WHERE ( `time` >= 1441468800 AND `time` <= 1441555200  ) AND `uid` = 22600008 ORDER BY id desc  [ RunTime:0.0010s ]
INFO: [ app_end ] --START--
INFO: Run Behavior\ShowPageTraceBehavior [ RunTime:0.002000s ]
INFO: [ app_end ] --END-- [ RunTime:0.002000s ]

[ 2015-09-06T17:16:59+08:00 ] 192.168.150.35 /index.php/desktop/Index/create
INFO: [ app_init ] --START--
INFO: Run Behavior\BuildLiteBehavior [ RunTime:0.000000s ]
INFO: [ app_init ] --END-- [ RunTime:0.001000s ]
INFO: [ app_begin ] --START--
INFO: Run Behavior\ReadHtmlCacheBehavior [ RunTime:0.001000s ]
INFO: [ app_begin ] --END-- [ RunTime:0.001000s ]
NOTIC: [2048] Declaration of Think\Model\MongoModel::setInc() should be compatible with Think\Model::setInc($field, $step = 1, $lazyTime = 0) D:\webroot\market\ThinkPHP\Library\Think\Model\MongoModel.class.php 第 17 行.
NOTIC: [2048] Declaration of Think\Model\MongoModel::setDec() should be compatible with Think\Model::setDec($field, $step = 1, $lazyTime = 0) D:\webroot\market\ThinkPHP\Library\Think\Model\MongoModel.class.php 第 17 行.
NOTIC: [2048] Declaration of Think\Db\Driver\Mongo::connect() should be compatible with Think\Db\Driver::connect($config = '', $linkNum = 0, $autoConnection = false) D:\webroot\market\ThinkPHP\Library\Think\Db\Driver\Mongo.class.php 第 18 行.
NOTIC: [2048] Declaration of Think\Db\Driver\Mongo::insertAll() should be compatible with Think\Db\Driver::insertAll($dataSet, $options = Array, $replace = false) D:\webroot\market\ThinkPHP\Library\Think\Db\Driver\Mongo.class.php 第 18 行.
SQL: test.getCollection(tmp_AG1000) [ RunTime:0.0000s ]
SQL: test.tmp_AG1000.find({}).sort({"quotetime":-1}).limit(1) [ RunTime:0.0000s ]
SQL: test.tmp_AG1000.find({}).sort({"quotetime":-1}).limit(1) [ RunTime:0.0000s ]
SQL: SHOW COLUMNS FROM `market_user_capital` [ RunTime:0.0070s ]
SQL: SHOW COLUMNS FROM `market_positions_detail` [ RunTime:0.0070s ]
SQL: SHOW COLUMNS FROM `market_today_bargain` [ RunTime:0.0060s ]
SQL: SHOW COLUMNS FROM `market_history_create` [ RunTime:0.0060s ]
SQL: SELECT * FROM `market_user_capital` WHERE ( uid=22600008 )  [ RunTime:0.0000s ]

[ 2015-09-06T17:17:09+08:00 ] 192.168.150.35 /index.php/desktop/Capital/index
INFO: [ app_init ] --START--
INFO: Run Behavior\BuildLiteBehavior [ RunTime:0.000000s ]
INFO: [ app_init ] --END-- [ RunTime:0.001000s ]
INFO: [ app_begin ] --START--
INFO: Run Behavior\ReadHtmlCacheBehavior [ RunTime:0.002000s ]
INFO: [ app_begin ] --END-- [ RunTime:0.002000s ]
SQL: SHOW COLUMNS FROM `market_user_capital` [ RunTime:0.0070s ]
SQL: SELECT * FROM `market_user_capital` WHERE ( uid=22600008 )  [ RunTime:0.0000s ]
INFO: [ app_end ] --START--
INFO: Run Behavior\ShowPageTraceBehavior [ RunTime:0.002000s ]
INFO: [ app_end ] --END-- [ RunTime:0.002000s ]

[ 2015-09-06T17:17:47+08:00 ] 192.168.150.35 /index.php/desktop/Capital/positionsDetail
INFO: [ app_init ] --START--
INFO: Run Behavior\BuildLiteBehavior [ RunTime:0.000000s ]
INFO: [ app_init ] --END-- [ RunTime:0.001000s ]
INFO: [ app_begin ] --START--
INFO: Run Behavior\ReadHtmlCacheBehavior [ RunTime:0.002000s ]
INFO: [ app_begin ] --END-- [ RunTime:0.002000s ]
SQL: SHOW COLUMNS FROM `market_positions_detail` [ RunTime:0.0080s ]
SQL: SELECT * FROM `market_positions_detail` WHERE `uid` = 22600008 AND `freeze_uccupy` IS NULL ORDER BY id desc  [ RunTime:0.0000s ]
INFO: [ app_end ] --START--
INFO: Run Behavior\ShowPageTraceBehavior [ RunTime:0.002000s ]
INFO: [ app_end ] --END-- [ RunTime:0.002000s ]

[ 2015-09-06T17:17:55+08:00 ] 192.168.150.35 /index.php/desktop/Capital/totalPositions
INFO: [ app_init ] --START--
INFO: Run Behavior\BuildLiteBehavior [ RunTime:0.000000s ]
INFO: [ app_init ] --END-- [ RunTime:0.001000s ]
INFO: [ app_begin ] --START--
INFO: Run Behavior\ReadHtmlCacheBehavior [ RunTime:0.001000s ]
INFO: [ app_begin ] --END-- [ RunTime:0.001000s ]
SQL: SHOW COLUMNS FROM `market_positions_detail` [ RunTime:0.0070s ]
SQL: SELECT * FROM `market_positions_detail` WHERE `direction` = '卖' AND `uid` = 22600008 AND `freeze_uccupy` IS NULL ORDER BY id desc  [ RunTime:0.0010s ]
SQL: SELECT COUNT(*) AS tp_count FROM `market_positions_detail` WHERE `direction` = '卖' AND `uid` = 22600008 AND `freeze_uccupy` IS NULL ORDER BY id desc LIMIT 1   [ RunTime:0.0010s ]
SQL: SELECT * FROM `market_positions_detail` WHERE `direction` = '买' AND `uid` = 22600008 AND `freeze_uccupy` IS NULL ORDER BY id desc  [ RunTime:0.0010s ]
SQL: SELECT COUNT(*) AS tp_count FROM `market_positions_detail` WHERE `direction` = '买' AND `uid` = 22600008 AND `freeze_uccupy` IS NULL ORDER BY id desc LIMIT 1   [ RunTime:0.0010s ]
NOTIC: [2] Division by zero D:\webroot\market\Application\Desktop\Controller\CapitalController.class.php 第 182 行.
INFO: [ app_end ] --START--
INFO: Run Behavior\ShowPageTraceBehavior [ RunTime:0.002001s ]
INFO: [ app_end ] --END-- [ RunTime:0.002001s ]

[ 2015-09-06T17:19:20+08:00 ] 192.168.150.35 /index.php/desktop/Capital/historyDetail
INFO: [ app_init ] --START--
INFO: Run Behavior\BuildLiteBehavior [ RunTime:0.000000s ]
INFO: [ app_init ] --END-- [ RunTime:0.001000s ]
INFO: [ app_begin ] --START--
INFO: Run Behavior\ReadHtmlCacheBehavior [ RunTime:0.002000s ]
INFO: [ app_begin ] --END-- [ RunTime:0.002000s ]
SQL: SHOW COLUMNS FROM `market_history_detail` [ RunTime:0.0080s ]
SQL: SELECT * FROM `market_history_detail` WHERE `uid` = 22600008 AND ( `time` >= '' AND `time` <= ''  ) ORDER BY id desc  [ RunTime:0.0010s ]
INFO: [ app_end ] --START--
INFO: Run Behavior\ShowPageTraceBehavior [ RunTime:0.002000s ]
INFO: [ app_end ] --END-- [ RunTime:0.002000s ]

[ 2015-09-06T17:19:53+08:00 ] 192.168.150.35 /index.php/desktop/Capital/totalPositions
INFO: [ app_init ] --START--
INFO: Run Behavior\BuildLiteBehavior [ RunTime:0.000000s ]
INFO: [ app_init ] --END-- [ RunTime:0.001000s ]
INFO: [ app_begin ] --START--
INFO: Run Behavior\ReadHtmlCacheBehavior [ RunTime:0.002000s ]
INFO: [ app_begin ] --END-- [ RunTime:0.002000s ]
SQL: SHOW COLUMNS FROM `market_positions_detail` [ RunTime:0.0070s ]
SQL: SELECT * FROM `market_positions_detail` WHERE `direction` = '卖' AND `uid` = 22600008 AND `freeze_uccupy` IS NULL ORDER BY id desc  [ RunTime:0.0010s ]
SQL: SELECT COUNT(*) AS tp_count FROM `market_positions_detail` WHERE `direction` = '卖' AND `uid` = 22600008 AND `freeze_uccupy` IS NULL ORDER BY id desc LIMIT 1   [ RunTime:0.0000s ]
SQL: SELECT * FROM `market_positions_detail` WHERE `direction` = '买' AND `uid` = 22600008 AND `freeze_uccupy` IS NULL ORDER BY id desc  [ RunTime:0.0000s ]
SQL: SELECT COUNT(*) AS tp_count FROM `market_positions_detail` WHERE `direction` = '买' AND `uid` = 22600008 AND `freeze_uccupy` IS NULL ORDER BY id desc LIMIT 1   [ RunTime:0.0000s ]
NOTIC: [2] Division by zero D:\webroot\market\Application\Desktop\Controller\CapitalController.class.php 第 182 行.
INFO: [ app_end ] --START--
INFO: Run Behavior\ShowPageTraceBehavior [ RunTime:0.002000s ]
INFO: [ app_end ] --END-- [ RunTime:0.002000s ]

[ 2015-09-06T17:20:33+08:00 ] 192.168.150.35 /index.php/desktop/Capital/todayPrice
INFO: [ app_init ] --START--
INFO: Run Behavior\BuildLiteBehavior [ RunTime:0.001000s ]
INFO: [ app_init ] --END-- [ RunTime:0.001000s ]
INFO: [ app_begin ] --START--
INFO: Run Behavior\ReadHtmlCacheBehavior [ RunTime:0.002000s ]
INFO: [ app_begin ] --END-- [ RunTime:0.002000s ]
SQL: SHOW COLUMNS FROM `market_today_price` [ RunTime:0.0070s ]
NOTIC: [8] Use of undefined constant n - assumed 'n' D:\webroot\market\Application\Desktop\Controller\CapitalController.class.php 第 226 行.
NOTIC: [8] Use of undefined constant j - assumed 'j' D:\webroot\market\Application\Desktop\Controller\CapitalController.class.php 第 226 行.
NOTIC: [8] Use of undefined constant Y - assumed 'Y' D:\webroot\market\Application\Desktop\Controller\CapitalController.class.php 第 226 行.
NOTIC: [8] Use of undefined constant n - assumed 'n' D:\webroot\market\Application\Desktop\Controller\CapitalController.class.php 第 227 行.
NOTIC: [8] Use of undefined constant j - assumed 'j' D:\webroot\market\Application\Desktop\Controller\CapitalController.class.php 第 227 行.
NOTIC: [8] Use of undefined constant Y - assumed 'Y' D:\webroot\market\Application\Desktop\Controller\CapitalController.class.php 第 227 行.
SQL: SELECT * FROM `market_today_price` WHERE ( `time` >= 1441468800 AND `time` <= 1441555200  ) AND `uid` = 22600008 ORDER BY id desc  [ RunTime:0.0000s ]
INFO: [ app_end ] --START--
INFO: Run Behavior\ShowPageTraceBehavior [ RunTime:0.002001s ]
INFO: [ app_end ] --END-- [ RunTime:0.002001s ]

[ 2015-09-06T17:22:26+08:00 ] 192.168.150.35 /index.php/desktop/Capital/historyCreate
INFO: [ app_init ] --START--
INFO: Run Behavior\BuildLiteBehavior [ RunTime:0.000000s ]
INFO: [ app_init ] --END-- [ RunTime:0.001000s ]
INFO: [ app_begin ] --START--
INFO: Run Behavior\ReadHtmlCacheBehavior [ RunTime:0.001000s ]
INFO: [ app_begin ] --END-- [ RunTime:0.001000s ]
SQL: SHOW COLUMNS FROM `market_history_create` [ RunTime:0.0070s ]
SQL: SELECT * FROM `market_history_create` WHERE `uid` = 22600008 AND ( `time` >= '' AND `time` <= ''  ) ORDER BY id desc  [ RunTime:0.0010s ]
INFO: [ app_end ] --START--
INFO: Run Behavior\ShowPageTraceBehavior [ RunTime:0.002000s ]
INFO: [ app_end ] --END-- [ RunTime:0.002000s ]

